{'batch_size': 100,
 'checkpoint': None,
 'data_shape': (63361, 400, 63361),
 'dataset': 'NELL',
 'decay1': 0.9,
 'decay2': 0.999,
 'eval_only': False,
 'init': 0.001,
 'learning_rate': 0.1,
 'max_epochs': 100,
 'model': 'DistMult',
 'model_save_schedule': 1000,
 'optimizer': 'Adagrad',
 'path': 'kbc/data/NELL',
 'rank': 1000,
 'reg': 0.001,
 'regularizer': 'N3',
 'valid': 3.0}
	 TRAIN:  {'MRR': 0.9259043633937836, 'hits@[1,3,10]': tensor([0.8875, 0.9563, 0.9891])}
	 VALID :  {'MRR': 0.42276085913181305, 'hits@[1,3,10]': tensor([0.3298, 0.4679, 0.6022])}
	 TRAIN:  {'MRR': 0.9725640714168549, 'hits@[1,3,10]': tensor([0.9568, 0.9866, 0.9986])}
	 VALID :  {'MRR': 0.4402245581150055, 'hits@[1,3,10]': tensor([0.3479, 0.4868, 0.6171])}
	 TRAIN:  {'MRR': 0.9834778010845184, 'hits@[1,3,10]': tensor([0.9729, 0.9929, 0.9992])}
	 VALID :  {'MRR': 0.4449171870946884, 'hits@[1,3,10]': tensor([0.3525, 0.4921, 0.6215])}
	 TRAIN:  {'MRR': 0.9858095943927765, 'hits@[1,3,10]': tensor([0.9762, 0.9947, 0.9996])}
	 VALID :  {'MRR': 0.44764457643032074, 'hits@[1,3,10]': tensor([0.3555, 0.4935, 0.6239])}
	 TRAIN:  {'MRR': 0.9882293343544006, 'hits@[1,3,10]': tensor([0.9796, 0.9969, 0.9997])}
	 VALID :  {'MRR': 0.4475039541721344, 'hits@[1,3,10]': tensor([0.3551, 0.4941, 0.6245])}
	 TRAIN:  {'MRR': 0.9904268682003021, 'hits@[1,3,10]': tensor([0.9830, 0.9978, 0.9998])}
	 VALID :  {'MRR': 0.44956648349761963, 'hits@[1,3,10]': tensor([0.3583, 0.4963, 0.6254])}
	 TRAIN:  {'MRR': 0.991956889629364, 'hits@[1,3,10]': tensor([0.9861, 0.9979, 0.9997])}
	 VALID :  {'MRR': 0.44963134825229645, 'hits@[1,3,10]': tensor([0.3582, 0.4965, 0.6260])}
	 TRAIN:  {'MRR': 0.9921795129776001, 'hits@[1,3,10]': tensor([0.9867, 0.9978, 0.9997])}
	 VALID :  {'MRR': 0.45059478282928467, 'hits@[1,3,10]': tensor([0.3597, 0.4957, 0.6254])}
	 TRAIN:  {'MRR': 0.9927191436290741, 'hits@[1,3,10]': tensor([0.9875, 0.9979, 0.9997])}
	 VALID :  {'MRR': 0.44962644577026367, 'hits@[1,3,10]': tensor([0.3578, 0.4961, 0.6261])}
	 TRAIN:  {'MRR': 0.9920192658901215, 'hits@[1,3,10]': tensor([0.9859, 0.9981, 0.9997])}
	 VALID :  {'MRR': 0.4500352740287781, 'hits@[1,3,10]': tensor([0.3579, 0.4984, 0.6265])}
	 TRAIN:  {'MRR': 0.992572546005249, 'hits@[1,3,10]': tensor([0.9871, 0.9978, 0.9997])}
	 VALID :  {'MRR': 0.4511607140302658, 'hits@[1,3,10]': tensor([0.3595, 0.4965, 0.6272])}
	 TRAIN:  {'MRR': 0.9917674362659454, 'hits@[1,3,10]': tensor([0.9856, 0.9980, 0.9997])}
	 VALID :  {'MRR': 0.4503515511751175, 'hits@[1,3,10]': tensor([0.3584, 0.4967, 0.6259])}
	 TRAIN:  {'MRR': 0.9930859208106995, 'hits@[1,3,10]': tensor([0.9878, 0.9984, 0.9997])}
	 VALID :  {'MRR': 0.4506591111421585, 'hits@[1,3,10]': tensor([0.3591, 0.4965, 0.6257])}
	 TRAIN:  {'MRR': 0.9921232163906097, 'hits@[1,3,10]': tensor([0.9859, 0.9983, 0.9997])}
	 VALID :  {'MRR': 0.45162057876586914, 'hits@[1,3,10]': tensor([0.3602, 0.4977, 0.6262])}
	 TRAIN:  {'MRR': 0.993262380361557, 'hits@[1,3,10]': tensor([0.9883, 0.9982, 0.9997])}
	 VALID :  {'MRR': 0.45159097015857697, 'hits@[1,3,10]': tensor([0.3604, 0.4976, 0.6267])}
	 TRAIN:  {'MRR': 0.9934899210929871, 'hits@[1,3,10]': tensor([0.9887, 0.9982, 0.9998])}
	 VALID :  {'MRR': 0.45245182514190674, 'hits@[1,3,10]': tensor([0.3617, 0.4973, 0.6263])}
	 TRAIN:  {'MRR': 0.992604672908783, 'hits@[1,3,10]': tensor([0.9870, 0.9983, 0.9996])}
	 VALID :  {'MRR': 0.4513363689184189, 'hits@[1,3,10]': tensor([0.3600, 0.4966, 0.6262])}
	 TRAIN:  {'MRR': 0.9918836057186127, 'hits@[1,3,10]': tensor([0.9855, 0.9982, 0.9996])}
	 VALID :  {'MRR': 0.45160363614559174, 'hits@[1,3,10]': tensor([0.3607, 0.4974, 0.6260])}
	 TRAIN:  {'MRR': 0.9931170642375946, 'hits@[1,3,10]': tensor([0.9877, 0.9987, 0.9998])}
	 VALID :  {'MRR': 0.4517527222633362, 'hits@[1,3,10]': tensor([0.3607, 0.4972, 0.6265])}
	 TRAIN:  {'MRR': 0.9921963810920715, 'hits@[1,3,10]': tensor([0.9862, 0.9981, 0.9997])}
	 VALID :  {'MRR': 0.45112159848213196, 'hits@[1,3,10]': tensor([0.3594, 0.4970, 0.6273])}
	 TRAIN:  {'MRR': 0.9920343160629272, 'hits@[1,3,10]': tensor([0.9857, 0.9984, 0.9998])}
	 VALID :  {'MRR': 0.45192545652389526, 'hits@[1,3,10]': tensor([0.3606, 0.4979, 0.6263])}
	 TRAIN:  {'MRR': 0.992621660232544, 'hits@[1,3,10]': tensor([0.9869, 0.9984, 0.9997])}
	 VALID :  {'MRR': 0.4518328309059143, 'hits@[1,3,10]': tensor([0.3607, 0.4977, 0.6259])}
	 TRAIN:  {'MRR': 0.9920770525932312, 'hits@[1,3,10]': tensor([0.9858, 0.9982, 0.9996])}
	 VALID :  {'MRR': 0.45192374289035797, 'hits@[1,3,10]': tensor([0.3609, 0.4977, 0.6270])}
	 TRAIN:  {'MRR': 0.9914847612380981, 'hits@[1,3,10]': tensor([0.9847, 0.9985, 0.9997])}
	 VALID :  {'MRR': 0.45139293372631073, 'hits@[1,3,10]': tensor([0.3599, 0.4980, 0.6255])}
	 TRAIN:  {'MRR': 0.9922859370708466, 'hits@[1,3,10]': tensor([0.9862, 0.9983, 0.9998])}
	 VALID :  {'MRR': 0.45186373591423035, 'hits@[1,3,10]': tensor([0.3601, 0.4978, 0.6257])}
	 TRAIN:  {'MRR': 0.9935067594051361, 'hits@[1,3,10]': tensor([0.9887, 0.9984, 0.9997])}
	 VALID :  {'MRR': 0.4520687013864517, 'hits@[1,3,10]': tensor([0.3607, 0.4977, 0.6253])}
	 TRAIN:  {'MRR': 0.9923820197582245, 'hits@[1,3,10]': tensor([0.9864, 0.9983, 0.9997])}
	 VALID :  {'MRR': 0.4518693834543228, 'hits@[1,3,10]': tensor([0.3605, 0.4980, 0.6256])}
	 TRAIN:  {'MRR': 0.9934146106243134, 'hits@[1,3,10]': tensor([0.9885, 0.9984, 0.9998])}
	 VALID :  {'MRR': 0.4522847384214401, 'hits@[1,3,10]': tensor([0.3611, 0.4975, 0.6263])}
	 TRAIN:  {'MRR': 0.9932504892349243, 'hits@[1,3,10]': tensor([0.9882, 0.9983, 0.9997])}
	 VALID :  {'MRR': 0.4510909616947174, 'hits@[1,3,10]': tensor([0.3594, 0.4976, 0.6253])}
	 TRAIN:  {'MRR': 0.9939954876899719, 'hits@[1,3,10]': tensor([0.9897, 0.9983, 0.9998])}
	 VALID :  {'MRR': 0.4518777132034302, 'hits@[1,3,10]': tensor([0.3603, 0.4987, 0.6255])}
	 TRAIN:  {'MRR': 0.9924853444099426, 'hits@[1,3,10]': tensor([0.9866, 0.9984, 0.9997])}
	 VALID :  {'MRR': 0.45262306928634644, 'hits@[1,3,10]': tensor([0.3616, 0.4982, 0.6258])}
	 TRAIN:  {'MRR': 0.9916935861110687, 'hits@[1,3,10]': tensor([0.9851, 0.9984, 0.9997])}
	 VALID :  {'MRR': 0.45217345654964447, 'hits@[1,3,10]': tensor([0.3609, 0.4980, 0.6258])}
	 TRAIN:  {'MRR': 0.9924230873584747, 'hits@[1,3,10]': tensor([0.9862, 0.9987, 0.9998])}
	 VALID :  {'MRR': 0.4520947188138962, 'hits@[1,3,10]': tensor([0.3608, 0.4972, 0.6251])}


TEST :  {'MRR': 0.4534587115049362, 'hits@[1,3,10]': tensor([0.3618, 0.5019, 0.6244])}
