{'batch_size': 100,
 'checkpoint': None,
 'data_shape': (63361, 400, 63361),
 'dataset': 'NELL',
 'decay1': 0.9,
 'decay2': 0.999,
 'eval_only': False,
 'init': 0.001,
 'learning_rate': 0.1,
 'max_epochs': 100,
 'model': 'DistMult',
 'model_save_schedule': 1000,
 'optimizer': 'Adagrad',
 'path': 'kbc/data/NELL',
 'rank': 1000,
 'reg': 0.01,
 'regularizer': 'N3',
 'valid': 3.0}
	 TRAIN:  {'MRR': 0.9007771611213684, 'hits@[1,3,10]': tensor([0.8543, 0.9363, 0.9776])}
	 VALID :  {'MRR': 0.4288306087255478, 'hits@[1,3,10]': tensor([0.3336, 0.4742, 0.6138])}
	 TRAIN:  {'MRR': 0.9676393866539001, 'hits@[1,3,10]': tensor([0.9511, 0.9815, 0.9965])}
	 VALID :  {'MRR': 0.4444982409477234, 'hits@[1,3,10]': tensor([0.3503, 0.4927, 0.6262])}
	 TRAIN:  {'MRR': 0.9755454063415527, 'hits@[1,3,10]': tensor([0.9621, 0.9863, 0.9981])}
	 VALID :  {'MRR': 0.451830118894577, 'hits@[1,3,10]': tensor([0.3594, 0.4990, 0.6282])}
	 TRAIN:  {'MRR': 0.9815489649772644, 'hits@[1,3,10]': tensor([0.9718, 0.9902, 0.9985])}
	 VALID :  {'MRR': 0.4516459107398987, 'hits@[1,3,10]': tensor([0.3591, 0.5000, 0.6278])}
	 TRAIN:  {'MRR': 0.9823245704174042, 'hits@[1,3,10]': tensor([0.9731, 0.9898, 0.9988])}
	 VALID :  {'MRR': 0.4542953372001648, 'hits@[1,3,10]': tensor([0.3622, 0.5028, 0.6311])}
	 TRAIN:  {'MRR': 0.984413743019104, 'hits@[1,3,10]': tensor([0.9762, 0.9907, 0.9987])}
	 VALID :  {'MRR': 0.45460811257362366, 'hits@[1,3,10]': tensor([0.3614, 0.5033, 0.6303])}
	 TRAIN:  {'MRR': 0.9853565990924835, 'hits@[1,3,10]': tensor([0.9780, 0.9909, 0.9987])}
	 VALID :  {'MRR': 0.45651721954345703, 'hits@[1,3,10]': tensor([0.3660, 0.5031, 0.6302])}
	 TRAIN:  {'MRR': 0.9851321578025818, 'hits@[1,3,10]': tensor([0.9772, 0.9924, 0.9988])}
	 VALID :  {'MRR': 0.4571443498134613, 'hits@[1,3,10]': tensor([0.3664, 0.5049, 0.6309])}
	 TRAIN:  {'MRR': 0.9861146211624146, 'hits@[1,3,10]': tensor([0.9790, 0.9919, 0.9991])}
	 VALID :  {'MRR': 0.45700840651988983, 'hits@[1,3,10]': tensor([0.3655, 0.5037, 0.6307])}
	 TRAIN:  {'MRR': 0.9856809377670288, 'hits@[1,3,10]': tensor([0.9782, 0.9913, 0.9990])}
	 VALID :  {'MRR': 0.45642004907131195, 'hits@[1,3,10]': tensor([0.3649, 0.5045, 0.6301])}
	 TRAIN:  {'MRR': 0.9871548414230347, 'hits@[1,3,10]': tensor([0.9803, 0.9928, 0.9991])}
	 VALID :  {'MRR': 0.45700879395008087, 'hits@[1,3,10]': tensor([0.3658, 0.5040, 0.6297])}
	 TRAIN:  {'MRR': 0.9872415363788605, 'hits@[1,3,10]': tensor([0.9812, 0.9919, 0.9989])}
	 VALID :  {'MRR': 0.45723503828048706, 'hits@[1,3,10]': tensor([0.3661, 0.5046, 0.6308])}
	 TRAIN:  {'MRR': 0.9867448210716248, 'hits@[1,3,10]': tensor([0.9801, 0.9916, 0.9991])}
	 VALID :  {'MRR': 0.4576166570186615, 'hits@[1,3,10]': tensor([0.3667, 0.5049, 0.6299])}
	 TRAIN:  {'MRR': 0.9868171811103821, 'hits@[1,3,10]': tensor([0.9800, 0.9920, 0.9990])}
	 VALID :  {'MRR': 0.45726948976516724, 'hits@[1,3,10]': tensor([0.3661, 0.5037, 0.6305])}
	 TRAIN:  {'MRR': 0.9878012835979462, 'hits@[1,3,10]': tensor([0.9814, 0.9930, 0.9990])}
	 VALID :  {'MRR': 0.4563877284526825, 'hits@[1,3,10]': tensor([0.3646, 0.5053, 0.6300])}
	 TRAIN:  {'MRR': 0.9875179827213287, 'hits@[1,3,10]': tensor([0.9807, 0.9928, 0.9991])}
	 VALID :  {'MRR': 0.45766524970531464, 'hits@[1,3,10]': tensor([0.3667, 0.5055, 0.6307])}
	 TRAIN:  {'MRR': 0.9874193370342255, 'hits@[1,3,10]': tensor([0.9808, 0.9924, 0.9992])}
	 VALID :  {'MRR': 0.45799924433231354, 'hits@[1,3,10]': tensor([0.3672, 0.5046, 0.6296])}
	 TRAIN:  {'MRR': 0.9882108271121979, 'hits@[1,3,10]': tensor([0.9822, 0.9930, 0.9992])}
	 VALID :  {'MRR': 0.4571758061647415, 'hits@[1,3,10]': tensor([0.3661, 0.5040, 0.6304])}
	 TRAIN:  {'MRR': 0.9884620904922485, 'hits@[1,3,10]': tensor([0.9827, 0.9928, 0.9992])}
	 VALID :  {'MRR': 0.45713596045970917, 'hits@[1,3,10]': tensor([0.3662, 0.5040, 0.6300])}
	 TRAIN:  {'MRR': 0.9886437058448792, 'hits@[1,3,10]': tensor([0.9831, 0.9923, 0.9990])}
	 VALID :  {'MRR': 0.4585806280374527, 'hits@[1,3,10]': tensor([0.3689, 0.5047, 0.6299])}
	 TRAIN:  {'MRR': 0.9884657561779022, 'hits@[1,3,10]': tensor([0.9823, 0.9935, 0.9993])}
	 VALID :  {'MRR': 0.4576241970062256, 'hits@[1,3,10]': tensor([0.3667, 0.5050, 0.6302])}
	 TRAIN:  {'MRR': 0.9879638254642487, 'hits@[1,3,10]': tensor([0.9819, 0.9921, 0.9990])}
	 VALID :  {'MRR': 0.4578257203102112, 'hits@[1,3,10]': tensor([0.3672, 0.5041, 0.6308])}
	 TRAIN:  {'MRR': 0.9881892204284668, 'hits@[1,3,10]': tensor([0.9823, 0.9922, 0.9990])}
	 VALID :  {'MRR': 0.4578443020582199, 'hits@[1,3,10]': tensor([0.3673, 0.5040, 0.6299])}
	 TRAIN:  {'MRR': 0.9883443415164948, 'hits@[1,3,10]': tensor([0.9826, 0.9924, 0.9991])}
	 VALID :  {'MRR': 0.4576590955257416, 'hits@[1,3,10]': tensor([0.3673, 0.5029, 0.6300])}
	 TRAIN:  {'MRR': 0.9884813129901886, 'hits@[1,3,10]': tensor([0.9829, 0.9924, 0.9992])}
	 VALID :  {'MRR': 0.45773500204086304, 'hits@[1,3,10]': tensor([0.3677, 0.5034, 0.6304])}
	 TRAIN:  {'MRR': 0.9890142679214478, 'hits@[1,3,10]': tensor([0.9834, 0.9930, 0.9993])}
	 VALID :  {'MRR': 0.45743338763713837, 'hits@[1,3,10]': tensor([0.3668, 0.5032, 0.6300])}
	 TRAIN:  {'MRR': 0.9884578883647919, 'hits@[1,3,10]': tensor([0.9826, 0.9923, 0.9990])}
	 VALID :  {'MRR': 0.4570831209421158, 'hits@[1,3,10]': tensor([0.3665, 0.5038, 0.6293])}
	 TRAIN:  {'MRR': 0.9880497753620148, 'hits@[1,3,10]': tensor([0.9821, 0.9922, 0.9991])}
	 VALID :  {'MRR': 0.45706115663051605, 'hits@[1,3,10]': tensor([0.3663, 0.5032, 0.6301])}
	 TRAIN:  {'MRR': 0.9886244535446167, 'hits@[1,3,10]': tensor([0.9829, 0.9928, 0.9991])}
	 VALID :  {'MRR': 0.45722708106040955, 'hits@[1,3,10]': tensor([0.3665, 0.5043, 0.6310])}
	 TRAIN:  {'MRR': 0.9891144931316376, 'hits@[1,3,10]': tensor([0.9834, 0.9928, 0.9990])}
	 VALID :  {'MRR': 0.4568466246128082, 'hits@[1,3,10]': tensor([0.3660, 0.5030, 0.6308])}
	 TRAIN:  {'MRR': 0.9887166023254395, 'hits@[1,3,10]': tensor([0.9827, 0.9922, 0.9992])}
	 VALID :  {'MRR': 0.457558736205101, 'hits@[1,3,10]': tensor([0.3671, 0.5030, 0.6303])}
	 TRAIN:  {'MRR': 0.9887492060661316, 'hits@[1,3,10]': tensor([0.9832, 0.9927, 0.9992])}
	 VALID :  {'MRR': 0.4574739784002304, 'hits@[1,3,10]': tensor([0.3669, 0.5036, 0.6298])}
	 TRAIN:  {'MRR': 0.9892026782035828, 'hits@[1,3,10]': tensor([0.9838, 0.9927, 0.9992])}
	 VALID :  {'MRR': 0.45702798664569855, 'hits@[1,3,10]': tensor([0.3665, 0.5037, 0.6304])}


TEST :  {'MRR': 0.4588257670402527, 'hits@[1,3,10]': tensor([0.3679, 0.5060, 0.6287])}
