{'batch_size': 1000,
 'checkpoint': None,
 'data_shape': (63361, 400, 63361),
 'dataset': 'NELL',
 'decay1': 0.9,
 'decay2': 0.999,
 'eval_only': False,
 'init': 0.001,
 'learning_rate': 0.1,
 'max_epochs': 100,
 'model': 'DistMult',
 'model_save_schedule': 1000,
 'optimizer': 'Adagrad',
 'path': 'kbc/data/NELL',
 'rank': 1000,
 'reg': 0.005,
 'regularizer': 'N3',
 'valid': 3.0}
	 TRAIN:  {'MRR': 0.9042395353317261, 'hits@[1,3,10]': tensor([0.8568, 0.9440, 0.9820])}
	 VALID :  {'MRR': 0.42509639263153076, 'hits@[1,3,10]': tensor([0.3332, 0.4686, 0.6031])}
	 TRAIN:  {'MRR': 0.968294769525528, 'hits@[1,3,10]': tensor([0.9508, 0.9829, 0.9973])}
	 VALID :  {'MRR': 0.44191358983516693, 'hits@[1,3,10]': tensor([0.3503, 0.4875, 0.6171])}
	 TRAIN:  {'MRR': 0.9778192341327667, 'hits@[1,3,10]': tensor([0.9652, 0.9885, 0.9989])}
	 VALID :  {'MRR': 0.448713943362236, 'hits@[1,3,10]': tensor([0.3573, 0.4953, 0.6212])}
	 TRAIN:  {'MRR': 0.9825567901134491, 'hits@[1,3,10]': tensor([0.9725, 0.9917, 0.9990])}
	 VALID :  {'MRR': 0.45082636177539825, 'hits@[1,3,10]': tensor([0.3603, 0.4955, 0.6221])}
	 TRAIN:  {'MRR': 0.9848531484603882, 'hits@[1,3,10]': tensor([0.9763, 0.9918, 0.9992])}
	 VALID :  {'MRR': 0.4503915309906006, 'hits@[1,3,10]': tensor([0.3588, 0.4968, 0.6249])}
	 TRAIN:  {'MRR': 0.9871774017810822, 'hits@[1,3,10]': tensor([0.9800, 0.9928, 0.9992])}
	 VALID :  {'MRR': 0.45261260867118835, 'hits@[1,3,10]': tensor([0.3618, 0.4979, 0.6256])}
	 TRAIN:  {'MRR': 0.9877151548862457, 'hits@[1,3,10]': tensor([0.9802, 0.9939, 0.9992])}
	 VALID :  {'MRR': 0.45329971611499786, 'hits@[1,3,10]': tensor([0.3621, 0.4991, 0.6258])}
	 TRAIN:  {'MRR': 0.9879735708236694, 'hits@[1,3,10]': tensor([0.9809, 0.9934, 0.9994])}
	 VALID :  {'MRR': 0.4535456597805023, 'hits@[1,3,10]': tensor([0.3621, 0.4991, 0.6264])}
	 TRAIN:  {'MRR': 0.98859041929245, 'hits@[1,3,10]': tensor([0.9818, 0.9940, 0.9995])}
	 VALID :  {'MRR': 0.45539267361164093, 'hits@[1,3,10]': tensor([0.3648, 0.5001, 0.6271])}
	 TRAIN:  {'MRR': 0.9886760413646698, 'hits@[1,3,10]': tensor([0.9821, 0.9932, 0.9995])}
	 VALID :  {'MRR': 0.4551131874322891, 'hits@[1,3,10]': tensor([0.3639, 0.5012, 0.6278])}
	 TRAIN:  {'MRR': 0.9889152646064758, 'hits@[1,3,10]': tensor([0.9822, 0.9937, 0.9995])}
	 VALID :  {'MRR': 0.4547833204269409, 'hits@[1,3,10]': tensor([0.3635, 0.5004, 0.6275])}
	 TRAIN:  {'MRR': 0.9897432029247284, 'hits@[1,3,10]': tensor([0.9834, 0.9948, 0.9995])}
	 VALID :  {'MRR': 0.4547291249036789, 'hits@[1,3,10]': tensor([0.3632, 0.5014, 0.6289])}
	 TRAIN:  {'MRR': 0.9894813299179077, 'hits@[1,3,10]': tensor([0.9833, 0.9938, 0.9994])}
	 VALID :  {'MRR': 0.4556814879179001, 'hits@[1,3,10]': tensor([0.3638, 0.5026, 0.6295])}
	 TRAIN:  {'MRR': 0.9894048869609833, 'hits@[1,3,10]': tensor([0.9836, 0.9936, 0.9993])}
	 VALID :  {'MRR': 0.4563666433095932, 'hits@[1,3,10]': tensor([0.3652, 0.5029, 0.6290])}
	 TRAIN:  {'MRR': 0.9898169934749603, 'hits@[1,3,10]': tensor([0.9844, 0.9936, 0.9994])}
	 VALID :  {'MRR': 0.4561796635389328, 'hits@[1,3,10]': tensor([0.3652, 0.5029, 0.6281])}
	 TRAIN:  {'MRR': 0.990566223859787, 'hits@[1,3,10]': tensor([0.9848, 0.9965, 0.9994])}
	 VALID :  {'MRR': 0.45551472902297974, 'hits@[1,3,10]': tensor([0.3644, 0.5015, 0.6290])}
	 TRAIN:  {'MRR': 0.9898606836795807, 'hits@[1,3,10]': tensor([0.9843, 0.9934, 0.9995])}
	 VALID :  {'MRR': 0.45598477125167847, 'hits@[1,3,10]': tensor([0.3647, 0.5019, 0.6292])}
	 TRAIN:  {'MRR': 0.9904213845729828, 'hits@[1,3,10]': tensor([0.9846, 0.9948, 0.9993])}
	 VALID :  {'MRR': 0.45665182173252106, 'hits@[1,3,10]': tensor([0.3657, 0.5030, 0.6284])}
	 TRAIN:  {'MRR': 0.9903960824012756, 'hits@[1,3,10]': tensor([0.9848, 0.9951, 0.9995])}
	 VALID :  {'MRR': 0.45604631304740906, 'hits@[1,3,10]': tensor([0.3650, 0.5032, 0.6293])}
	 TRAIN:  {'MRR': 0.9915613830089569, 'hits@[1,3,10]': tensor([0.9864, 0.9959, 0.9995])}
	 VALID :  {'MRR': 0.45693454146385193, 'hits@[1,3,10]': tensor([0.3663, 0.5025, 0.6284])}
	 TRAIN:  {'MRR': 0.9908793568611145, 'hits@[1,3,10]': tensor([0.9855, 0.9950, 0.9996])}
	 VALID :  {'MRR': 0.45704521238803864, 'hits@[1,3,10]': tensor([0.3667, 0.5022, 0.6272])}
	 TRAIN:  {'MRR': 0.9907483756542206, 'hits@[1,3,10]': tensor([0.9852, 0.9961, 0.9994])}
	 VALID :  {'MRR': 0.456386536359787, 'hits@[1,3,10]': tensor([0.3656, 0.5021, 0.6279])}
	 TRAIN:  {'MRR': 0.9903793036937714, 'hits@[1,3,10]': tensor([0.9851, 0.9938, 0.9994])}
	 VALID :  {'MRR': 0.45658665895462036, 'hits@[1,3,10]': tensor([0.3655, 0.5031, 0.6292])}
	 TRAIN:  {'MRR': 0.9903660118579865, 'hits@[1,3,10]': tensor([0.9849, 0.9941, 0.9994])}
	 VALID :  {'MRR': 0.45623764395713806, 'hits@[1,3,10]': tensor([0.3651, 0.5017, 0.6284])}
	 TRAIN:  {'MRR': 0.9910517930984497, 'hits@[1,3,10]': tensor([0.9853, 0.9963, 0.9994])}
	 VALID :  {'MRR': 0.45592448115348816, 'hits@[1,3,10]': tensor([0.3646, 0.5021, 0.6282])}
	 TRAIN:  {'MRR': 0.991150975227356, 'hits@[1,3,10]': tensor([0.9859, 0.9953, 0.9996])}
	 VALID :  {'MRR': 0.45624886453151703, 'hits@[1,3,10]': tensor([0.3649, 0.5022, 0.6282])}
	 TRAIN:  {'MRR': 0.9903484880924225, 'hits@[1,3,10]': tensor([0.9852, 0.9933, 0.9996])}
	 VALID :  {'MRR': 0.456464558839798, 'hits@[1,3,10]': tensor([0.3655, 0.5021, 0.6284])}
	 TRAIN:  {'MRR': 0.9910888373851776, 'hits@[1,3,10]': tensor([0.9859, 0.9952, 0.9996])}
	 VALID :  {'MRR': 0.4560506343841553, 'hits@[1,3,10]': tensor([0.3645, 0.5021, 0.6290])}
	 TRAIN:  {'MRR': 0.9908639490604401, 'hits@[1,3,10]': tensor([0.9855, 0.9955, 0.9995])}
	 VALID :  {'MRR': 0.45636652410030365, 'hits@[1,3,10]': tensor([0.3647, 0.5029, 0.6283])}
	 TRAIN:  {'MRR': 0.9912753701210022, 'hits@[1,3,10]': tensor([0.9863, 0.9950, 0.9995])}
	 VALID :  {'MRR': 0.45604489743709564, 'hits@[1,3,10]': tensor([0.3645, 0.5030, 0.6301])}
	 TRAIN:  {'MRR': 0.9908430874347687, 'hits@[1,3,10]': tensor([0.9855, 0.9961, 0.9995])}
	 VALID :  {'MRR': 0.45663492381572723, 'hits@[1,3,10]': tensor([0.3656, 0.5022, 0.6277])}
	 TRAIN:  {'MRR': 0.9912279546260834, 'hits@[1,3,10]': tensor([0.9858, 0.9958, 0.9995])}
	 VALID :  {'MRR': 0.4562308192253113, 'hits@[1,3,10]': tensor([0.3646, 0.5028, 0.6282])}
	 TRAIN:  {'MRR': 0.9913324117660522, 'hits@[1,3,10]': tensor([0.9863, 0.9947, 0.9995])}
	 VALID :  {'MRR': 0.4566251039505005, 'hits@[1,3,10]': tensor([0.3657, 0.5019, 0.6282])}


TEST :  {'MRR': 0.46010471880435944, 'hits@[1,3,10]': tensor([0.3705, 0.5063, 0.6290])}
