{'batch_size': 1000,
 'checkpoint': None,
 'data_shape': (63361, 400, 63361),
 'dataset': 'NELL',
 'decay1': 0.9,
 'decay2': 0.999,
 'eval_only': False,
 'init': 0.001,
 'learning_rate': 0.1,
 'max_epochs': 100,
 'model': 'DistMult',
 'model_save_schedule': 1000,
 'optimizer': 'Adagrad',
 'path': 'kbc/data/NELL',
 'rank': 1000,
 'reg': 0.001,
 'regularizer': 'N3',
 'valid': 3.0}
	 TRAIN:  {'MRR': 0.9166046977043152, 'hits@[1,3,10]': tensor([0.8735, 0.9507, 0.9880])}
	 VALID :  {'MRR': 0.4187038242816925, 'hits@[1,3,10]': tensor([0.3255, 0.4623, 0.5982])}
	 TRAIN:  {'MRR': 0.9731302261352539, 'hits@[1,3,10]': tensor([0.9574, 0.9860, 0.9985])}
	 VALID :  {'MRR': 0.43765075504779816, 'hits@[1,3,10]': tensor([0.3449, 0.4832, 0.6144])}
	 TRAIN:  {'MRR': 0.9811683893203735, 'hits@[1,3,10]': tensor([0.9689, 0.9922, 0.9994])}
	 VALID :  {'MRR': 0.4424859434366226, 'hits@[1,3,10]': tensor([0.3490, 0.4913, 0.6190])}
	 TRAIN:  {'MRR': 0.9860136806964874, 'hits@[1,3,10]': tensor([0.9768, 0.9950, 0.9995])}
	 VALID :  {'MRR': 0.4465712606906891, 'hits@[1,3,10]': tensor([0.3556, 0.4932, 0.6203])}
	 TRAIN:  {'MRR': 0.9874351918697357, 'hits@[1,3,10]': tensor([0.9794, 0.9961, 0.9995])}
	 VALID :  {'MRR': 0.44626276195049286, 'hits@[1,3,10]': tensor([0.3537, 0.4948, 0.6211])}
	 TRAIN:  {'MRR': 0.9880840480327606, 'hits@[1,3,10]': tensor([0.9807, 0.9944, 0.9997])}
	 VALID :  {'MRR': 0.44850844144821167, 'hits@[1,3,10]': tensor([0.3569, 0.4960, 0.6212])}
	 TRAIN:  {'MRR': 0.9891768395900726, 'hits@[1,3,10]': tensor([0.9818, 0.9956, 0.9996])}
	 VALID :  {'MRR': 0.44828394055366516, 'hits@[1,3,10]': tensor([0.3570, 0.4946, 0.6230])}
	 TRAIN:  {'MRR': 0.9897505044937134, 'hits@[1,3,10]': tensor([0.9817, 0.9977, 0.9996])}
	 VALID :  {'MRR': 0.4500928819179535, 'hits@[1,3,10]': tensor([0.3588, 0.4966, 0.6230])}
	 TRAIN:  {'MRR': 0.9897190630435944, 'hits@[1,3,10]': tensor([0.9828, 0.9963, 0.9997])}
	 VALID :  {'MRR': 0.44917964935302734, 'hits@[1,3,10]': tensor([0.3573, 0.4955, 0.6248])}
	 TRAIN:  {'MRR': 0.9907961785793304, 'hits@[1,3,10]': tensor([0.9840, 0.9980, 0.9996])}
	 VALID :  {'MRR': 0.44954581558704376, 'hits@[1,3,10]': tensor([0.3574, 0.4968, 0.6224])}
	 TRAIN:  {'MRR': 0.9906760156154633, 'hits@[1,3,10]': tensor([0.9835, 0.9979, 0.9996])}
	 VALID :  {'MRR': 0.4498581886291504, 'hits@[1,3,10]': tensor([0.3587, 0.4949, 0.6238])}
	 TRAIN:  {'MRR': 0.9912822842597961, 'hits@[1,3,10]': tensor([0.9842, 0.9983, 0.9997])}
	 VALID :  {'MRR': 0.45015351474285126, 'hits@[1,3,10]': tensor([0.3592, 0.4955, 0.6238])}
	 TRAIN:  {'MRR': 0.9912093579769135, 'hits@[1,3,10]': tensor([0.9842, 0.9983, 0.9996])}
	 VALID :  {'MRR': 0.45065440237522125, 'hits@[1,3,10]': tensor([0.3586, 0.4971, 0.6245])}
	 TRAIN:  {'MRR': 0.99108025431633, 'hits@[1,3,10]': tensor([0.9841, 0.9983, 0.9997])}
	 VALID :  {'MRR': 0.44944067299366, 'hits@[1,3,10]': tensor([0.3565, 0.4975, 0.6259])}
	 TRAIN:  {'MRR': 0.9910725355148315, 'hits@[1,3,10]': tensor([0.9841, 0.9980, 0.9997])}
	 VALID :  {'MRR': 0.4500371515750885, 'hits@[1,3,10]': tensor([0.3577, 0.4971, 0.6241])}
	 TRAIN:  {'MRR': 0.9914288520812988, 'hits@[1,3,10]': tensor([0.9846, 0.9982, 0.9997])}
	 VALID :  {'MRR': 0.4505072832107544, 'hits@[1,3,10]': tensor([0.3588, 0.4978, 0.6246])}
	 TRAIN:  {'MRR': 0.9916325509548187, 'hits@[1,3,10]': tensor([0.9850, 0.9982, 0.9998])}
	 VALID :  {'MRR': 0.4510480612516403, 'hits@[1,3,10]': tensor([0.3592, 0.4991, 0.6247])}
	 TRAIN:  {'MRR': 0.9918839335441589, 'hits@[1,3,10]': tensor([0.9855, 0.9984, 0.9998])}
	 VALID :  {'MRR': 0.4513305425643921, 'hits@[1,3,10]': tensor([0.3597, 0.4991, 0.6242])}
	 TRAIN:  {'MRR': 0.9920863211154938, 'hits@[1,3,10]': tensor([0.9858, 0.9983, 0.9998])}
	 VALID :  {'MRR': 0.4503295123577118, 'hits@[1,3,10]': tensor([0.3582, 0.4977, 0.6249])}
	 TRAIN:  {'MRR': 0.9915385246276855, 'hits@[1,3,10]': tensor([0.9848, 0.9981, 0.9997])}
	 VALID :  {'MRR': 0.45163075625896454, 'hits@[1,3,10]': tensor([0.3603, 0.4980, 0.6255])}
	 TRAIN:  {'MRR': 0.9916543960571289, 'hits@[1,3,10]': tensor([0.9851, 0.9982, 0.9998])}
	 VALID :  {'MRR': 0.45141762495040894, 'hits@[1,3,10]': tensor([0.3599, 0.4995, 0.6252])}
	 TRAIN:  {'MRR': 0.9918902516365051, 'hits@[1,3,10]': tensor([0.9853, 0.9985, 0.9997])}
	 VALID :  {'MRR': 0.4511461555957794, 'hits@[1,3,10]': tensor([0.3591, 0.4983, 0.6257])}
	 TRAIN:  {'MRR': 0.9915606677532196, 'hits@[1,3,10]': tensor([0.9847, 0.9985, 0.9998])}
	 VALID :  {'MRR': 0.45112311840057373, 'hits@[1,3,10]': tensor([0.3594, 0.4988, 0.6248])}
	 TRAIN:  {'MRR': 0.9914951324462891, 'hits@[1,3,10]': tensor([0.9845, 0.9985, 0.9998])}
	 VALID :  {'MRR': 0.45098307728767395, 'hits@[1,3,10]': tensor([0.3588, 0.4987, 0.6247])}
	 TRAIN:  {'MRR': 0.9926570951938629, 'hits@[1,3,10]': tensor([0.9870, 0.9983, 0.9997])}
	 VALID :  {'MRR': 0.4524886906147003, 'hits@[1,3,10]': tensor([0.3614, 0.4989, 0.6264])}
	 TRAIN:  {'MRR': 0.9926580786705017, 'hits@[1,3,10]': tensor([0.9869, 0.9983, 0.9997])}
	 VALID :  {'MRR': 0.45131199061870575, 'hits@[1,3,10]': tensor([0.3592, 0.4991, 0.6251])}
	 TRAIN:  {'MRR': 0.9912000894546509, 'hits@[1,3,10]': tensor([0.9843, 0.9981, 0.9997])}
	 VALID :  {'MRR': 0.4517049193382263, 'hits@[1,3,10]': tensor([0.3599, 0.4995, 0.6254])}
	 TRAIN:  {'MRR': 0.9920051097869873, 'hits@[1,3,10]': tensor([0.9857, 0.9983, 0.9997])}
	 VALID :  {'MRR': 0.451686292886734, 'hits@[1,3,10]': tensor([0.3600, 0.4994, 0.6252])}
	 TRAIN:  {'MRR': 0.9916292726993561, 'hits@[1,3,10]': tensor([0.9850, 0.9981, 0.9997])}
	 VALID :  {'MRR': 0.45170319080352783, 'hits@[1,3,10]': tensor([0.3601, 0.4982, 0.6251])}
	 TRAIN:  {'MRR': 0.9916368722915649, 'hits@[1,3,10]': tensor([0.9850, 0.9983, 0.9998])}
	 VALID :  {'MRR': 0.45185762643814087, 'hits@[1,3,10]': tensor([0.3602, 0.5000, 0.6250])}
	 TRAIN:  {'MRR': 0.9922004640102386, 'hits@[1,3,10]': tensor([0.9860, 0.9985, 0.9998])}
	 VALID :  {'MRR': 0.4524873197078705, 'hits@[1,3,10]': tensor([0.3613, 0.5002, 0.6255])}
	 TRAIN:  {'MRR': 0.9922360777854919, 'hits@[1,3,10]': tensor([0.9860, 0.9985, 0.9998])}
	 VALID :  {'MRR': 0.4523991048336029, 'hits@[1,3,10]': tensor([0.3610, 0.4997, 0.6260])}
	 TRAIN:  {'MRR': 0.9922796785831451, 'hits@[1,3,10]': tensor([0.9863, 0.9984, 0.9997])}
	 VALID :  {'MRR': 0.4520847201347351, 'hits@[1,3,10]': tensor([0.3605, 0.4998, 0.6252])}


TEST :  {'MRR': 0.4534159302711487, 'hits@[1,3,10]': tensor([0.3630, 0.4990, 0.6251])}
