{'batch_size': 1000,
 'checkpoint': None,
 'data_shape': (63361, 400, 63361),
 'dataset': 'NELL',
 'decay1': 0.9,
 'decay2': 0.999,
 'eval_only': False,
 'init': 0.001,
 'learning_rate': 0.1,
 'max_epochs': 100,
 'model': 'DistMult',
 'model_save_schedule': 1000,
 'optimizer': 'Adagrad',
 'path': 'kbc/data/NELL',
 'rank': 500,
 'reg': 0.001,
 'regularizer': 'N3',
 'valid': 3.0}
	 TRAIN:  {'MRR': 0.904381662607193, 'hits@[1,3,10]': tensor([0.8559, 0.9446, 0.9834])}
	 VALID :  {'MRR': 0.4110945165157318, 'hits@[1,3,10]': tensor([0.3196, 0.4561, 0.5878])}
	 TRAIN:  {'MRR': 0.9736139178276062, 'hits@[1,3,10]': tensor([0.9580, 0.9873, 0.9984])}
	 VALID :  {'MRR': 0.4286263883113861, 'hits@[1,3,10]': tensor([0.3386, 0.4740, 0.6031])}
	 TRAIN:  {'MRR': 0.9825636744499207, 'hits@[1,3,10]': tensor([0.9715, 0.9925, 0.9994])}
	 VALID :  {'MRR': 0.4337611794471741, 'hits@[1,3,10]': tensor([0.3445, 0.4766, 0.6064])}
	 TRAIN:  {'MRR': 0.9859946370124817, 'hits@[1,3,10]': tensor([0.9775, 0.9932, 0.9995])}
	 VALID :  {'MRR': 0.4370434582233429, 'hits@[1,3,10]': tensor([0.3472, 0.4812, 0.6095])}
	 TRAIN:  {'MRR': 0.989995002746582, 'hits@[1,3,10]': tensor([0.9830, 0.9972, 0.9997])}
	 VALID :  {'MRR': 0.4388972669839859, 'hits@[1,3,10]': tensor([0.3496, 0.4837, 0.6097])}
	 TRAIN:  {'MRR': 0.9900902807712555, 'hits@[1,3,10]': tensor([0.9830, 0.9966, 0.9997])}
	 VALID :  {'MRR': 0.43981489539146423, 'hits@[1,3,10]': tensor([0.3512, 0.4838, 0.6107])}
	 TRAIN:  {'MRR': 0.9909847676753998, 'hits@[1,3,10]': tensor([0.9849, 0.9967, 0.9997])}
	 VALID :  {'MRR': 0.43943609297275543, 'hits@[1,3,10]': tensor([0.3493, 0.4846, 0.6110])}
	 TRAIN:  {'MRR': 0.9923963844776154, 'hits@[1,3,10]': tensor([0.9872, 0.9976, 0.9996])}
	 VALID :  {'MRR': 0.44041013717651367, 'hits@[1,3,10]': tensor([0.3511, 0.4850, 0.6108])}
	 TRAIN:  {'MRR': 0.9928534030914307, 'hits@[1,3,10]': tensor([0.9877, 0.9979, 0.9996])}
	 VALID :  {'MRR': 0.4414270967245102, 'hits@[1,3,10]': tensor([0.3526, 0.4857, 0.6110])}
	 TRAIN:  {'MRR': 0.9918870627880096, 'hits@[1,3,10]': tensor([0.9862, 0.9979, 0.9997])}
	 VALID :  {'MRR': 0.44132645428180695, 'hits@[1,3,10]': tensor([0.3526, 0.4859, 0.6126])}
	 TRAIN:  {'MRR': 0.9933986067771912, 'hits@[1,3,10]': tensor([0.9887, 0.9980, 0.9998])}
	 VALID :  {'MRR': 0.4414754658937454, 'hits@[1,3,10]': tensor([0.3515, 0.4879, 0.6123])}
	 TRAIN:  {'MRR': 0.9930149018764496, 'hits@[1,3,10]': tensor([0.9879, 0.9981, 0.9998])}
	 VALID :  {'MRR': 0.4420241564512253, 'hits@[1,3,10]': tensor([0.3523, 0.4885, 0.6128])}
	 TRAIN:  {'MRR': 0.9925024211406708, 'hits@[1,3,10]': tensor([0.9868, 0.9981, 0.9998])}
	 VALID :  {'MRR': 0.44228987395763397, 'hits@[1,3,10]': tensor([0.3530, 0.4870, 0.6136])}
	 TRAIN:  {'MRR': 0.9932867884635925, 'hits@[1,3,10]': tensor([0.9886, 0.9979, 0.9997])}
	 VALID :  {'MRR': 0.4418279528617859, 'hits@[1,3,10]': tensor([0.3527, 0.4870, 0.6128])}
	 TRAIN:  {'MRR': 0.9936423003673553, 'hits@[1,3,10]': tensor([0.9891, 0.9981, 0.9997])}
	 VALID :  {'MRR': 0.442015141248703, 'hits@[1,3,10]': tensor([0.3529, 0.4869, 0.6119])}
	 TRAIN:  {'MRR': 0.9939055740833282, 'hits@[1,3,10]': tensor([0.9897, 0.9980, 0.9997])}
	 VALID :  {'MRR': 0.4419247508049011, 'hits@[1,3,10]': tensor([0.3520, 0.4886, 0.6119])}
	 TRAIN:  {'MRR': 0.9940755665302277, 'hits@[1,3,10]': tensor([0.9898, 0.9984, 0.9998])}
	 VALID :  {'MRR': 0.44212891161441803, 'hits@[1,3,10]': tensor([0.3528, 0.4873, 0.6130])}
	 TRAIN:  {'MRR': 0.9932110905647278, 'hits@[1,3,10]': tensor([0.9883, 0.9981, 0.9997])}
	 VALID :  {'MRR': 0.44286827743053436, 'hits@[1,3,10]': tensor([0.3536, 0.4886, 0.6129])}
	 TRAIN:  {'MRR': 0.994149923324585, 'hits@[1,3,10]': tensor([0.9899, 0.9983, 0.9997])}
	 VALID :  {'MRR': 0.4423036426305771, 'hits@[1,3,10]': tensor([0.3533, 0.4877, 0.6133])}
	 TRAIN:  {'MRR': 0.9937900304794312, 'hits@[1,3,10]': tensor([0.9895, 0.9980, 0.9997])}
	 VALID :  {'MRR': 0.44311557710170746, 'hits@[1,3,10]': tensor([0.3544, 0.4876, 0.6123])}
	 TRAIN:  {'MRR': 0.9928666949272156, 'hits@[1,3,10]': tensor([0.9875, 0.9982, 0.9997])}
	 VALID :  {'MRR': 0.4433164447546005, 'hits@[1,3,10]': tensor([0.3548, 0.4874, 0.6123])}
	 TRAIN:  {'MRR': 0.9937842190265656, 'hits@[1,3,10]': tensor([0.9894, 0.9980, 0.9998])}
	 VALID :  {'MRR': 0.44264762103557587, 'hits@[1,3,10]': tensor([0.3534, 0.4877, 0.6123])}
	 TRAIN:  {'MRR': 0.9939594566822052, 'hits@[1,3,10]': tensor([0.9896, 0.9983, 0.9997])}
	 VALID :  {'MRR': 0.44284334778785706, 'hits@[1,3,10]': tensor([0.3535, 0.4883, 0.6131])}
	 TRAIN:  {'MRR': 0.9942223727703094, 'hits@[1,3,10]': tensor([0.9901, 0.9984, 0.9998])}
	 VALID :  {'MRR': 0.4430660158395767, 'hits@[1,3,10]': tensor([0.3539, 0.4887, 0.6130])}
	 TRAIN:  {'MRR': 0.994457334280014, 'hits@[1,3,10]': tensor([0.9905, 0.9985, 0.9997])}
	 VALID :  {'MRR': 0.4433312714099884, 'hits@[1,3,10]': tensor([0.3541, 0.4891, 0.6136])}
	 TRAIN:  {'MRR': 0.9937150478363037, 'hits@[1,3,10]': tensor([0.9891, 0.9984, 0.9997])}
	 VALID :  {'MRR': 0.44267526268959045, 'hits@[1,3,10]': tensor([0.3530, 0.4894, 0.6136])}
	 TRAIN:  {'MRR': 0.993964284658432, 'hits@[1,3,10]': tensor([0.9896, 0.9983, 0.9997])}
	 VALID :  {'MRR': 0.4434952735900879, 'hits@[1,3,10]': tensor([0.3543, 0.4891, 0.6138])}
	 TRAIN:  {'MRR': 0.9940164387226105, 'hits@[1,3,10]': tensor([0.9897, 0.9983, 0.9997])}
	 VALID :  {'MRR': 0.4433232843875885, 'hits@[1,3,10]': tensor([0.3537, 0.4900, 0.6136])}
	 TRAIN:  {'MRR': 0.9939174652099609, 'hits@[1,3,10]': tensor([0.9894, 0.9984, 0.9997])}
	 VALID :  {'MRR': 0.4428843855857849, 'hits@[1,3,10]': tensor([0.3531, 0.4898, 0.6135])}
	 TRAIN:  {'MRR': 0.993414431810379, 'hits@[1,3,10]': tensor([0.9884, 0.9984, 0.9997])}
	 VALID :  {'MRR': 0.443740114569664, 'hits@[1,3,10]': tensor([0.3543, 0.4898, 0.6130])}
	 TRAIN:  {'MRR': 0.993901789188385, 'hits@[1,3,10]': tensor([0.9894, 0.9984, 0.9997])}
	 VALID :  {'MRR': 0.4433988928794861, 'hits@[1,3,10]': tensor([0.3544, 0.4903, 0.6129])}
	 TRAIN:  {'MRR': 0.994396448135376, 'hits@[1,3,10]': tensor([0.9905, 0.9983, 0.9997])}
	 VALID :  {'MRR': 0.4433368891477585, 'hits@[1,3,10]': tensor([0.3538, 0.4907, 0.6134])}
	 TRAIN:  {'MRR': 0.9938971996307373, 'hits@[1,3,10]': tensor([0.9895, 0.9984, 0.9997])}
	 VALID :  {'MRR': 0.4432370364665985, 'hits@[1,3,10]': tensor([0.3534, 0.4896, 0.6140])}


TEST :  {'MRR': 0.44386956095695496, 'hits@[1,3,10]': tensor([0.3551, 0.4898, 0.6108])}
