{'batch_size': 500,
 'checkpoint': None,
 'data_shape': (63361, 400, 63361),
 'dataset': 'NELL',
 'decay1': 0.9,
 'decay2': 0.999,
 'eval_only': False,
 'init': 0.001,
 'learning_rate': 0.1,
 'max_epochs': 100,
 'model': 'DistMult',
 'model_save_schedule': 1000,
 'optimizer': 'Adagrad',
 'path': 'kbc/data/NELL',
 'rank': 1000,
 'reg': 0.1,
 'regularizer': 'N3',
 'valid': 3.0}
	 TRAIN:  {'MRR': 0.6070109903812408, 'hits@[1,3,10]': tensor([0.5052, 0.6689, 0.7914])}
	 VALID :  {'MRR': 0.3897780478000641, 'hits@[1,3,10]': tensor([0.2969, 0.4329, 0.5693])}
	 TRAIN:  {'MRR': 0.7845738530158997, 'hits@[1,3,10]': tensor([0.7219, 0.8236, 0.9006])}
	 VALID :  {'MRR': 0.4271306097507477, 'hits@[1,3,10]': tensor([0.3323, 0.4734, 0.6114])}
	 TRAIN:  {'MRR': 0.8182607591152191, 'hits@[1,3,10]': tensor([0.7628, 0.8548, 0.9186])}
	 VALID :  {'MRR': 0.4347851872444153, 'hits@[1,3,10]': tensor([0.3397, 0.4816, 0.6180])}
	 TRAIN:  {'MRR': 0.8321906924247742, 'hits@[1,3,10]': tensor([0.7818, 0.8644, 0.9248])}
	 VALID :  {'MRR': 0.43866193294525146, 'hits@[1,3,10]': tensor([0.3435, 0.4862, 0.6197])}
	 TRAIN:  {'MRR': 0.8407921493053436, 'hits@[1,3,10]': tensor([0.7933, 0.8699, 0.9289])}
	 VALID :  {'MRR': 0.43997305631637573, 'hits@[1,3,10]': tensor([0.3444, 0.4871, 0.6226])}
	 TRAIN:  {'MRR': 0.848068118095398, 'hits@[1,3,10]': tensor([0.8029, 0.8769, 0.9313])}
	 VALID :  {'MRR': 0.4409150183200836, 'hits@[1,3,10]': tensor([0.3449, 0.4890, 0.6237])}
	 TRAIN:  {'MRR': 0.8507790565490723, 'hits@[1,3,10]': tensor([0.8064, 0.8776, 0.9335])}
	 VALID :  {'MRR': 0.4421313852071762, 'hits@[1,3,10]': tensor([0.3477, 0.4875, 0.6242])}
	 TRAIN:  {'MRR': 0.8560932576656342, 'hits@[1,3,10]': tensor([0.8127, 0.8840, 0.9358])}
	 VALID :  {'MRR': 0.44481875002384186, 'hits@[1,3,10]': tensor([0.3501, 0.4913, 0.6252])}
	 TRAIN:  {'MRR': 0.8585485517978668, 'hits@[1,3,10]': tensor([0.8157, 0.8860, 0.9375])}
	 VALID :  {'MRR': 0.4422954171895981, 'hits@[1,3,10]': tensor([0.3466, 0.4897, 0.6270])}
	 TRAIN:  {'MRR': 0.8606624007225037, 'hits@[1,3,10]': tensor([0.8188, 0.8868, 0.9383])}
	 VALID :  {'MRR': 0.44479571282863617, 'hits@[1,3,10]': tensor([0.3492, 0.4928, 0.6273])}
	 TRAIN:  {'MRR': 0.8616043627262115, 'hits@[1,3,10]': tensor([0.8199, 0.8874, 0.9392])}
	 VALID :  {'MRR': 0.4453212767839432, 'hits@[1,3,10]': tensor([0.3504, 0.4920, 0.6265])}
	 TRAIN:  {'MRR': 0.8656375706195831, 'hits@[1,3,10]': tensor([0.8251, 0.8905, 0.9414])}
	 VALID :  {'MRR': 0.4452582746744156, 'hits@[1,3,10]': tensor([0.3497, 0.4916, 0.6297])}
	 TRAIN:  {'MRR': 0.8639800250530243, 'hits@[1,3,10]': tensor([0.8217, 0.8907, 0.9408])}
	 VALID :  {'MRR': 0.4461407959461212, 'hits@[1,3,10]': tensor([0.3509, 0.4944, 0.6281])}
	 TRAIN:  {'MRR': 0.8654065728187561, 'hits@[1,3,10]': tensor([0.8250, 0.8908, 0.9404])}
	 VALID :  {'MRR': 0.446927011013031, 'hits@[1,3,10]': tensor([0.3523, 0.4947, 0.6282])}
	 TRAIN:  {'MRR': 0.8692114055156708, 'hits@[1,3,10]': tensor([0.8292, 0.8949, 0.9423])}
	 VALID :  {'MRR': 0.44654305279254913, 'hits@[1,3,10]': tensor([0.3519, 0.4939, 0.6290])}
	 TRAIN:  {'MRR': 0.87043297290802, 'hits@[1,3,10]': tensor([0.8310, 0.8946, 0.9445])}
	 VALID :  {'MRR': 0.44758912920951843, 'hits@[1,3,10]': tensor([0.3536, 0.4934, 0.6302])}
	 TRAIN:  {'MRR': 0.8706238269805908, 'hits@[1,3,10]': tensor([0.8316, 0.8950, 0.9424])}
	 VALID :  {'MRR': 0.44801418483257294, 'hits@[1,3,10]': tensor([0.3538, 0.4939, 0.6299])}
	 TRAIN:  {'MRR': 0.8706612884998322, 'hits@[1,3,10]': tensor([0.8312, 0.8951, 0.9421])}
	 VALID :  {'MRR': 0.44740213453769684, 'hits@[1,3,10]': tensor([0.3530, 0.4934, 0.6299])}
	 TRAIN:  {'MRR': 0.8718543648719788, 'hits@[1,3,10]': tensor([0.8333, 0.8950, 0.9441])}
	 VALID :  {'MRR': 0.4493139833211899, 'hits@[1,3,10]': tensor([0.3560, 0.4934, 0.6303])}
	 TRAIN:  {'MRR': 0.8715935051441193, 'hits@[1,3,10]': tensor([0.8328, 0.8955, 0.9440])}
	 VALID :  {'MRR': 0.4479459226131439, 'hits@[1,3,10]': tensor([0.3537, 0.4936, 0.6307])}
	 TRAIN:  {'MRR': 0.8720998167991638, 'hits@[1,3,10]': tensor([0.8327, 0.8972, 0.9451])}
	 VALID :  {'MRR': 0.448417603969574, 'hits@[1,3,10]': tensor([0.3541, 0.4956, 0.6301])}
	 TRAIN:  {'MRR': 0.8734600841999054, 'hits@[1,3,10]': tensor([0.8353, 0.8965, 0.9449])}
	 VALID :  {'MRR': 0.4491906762123108, 'hits@[1,3,10]': tensor([0.3550, 0.4959, 0.6315])}
	 TRAIN:  {'MRR': 0.872525542974472, 'hits@[1,3,10]': tensor([0.8344, 0.8961, 0.9431])}
	 VALID :  {'MRR': 0.4481724202632904, 'hits@[1,3,10]': tensor([0.3535, 0.4948, 0.6302])}
	 TRAIN:  {'MRR': 0.8721233010292053, 'hits@[1,3,10]': tensor([0.8336, 0.8961, 0.9441])}
	 VALID :  {'MRR': 0.4491262137889862, 'hits@[1,3,10]': tensor([0.3548, 0.4949, 0.6318])}
	 TRAIN:  {'MRR': 0.871921569108963, 'hits@[1,3,10]': tensor([0.8336, 0.8957, 0.9437])}
	 VALID :  {'MRR': 0.44926880300045013, 'hits@[1,3,10]': tensor([0.3553, 0.4952, 0.6311])}
	 TRAIN:  {'MRR': 0.8729393184185028, 'hits@[1,3,10]': tensor([0.8347, 0.8960, 0.9438])}
	 VALID :  {'MRR': 0.44948188960552216, 'hits@[1,3,10]': tensor([0.3558, 0.4947, 0.6307])}
	 TRAIN:  {'MRR': 0.8741672039031982, 'hits@[1,3,10]': tensor([0.8360, 0.8977, 0.9445])}
	 VALID :  {'MRR': 0.44879813492298126, 'hits@[1,3,10]': tensor([0.3541, 0.4953, 0.6316])}
	 TRAIN:  {'MRR': 0.874549925327301, 'hits@[1,3,10]': tensor([0.8363, 0.8980, 0.9449])}
	 VALID :  {'MRR': 0.4498444050550461, 'hits@[1,3,10]': tensor([0.3559, 0.4957, 0.6309])}
	 TRAIN:  {'MRR': 0.8748164474964142, 'hits@[1,3,10]': tensor([0.8372, 0.8978, 0.9449])}
	 VALID :  {'MRR': 0.4496118873357773, 'hits@[1,3,10]': tensor([0.3555, 0.4950, 0.6313])}
	 TRAIN:  {'MRR': 0.8744843304157257, 'hits@[1,3,10]': tensor([0.8364, 0.8977, 0.9447])}
	 VALID :  {'MRR': 0.4492877423763275, 'hits@[1,3,10]': tensor([0.3552, 0.4951, 0.6314])}
	 TRAIN:  {'MRR': 0.8762557506561279, 'hits@[1,3,10]': tensor([0.8390, 0.8985, 0.9455])}
	 VALID :  {'MRR': 0.4500926434993744, 'hits@[1,3,10]': tensor([0.3559, 0.4954, 0.6313])}
	 TRAIN:  {'MRR': 0.8752568960189819, 'hits@[1,3,10]': tensor([0.8376, 0.8986, 0.9453])}
	 VALID :  {'MRR': 0.44987817108631134, 'hits@[1,3,10]': tensor([0.3564, 0.4952, 0.6317])}
	 TRAIN:  {'MRR': 0.8755956292152405, 'hits@[1,3,10]': tensor([0.8382, 0.8985, 0.9453])}
	 VALID :  {'MRR': 0.44897396862506866, 'hits@[1,3,10]': tensor([0.3542, 0.4961, 0.6316])}


TEST :  {'MRR': 0.44954274594783783, 'hits@[1,3,10]': tensor([0.3556, 0.4966, 0.6300])}
