{'batch_size': 1000,
 'checkpoint': None,
 'data_shape': (63361, 400, 63361),
 'dataset': 'NELL',
 'decay1': 0.9,
 'decay2': 0.999,
 'eval_only': False,
 'init': 0.001,
 'learning_rate': 0.1,
 'max_epochs': 100,
 'model': 'DistMult',
 'model_save_schedule': 1000,
 'optimizer': 'Adagrad',
 'path': 'kbc/data/NELL',
 'rank': 1000,
 'reg': 0.1,
 'regularizer': 'N3',
 'valid': 3.0}
	 TRAIN:  {'MRR': 0.6143483221530914, 'hits@[1,3,10]': tensor([0.5131, 0.6755, 0.7996])}
	 VALID :  {'MRR': 0.38803528249263763, 'hits@[1,3,10]': tensor([0.2949, 0.4320, 0.5656])}
	 TRAIN:  {'MRR': 0.7899005115032196, 'hits@[1,3,10]': tensor([0.7296, 0.8275, 0.9023])}
	 VALID :  {'MRR': 0.4272892624139786, 'hits@[1,3,10]': tensor([0.3337, 0.4714, 0.6078])}
	 TRAIN:  {'MRR': 0.817187637090683, 'hits@[1,3,10]': tensor([0.7628, 0.8523, 0.9160])}
	 VALID :  {'MRR': 0.4351184368133545, 'hits@[1,3,10]': tensor([0.3411, 0.4822, 0.6163])}
	 TRAIN:  {'MRR': 0.8309424221515656, 'hits@[1,3,10]': tensor([0.7794, 0.8639, 0.9270])}
	 VALID :  {'MRR': 0.4377044439315796, 'hits@[1,3,10]': tensor([0.3433, 0.4846, 0.6194])}
	 TRAIN:  {'MRR': 0.8416426777839661, 'hits@[1,3,10]': tensor([0.7947, 0.8710, 0.9284])}
	 VALID :  {'MRR': 0.44092996418476105, 'hits@[1,3,10]': tensor([0.3465, 0.4882, 0.6217])}
	 TRAIN:  {'MRR': 0.8474259376525879, 'hits@[1,3,10]': tensor([0.8012, 0.8778, 0.9310])}
	 VALID :  {'MRR': 0.439939945936203, 'hits@[1,3,10]': tensor([0.3435, 0.4880, 0.6239])}
	 TRAIN:  {'MRR': 0.8514817357063293, 'hits@[1,3,10]': tensor([0.8070, 0.8807, 0.9318])}
	 VALID :  {'MRR': 0.4427160322666168, 'hits@[1,3,10]': tensor([0.3472, 0.4912, 0.6257])}
	 TRAIN:  {'MRR': 0.8537200391292572, 'hits@[1,3,10]': tensor([0.8107, 0.8802, 0.9335])}
	 VALID :  {'MRR': 0.44356513023376465, 'hits@[1,3,10]': tensor([0.3494, 0.4890, 0.6266])}
	 TRAIN:  {'MRR': 0.8576138317584991, 'hits@[1,3,10]': tensor([0.8149, 0.8836, 0.9374])}
	 VALID :  {'MRR': 0.44534116983413696, 'hits@[1,3,10]': tensor([0.3515, 0.4910, 0.6266])}
	 TRAIN:  {'MRR': 0.8594737350940704, 'hits@[1,3,10]': tensor([0.8173, 0.8855, 0.9371])}
	 VALID :  {'MRR': 0.4457193613052368, 'hits@[1,3,10]': tensor([0.3511, 0.4942, 0.6273])}
	 TRAIN:  {'MRR': 0.8608899414539337, 'hits@[1,3,10]': tensor([0.8197, 0.8867, 0.9378])}
	 VALID :  {'MRR': 0.44628162682056427, 'hits@[1,3,10]': tensor([0.3525, 0.4929, 0.6281])}
	 TRAIN:  {'MRR': 0.863763839006424, 'hits@[1,3,10]': tensor([0.8233, 0.8891, 0.9392])}
	 VALID :  {'MRR': 0.4468774348497391, 'hits@[1,3,10]': tensor([0.3528, 0.4941, 0.6284])}
	 TRAIN:  {'MRR': 0.8660631775856018, 'hits@[1,3,10]': tensor([0.8269, 0.8895, 0.9394])}
	 VALID :  {'MRR': 0.44785961508750916, 'hits@[1,3,10]': tensor([0.3535, 0.4954, 0.6299])}
	 TRAIN:  {'MRR': 0.8649512529373169, 'hits@[1,3,10]': tensor([0.8250, 0.8892, 0.9392])}
	 VALID :  {'MRR': 0.44745372235774994, 'hits@[1,3,10]': tensor([0.3536, 0.4943, 0.6291])}
	 TRAIN:  {'MRR': 0.8682564795017242, 'hits@[1,3,10]': tensor([0.8293, 0.8927, 0.9400])}
	 VALID :  {'MRR': 0.4462241530418396, 'hits@[1,3,10]': tensor([0.3512, 0.4938, 0.6296])}
	 TRAIN:  {'MRR': 0.8686602115631104, 'hits@[1,3,10]': tensor([0.8304, 0.8915, 0.9413])}
	 VALID :  {'MRR': 0.44676315784454346, 'hits@[1,3,10]': tensor([0.3526, 0.4929, 0.6295])}
	 TRAIN:  {'MRR': 0.8681809306144714, 'hits@[1,3,10]': tensor([0.8294, 0.8911, 0.9405])}
	 VALID :  {'MRR': 0.44653862714767456, 'hits@[1,3,10]': tensor([0.3512, 0.4942, 0.6305])}
	 TRAIN:  {'MRR': 0.8690968155860901, 'hits@[1,3,10]': tensor([0.8309, 0.8919, 0.9413])}
	 VALID :  {'MRR': 0.44724930822849274, 'hits@[1,3,10]': tensor([0.3534, 0.4933, 0.6302])}
	 TRAIN:  {'MRR': 0.8703080415725708, 'hits@[1,3,10]': tensor([0.8320, 0.8936, 0.9419])}
	 VALID :  {'MRR': 0.4484540820121765, 'hits@[1,3,10]': tensor([0.3554, 0.4946, 0.6293])}
	 TRAIN:  {'MRR': 0.8693569898605347, 'hits@[1,3,10]': tensor([0.8313, 0.8928, 0.9404])}
	 VALID :  {'MRR': 0.44862163066864014, 'hits@[1,3,10]': tensor([0.3551, 0.4945, 0.6310])}
	 TRAIN:  {'MRR': 0.8712010979652405, 'hits@[1,3,10]': tensor([0.8332, 0.8946, 0.9429])}
	 VALID :  {'MRR': 0.4479468911886215, 'hits@[1,3,10]': tensor([0.3536, 0.4949, 0.6307])}
	 TRAIN:  {'MRR': 0.8709041774272919, 'hits@[1,3,10]': tensor([0.8327, 0.8935, 0.9433])}
	 VALID :  {'MRR': 0.4491841644048691, 'hits@[1,3,10]': tensor([0.3556, 0.4950, 0.6316])}
	 TRAIN:  {'MRR': 0.8739076256752014, 'hits@[1,3,10]': tensor([0.8370, 0.8960, 0.9438])}
	 VALID :  {'MRR': 0.44809451699256897, 'hits@[1,3,10]': tensor([0.3538, 0.4945, 0.6313])}
	 TRAIN:  {'MRR': 0.8712817430496216, 'hits@[1,3,10]': tensor([0.8328, 0.8946, 0.9434])}
	 VALID :  {'MRR': 0.4483696073293686, 'hits@[1,3,10]': tensor([0.3536, 0.4948, 0.6317])}
	 TRAIN:  {'MRR': 0.8713928163051605, 'hits@[1,3,10]': tensor([0.8333, 0.8948, 0.9427])}
	 VALID :  {'MRR': 0.4482034146785736, 'hits@[1,3,10]': tensor([0.3534, 0.4953, 0.6316])}
	 TRAIN:  {'MRR': 0.8734103441238403, 'hits@[1,3,10]': tensor([0.8365, 0.8956, 0.9437])}
	 VALID :  {'MRR': 0.4485512673854828, 'hits@[1,3,10]': tensor([0.3541, 0.4955, 0.6311])}
	 TRAIN:  {'MRR': 0.8728112876415253, 'hits@[1,3,10]': tensor([0.8351, 0.8954, 0.9437])}
	 VALID :  {'MRR': 0.4484739750623703, 'hits@[1,3,10]': tensor([0.3543, 0.4946, 0.6302])}
	 TRAIN:  {'MRR': 0.8749492168426514, 'hits@[1,3,10]': tensor([0.8383, 0.8968, 0.9442])}
	 VALID :  {'MRR': 0.44929642975330353, 'hits@[1,3,10]': tensor([0.3553, 0.4955, 0.6314])}
	 TRAIN:  {'MRR': 0.8755930364131927, 'hits@[1,3,10]': tensor([0.8384, 0.8984, 0.9447])}
	 VALID :  {'MRR': 0.44883424043655396, 'hits@[1,3,10]': tensor([0.3548, 0.4950, 0.6320])}
	 TRAIN:  {'MRR': 0.8761657178401947, 'hits@[1,3,10]': tensor([0.8391, 0.8988, 0.9448])}
	 VALID :  {'MRR': 0.4498670846223831, 'hits@[1,3,10]': tensor([0.3565, 0.4950, 0.6318])}
	 TRAIN:  {'MRR': 0.8753040134906769, 'hits@[1,3,10]': tensor([0.8378, 0.8981, 0.9448])}
	 VALID :  {'MRR': 0.44929784536361694, 'hits@[1,3,10]': tensor([0.3551, 0.4973, 0.6311])}
	 TRAIN:  {'MRR': 0.8764820992946625, 'hits@[1,3,10]': tensor([0.8392, 0.8987, 0.9460])}
	 VALID :  {'MRR': 0.4502158910036087, 'hits@[1,3,10]': tensor([0.3562, 0.4962, 0.6324])}
	 TRAIN:  {'MRR': 0.8762945830821991, 'hits@[1,3,10]': tensor([0.8397, 0.8984, 0.9447])}
	 VALID :  {'MRR': 0.4491070359945297, 'hits@[1,3,10]': tensor([0.3547, 0.4957, 0.6319])}


TEST :  {'MRR': 0.4486612379550934, 'hits@[1,3,10]': tensor([0.3549, 0.4954, 0.6302])}
