{'batch_size': 1000,
 'checkpoint': None,
 'data_shape': (63361, 400, 63361),
 'dataset': 'NELL',
 'decay1': 0.9,
 'decay2': 0.999,
 'eval_only': False,
 'init': 0.001,
 'learning_rate': 0.1,
 'max_epochs': 100,
 'model': 'DistMult',
 'model_save_schedule': 1000,
 'optimizer': 'Adagrad',
 'path': 'kbc/data/NELL',
 'rank': 500,
 'reg': 0.5,
 'regularizer': 'N3',
 'valid': 3.0}
	 TRAIN:  {'MRR': 0.013117472175508738, 'hits@[1,3,10]': tensor([0.0028, 0.0118, 0.0244])}
	 VALID :  {'MRR': 0.008259386289864779, 'hits@[1,3,10]': tensor([0.0004, 0.0053, 0.0124])}
	 TRAIN:  {'MRR': 0.009544219821691513, 'hits@[1,3,10]': tensor([0.0030, 0.0056, 0.0177])}
	 VALID :  {'MRR': 0.004503702744841576, 'hits@[1,3,10]': tensor([0.0002, 0.0006, 0.0082])}
	 TRAIN:  {'MRR': 0.008375700563192368, 'hits@[1,3,10]': tensor([0.0024, 0.0057, 0.0124])}
	 VALID :  {'MRR': 0.003528259345330298, 'hits@[1,3,10]': tensor([0.0003, 0.0006, 0.0027])}
	 TRAIN:  {'MRR': 0.009113261476159096, 'hits@[1,3,10]': tensor([0.0033, 0.0091, 0.0141])}
	 VALID :  {'MRR': 0.0032592936186119914, 'hits@[1,3,10]': tensor([0.0002, 0.0016, 0.0037])}
	 TRAIN:  {'MRR': 0.008802075404673815, 'hits@[1,3,10]': tensor([0.0033, 0.0092, 0.0152])}
	 VALID :  {'MRR': 0.0029370783595368266, 'hits@[1,3,10]': tensor([0.0002, 0.0016, 0.0042])}
	 TRAIN:  {'MRR': 0.007920628879219294, 'hits@[1,3,10]': tensor([0.0031, 0.0063, 0.0131])}
	 VALID :  {'MRR': 0.0026921305106952786, 'hits@[1,3,10]': tensor([0.0002, 0.0006, 0.0033])}
	 TRAIN:  {'MRR': 0.007822559913620353, 'hits@[1,3,10]': tensor([0.0033, 0.0060, 0.0150])}
	 VALID :  {'MRR': 0.0023316999431699514, 'hits@[1,3,10]': tensor([0.0001, 0.0006, 0.0042])}
	 TRAIN:  {'MRR': 0.008198961615562439, 'hits@[1,3,10]': tensor([0.0031, 0.0067, 0.0145])}
	 VALID :  {'MRR': 0.0024305167607963085, 'hits@[1,3,10]': tensor([0.0001, 0.0006, 0.0037])}
	 TRAIN:  {'MRR': 0.007601089775562286, 'hits@[1,3,10]': tensor([0.0029, 0.0090, 0.0116])}
	 VALID :  {'MRR': 0.0021775662899017334, 'hits@[1,3,10]': tensor([0.0002, 0.0016, 0.0023])}
	 TRAIN:  {'MRR': 0.008244067430496216, 'hits@[1,3,10]': tensor([0.0032, 0.0087, 0.0133])}
	 VALID :  {'MRR': 0.002489300211891532, 'hits@[1,3,10]': tensor([0.0002, 0.0020, 0.0034])}
	 TRAIN:  {'MRR': 0.008111505769193172, 'hits@[1,3,10]': tensor([0.0032, 0.0096, 0.0134])}
	 VALID :  {'MRR': 0.0022177720675244927, 'hits@[1,3,10]': tensor([0.0002, 0.0016, 0.0032])}
	 TRAIN:  {'MRR': 0.007759833708405495, 'hits@[1,3,10]': tensor([0.0034, 0.0068, 0.0135])}
	 VALID :  {'MRR': 0.0020748524693772197, 'hits@[1,3,10]': tensor([0.0002, 0.0006, 0.0033])}
	 TRAIN:  {'MRR': 0.007014162605628371, 'hits@[1,3,10]': tensor([0.0029, 0.0058, 0.0131])}
	 VALID :  {'MRR': 0.0018986673094332218, 'hits@[1,3,10]': tensor([0.0002, 0.0006, 0.0033])}
	 TRAIN:  {'MRR': 0.007597238989546895, 'hits@[1,3,10]': tensor([0.0030, 0.0092, 0.0134])}
	 VALID :  {'MRR': 0.0019911688286811113, 'hits@[1,3,10]': tensor([0.0001, 0.0016, 0.0032])}
	 TRAIN:  {'MRR': 0.007310418877750635, 'hits@[1,3,10]': tensor([0.0033, 0.0067, 0.0126])}
	 VALID :  {'MRR': 0.001861795550212264, 'hits@[1,3,10]': tensor([0.0001, 0.0006, 0.0032])}
	 TRAIN:  {'MRR': 0.007286512525752187, 'hits@[1,3,10]': tensor([0.0030, 0.0066, 0.0132])}
	 VALID :  {'MRR': 0.001893925480544567, 'hits@[1,3,10]': tensor([0.0002, 0.0006, 0.0033])}
	 TRAIN:  {'MRR': 0.007511315867304802, 'hits@[1,3,10]': tensor([0.0031, 0.0068, 0.0137])}
	 VALID :  {'MRR': 0.0019117378978990018, 'hits@[1,3,10]': tensor([0.0002, 0.0006, 0.0033])}
	 TRAIN:  {'MRR': 0.007236526580527425, 'hits@[1,3,10]': tensor([0.0031, 0.0066, 0.0135])}
	 VALID :  {'MRR': 0.001829798799008131, 'hits@[1,3,10]': tensor([0.0001, 0.0006, 0.0033])}
	 TRAIN:  {'MRR': 0.007068139500916004, 'hits@[1,3,10]': tensor([0.0032, 0.0061, 0.0137])}
	 VALID :  {'MRR': 0.0016530561842955649, 'hits@[1,3,10]': tensor([0.0001, 0.0006, 0.0032])}
	 TRAIN:  {'MRR': 0.007562617538496852, 'hits@[1,3,10]': tensor([0.0033, 0.0095, 0.0137])}
	 VALID :  {'MRR': 0.0017678785370662808, 'hits@[1,3,10]': tensor([0.0001, 0.0016, 0.0032])}
	 TRAIN:  {'MRR': 0.007109126541763544, 'hits@[1,3,10]': tensor([0.0032, 0.0067, 0.0132])}
	 VALID :  {'MRR': 0.0016587460995651782, 'hits@[1,3,10]': tensor([0.0001, 0.0006, 0.0033])}
	 TRAIN:  {'MRR': 0.006939389277249575, 'hits@[1,3,10]': tensor([0.0030, 0.0063, 0.0131])}
	 VALID :  {'MRR': 0.0016969495336525142, 'hits@[1,3,10]': tensor([0.0001, 0.0006, 0.0032])}
	 TRAIN:  {'MRR': 0.007278724340721965, 'hits@[1,3,10]': tensor([0.0032, 0.0068, 0.0134])}
	 VALID :  {'MRR': 0.0016732793301343918, 'hits@[1,3,10]': tensor([0.0001, 0.0006, 0.0032])}
	 TRAIN:  {'MRR': 0.007026740349829197, 'hits@[1,3,10]': tensor([0.0029, 0.0088, 0.0125])}
	 VALID :  {'MRR': 0.0017480836249887943, 'hits@[1,3,10]': tensor([0.0001, 0.0016, 0.0032])}
	 TRAIN:  {'MRR': 0.007426190190017223, 'hits@[1,3,10]': tensor([0.0033, 0.0095, 0.0133])}
	 VALID :  {'MRR': 0.0016921201022341847, 'hits@[1,3,10]': tensor([0.0001, 0.0016, 0.0032])}
	 TRAIN:  {'MRR': 0.00700394157320261, 'hits@[1,3,10]': tensor([0.0033, 0.0068, 0.0140])}
	 VALID :  {'MRR': 0.001485094369854778, 'hits@[1,3,10]': tensor([0.0001, 0.0006, 0.0032])}
	 TRAIN:  {'MRR': 0.007003621198236942, 'hits@[1,3,10]': tensor([0.0032, 0.0061, 0.0135])}
	 VALID :  {'MRR': 0.0015951901441439986, 'hits@[1,3,10]': tensor([0.0002, 0.0005, 0.0032])}
	 TRAIN:  {'MRR': 0.006858769804239273, 'hits@[1,3,10]': tensor([0.0033, 0.0059, 0.0135])}
	 VALID :  {'MRR': 0.0015247450210154057, 'hits@[1,3,10]': tensor([0.0001, 0.0005, 0.0032])}
	 TRAIN:  {'MRR': 0.006563814589753747, 'hits@[1,3,10]': tensor([0.0031, 0.0059, 0.0129])}
	 VALID :  {'MRR': 0.0015108226798474789, 'hits@[1,3,10]': tensor([0.0001, 0.0005, 0.0032])}
	 TRAIN:  {'MRR': 0.006449835142120719, 'hits@[1,3,10]': tensor([0.0031, 0.0058, 0.0131])}
	 VALID :  {'MRR': 0.0014055513893254101, 'hits@[1,3,10]': tensor([0.0001, 0.0005, 0.0031])}
	 TRAIN:  {'MRR': 0.006489107850939035, 'hits@[1,3,10]': tensor([0.0030, 0.0056, 0.0132])}
	 VALID :  {'MRR': 0.0014516640803776681, 'hits@[1,3,10]': tensor([0.0001, 0.0005, 0.0031])}
	 TRAIN:  {'MRR': 0.0066042987164109945, 'hits@[1,3,10]': tensor([0.0031, 0.0056, 0.0126])}
	 VALID :  {'MRR': 0.0015264994581229985, 'hits@[1,3,10]': tensor([0.0001, 0.0005, 0.0031])}
	 TRAIN:  {'MRR': 0.005975904641672969, 'hits@[1,3,10]': tensor([0.0029, 0.0055, 0.0097])}
	 VALID :  {'MRR': 0.001329856808297336, 'hits@[1,3,10]': tensor([0.0001, 0.0005, 0.0018])}


TEST :  {'MRR': 0.0014557146350853145, 'hits@[1,3,10]': tensor([0.0002, 0.0005, 0.0030])}
