{'batch_size': 500,
 'checkpoint': None,
 'data_shape': (63361, 400, 63361),
 'dataset': 'NELL',
 'decay1': 0.9,
 'decay2': 0.999,
 'eval_only': False,
 'init': 0.001,
 'learning_rate': 0.1,
 'max_epochs': 100,
 'model': 'DistMult',
 'model_save_schedule': 1000,
 'optimizer': 'Adagrad',
 'path': 'kbc/data/NELL',
 'rank': 1000,
 'reg': 0.5,
 'regularizer': 'N3',
 'valid': 3.0}
	 TRAIN:  {'MRR': 0.027114843018352985, 'hits@[1,3,10]': tensor([0.0172, 0.0246, 0.0402])}
	 VALID :  {'MRR': 0.01706378348171711, 'hits@[1,3,10]': tensor([0.0073, 0.0132, 0.0288])}
	 TRAIN:  {'MRR': 0.010531846899539232, 'hits@[1,3,10]': tensor([0.0031, 0.0065, 0.0193])}
	 VALID :  {'MRR': 0.005257033742964268, 'hits@[1,3,10]': tensor([0.0002, 0.0006, 0.0089])}
	 TRAIN:  {'MRR': 0.009650206193327904, 'hits@[1,3,10]': tensor([0.0031, 0.0084, 0.0170])}
	 VALID :  {'MRR': 0.0042173347901552916, 'hits@[1,3,10]': tensor([0.0002, 0.0020, 0.0053])}
	 TRAIN:  {'MRR': 0.008522377349436283, 'hits@[1,3,10]': tensor([0.0026, 0.0066, 0.0139])}
	 VALID :  {'MRR': 0.0034598602214828134, 'hits@[1,3,10]': tensor([0.0003, 0.0006, 0.0034])}
	 TRAIN:  {'MRR': 0.008824602235108614, 'hits@[1,3,10]': tensor([0.0027, 0.0067, 0.0206])}
	 VALID :  {'MRR': 0.00350830249954015, 'hits@[1,3,10]': tensor([0.0003, 0.0006, 0.0083])}
	 TRAIN:  {'MRR': 0.008402048610150814, 'hits@[1,3,10]': tensor([0.0033, 0.0062, 0.0138])}
	 VALID :  {'MRR': 0.0028530198615044355, 'hits@[1,3,10]': tensor([0.0002, 0.0006, 0.0033])}
	 TRAIN:  {'MRR': 0.008227022364735603, 'hits@[1,3,10]': tensor([0.0030, 0.0068, 0.0143])}
	 VALID :  {'MRR': 0.0026495244819670916, 'hits@[1,3,10]': tensor([0.0002, 0.0007, 0.0035])}
	 TRAIN:  {'MRR': 0.00774862733669579, 'hits@[1,3,10]': tensor([0.0032, 0.0058, 0.0134])}
	 VALID :  {'MRR': 0.002447322360239923, 'hits@[1,3,10]': tensor([0.0002, 0.0005, 0.0033])}
	 TRAIN:  {'MRR': 0.00791586423292756, 'hits@[1,3,10]': tensor([0.0032, 0.0059, 0.0131])}
	 VALID :  {'MRR': 0.002423444762825966, 'hits@[1,3,10]': tensor([0.0002, 0.0006, 0.0033])}
	 TRAIN:  {'MRR': 0.007549223955720663, 'hits@[1,3,10]': tensor([0.0032, 0.0058, 0.0133])}
	 VALID :  {'MRR': 0.0022728919284418225, 'hits@[1,3,10]': tensor([0.0002, 0.0005, 0.0033])}
	 TRAIN:  {'MRR': 0.007938961032778025, 'hits@[1,3,10]': tensor([0.0031, 0.0083, 0.0135])}
	 VALID :  {'MRR': 0.002380132325924933, 'hits@[1,3,10]': tensor([0.0002, 0.0020, 0.0033])}
	 TRAIN:  {'MRR': 0.007378671783953905, 'hits@[1,3,10]': tensor([0.0030, 0.0067, 0.0132])}
	 VALID :  {'MRR': 0.0020857288036495447, 'hits@[1,3,10]': tensor([0.0002, 0.0006, 0.0032])}
	 TRAIN:  {'MRR': 0.008113388437777758, 'hits@[1,3,10]': tensor([0.0034, 0.0092, 0.0135])}
	 VALID :  {'MRR': 0.0022343849996104836, 'hits@[1,3,10]': tensor([0.0002, 0.0016, 0.0032])}
	 TRAIN:  {'MRR': 0.007884401828050613, 'hits@[1,3,10]': tensor([0.0032, 0.0091, 0.0134])}
	 VALID :  {'MRR': 0.0021677917102351785, 'hits@[1,3,10]': tensor([0.0002, 0.0016, 0.0032])}
	 TRAIN:  {'MRR': 0.006891010794788599, 'hits@[1,3,10]': tensor([0.0030, 0.0065, 0.0130])}
	 VALID :  {'MRR': 0.0018167920061387122, 'hits@[1,3,10]': tensor([0.0002, 0.0006, 0.0029])}
	 TRAIN:  {'MRR': 0.0074176734779030085, 'hits@[1,3,10]': tensor([0.0031, 0.0067, 0.0133])}
	 VALID :  {'MRR': 0.001941298192832619, 'hits@[1,3,10]': tensor([0.0002, 0.0006, 0.0032])}
	 TRAIN:  {'MRR': 0.007540866732597351, 'hits@[1,3,10]': tensor([0.0032, 0.0093, 0.0131])}
	 VALID :  {'MRR': 0.0020008996361866593, 'hits@[1,3,10]': tensor([0.0002, 0.0016, 0.0032])}
	 TRAIN:  {'MRR': 0.007803233806043863, 'hits@[1,3,10]': tensor([0.0034, 0.0096, 0.0138])}
	 VALID :  {'MRR': 0.001973204896785319, 'hits@[1,3,10]': tensor([0.0002, 0.0016, 0.0032])}
	 TRAIN:  {'MRR': 0.007586999563500285, 'hits@[1,3,10]': tensor([0.0034, 0.0094, 0.0135])}
	 VALID :  {'MRR': 0.001887034100946039, 'hits@[1,3,10]': tensor([0.0002, 0.0016, 0.0032])}
	 TRAIN:  {'MRR': 0.007209977135062218, 'hits@[1,3,10]': tensor([0.0032, 0.0063, 0.0133])}
	 VALID :  {'MRR': 0.0017862423555925488, 'hits@[1,3,10]': tensor([0.0002, 0.0005, 0.0033])}
	 TRAIN:  {'MRR': 0.007288853172212839, 'hits@[1,3,10]': tensor([0.0032, 0.0063, 0.0140])}
	 VALID :  {'MRR': 0.0017703569610603154, 'hits@[1,3,10]': tensor([0.0002, 0.0005, 0.0033])}
	 TRAIN:  {'MRR': 0.007049053208902478, 'hits@[1,3,10]': tensor([0.0031, 0.0058, 0.0128])}
	 VALID :  {'MRR': 0.0018528751679696143, 'hits@[1,3,10]': tensor([0.0002, 0.0006, 0.0033])}
	 TRAIN:  {'MRR': 0.006870567565783858, 'hits@[1,3,10]': tensor([0.0032, 0.0058, 0.0134])}
	 VALID :  {'MRR': 0.0016507281106896698, 'hits@[1,3,10]': tensor([0.0002, 0.0006, 0.0032])}
	 TRAIN:  {'MRR': 0.006813765037804842, 'hits@[1,3,10]': tensor([0.0029, 0.0059, 0.0129])}
	 VALID :  {'MRR': 0.0017142497235909104, 'hits@[1,3,10]': tensor([0.0002, 0.0006, 0.0032])}
	 TRAIN:  {'MRR': 0.006677347235381603, 'hits@[1,3,10]': tensor([0.0031, 0.0060, 0.0129])}
	 VALID :  {'MRR': 0.001610618841368705, 'hits@[1,3,10]': tensor([0.0002, 0.0006, 0.0032])}
	 TRAIN:  {'MRR': 0.006917154882103205, 'hits@[1,3,10]': tensor([0.0035, 0.0060, 0.0130])}
	 VALID :  {'MRR': 0.0015973601839505136, 'hits@[1,3,10]': tensor([0.0002, 0.0006, 0.0031])}
	 TRAIN:  {'MRR': 0.006982137681916356, 'hits@[1,3,10]': tensor([0.0032, 0.0060, 0.0138])}
	 VALID :  {'MRR': 0.0016683791182003915, 'hits@[1,3,10]': tensor([0.0002, 0.0006, 0.0033])}
	 TRAIN:  {'MRR': 0.0072135350201278925, 'hits@[1,3,10]': tensor([0.0032, 0.0062, 0.0139])}
	 VALID :  {'MRR': 0.0017355014570057392, 'hits@[1,3,10]': tensor([0.0002, 0.0007, 0.0033])}
	 TRAIN:  {'MRR': 0.006596419727429748, 'hits@[1,3,10]': tensor([0.0032, 0.0056, 0.0125])}
	 VALID :  {'MRR': 0.0016484654624946415, 'hits@[1,3,10]': tensor([0.0002, 0.0006, 0.0032])}
	 TRAIN:  {'MRR': 0.006763905053958297, 'hits@[1,3,10]': tensor([0.0032, 0.0059, 0.0128])}
	 VALID :  {'MRR': 0.0016142145614139736, 'hits@[1,3,10]': tensor([0.0002, 0.0006, 0.0031])}
	 TRAIN:  {'MRR': 0.0065335172694176435, 'hits@[1,3,10]': tensor([0.0030, 0.0059, 0.0126])}
	 VALID :  {'MRR': 0.0015240318607538939, 'hits@[1,3,10]': tensor([0.0002, 0.0006, 0.0029])}
	 TRAIN:  {'MRR': 0.006846811855211854, 'hits@[1,3,10]': tensor([0.0033, 0.0063, 0.0132])}
	 VALID :  {'MRR': 0.0015450374921783805, 'hits@[1,3,10]': tensor([0.0002, 0.0006, 0.0032])}
	 TRAIN:  {'MRR': 0.006533493287861347, 'hits@[1,3,10]': tensor([0.0032, 0.0060, 0.0131])}
	 VALID :  {'MRR': 0.0014259482850320637, 'hits@[1,3,10]': tensor([0.0002, 0.0006, 0.0027])}


TEST :  {'MRR': 0.001500260317698121, 'hits@[1,3,10]': tensor([0.0002, 0.0006, 0.0030])}
