{'batch_size': 100,
 'checkpoint': None,
 'data_shape': (63361, 400, 63361),
 'dataset': 'NELL',
 'decay1': 0.9,
 'decay2': 0.999,
 'eval_only': False,
 'init': 0.001,
 'learning_rate': 0.1,
 'max_epochs': 100,
 'model': 'DistMult',
 'model_save_schedule': 1000,
 'optimizer': 'Adagrad',
 'path': 'kbc/data/NELL',
 'rank': 1000,
 'reg': 0.5,
 'regularizer': 'N3',
 'valid': 3.0}
	 TRAIN:  {'MRR': 0.11778214946389198, 'hits@[1,3,10]': tensor([0.0920, 0.1308, 0.1632])}
	 VALID :  {'MRR': 0.11185063794255257, 'hits@[1,3,10]': tensor([0.0835, 0.1263, 0.1626])}
	 TRAIN:  {'MRR': 0.047038622200489044, 'hits@[1,3,10]': tensor([0.0345, 0.0419, 0.0702])}
	 VALID :  {'MRR': 0.034448347985744476, 'hits@[1,3,10]': tensor([0.0215, 0.0290, 0.0567])}
	 TRAIN:  {'MRR': 0.02123355306684971, 'hits@[1,3,10]': tensor([0.0111, 0.0195, 0.0283])}
	 VALID :  {'MRR': 0.011421639006584883, 'hits@[1,3,10]': tensor([0.0025, 0.0076, 0.0148])}
	 TRAIN:  {'MRR': 0.013745503965765238, 'hits@[1,3,10]': tensor([0.0061, 0.0069, 0.0257])}
	 VALID :  {'MRR': 0.006647124653682113, 'hits@[1,3,10]': tensor([0.0005, 0.0006, 0.0127])}
	 TRAIN:  {'MRR': 0.011256381403654814, 'hits@[1,3,10]': tensor([0.0027, 0.0085, 0.0225])}
	 VALID :  {'MRR': 0.005946288583800197, 'hits@[1,3,10]': tensor([0.0003, 0.0020, 0.0095])}
	 TRAIN:  {'MRR': 0.011109995190054178, 'hits@[1,3,10]': tensor([0.0033, 0.0093, 0.0210])}
	 VALID :  {'MRR': 0.005044979974627495, 'hits@[1,3,10]': tensor([0.0001, 0.0015, 0.0088])}
	 TRAIN:  {'MRR': 0.010995989199727774, 'hits@[1,3,10]': tensor([0.0035, 0.0085, 0.0213])}
	 VALID :  {'MRR': 0.004958007717505097, 'hits@[1,3,10]': tensor([0.0002, 0.0020, 0.0087])}
	 TRAIN:  {'MRR': 0.00997157208621502, 'hits@[1,3,10]': tensor([0.0030, 0.0067, 0.0160])}
	 VALID :  {'MRR': 0.004248024895787239, 'hits@[1,3,10]': tensor([0.0002, 0.0006, 0.0044])}
	 TRAIN:  {'MRR': 0.00976751558482647, 'hits@[1,3,10]': tensor([0.0032, 0.0070, 0.0155])}
	 VALID :  {'MRR': 0.0039648127276450396, 'hits@[1,3,10]': tensor([0.0002, 0.0006, 0.0043])}
	 TRAIN:  {'MRR': 0.009378737770020962, 'hits@[1,3,10]': tensor([0.0031, 0.0066, 0.0153])}
	 VALID :  {'MRR': 0.0037233612965792418, 'hits@[1,3,10]': tensor([0.0002, 0.0006, 0.0040])}
	 TRAIN:  {'MRR': 0.00865499721840024, 'hits@[1,3,10]': tensor([0.0029, 0.0063, 0.0151])}
	 VALID :  {'MRR': 0.003466308582574129, 'hits@[1,3,10]': tensor([0.0002, 0.0006, 0.0042])}
	 TRAIN:  {'MRR': 0.009129158221185207, 'hits@[1,3,10]': tensor([0.0030, 0.0067, 0.0153])}
	 VALID :  {'MRR': 0.0035243292804807425, 'hits@[1,3,10]': tensor([0.0002, 0.0006, 0.0042])}
	 TRAIN:  {'MRR': 0.008766483515501022, 'hits@[1,3,10]': tensor([0.0031, 0.0065, 0.0153])}
	 VALID :  {'MRR': 0.0032132859341800213, 'hits@[1,3,10]': tensor([0.0002, 0.0006, 0.0043])}
	 TRAIN:  {'MRR': 0.008517933078110218, 'hits@[1,3,10]': tensor([0.0026, 0.0066, 0.0152])}
	 VALID :  {'MRR': 0.0032210525823757052, 'hits@[1,3,10]': tensor([0.0003, 0.0006, 0.0043])}
	 TRAIN:  {'MRR': 0.008769270963966846, 'hits@[1,3,10]': tensor([0.0031, 0.0068, 0.0146])}
	 VALID :  {'MRR': 0.0029657837003469467, 'hits@[1,3,10]': tensor([0.0002, 0.0006, 0.0037])}
	 TRAIN:  {'MRR': 0.008519329596310854, 'hits@[1,3,10]': tensor([0.0031, 0.0067, 0.0149])}
	 VALID :  {'MRR': 0.0029286070493981242, 'hits@[1,3,10]': tensor([0.0001, 0.0006, 0.0037])}
	 TRAIN:  {'MRR': 0.00832082238048315, 'hits@[1,3,10]': tensor([0.0031, 0.0066, 0.0135])}
	 VALID :  {'MRR': 0.0028155246982350945, 'hits@[1,3,10]': tensor([0.0001, 0.0006, 0.0034])}
	 TRAIN:  {'MRR': 0.008325148839503527, 'hits@[1,3,10]': tensor([0.0033, 0.0068, 0.0132])}
	 VALID :  {'MRR': 0.002708824467845261, 'hits@[1,3,10]': tensor([0.0001, 0.0006, 0.0033])}
	 TRAIN:  {'MRR': 0.008179339580237865, 'hits@[1,3,10]': tensor([0.0029, 0.0067, 0.0134])}
	 VALID :  {'MRR': 0.002733253873884678, 'hits@[1,3,10]': tensor([0.0001, 0.0006, 0.0033])}
	 TRAIN:  {'MRR': 0.008247663266956806, 'hits@[1,3,10]': tensor([0.0029, 0.0088, 0.0132])}
	 VALID :  {'MRR': 0.0027350422460585833, 'hits@[1,3,10]': tensor([0.0001, 0.0016, 0.0033])}
	 TRAIN:  {'MRR': 0.007679877104237676, 'hits@[1,3,10]': tensor([0.0030, 0.0064, 0.0131])}
	 VALID :  {'MRR': 0.002468674909323454, 'hits@[1,3,10]': tensor([0.0001, 0.0006, 0.0033])}
	 TRAIN:  {'MRR': 0.008079564198851585, 'hits@[1,3,10]': tensor([0.0031, 0.0066, 0.0135])}
	 VALID :  {'MRR': 0.0025463011115789413, 'hits@[1,3,10]': tensor([0.0001, 0.0006, 0.0033])}
	 TRAIN:  {'MRR': 0.008018175605684519, 'hits@[1,3,10]': tensor([0.0032, 0.0059, 0.0133])}
	 VALID :  {'MRR': 0.0024468415649607778, 'hits@[1,3,10]': tensor([0.0001, 0.0005, 0.0033])}
	 TRAIN:  {'MRR': 0.007556376745924354, 'hits@[1,3,10]': tensor([0.0029, 0.0057, 0.0133])}
	 VALID :  {'MRR': 0.0023500738898292184, 'hits@[1,3,10]': tensor([0.0001, 0.0005, 0.0033])}
	 TRAIN:  {'MRR': 0.007713308557868004, 'hits@[1,3,10]': tensor([0.0028, 0.0058, 0.0131])}
	 VALID :  {'MRR': 0.0024708567652851343, 'hits@[1,3,10]': tensor([0.0001, 0.0005, 0.0033])}
	 TRAIN:  {'MRR': 0.007965283002704382, 'hits@[1,3,10]': tensor([0.0032, 0.0060, 0.0135])}
	 VALID :  {'MRR': 0.0024085433688014746, 'hits@[1,3,10]': tensor([0.0001, 0.0005, 0.0033])}
	 TRAIN:  {'MRR': 0.008049411233514547, 'hits@[1,3,10]': tensor([0.0031, 0.0061, 0.0136])}
	 VALID :  {'MRR': 0.0023983363062143326, 'hits@[1,3,10]': tensor([0.0001, 0.0005, 0.0034])}
	 TRAIN:  {'MRR': 0.008012149017304182, 'hits@[1,3,10]': tensor([0.0033, 0.0060, 0.0140])}
	 VALID :  {'MRR': 0.0023361515486612916, 'hits@[1,3,10]': tensor([0.0001, 0.0005, 0.0033])}
	 TRAIN:  {'MRR': 0.007899126969277859, 'hits@[1,3,10]': tensor([0.0031, 0.0060, 0.0135])}
	 VALID :  {'MRR': 0.0023902421817183495, 'hits@[1,3,10]': tensor([0.0001, 0.0005, 0.0034])}
	 TRAIN:  {'MRR': 0.007741957437247038, 'hits@[1,3,10]': tensor([0.0031, 0.0059, 0.0138])}
	 VALID :  {'MRR': 0.002285372233018279, 'hits@[1,3,10]': tensor([0.0001, 0.0005, 0.0034])}
	 TRAIN:  {'MRR': 0.007504010573029518, 'hits@[1,3,10]': tensor([0.0028, 0.0055, 0.0131])}
	 VALID :  {'MRR': 0.0023370267590507865, 'hits@[1,3,10]': tensor([0.0001, 0.0005, 0.0034])}
	 TRAIN:  {'MRR': 0.008105853106826544, 'hits@[1,3,10]': tensor([0.0033, 0.0062, 0.0137])}
	 VALID :  {'MRR': 0.002346523804590106, 'hits@[1,3,10]': tensor([0.0001, 0.0005, 0.0034])}
	 TRAIN:  {'MRR': 0.007594118360430002, 'hits@[1,3,10]': tensor([0.0030, 0.0058, 0.0137])}
	 VALID :  {'MRR': 0.0022428176598623395, 'hits@[1,3,10]': tensor([0.0001, 0.0005, 0.0034])}


TEST :  {'MRR': 0.002169946557842195, 'hits@[1,3,10]': tensor([0.0002, 0.0005, 0.0029])}
