{'batch_size': 500,
 'checkpoint': None,
 'data_shape': (63361, 400, 63361),
 'dataset': 'NELL',
 'decay1': 0.9,
 'decay2': 0.999,
 'eval_only': False,
 'init': 0.001,
 'learning_rate': 0.1,
 'max_epochs': 100,
 'model': 'DistMult',
 'model_save_schedule': 1000,
 'optimizer': 'Adagrad',
 'path': 'kbc/data/NELL',
 'rank': 1000,
 'reg': 0.0001,
 'regularizer': 'N3',
 'valid': 3.0}
	 TRAIN:  {'MRR': 0.9233466386795044, 'hits@[1,3,10]': tensor([0.8842, 0.9554, 0.9885])}
	 VALID :  {'MRR': 0.4201165735721588, 'hits@[1,3,10]': tensor([0.3274, 0.4663, 0.5990])}
	 TRAIN:  {'MRR': 0.9737922549247742, 'hits@[1,3,10]': tensor([0.9588, 0.9866, 0.9986])}
	 VALID :  {'MRR': 0.43839649856090546, 'hits@[1,3,10]': tensor([0.3464, 0.4851, 0.6156])}
	 TRAIN:  {'MRR': 0.9816655218601227, 'hits@[1,3,10]': tensor([0.9698, 0.9925, 0.9994])}
	 VALID :  {'MRR': 0.442416176199913, 'hits@[1,3,10]': tensor([0.3506, 0.4904, 0.6176])}
	 TRAIN:  {'MRR': 0.9879231750965118, 'hits@[1,3,10]': tensor([0.9795, 0.9954, 0.9996])}
	 VALID :  {'MRR': 0.4445500671863556, 'hits@[1,3,10]': tensor([0.3529, 0.4926, 0.6200])}
	 TRAIN:  {'MRR': 0.9911099374294281, 'hits@[1,3,10]': tensor([0.9845, 0.9977, 0.9996])}
	 VALID :  {'MRR': 0.44528815150260925, 'hits@[1,3,10]': tensor([0.3537, 0.4928, 0.6192])}
	 TRAIN:  {'MRR': 0.9918053150177002, 'hits@[1,3,10]': tensor([0.9858, 0.9977, 0.9996])}
	 VALID :  {'MRR': 0.44714827835559845, 'hits@[1,3,10]': tensor([0.3551, 0.4939, 0.6199])}
	 TRAIN:  {'MRR': 0.9918954074382782, 'hits@[1,3,10]': tensor([0.9861, 0.9974, 0.9997])}
	 VALID :  {'MRR': 0.446671724319458, 'hits@[1,3,10]': tensor([0.3543, 0.4947, 0.6210])}
	 TRAIN:  {'MRR': 0.9926253855228424, 'hits@[1,3,10]': tensor([0.9873, 0.9977, 0.9997])}
	 VALID :  {'MRR': 0.4475540369749069, 'hits@[1,3,10]': tensor([0.3560, 0.4956, 0.6220])}
	 TRAIN:  {'MRR': 0.9921317994594574, 'hits@[1,3,10]': tensor([0.9864, 0.9978, 0.9997])}
	 VALID :  {'MRR': 0.44777509570121765, 'hits@[1,3,10]': tensor([0.3560, 0.4951, 0.6211])}
	 TRAIN:  {'MRR': 0.9929687678813934, 'hits@[1,3,10]': tensor([0.9879, 0.9978, 0.9997])}
	 VALID :  {'MRR': 0.4481472820043564, 'hits@[1,3,10]': tensor([0.3566, 0.4960, 0.6204])}
	 TRAIN:  {'MRR': 0.9935069680213928, 'hits@[1,3,10]': tensor([0.9888, 0.9983, 0.9998])}
	 VALID :  {'MRR': 0.4476352632045746, 'hits@[1,3,10]': tensor([0.3551, 0.4960, 0.6215])}
	 TRAIN:  {'MRR': 0.9935166835784912, 'hits@[1,3,10]': tensor([0.9888, 0.9982, 0.9997])}
	 VALID :  {'MRR': 0.44721759855747223, 'hits@[1,3,10]': tensor([0.3547, 0.4958, 0.6208])}
	 TRAIN:  {'MRR': 0.9926317632198334, 'hits@[1,3,10]': tensor([0.9871, 0.9981, 0.9998])}
	 VALID :  {'MRR': 0.4471278190612793, 'hits@[1,3,10]': tensor([0.3545, 0.4961, 0.6208])}
	 TRAIN:  {'MRR': 0.9934810996055603, 'hits@[1,3,10]': tensor([0.9885, 0.9986, 0.9998])}
	 VALID :  {'MRR': 0.44808751344680786, 'hits@[1,3,10]': tensor([0.3559, 0.4966, 0.6204])}
	 TRAIN:  {'MRR': 0.9927424192428589, 'hits@[1,3,10]': tensor([0.9873, 0.9981, 0.9997])}
	 VALID :  {'MRR': 0.4483908712863922, 'hits@[1,3,10]': tensor([0.3564, 0.4961, 0.6213])}
	 TRAIN:  {'MRR': 0.9935290813446045, 'hits@[1,3,10]': tensor([0.9888, 0.9983, 0.9997])}
	 VALID :  {'MRR': 0.44733908772468567, 'hits@[1,3,10]': tensor([0.3549, 0.4956, 0.6213])}
	 TRAIN:  {'MRR': 0.9934495389461517, 'hits@[1,3,10]': tensor([0.9887, 0.9982, 0.9996])}
	 VALID :  {'MRR': 0.4481741935014725, 'hits@[1,3,10]': tensor([0.3562, 0.4964, 0.6204])}
	 TRAIN:  {'MRR': 0.9934670329093933, 'hits@[1,3,10]': tensor([0.9886, 0.9982, 0.9997])}
	 VALID :  {'MRR': 0.44688212871551514, 'hits@[1,3,10]': tensor([0.3545, 0.4950, 0.6204])}
	 TRAIN:  {'MRR': 0.9939051568508148, 'hits@[1,3,10]': tensor([0.9894, 0.9985, 0.9997])}
	 VALID :  {'MRR': 0.44770602881908417, 'hits@[1,3,10]': tensor([0.3551, 0.4964, 0.6219])}
	 TRAIN:  {'MRR': 0.9936443865299225, 'hits@[1,3,10]': tensor([0.9888, 0.9985, 0.9998])}
	 VALID :  {'MRR': 0.4479783624410629, 'hits@[1,3,10]': tensor([0.3559, 0.4972, 0.6206])}
	 TRAIN:  {'MRR': 0.99424809217453, 'hits@[1,3,10]': tensor([0.9902, 0.9981, 0.9998])}
	 VALID :  {'MRR': 0.447386771440506, 'hits@[1,3,10]': tensor([0.3546, 0.4966, 0.6216])}
	 TRAIN:  {'MRR': 0.9938689172267914, 'hits@[1,3,10]': tensor([0.9894, 0.9984, 0.9997])}
	 VALID :  {'MRR': 0.44733794033527374, 'hits@[1,3,10]': tensor([0.3543, 0.4966, 0.6213])}
	 TRAIN:  {'MRR': 0.9938667416572571, 'hits@[1,3,10]': tensor([0.9894, 0.9984, 0.9997])}
	 VALID :  {'MRR': 0.44777098298072815, 'hits@[1,3,10]': tensor([0.3555, 0.4963, 0.6208])}
	 TRAIN:  {'MRR': 0.9941957592964172, 'hits@[1,3,10]': tensor([0.9900, 0.9984, 0.9997])}
	 VALID :  {'MRR': 0.4480516314506531, 'hits@[1,3,10]': tensor([0.3556, 0.4966, 0.6211])}
	 TRAIN:  {'MRR': 0.9938600063323975, 'hits@[1,3,10]': tensor([0.9894, 0.9984, 0.9998])}
	 VALID :  {'MRR': 0.44771163165569305, 'hits@[1,3,10]': tensor([0.3553, 0.4968, 0.6216])}
	 TRAIN:  {'MRR': 0.9937789142131805, 'hits@[1,3,10]': tensor([0.9892, 0.9985, 0.9998])}
	 VALID :  {'MRR': 0.4481697082519531, 'hits@[1,3,10]': tensor([0.3560, 0.4963, 0.6205])}
	 TRAIN:  {'MRR': 0.9943678081035614, 'hits@[1,3,10]': tensor([0.9904, 0.9981, 0.9997])}
	 VALID :  {'MRR': 0.44809362292289734, 'hits@[1,3,10]': tensor([0.3556, 0.4970, 0.6208])}
	 TRAIN:  {'MRR': 0.9940508604049683, 'hits@[1,3,10]': tensor([0.9897, 0.9984, 0.9998])}
	 VALID :  {'MRR': 0.44788192212581635, 'hits@[1,3,10]': tensor([0.3554, 0.4966, 0.6209])}
	 TRAIN:  {'MRR': 0.9938929677009583, 'hits@[1,3,10]': tensor([0.9895, 0.9984, 0.9998])}
	 VALID :  {'MRR': 0.4477391541004181, 'hits@[1,3,10]': tensor([0.3552, 0.4960, 0.6213])}
	 TRAIN:  {'MRR': 0.9942688941955566, 'hits@[1,3,10]': tensor([0.9902, 0.9983, 0.9997])}
	 VALID :  {'MRR': 0.448159396648407, 'hits@[1,3,10]': tensor([0.3559, 0.4976, 0.6208])}
	 TRAIN:  {'MRR': 0.9947030544281006, 'hits@[1,3,10]': tensor([0.9908, 0.9985, 0.9998])}
	 VALID :  {'MRR': 0.4483008235692978, 'hits@[1,3,10]': tensor([0.3563, 0.4964, 0.6210])}
	 TRAIN:  {'MRR': 0.9940792322158813, 'hits@[1,3,10]': tensor([0.9898, 0.9983, 0.9998])}
	 VALID :  {'MRR': 0.447494238615036, 'hits@[1,3,10]': tensor([0.3549, 0.4964, 0.6204])}
	 TRAIN:  {'MRR': 0.9947316646575928, 'hits@[1,3,10]': tensor([0.9910, 0.9985, 0.9998])}
	 VALID :  {'MRR': 0.44778214395046234, 'hits@[1,3,10]': tensor([0.3555, 0.4965, 0.6214])}


TEST :  {'MRR': 0.44915585219860077, 'hits@[1,3,10]': tensor([0.3576, 0.4957, 0.6214])}
