{'batch_size': 1000,
 'checkpoint': None,
 'data_shape': (63361, 400, 63361),
 'dataset': 'NELL',
 'decay1': 0.9,
 'decay2': 0.999,
 'eval_only': False,
 'init': 0.001,
 'learning_rate': 0.1,
 'max_epochs': 100,
 'model': 'DistMult',
 'model_save_schedule': 1000,
 'optimizer': 'Adagrad',
 'path': 'kbc/data/NELL',
 'rank': 1000,
 'reg': 0.0001,
 'regularizer': 'N3',
 'valid': 3.0}
	 TRAIN:  {'MRR': 0.9154935479164124, 'hits@[1,3,10]': tensor([0.8705, 0.9522, 0.9882])}
	 VALID :  {'MRR': 0.4217735081911087, 'hits@[1,3,10]': tensor([0.3291, 0.4668, 0.6008])}
	 TRAIN:  {'MRR': 0.9739020466804504, 'hits@[1,3,10]': tensor([0.9588, 0.9861, 0.9988])}
	 VALID :  {'MRR': 0.4383620321750641, 'hits@[1,3,10]': tensor([0.3466, 0.4832, 0.6131])}
	 TRAIN:  {'MRR': 0.9835397005081177, 'hits@[1,3,10]': tensor([0.9725, 0.9932, 0.9995])}
	 VALID :  {'MRR': 0.4424034208059311, 'hits@[1,3,10]': tensor([0.3496, 0.4901, 0.6170])}
	 TRAIN:  {'MRR': 0.9879288673400879, 'hits@[1,3,10]': tensor([0.9791, 0.9973, 0.9996])}
	 VALID :  {'MRR': 0.4446234405040741, 'hits@[1,3,10]': tensor([0.3527, 0.4914, 0.6200])}
	 TRAIN:  {'MRR': 0.9900294840335846, 'hits@[1,3,10]': tensor([0.9828, 0.9970, 0.9996])}
	 VALID :  {'MRR': 0.4456198215484619, 'hits@[1,3,10]': tensor([0.3536, 0.4920, 0.6204])}
	 TRAIN:  {'MRR': 0.9909110963344574, 'hits@[1,3,10]': tensor([0.9840, 0.9978, 0.9996])}
	 VALID :  {'MRR': 0.44617941975593567, 'hits@[1,3,10]': tensor([0.3542, 0.4934, 0.6205])}
	 TRAIN:  {'MRR': 0.9914362132549286, 'hits@[1,3,10]': tensor([0.9851, 0.9978, 0.9998])}
	 VALID :  {'MRR': 0.44697776436805725, 'hits@[1,3,10]': tensor([0.3546, 0.4955, 0.6210])}
	 TRAIN:  {'MRR': 0.9922474920749664, 'hits@[1,3,10]': tensor([0.9866, 0.9979, 0.9998])}
	 VALID :  {'MRR': 0.4475533664226532, 'hits@[1,3,10]': tensor([0.3550, 0.4958, 0.6225])}
	 TRAIN:  {'MRR': 0.9924704730510712, 'hits@[1,3,10]': tensor([0.9870, 0.9979, 0.9997])}
	 VALID :  {'MRR': 0.4481215476989746, 'hits@[1,3,10]': tensor([0.3568, 0.4950, 0.6215])}
	 TRAIN:  {'MRR': 0.9924011528491974, 'hits@[1,3,10]': tensor([0.9867, 0.9980, 0.9997])}
	 VALID :  {'MRR': 0.4501536041498184, 'hits@[1,3,10]': tensor([0.3597, 0.4967, 0.6213])}
	 TRAIN:  {'MRR': 0.9932173192501068, 'hits@[1,3,10]': tensor([0.9883, 0.9982, 0.9998])}
	 VALID :  {'MRR': 0.44838595390319824, 'hits@[1,3,10]': tensor([0.3572, 0.4956, 0.6226])}
	 TRAIN:  {'MRR': 0.9929962754249573, 'hits@[1,3,10]': tensor([0.9879, 0.9981, 0.9996])}
	 VALID :  {'MRR': 0.4485075920820236, 'hits@[1,3,10]': tensor([0.3573, 0.4947, 0.6226])}
	 TRAIN:  {'MRR': 0.9935871958732605, 'hits@[1,3,10]': tensor([0.9890, 0.9982, 0.9997])}
	 VALID :  {'MRR': 0.44964151084423065, 'hits@[1,3,10]': tensor([0.3585, 0.4965, 0.6233])}
	 TRAIN:  {'MRR': 0.9929784834384918, 'hits@[1,3,10]': tensor([0.9877, 0.9983, 0.9998])}
	 VALID :  {'MRR': 0.45000508427619934, 'hits@[1,3,10]': tensor([0.3594, 0.4970, 0.6228])}
	 TRAIN:  {'MRR': 0.9936281740665436, 'hits@[1,3,10]': tensor([0.9890, 0.9984, 0.9998])}
	 VALID :  {'MRR': 0.449546217918396, 'hits@[1,3,10]': tensor([0.3587, 0.4966, 0.6229])}
	 TRAIN:  {'MRR': 0.9934657514095306, 'hits@[1,3,10]': tensor([0.9888, 0.9981, 0.9997])}
	 VALID :  {'MRR': 0.4495604932308197, 'hits@[1,3,10]': tensor([0.3583, 0.4972, 0.6233])}
	 TRAIN:  {'MRR': 0.9935970604419708, 'hits@[1,3,10]': tensor([0.9889, 0.9982, 0.9997])}
	 VALID :  {'MRR': 0.4499228000640869, 'hits@[1,3,10]': tensor([0.3589, 0.4964, 0.6225])}
	 TRAIN:  {'MRR': 0.9934237599372864, 'hits@[1,3,10]': tensor([0.9886, 0.9982, 0.9997])}
	 VALID :  {'MRR': 0.44979168474674225, 'hits@[1,3,10]': tensor([0.3590, 0.4958, 0.6227])}
	 TRAIN:  {'MRR': 0.9932467341423035, 'hits@[1,3,10]': tensor([0.9884, 0.9982, 0.9997])}
	 VALID :  {'MRR': 0.4501170217990875, 'hits@[1,3,10]': tensor([0.3593, 0.4975, 0.6223])}
	 TRAIN:  {'MRR': 0.9933371245861053, 'hits@[1,3,10]': tensor([0.9884, 0.9985, 0.9997])}
	 VALID :  {'MRR': 0.4496636837720871, 'hits@[1,3,10]': tensor([0.3585, 0.4968, 0.6231])}
	 TRAIN:  {'MRR': 0.9938184916973114, 'hits@[1,3,10]': tensor([0.9893, 0.9983, 0.9997])}
	 VALID :  {'MRR': 0.45038071274757385, 'hits@[1,3,10]': tensor([0.3593, 0.4968, 0.6239])}
	 TRAIN:  {'MRR': 0.993703305721283, 'hits@[1,3,10]': tensor([0.9893, 0.9980, 0.9996])}
	 VALID :  {'MRR': 0.4503365159034729, 'hits@[1,3,10]': tensor([0.3589, 0.4983, 0.6231])}
	 TRAIN:  {'MRR': 0.9936392605304718, 'hits@[1,3,10]': tensor([0.9890, 0.9981, 0.9997])}
	 VALID :  {'MRR': 0.4494825005531311, 'hits@[1,3,10]': tensor([0.3585, 0.4967, 0.6236])}
	 TRAIN:  {'MRR': 0.9942245483398438, 'hits@[1,3,10]': tensor([0.9901, 0.9983, 0.9998])}
	 VALID :  {'MRR': 0.45016513764858246, 'hits@[1,3,10]': tensor([0.3592, 0.4976, 0.6226])}
	 TRAIN:  {'MRR': 0.9940378367900848, 'hits@[1,3,10]': tensor([0.9897, 0.9983, 0.9998])}
	 VALID :  {'MRR': 0.4497784227132797, 'hits@[1,3,10]': tensor([0.3582, 0.4978, 0.6237])}
	 TRAIN:  {'MRR': 0.9941443800926208, 'hits@[1,3,10]': tensor([0.9899, 0.9984, 0.9998])}
	 VALID :  {'MRR': 0.44987981021404266, 'hits@[1,3,10]': tensor([0.3584, 0.4972, 0.6225])}
	 TRAIN:  {'MRR': 0.994099348783493, 'hits@[1,3,10]': tensor([0.9898, 0.9984, 0.9997])}
	 VALID :  {'MRR': 0.450275182723999, 'hits@[1,3,10]': tensor([0.3593, 0.4962, 0.6225])}
	 TRAIN:  {'MRR': 0.9939602613449097, 'hits@[1,3,10]': tensor([0.9895, 0.9984, 0.9998])}
	 VALID :  {'MRR': 0.44990748167037964, 'hits@[1,3,10]': tensor([0.3586, 0.4966, 0.6232])}
	 TRAIN:  {'MRR': 0.9938144683837891, 'hits@[1,3,10]': tensor([0.9894, 0.9982, 0.9998])}
	 VALID :  {'MRR': 0.4502168148756027, 'hits@[1,3,10]': tensor([0.3597, 0.4962, 0.6227])}
	 TRAIN:  {'MRR': 0.9937349855899811, 'hits@[1,3,10]': tensor([0.9894, 0.9981, 0.9997])}
	 VALID :  {'MRR': 0.450208842754364, 'hits@[1,3,10]': tensor([0.3589, 0.4977, 0.6223])}
	 TRAIN:  {'MRR': 0.9939205348491669, 'hits@[1,3,10]': tensor([0.9896, 0.9981, 0.9997])}
	 VALID :  {'MRR': 0.4504508823156357, 'hits@[1,3,10]': tensor([0.3591, 0.4979, 0.6233])}
	 TRAIN:  {'MRR': 0.9938746988773346, 'hits@[1,3,10]': tensor([0.9894, 0.9982, 0.9998])}
	 VALID :  {'MRR': 0.45015428960323334, 'hits@[1,3,10]': tensor([0.3587, 0.4982, 0.6229])}
	 TRAIN:  {'MRR': 0.9939675033092499, 'hits@[1,3,10]': tensor([0.9897, 0.9983, 0.9997])}
	 VALID :  {'MRR': 0.450159952044487, 'hits@[1,3,10]': tensor([0.3585, 0.4983, 0.6229])}


TEST :  {'MRR': 0.4499712735414505, 'hits@[1,3,10]': tensor([0.3594, 0.4964, 0.6232])}
