{'batch_size': 1000,
 'checkpoint': None,
 'data_shape': (63361, 400, 63361),
 'dataset': 'NELL',
 'decay1': 0.9,
 'decay2': 0.999,
 'eval_only': False,
 'init': 0.001,
 'learning_rate': 0.1,
 'max_epochs': 100,
 'model': 'DistMult',
 'model_save_schedule': 1000,
 'optimizer': 'Adagrad',
 'path': 'kbc/data/NELL',
 'rank': 500,
 'reg': 0.005,
 'regularizer': 'N3',
 'valid': 3.0}
	 TRAIN:  {'MRR': 0.889420360326767, 'hits@[1,3,10]': tensor([0.8380, 0.9302, 0.9776])}
	 VALID :  {'MRR': 0.4101744741201401, 'hits@[1,3,10]': tensor([0.3170, 0.4546, 0.5911])}
	 TRAIN:  {'MRR': 0.9704811871051788, 'hits@[1,3,10]': tensor([0.9547, 0.9835, 0.9976])}
	 VALID :  {'MRR': 0.43189527094364166, 'hits@[1,3,10]': tensor([0.3409, 0.4760, 0.6050])}
	 TRAIN:  {'MRR': 0.9798013269901276, 'hits@[1,3,10]': tensor([0.9679, 0.9902, 0.9987])}
	 VALID :  {'MRR': 0.4370652586221695, 'hits@[1,3,10]': tensor([0.3463, 0.4811, 0.6091])}
	 TRAIN:  {'MRR': 0.9843642711639404, 'hits@[1,3,10]': tensor([0.9753, 0.9917, 0.9990])}
	 VALID :  {'MRR': 0.4402386397123337, 'hits@[1,3,10]': tensor([0.3493, 0.4870, 0.6112])}
	 TRAIN:  {'MRR': 0.9867327511310577, 'hits@[1,3,10]': tensor([0.9790, 0.9927, 0.9991])}
	 VALID :  {'MRR': 0.441424697637558, 'hits@[1,3,10]': tensor([0.3504, 0.4875, 0.6127])}
	 TRAIN:  {'MRR': 0.9872432053089142, 'hits@[1,3,10]': tensor([0.9803, 0.9926, 0.9993])}
	 VALID :  {'MRR': 0.442683145403862, 'hits@[1,3,10]': tensor([0.3516, 0.4904, 0.6144])}
	 TRAIN:  {'MRR': 0.9888170659542084, 'hits@[1,3,10]': tensor([0.9820, 0.9948, 0.9993])}
	 VALID :  {'MRR': 0.443744421005249, 'hits@[1,3,10]': tensor([0.3533, 0.4905, 0.6141])}
	 TRAIN:  {'MRR': 0.9901842176914215, 'hits@[1,3,10]': tensor([0.9843, 0.9958, 0.9993])}
	 VALID :  {'MRR': 0.44521062076091766, 'hits@[1,3,10]': tensor([0.3555, 0.4912, 0.6153])}
	 TRAIN:  {'MRR': 0.9897744655609131, 'hits@[1,3,10]': tensor([0.9839, 0.9942, 0.9994])}
	 VALID :  {'MRR': 0.44492390751838684, 'hits@[1,3,10]': tensor([0.3545, 0.4907, 0.6154])}
	 TRAIN:  {'MRR': 0.9888335168361664, 'hits@[1,3,10]': tensor([0.9824, 0.9936, 0.9992])}
	 VALID :  {'MRR': 0.44509947299957275, 'hits@[1,3,10]': tensor([0.3548, 0.4907, 0.6161])}
	 TRAIN:  {'MRR': 0.989998072385788, 'hits@[1,3,10]': tensor([0.9845, 0.9946, 0.9993])}
	 VALID :  {'MRR': 0.4444913864135742, 'hits@[1,3,10]': tensor([0.3536, 0.4901, 0.6161])}
	 TRAIN:  {'MRR': 0.9901014268398285, 'hits@[1,3,10]': tensor([0.9847, 0.9939, 0.9993])}
	 VALID :  {'MRR': 0.4456431418657303, 'hits@[1,3,10]': tensor([0.3555, 0.4916, 0.6160])}
	 TRAIN:  {'MRR': 0.9906760156154633, 'hits@[1,3,10]': tensor([0.9850, 0.9951, 0.9994])}
	 VALID :  {'MRR': 0.4453790932893753, 'hits@[1,3,10]': tensor([0.3546, 0.4913, 0.6164])}
	 TRAIN:  {'MRR': 0.9905092418193817, 'hits@[1,3,10]': tensor([0.9855, 0.9938, 0.9994])}
	 VALID :  {'MRR': 0.4462793320417404, 'hits@[1,3,10]': tensor([0.3561, 0.4921, 0.6170])}
	 TRAIN:  {'MRR': 0.9906361699104309, 'hits@[1,3,10]': tensor([0.9848, 0.9955, 0.9994])}
	 VALID :  {'MRR': 0.4462449550628662, 'hits@[1,3,10]': tensor([0.3561, 0.4922, 0.6181])}
	 TRAIN:  {'MRR': 0.9906101226806641, 'hits@[1,3,10]': tensor([0.9849, 0.9970, 0.9994])}
	 VALID :  {'MRR': 0.44637084007263184, 'hits@[1,3,10]': tensor([0.3558, 0.4926, 0.6167])}
	 TRAIN:  {'MRR': 0.9914916455745697, 'hits@[1,3,10]': tensor([0.9861, 0.9957, 0.9996])}
	 VALID :  {'MRR': 0.44689957797527313, 'hits@[1,3,10]': tensor([0.3566, 0.4933, 0.6169])}
	 TRAIN:  {'MRR': 0.9911738932132721, 'hits@[1,3,10]': tensor([0.9853, 0.9970, 0.9995])}
	 VALID :  {'MRR': 0.4471665322780609, 'hits@[1,3,10]': tensor([0.3574, 0.4927, 0.6170])}
	 TRAIN:  {'MRR': 0.9904119670391083, 'hits@[1,3,10]': tensor([0.9854, 0.9936, 0.9993])}
	 VALID :  {'MRR': 0.4474952816963196, 'hits@[1,3,10]': tensor([0.3579, 0.4931, 0.6163])}
	 TRAIN:  {'MRR': 0.991369754076004, 'hits@[1,3,10]': tensor([0.9866, 0.9955, 0.9995])}
	 VALID :  {'MRR': 0.44725364446640015, 'hits@[1,3,10]': tensor([0.3572, 0.4928, 0.6181])}
	 TRAIN:  {'MRR': 0.9911494851112366, 'hits@[1,3,10]': tensor([0.9858, 0.9975, 0.9994])}
	 VALID :  {'MRR': 0.44761087000370026, 'hits@[1,3,10]': tensor([0.3577, 0.4935, 0.6187])}
	 TRAIN:  {'MRR': 0.9912427365779877, 'hits@[1,3,10]': tensor([0.9860, 0.9956, 0.9994])}
	 VALID :  {'MRR': 0.44742608070373535, 'hits@[1,3,10]': tensor([0.3572, 0.4939, 0.6176])}
	 TRAIN:  {'MRR': 0.9917749464511871, 'hits@[1,3,10]': tensor([0.9865, 0.9970, 0.9994])}
	 VALID :  {'MRR': 0.4473351538181305, 'hits@[1,3,10]': tensor([0.3573, 0.4931, 0.6170])}
	 TRAIN:  {'MRR': 0.9912195205688477, 'hits@[1,3,10]': tensor([0.9857, 0.9973, 0.9995])}
	 VALID :  {'MRR': 0.44812460243701935, 'hits@[1,3,10]': tensor([0.3584, 0.4932, 0.6167])}
	 TRAIN:  {'MRR': 0.9917320907115936, 'hits@[1,3,10]': tensor([0.9859, 0.9973, 0.9995])}
	 VALID :  {'MRR': 0.44736137986183167, 'hits@[1,3,10]': tensor([0.3572, 0.4938, 0.6178])}
	 TRAIN:  {'MRR': 0.9917207658290863, 'hits@[1,3,10]': tensor([0.9865, 0.9976, 0.9996])}
	 VALID :  {'MRR': 0.44722719490528107, 'hits@[1,3,10]': tensor([0.3568, 0.4941, 0.6169])}
	 TRAIN:  {'MRR': 0.991864025592804, 'hits@[1,3,10]': tensor([0.9863, 0.9971, 0.9995])}
	 VALID :  {'MRR': 0.4477880895137787, 'hits@[1,3,10]': tensor([0.3575, 0.4937, 0.6174])}
	 TRAIN:  {'MRR': 0.9912942945957184, 'hits@[1,3,10]': tensor([0.9860, 0.9970, 0.9995])}
	 VALID :  {'MRR': 0.4476916342973709, 'hits@[1,3,10]': tensor([0.3574, 0.4946, 0.6185])}
	 TRAIN:  {'MRR': 0.9911616146564484, 'hits@[1,3,10]': tensor([0.9858, 0.9972, 0.9995])}
	 VALID :  {'MRR': 0.4476671814918518, 'hits@[1,3,10]': tensor([0.3573, 0.4938, 0.6176])}
	 TRAIN:  {'MRR': 0.991074800491333, 'hits@[1,3,10]': tensor([0.9854, 0.9957, 0.9996])}
	 VALID :  {'MRR': 0.4472528547048569, 'hits@[1,3,10]': tensor([0.3567, 0.4940, 0.6185])}
	 TRAIN:  {'MRR': 0.9910611510276794, 'hits@[1,3,10]': tensor([0.9857, 0.9975, 0.9995])}
	 VALID :  {'MRR': 0.44769442081451416, 'hits@[1,3,10]': tensor([0.3575, 0.4942, 0.6182])}
	 TRAIN:  {'MRR': 0.991493284702301, 'hits@[1,3,10]': tensor([0.9861, 0.9973, 0.9996])}
	 VALID :  {'MRR': 0.44810712337493896, 'hits@[1,3,10]': tensor([0.3581, 0.4936, 0.6182])}
	 TRAIN:  {'MRR': 0.9920969605445862, 'hits@[1,3,10]': tensor([0.9875, 0.9965, 0.9995])}
	 VALID :  {'MRR': 0.4479857385158539, 'hits@[1,3,10]': tensor([0.3579, 0.4942, 0.6183])}


TEST :  {'MRR': 0.45065411925315857, 'hits@[1,3,10]': tensor([0.3619, 0.4968, 0.6176])}
