{'batch_size': 1000,
 'checkpoint': None,
 'data_shape': (63361, 400, 63361),
 'dataset': 'NELL',
 'decay1': 0.9,
 'decay2': 0.999,
 'eval_only': False,
 'init': 0.001,
 'learning_rate': 0.1,
 'max_epochs': 100,
 'model': 'DistMult',
 'model_save_schedule': 1000,
 'optimizer': 'Adagrad',
 'path': 'kbc/data/NELL',
 'rank': 500,
 'reg': 0.0005,
 'regularizer': 'N3',
 'valid': 3.0}
	 TRAIN:  {'MRR': 0.905036598443985, 'hits@[1,3,10]': tensor([0.8547, 0.9477, 0.9873])}
	 VALID :  {'MRR': 0.4086366146802902, 'hits@[1,3,10]': tensor([0.3163, 0.4552, 0.5871])}
	 TRAIN:  {'MRR': 0.97184157371521, 'hits@[1,3,10]': tensor([0.9554, 0.9856, 0.9985])}
	 VALID :  {'MRR': 0.4265253245830536, 'hits@[1,3,10]': tensor([0.3360, 0.4701, 0.6003])}
	 TRAIN:  {'MRR': 0.9822172820568085, 'hits@[1,3,10]': tensor([0.9715, 0.9911, 0.9993])}
	 VALID :  {'MRR': 0.4309576749801636, 'hits@[1,3,10]': tensor([0.3410, 0.4738, 0.6020])}
	 TRAIN:  {'MRR': 0.9870301783084869, 'hits@[1,3,10]': tensor([0.9789, 0.9942, 0.9996])}
	 VALID :  {'MRR': 0.43365442752838135, 'hits@[1,3,10]': tensor([0.3446, 0.4777, 0.6052])}
	 TRAIN:  {'MRR': 0.9893017113208771, 'hits@[1,3,10]': tensor([0.9820, 0.9965, 0.9996])}
	 VALID :  {'MRR': 0.4352993369102478, 'hits@[1,3,10]': tensor([0.3463, 0.4783, 0.6068])}
	 TRAIN:  {'MRR': 0.9897324740886688, 'hits@[1,3,10]': tensor([0.9826, 0.9977, 0.9995])}
	 VALID :  {'MRR': 0.4367296099662781, 'hits@[1,3,10]': tensor([0.3481, 0.4792, 0.6074])}
	 TRAIN:  {'MRR': 0.9899400770664215, 'hits@[1,3,10]': tensor([0.9826, 0.9975, 0.9997])}
	 VALID :  {'MRR': 0.43700477480888367, 'hits@[1,3,10]': tensor([0.3480, 0.4809, 0.6086])}
	 TRAIN:  {'MRR': 0.9908652305603027, 'hits@[1,3,10]': tensor([0.9838, 0.9978, 0.9997])}
	 VALID :  {'MRR': 0.4369945079088211, 'hits@[1,3,10]': tensor([0.3478, 0.4800, 0.6082])}
	 TRAIN:  {'MRR': 0.9917510151863098, 'hits@[1,3,10]': tensor([0.9853, 0.9981, 0.9997])}
	 VALID :  {'MRR': 0.43797604739665985, 'hits@[1,3,10]': tensor([0.3490, 0.4813, 0.6096])}
	 TRAIN:  {'MRR': 0.9911966323852539, 'hits@[1,3,10]': tensor([0.9843, 0.9981, 0.9997])}
	 VALID :  {'MRR': 0.4388554096221924, 'hits@[1,3,10]': tensor([0.3506, 0.4818, 0.6084])}
	 TRAIN:  {'MRR': 0.9912485182285309, 'hits@[1,3,10]': tensor([0.9844, 0.9980, 0.9997])}
	 VALID :  {'MRR': 0.4390469342470169, 'hits@[1,3,10]': tensor([0.3505, 0.4823, 0.6088])}
	 TRAIN:  {'MRR': 0.9923046231269836, 'hits@[1,3,10]': tensor([0.9864, 0.9981, 0.9997])}
	 VALID :  {'MRR': 0.4386202245950699, 'hits@[1,3,10]': tensor([0.3497, 0.4827, 0.6089])}
	 TRAIN:  {'MRR': 0.9919489622116089, 'hits@[1,3,10]': tensor([0.9855, 0.9984, 0.9997])}
	 VALID :  {'MRR': 0.4381936192512512, 'hits@[1,3,10]': tensor([0.3486, 0.4825, 0.6108])}
	 TRAIN:  {'MRR': 0.9917576014995575, 'hits@[1,3,10]': tensor([0.9852, 0.9984, 0.9997])}
	 VALID :  {'MRR': 0.43861812353134155, 'hits@[1,3,10]': tensor([0.3490, 0.4827, 0.6094])}
	 TRAIN:  {'MRR': 0.9913339912891388, 'hits@[1,3,10]': tensor([0.9845, 0.9982, 0.9997])}
	 VALID :  {'MRR': 0.4391459971666336, 'hits@[1,3,10]': tensor([0.3506, 0.4810, 0.6099])}
	 TRAIN:  {'MRR': 0.9915304780006409, 'hits@[1,3,10]': tensor([0.9848, 0.9983, 0.9997])}
	 VALID :  {'MRR': 0.43887074291706085, 'hits@[1,3,10]': tensor([0.3496, 0.4832, 0.6102])}
	 TRAIN:  {'MRR': 0.992977648973465, 'hits@[1,3,10]': tensor([0.9876, 0.9984, 0.9998])}
	 VALID :  {'MRR': 0.43977315723896027, 'hits@[1,3,10]': tensor([0.3508, 0.4828, 0.6109])}
	 TRAIN:  {'MRR': 0.9917773604393005, 'hits@[1,3,10]': tensor([0.9851, 0.9984, 0.9998])}
	 VALID :  {'MRR': 0.4384024143218994, 'hits@[1,3,10]': tensor([0.3489, 0.4827, 0.6106])}
	 TRAIN:  {'MRR': 0.9917351603507996, 'hits@[1,3,10]': tensor([0.9851, 0.9984, 0.9997])}
	 VALID :  {'MRR': 0.43912656605243683, 'hits@[1,3,10]': tensor([0.3497, 0.4837, 0.6102])}
	 TRAIN:  {'MRR': 0.9916965663433075, 'hits@[1,3,10]': tensor([0.9850, 0.9984, 0.9998])}
	 VALID :  {'MRR': 0.439287468791008, 'hits@[1,3,10]': tensor([0.3498, 0.4840, 0.6103])}
	 TRAIN:  {'MRR': 0.9915178120136261, 'hits@[1,3,10]': tensor([0.9848, 0.9982, 0.9997])}
	 VALID :  {'MRR': 0.4394056648015976, 'hits@[1,3,10]': tensor([0.3506, 0.4838, 0.6101])}
	 TRAIN:  {'MRR': 0.9921910166740417, 'hits@[1,3,10]': tensor([0.9860, 0.9983, 0.9998])}
	 VALID :  {'MRR': 0.43908485770225525, 'hits@[1,3,10]': tensor([0.3499, 0.4835, 0.6101])}
	 TRAIN:  {'MRR': 0.9920333921909332, 'hits@[1,3,10]': tensor([0.9859, 0.9982, 0.9997])}
	 VALID :  {'MRR': 0.43941155076026917, 'hits@[1,3,10]': tensor([0.3503, 0.4832, 0.6103])}
	 TRAIN:  {'MRR': 0.9918774664402008, 'hits@[1,3,10]': tensor([0.9855, 0.9983, 0.9997])}
	 VALID :  {'MRR': 0.4393339455127716, 'hits@[1,3,10]': tensor([0.3500, 0.4833, 0.6099])}
	 TRAIN:  {'MRR': 0.9939682185649872, 'hits@[1,3,10]': tensor([0.9897, 0.9981, 0.9997])}
	 VALID :  {'MRR': 0.4389968812465668, 'hits@[1,3,10]': tensor([0.3497, 0.4828, 0.6100])}
	 TRAIN:  {'MRR': 0.992047131061554, 'hits@[1,3,10]': tensor([0.9859, 0.9983, 0.9997])}
	 VALID :  {'MRR': 0.43949201703071594, 'hits@[1,3,10]': tensor([0.3503, 0.4833, 0.6099])}
	 TRAIN:  {'MRR': 0.9934676587581635, 'hits@[1,3,10]': tensor([0.9886, 0.9983, 0.9997])}
	 VALID :  {'MRR': 0.4390043169260025, 'hits@[1,3,10]': tensor([0.3494, 0.4836, 0.6101])}
	 TRAIN:  {'MRR': 0.9930139780044556, 'hits@[1,3,10]': tensor([0.9877, 0.9982, 0.9998])}
	 VALID :  {'MRR': 0.44000770151615143, 'hits@[1,3,10]': tensor([0.3511, 0.4839, 0.6098])}
	 TRAIN:  {'MRR': 0.9922666251659393, 'hits@[1,3,10]': tensor([0.9860, 0.9985, 0.9997])}
	 VALID :  {'MRR': 0.4397575855255127, 'hits@[1,3,10]': tensor([0.3508, 0.4835, 0.6102])}
	 TRAIN:  {'MRR': 0.9923677444458008, 'hits@[1,3,10]': tensor([0.9864, 0.9983, 0.9998])}
	 VALID :  {'MRR': 0.4402550607919693, 'hits@[1,3,10]': tensor([0.3511, 0.4843, 0.6114])}
	 TRAIN:  {'MRR': 0.9920706152915955, 'hits@[1,3,10]': tensor([0.9857, 0.9985, 0.9998])}
	 VALID :  {'MRR': 0.4395167827606201, 'hits@[1,3,10]': tensor([0.3502, 0.4838, 0.6111])}
	 TRAIN:  {'MRR': 0.9941762089729309, 'hits@[1,3,10]': tensor([0.9899, 0.9984, 0.9998])}
	 VALID :  {'MRR': 0.44000206887722015, 'hits@[1,3,10]': tensor([0.3512, 0.4838, 0.6106])}
	 TRAIN:  {'MRR': 0.9917036890983582, 'hits@[1,3,10]': tensor([0.9851, 0.9983, 0.9998])}
	 VALID :  {'MRR': 0.44023700058460236, 'hits@[1,3,10]': tensor([0.3514, 0.4846, 0.6101])}


TEST :  {'MRR': 0.4430745244026184, 'hits@[1,3,10]': tensor([0.3536, 0.4893, 0.6132])}
