{'batch_size': 500,
 'checkpoint': None,
 'data_shape': (63361, 400, 63361),
 'dataset': 'NELL',
 'decay1': 0.9,
 'decay2': 0.999,
 'eval_only': False,
 'init': 0.001,
 'learning_rate': 0.1,
 'max_epochs': 100,
 'model': 'DistMult',
 'model_save_schedule': 1000,
 'optimizer': 'Adagrad',
 'path': 'kbc/data/NELL',
 'rank': 1000,
 'reg': 0.05,
 'regularizer': 'N3',
 'valid': 3.0}
	 TRAIN:  {'MRR': 0.7741865515708923, 'hits@[1,3,10]': tensor([0.6997, 0.8264, 0.9049])}
	 VALID :  {'MRR': 0.4291432052850723, 'hits@[1,3,10]': tensor([0.3345, 0.4755, 0.6111])}
	 TRAIN:  {'MRR': 0.8891510963439941, 'hits@[1,3,10]': tensor([0.8487, 0.9169, 0.9615])}
	 VALID :  {'MRR': 0.4477147310972214, 'hits@[1,3,10]': tensor([0.3529, 0.4945, 0.6310])}
	 TRAIN:  {'MRR': 0.9141234457492828, 'hits@[1,3,10]': tensor([0.8815, 0.9372, 0.9744])}
	 VALID :  {'MRR': 0.4512958526611328, 'hits@[1,3,10]': tensor([0.3565, 0.4992, 0.6313])}
	 TRAIN:  {'MRR': 0.9239005148410797, 'hits@[1,3,10]': tensor([0.8936, 0.9451, 0.9787])}
	 VALID :  {'MRR': 0.4515567868947983, 'hits@[1,3,10]': tensor([0.3562, 0.5004, 0.6343])}
	 TRAIN:  {'MRR': 0.9305211305618286, 'hits@[1,3,10]': tensor([0.9026, 0.9504, 0.9809])}
	 VALID :  {'MRR': 0.45200271904468536, 'hits@[1,3,10]': tensor([0.3576, 0.4978, 0.6327])}
	 TRAIN:  {'MRR': 0.9326153695583344, 'hits@[1,3,10]': tensor([0.9050, 0.9521, 0.9829])}
	 VALID :  {'MRR': 0.4521472007036209, 'hits@[1,3,10]': tensor([0.3583, 0.4974, 0.6349])}
	 TRAIN:  {'MRR': 0.9371114373207092, 'hits@[1,3,10]': tensor([0.9114, 0.9557, 0.9839])}
	 VALID :  {'MRR': 0.4531984478235245, 'hits@[1,3,10]': tensor([0.3587, 0.4999, 0.6346])}
	 TRAIN:  {'MRR': 0.9404128193855286, 'hits@[1,3,10]': tensor([0.9162, 0.9575, 0.9848])}
	 VALID :  {'MRR': 0.45338664948940277, 'hits@[1,3,10]': tensor([0.3591, 0.4995, 0.6343])}
	 TRAIN:  {'MRR': 0.9427138864994049, 'hits@[1,3,10]': tensor([0.9193, 0.9591, 0.9858])}
	 VALID :  {'MRR': 0.4540241062641144, 'hits@[1,3,10]': tensor([0.3600, 0.4998, 0.6348])}
	 TRAIN:  {'MRR': 0.9421164095401764, 'hits@[1,3,10]': tensor([0.9183, 0.9594, 0.9852])}
	 VALID :  {'MRR': 0.453383669257164, 'hits@[1,3,10]': tensor([0.3590, 0.5009, 0.6353])}
	 TRAIN:  {'MRR': 0.945343554019928, 'hits@[1,3,10]': tensor([0.9230, 0.9617, 0.9864])}
	 VALID :  {'MRR': 0.453922763466835, 'hits@[1,3,10]': tensor([0.3589, 0.5009, 0.6370])}
	 TRAIN:  {'MRR': 0.9458228945732117, 'hits@[1,3,10]': tensor([0.9238, 0.9610, 0.9865])}
	 VALID :  {'MRR': 0.45507241785526276, 'hits@[1,3,10]': tensor([0.3616, 0.5005, 0.6368])}
	 TRAIN:  {'MRR': 0.9448592066764832, 'hits@[1,3,10]': tensor([0.9222, 0.9613, 0.9863])}
	 VALID :  {'MRR': 0.455789253115654, 'hits@[1,3,10]': tensor([0.3625, 0.5021, 0.6353])}
	 TRAIN:  {'MRR': 0.9478570818901062, 'hits@[1,3,10]': tensor([0.9267, 0.9629, 0.9868])}
	 VALID :  {'MRR': 0.4561232626438141, 'hits@[1,3,10]': tensor([0.3621, 0.5035, 0.6365])}
	 TRAIN:  {'MRR': 0.9477880597114563, 'hits@[1,3,10]': tensor([0.9264, 0.9627, 0.9872])}
	 VALID :  {'MRR': 0.4550227224826813, 'hits@[1,3,10]': tensor([0.3608, 0.5025, 0.6373])}
	 TRAIN:  {'MRR': 0.948747307062149, 'hits@[1,3,10]': tensor([0.9280, 0.9630, 0.9878])}
	 VALID :  {'MRR': 0.4562525451183319, 'hits@[1,3,10]': tensor([0.3623, 0.5034, 0.6371])}
	 TRAIN:  {'MRR': 0.9488545358181, 'hits@[1,3,10]': tensor([0.9278, 0.9640, 0.9875])}
	 VALID :  {'MRR': 0.45552296936511993, 'hits@[1,3,10]': tensor([0.3610, 0.5028, 0.6372])}
	 TRAIN:  {'MRR': 0.9484822750091553, 'hits@[1,3,10]': tensor([0.9275, 0.9637, 0.9873])}
	 VALID :  {'MRR': 0.455204039812088, 'hits@[1,3,10]': tensor([0.3607, 0.5025, 0.6376])}
	 TRAIN:  {'MRR': 0.949286550283432, 'hits@[1,3,10]': tensor([0.9283, 0.9645, 0.9880])}
	 VALID :  {'MRR': 0.4555617868900299, 'hits@[1,3,10]': tensor([0.3612, 0.5028, 0.6378])}
	 TRAIN:  {'MRR': 0.9492205679416656, 'hits@[1,3,10]': tensor([0.9285, 0.9636, 0.9877])}
	 VALID :  {'MRR': 0.45576706528663635, 'hits@[1,3,10]': tensor([0.3615, 0.5029, 0.6379])}
	 TRAIN:  {'MRR': 0.9493857026100159, 'hits@[1,3,10]': tensor([0.9290, 0.9633, 0.9879])}
	 VALID :  {'MRR': 0.4555554538965225, 'hits@[1,3,10]': tensor([0.3607, 0.5036, 0.6370])}
	 TRAIN:  {'MRR': 0.9512411057949066, 'hits@[1,3,10]': tensor([0.9317, 0.9645, 0.9880])}
	 VALID :  {'MRR': 0.4553711414337158, 'hits@[1,3,10]': tensor([0.3608, 0.5032, 0.6369])}
	 TRAIN:  {'MRR': 0.950875848531723, 'hits@[1,3,10]': tensor([0.9312, 0.9644, 0.9881])}
	 VALID :  {'MRR': 0.45662298798561096, 'hits@[1,3,10]': tensor([0.3628, 0.5035, 0.6374])}
	 TRAIN:  {'MRR': 0.9519792199134827, 'hits@[1,3,10]': tensor([0.9325, 0.9656, 0.9885])}
	 VALID :  {'MRR': 0.45671142637729645, 'hits@[1,3,10]': tensor([0.3624, 0.5044, 0.6378])}
	 TRAIN:  {'MRR': 0.9511442184448242, 'hits@[1,3,10]': tensor([0.9312, 0.9651, 0.9885])}
	 VALID :  {'MRR': 0.456749826669693, 'hits@[1,3,10]': tensor([0.3629, 0.5037, 0.6383])}
	 TRAIN:  {'MRR': 0.9522938430309296, 'hits@[1,3,10]': tensor([0.9327, 0.9657, 0.9883])}
	 VALID :  {'MRR': 0.4569082111120224, 'hits@[1,3,10]': tensor([0.3623, 0.5048, 0.6371])}
	 TRAIN:  {'MRR': 0.952866405248642, 'hits@[1,3,10]': tensor([0.9338, 0.9663, 0.9890])}
	 VALID :  {'MRR': 0.45680584013462067, 'hits@[1,3,10]': tensor([0.3622, 0.5044, 0.6387])}
	 TRAIN:  {'MRR': 0.9539935886859894, 'hits@[1,3,10]': tensor([0.9346, 0.9679, 0.9896])}
	 VALID :  {'MRR': 0.4562423676252365, 'hits@[1,3,10]': tensor([0.3617, 0.5032, 0.6383])}
	 TRAIN:  {'MRR': 0.9529393017292023, 'hits@[1,3,10]': tensor([0.9339, 0.9655, 0.9889])}
	 VALID :  {'MRR': 0.45646947622299194, 'hits@[1,3,10]': tensor([0.3624, 0.5042, 0.6381])}
	 TRAIN:  {'MRR': 0.9531719386577606, 'hits@[1,3,10]': tensor([0.9341, 0.9659, 0.9888])}
	 VALID :  {'MRR': 0.45721402764320374, 'hits@[1,3,10]': tensor([0.3630, 0.5047, 0.6385])}
	 TRAIN:  {'MRR': 0.9526688456535339, 'hits@[1,3,10]': tensor([0.9335, 0.9660, 0.9887])}
	 VALID :  {'MRR': 0.4572395384311676, 'hits@[1,3,10]': tensor([0.3633, 0.5032, 0.6382])}
	 TRAIN:  {'MRR': 0.9539899826049805, 'hits@[1,3,10]': tensor([0.9355, 0.9663, 0.9889])}
	 VALID :  {'MRR': 0.4568144977092743, 'hits@[1,3,10]': tensor([0.3625, 0.5039, 0.6384])}
	 TRAIN:  {'MRR': 0.9540932476520538, 'hits@[1,3,10]': tensor([0.9354, 0.9671, 0.9890])}
	 VALID :  {'MRR': 0.4571533799171448, 'hits@[1,3,10]': tensor([0.3628, 0.5057, 0.6376])}


TEST :  {'MRR': 0.4565114974975586, 'hits@[1,3,10]': tensor([0.3631, 0.5034, 0.6353])}
