{'batch_size': 1000,
 'checkpoint': None,
 'data_shape': (63361, 400, 63361),
 'dataset': 'NELL',
 'decay1': 0.9,
 'decay2': 0.999,
 'eval_only': False,
 'init': 0.001,
 'learning_rate': 0.1,
 'max_epochs': 100,
 'model': 'DistMult',
 'model_save_schedule': 1000,
 'optimizer': 'Adagrad',
 'path': 'kbc/data/NELL',
 'rank': 500,
 'reg': 0.0001,
 'regularizer': 'N3',
 'valid': 3.0}
	 TRAIN:  {'MRR': 0.9089893698692322, 'hits@[1,3,10]': tensor([0.8612, 0.9503, 0.9875])}
	 VALID :  {'MRR': 0.4082484245300293, 'hits@[1,3,10]': tensor([0.3162, 0.4534, 0.5871])}
	 TRAIN:  {'MRR': 0.9752470254898071, 'hits@[1,3,10]': tensor([0.9599, 0.9886, 0.9989])}
	 VALID :  {'MRR': 0.42721639573574066, 'hits@[1,3,10]': tensor([0.3358, 0.4722, 0.6035])}
	 TRAIN:  {'MRR': 0.9828062653541565, 'hits@[1,3,10]': tensor([0.9709, 0.9948, 0.9993])}
	 VALID :  {'MRR': 0.4319281727075577, 'hits@[1,3,10]': tensor([0.3408, 0.4782, 0.6089])}
	 TRAIN:  {'MRR': 0.986804187297821, 'hits@[1,3,10]': tensor([0.9770, 0.9966, 0.9997])}
	 VALID :  {'MRR': 0.43484511971473694, 'hits@[1,3,10]': tensor([0.3438, 0.4807, 0.6104])}
	 TRAIN:  {'MRR': 0.9906109273433685, 'hits@[1,3,10]': tensor([0.9837, 0.9975, 0.9997])}
	 VALID :  {'MRR': 0.43657825887203217, 'hits@[1,3,10]': tensor([0.3454, 0.4840, 0.6117])}
	 TRAIN:  {'MRR': 0.9914029538631439, 'hits@[1,3,10]': tensor([0.9851, 0.9974, 0.9997])}
	 VALID :  {'MRR': 0.43570731580257416, 'hits@[1,3,10]': tensor([0.3431, 0.4833, 0.6118])}
	 TRAIN:  {'MRR': 0.9926635026931763, 'hits@[1,3,10]': tensor([0.9874, 0.9979, 0.9997])}
	 VALID :  {'MRR': 0.4381682872772217, 'hits@[1,3,10]': tensor([0.3476, 0.4835, 0.6119])}
	 TRAIN:  {'MRR': 0.993193119764328, 'hits@[1,3,10]': tensor([0.9884, 0.9980, 0.9997])}
	 VALID :  {'MRR': 0.43910521268844604, 'hits@[1,3,10]': tensor([0.3484, 0.4848, 0.6129])}
	 TRAIN:  {'MRR': 0.9928339421749115, 'hits@[1,3,10]': tensor([0.9877, 0.9978, 0.9997])}
	 VALID :  {'MRR': 0.4395905137062073, 'hits@[1,3,10]': tensor([0.3496, 0.4851, 0.6139])}
	 TRAIN:  {'MRR': 0.9936679601669312, 'hits@[1,3,10]': tensor([0.9891, 0.9980, 0.9998])}
	 VALID :  {'MRR': 0.4394063800573349, 'hits@[1,3,10]': tensor([0.3490, 0.4855, 0.6133])}
	 TRAIN:  {'MRR': 0.9931265115737915, 'hits@[1,3,10]': tensor([0.9882, 0.9979, 0.9998])}
	 VALID :  {'MRR': 0.4397897571325302, 'hits@[1,3,10]': tensor([0.3493, 0.4853, 0.6128])}
	 TRAIN:  {'MRR': 0.9923551082611084, 'hits@[1,3,10]': tensor([0.9864, 0.9983, 0.9997])}
	 VALID :  {'MRR': 0.43966178596019745, 'hits@[1,3,10]': tensor([0.3490, 0.4861, 0.6142])}
	 TRAIN:  {'MRR': 0.9921383559703827, 'hits@[1,3,10]': tensor([0.9862, 0.9979, 0.9998])}
	 VALID :  {'MRR': 0.4384816288948059, 'hits@[1,3,10]': tensor([0.3468, 0.4853, 0.6146])}
	 TRAIN:  {'MRR': 0.993150383234024, 'hits@[1,3,10]': tensor([0.9883, 0.9979, 0.9997])}
	 VALID :  {'MRR': 0.43897759914398193, 'hits@[1,3,10]': tensor([0.3475, 0.4866, 0.6141])}
	 TRAIN:  {'MRR': 0.9936224818229675, 'hits@[1,3,10]': tensor([0.9889, 0.9983, 0.9997])}
	 VALID :  {'MRR': 0.44025425612926483, 'hits@[1,3,10]': tensor([0.3492, 0.4868, 0.6136])}
	 TRAIN:  {'MRR': 0.9940596222877502, 'hits@[1,3,10]': tensor([0.9898, 0.9984, 0.9997])}
	 VALID :  {'MRR': 0.43970802426338196, 'hits@[1,3,10]': tensor([0.3488, 0.4861, 0.6145])}
	 TRAIN:  {'MRR': 0.9937951564788818, 'hits@[1,3,10]': tensor([0.9892, 0.9983, 0.9997])}
	 VALID :  {'MRR': 0.43970370292663574, 'hits@[1,3,10]': tensor([0.3484, 0.4868, 0.6139])}
	 TRAIN:  {'MRR': 0.9940403699874878, 'hits@[1,3,10]': tensor([0.9897, 0.9985, 0.9998])}
	 VALID :  {'MRR': 0.43976955115795135, 'hits@[1,3,10]': tensor([0.3486, 0.4863, 0.6135])}
	 TRAIN:  {'MRR': 0.9939787089824677, 'hits@[1,3,10]': tensor([0.9897, 0.9983, 0.9997])}
	 VALID :  {'MRR': 0.44045233726501465, 'hits@[1,3,10]': tensor([0.3498, 0.4871, 0.6135])}
	 TRAIN:  {'MRR': 0.9944939911365509, 'hits@[1,3,10]': tensor([0.9905, 0.9985, 0.9998])}
	 VALID :  {'MRR': 0.4396706074476242, 'hits@[1,3,10]': tensor([0.3485, 0.4862, 0.6126])}
	 TRAIN:  {'MRR': 0.9939689040184021, 'hits@[1,3,10]': tensor([0.9896, 0.9984, 0.9997])}
	 VALID :  {'MRR': 0.4399589002132416, 'hits@[1,3,10]': tensor([0.3486, 0.4873, 0.6130])}
	 TRAIN:  {'MRR': 0.9941874742507935, 'hits@[1,3,10]': tensor([0.9900, 0.9983, 0.9998])}
	 VALID :  {'MRR': 0.4403197169303894, 'hits@[1,3,10]': tensor([0.3493, 0.4870, 0.6131])}
	 TRAIN:  {'MRR': 0.993876039981842, 'hits@[1,3,10]': tensor([0.9895, 0.9982, 0.9997])}
	 VALID :  {'MRR': 0.44036851823329926, 'hits@[1,3,10]': tensor([0.3490, 0.4876, 0.6139])}
	 TRAIN:  {'MRR': 0.9943611025810242, 'hits@[1,3,10]': tensor([0.9902, 0.9986, 0.9998])}
	 VALID :  {'MRR': 0.4405480623245239, 'hits@[1,3,10]': tensor([0.3494, 0.4882, 0.6133])}
	 TRAIN:  {'MRR': 0.9941673278808594, 'hits@[1,3,10]': tensor([0.9899, 0.9984, 0.9998])}
	 VALID :  {'MRR': 0.44055040180683136, 'hits@[1,3,10]': tensor([0.3498, 0.4879, 0.6131])}
	 TRAIN:  {'MRR': 0.993701696395874, 'hits@[1,3,10]': tensor([0.9890, 0.9984, 0.9998])}
	 VALID :  {'MRR': 0.44006530940532684, 'hits@[1,3,10]': tensor([0.3486, 0.4883, 0.6134])}
	 TRAIN:  {'MRR': 0.993969053030014, 'hits@[1,3,10]': tensor([0.9896, 0.9983, 0.9998])}
	 VALID :  {'MRR': 0.4400729835033417, 'hits@[1,3,10]': tensor([0.3487, 0.4871, 0.6135])}
	 TRAIN:  {'MRR': 0.9942616522312164, 'hits@[1,3,10]': tensor([0.9901, 0.9984, 0.9997])}
	 VALID :  {'MRR': 0.43990539014339447, 'hits@[1,3,10]': tensor([0.3484, 0.4874, 0.6127])}
	 TRAIN:  {'MRR': 0.9942314922809601, 'hits@[1,3,10]': tensor([0.9901, 0.9983, 0.9997])}
	 VALID :  {'MRR': 0.4399157464504242, 'hits@[1,3,10]': tensor([0.3485, 0.4874, 0.6134])}
	 TRAIN:  {'MRR': 0.9938892126083374, 'hits@[1,3,10]': tensor([0.9894, 0.9985, 0.9998])}
	 VALID :  {'MRR': 0.440143346786499, 'hits@[1,3,10]': tensor([0.3493, 0.4870, 0.6138])}
	 TRAIN:  {'MRR': 0.9938407838344574, 'hits@[1,3,10]': tensor([0.9894, 0.9983, 0.9997])}
	 VALID :  {'MRR': 0.43963995575904846, 'hits@[1,3,10]': tensor([0.3483, 0.4871, 0.6140])}
	 TRAIN:  {'MRR': 0.9943118989467621, 'hits@[1,3,10]': tensor([0.9901, 0.9986, 0.9998])}
	 VALID :  {'MRR': 0.4402162432670593, 'hits@[1,3,10]': tensor([0.3491, 0.4875, 0.6127])}
	 TRAIN:  {'MRR': 0.9939157962799072, 'hits@[1,3,10]': tensor([0.9895, 0.9984, 0.9997])}
	 VALID :  {'MRR': 0.440127432346344, 'hits@[1,3,10]': tensor([0.3491, 0.4876, 0.6132])}


TEST :  {'MRR': 0.4400576055049896, 'hits@[1,3,10]': tensor([0.3492, 0.4866, 0.6115])}
