{'batch_size': 100,
 'checkpoint': None,
 'data_shape': (63361, 400, 63361),
 'dataset': 'NELL',
 'decay1': 0.9,
 'decay2': 0.999,
 'eval_only': False,
 'init': 0.001,
 'learning_rate': 0.1,
 'max_epochs': 100,
 'model': 'DistMult',
 'model_save_schedule': 1000,
 'optimizer': 'Adagrad',
 'path': 'kbc/data/NELL',
 'rank': 1000,
 'reg': 0.005,
 'regularizer': 'N3',
 'valid': 3.0}
	 TRAIN:  {'MRR': 0.9147053360939026, 'hits@[1,3,10]': tensor([0.8717, 0.9486, 0.9840])}
	 VALID :  {'MRR': 0.42441850900650024, 'hits@[1,3,10]': tensor([0.3286, 0.4722, 0.6093])}
	 TRAIN:  {'MRR': 0.9714087843894958, 'hits@[1,3,10]': tensor([0.9559, 0.9847, 0.9979])}
	 VALID :  {'MRR': 0.44464927911758423, 'hits@[1,3,10]': tensor([0.3511, 0.4924, 0.6233])}
	 TRAIN:  {'MRR': 0.9801781475543976, 'hits@[1,3,10]': tensor([0.9689, 0.9899, 0.9990])}
	 VALID :  {'MRR': 0.4485080987215042, 'hits@[1,3,10]': tensor([0.3548, 0.4967, 0.6268])}
	 TRAIN:  {'MRR': 0.9825785756111145, 'hits@[1,3,10]': tensor([0.9728, 0.9912, 0.9992])}
	 VALID :  {'MRR': 0.45058146119117737, 'hits@[1,3,10]': tensor([0.3569, 0.4994, 0.6261])}
	 TRAIN:  {'MRR': 0.9855989813804626, 'hits@[1,3,10]': tensor([0.9769, 0.9929, 0.9995])}
	 VALID :  {'MRR': 0.4516809284687042, 'hits@[1,3,10]': tensor([0.3580, 0.5001, 0.6271])}
	 TRAIN:  {'MRR': 0.9880907237529755, 'hits@[1,3,10]': tensor([0.9810, 0.9940, 0.9996])}
	 VALID :  {'MRR': 0.4543777108192444, 'hits@[1,3,10]': tensor([0.3619, 0.5036, 0.6297])}
	 TRAIN:  {'MRR': 0.9871962368488312, 'hits@[1,3,10]': tensor([0.9799, 0.9928, 0.9994])}
	 VALID :  {'MRR': 0.45545952022075653, 'hits@[1,3,10]': tensor([0.3636, 0.5040, 0.6289])}
	 TRAIN:  {'MRR': 0.9894019961357117, 'hits@[1,3,10]': tensor([0.9830, 0.9953, 0.9995])}
	 VALID :  {'MRR': 0.45632749795913696, 'hits@[1,3,10]': tensor([0.3641, 0.5054, 0.6294])}
	 TRAIN:  {'MRR': 0.9883126020431519, 'hits@[1,3,10]': tensor([0.9815, 0.9936, 0.9994])}
	 VALID :  {'MRR': 0.45738324522972107, 'hits@[1,3,10]': tensor([0.3658, 0.5041, 0.6300])}
	 TRAIN:  {'MRR': 0.9898145794868469, 'hits@[1,3,10]': tensor([0.9837, 0.9947, 0.9995])}
	 VALID :  {'MRR': 0.45688217878341675, 'hits@[1,3,10]': tensor([0.3646, 0.5047, 0.6307])}
	 TRAIN:  {'MRR': 0.9889682829380035, 'hits@[1,3,10]': tensor([0.9831, 0.9931, 0.9994])}
	 VALID :  {'MRR': 0.4555771201848984, 'hits@[1,3,10]': tensor([0.3622, 0.5057, 0.6300])}
	 TRAIN:  {'MRR': 0.9895531237125397, 'hits@[1,3,10]': tensor([0.9836, 0.9950, 0.9995])}
	 VALID :  {'MRR': 0.45700325071811676, 'hits@[1,3,10]': tensor([0.3653, 0.5050, 0.6302])}
	 TRAIN:  {'MRR': 0.9894015789031982, 'hits@[1,3,10]': tensor([0.9838, 0.9933, 0.9995])}
	 VALID :  {'MRR': 0.4579697996377945, 'hits@[1,3,10]': tensor([0.3665, 0.5058, 0.6307])}
	 TRAIN:  {'MRR': 0.9898737668991089, 'hits@[1,3,10]': tensor([0.9845, 0.9939, 0.9995])}
	 VALID :  {'MRR': 0.45801888406276703, 'hits@[1,3,10]': tensor([0.3663, 0.5077, 0.6306])}
	 TRAIN:  {'MRR': 0.9906657934188843, 'hits@[1,3,10]': tensor([0.9854, 0.9941, 0.9995])}
	 VALID :  {'MRR': 0.4576352387666702, 'hits@[1,3,10]': tensor([0.3655, 0.5067, 0.6299])}
	 TRAIN:  {'MRR': 0.9899451732635498, 'hits@[1,3,10]': tensor([0.9843, 0.9943, 0.9994])}
	 VALID :  {'MRR': 0.4579402655363083, 'hits@[1,3,10]': tensor([0.3664, 0.5058, 0.6295])}
	 TRAIN:  {'MRR': 0.9910694658756256, 'hits@[1,3,10]': tensor([0.9860, 0.9946, 0.9995])}
	 VALID :  {'MRR': 0.4575975090265274, 'hits@[1,3,10]': tensor([0.3658, 0.5061, 0.6299])}
	 TRAIN:  {'MRR': 0.9900929033756256, 'hits@[1,3,10]': tensor([0.9846, 0.9941, 0.9995])}
	 VALID :  {'MRR': 0.4584033936262131, 'hits@[1,3,10]': tensor([0.3672, 0.5061, 0.6294])}
	 TRAIN:  {'MRR': 0.9897256195545197, 'hits@[1,3,10]': tensor([0.9844, 0.9929, 0.9995])}
	 VALID :  {'MRR': 0.4589263051748276, 'hits@[1,3,10]': tensor([0.3675, 0.5085, 0.6300])}
	 TRAIN:  {'MRR': 0.9911348521709442, 'hits@[1,3,10]': tensor([0.9862, 0.9943, 0.9996])}
	 VALID :  {'MRR': 0.4578283578157425, 'hits@[1,3,10]': tensor([0.3658, 0.5079, 0.6299])}
	 TRAIN:  {'MRR': 0.9911589026451111, 'hits@[1,3,10]': tensor([0.9859, 0.9957, 0.9995])}
	 VALID :  {'MRR': 0.45744688808918, 'hits@[1,3,10]': tensor([0.3655, 0.5065, 0.6314])}
	 TRAIN:  {'MRR': 0.991197019815445, 'hits@[1,3,10]': tensor([0.9863, 0.9948, 0.9996])}
	 VALID :  {'MRR': 0.4587884098291397, 'hits@[1,3,10]': tensor([0.3673, 0.5075, 0.6313])}
	 TRAIN:  {'MRR': 0.9906841516494751, 'hits@[1,3,10]': tensor([0.9856, 0.9946, 0.9995])}
	 VALID :  {'MRR': 0.45862238109111786, 'hits@[1,3,10]': tensor([0.3676, 0.5071, 0.6309])}
	 TRAIN:  {'MRR': 0.9905820786952972, 'hits@[1,3,10]': tensor([0.9860, 0.9933, 0.9995])}
	 VALID :  {'MRR': 0.4576933979988098, 'hits@[1,3,10]': tensor([0.3659, 0.5071, 0.6300])}
	 TRAIN:  {'MRR': 0.9903630316257477, 'hits@[1,3,10]': tensor([0.9853, 0.9931, 0.9996])}
	 VALID :  {'MRR': 0.4586809128522873, 'hits@[1,3,10]': tensor([0.3671, 0.5078, 0.6317])}
	 TRAIN:  {'MRR': 0.9908910691738129, 'hits@[1,3,10]': tensor([0.9862, 0.9941, 0.9995])}
	 VALID :  {'MRR': 0.458162397146225, 'hits@[1,3,10]': tensor([0.3664, 0.5079, 0.6304])}
	 TRAIN:  {'MRR': 0.9910904467105865, 'hits@[1,3,10]': tensor([0.9862, 0.9949, 0.9996])}
	 VALID :  {'MRR': 0.45931456983089447, 'hits@[1,3,10]': tensor([0.3683, 0.5081, 0.6310])}
	 TRAIN:  {'MRR': 0.9909067451953888, 'hits@[1,3,10]': tensor([0.9861, 0.9938, 0.9996])}
	 VALID :  {'MRR': 0.4586888402700424, 'hits@[1,3,10]': tensor([0.3670, 0.5074, 0.6311])}
	 TRAIN:  {'MRR': 0.9910365641117096, 'hits@[1,3,10]': tensor([0.9859, 0.9951, 0.9995])}
	 VALID :  {'MRR': 0.4593035727739334, 'hits@[1,3,10]': tensor([0.3681, 0.5075, 0.6311])}
	 TRAIN:  {'MRR': 0.9910126328468323, 'hits@[1,3,10]': tensor([0.9862, 0.9945, 0.9997])}
	 VALID :  {'MRR': 0.4587186127901077, 'hits@[1,3,10]': tensor([0.3672, 0.5072, 0.6310])}
	 TRAIN:  {'MRR': 0.9903918206691742, 'hits@[1,3,10]': tensor([0.9855, 0.9931, 0.9996])}
	 VALID :  {'MRR': 0.4591868966817856, 'hits@[1,3,10]': tensor([0.3679, 0.5080, 0.6310])}
	 TRAIN:  {'MRR': 0.9909918904304504, 'hits@[1,3,10]': tensor([0.9864, 0.9937, 0.9995])}
	 VALID :  {'MRR': 0.4591522514820099, 'hits@[1,3,10]': tensor([0.3679, 0.5079, 0.6306])}
	 TRAIN:  {'MRR': 0.9910902380943298, 'hits@[1,3,10]': tensor([0.9858, 0.9951, 0.9996])}
	 VALID :  {'MRR': 0.45842550694942474, 'hits@[1,3,10]': tensor([0.3664, 0.5081, 0.6311])}


TEST :  {'MRR': 0.4602954238653183, 'hits@[1,3,10]': tensor([0.3704, 0.5075, 0.6309])}
