{'batch_size': 1000,
 'checkpoint': None,
 'data_shape': (63361, 400, 63361),
 'dataset': 'NELL',
 'decay1': 0.9,
 'decay2': 0.999,
 'eval_only': False,
 'init': 0.001,
 'learning_rate': 0.1,
 'max_epochs': 100,
 'model': 'DistMult',
 'model_save_schedule': 1000,
 'optimizer': 'Adagrad',
 'path': 'kbc/data/NELL',
 'rank': 500,
 'reg': 0.1,
 'regularizer': 'N3',
 'valid': 3.0}
	 TRAIN:  {'MRR': 0.5132316052913666, 'hits@[1,3,10]': tensor([0.4127, 0.5649, 0.7045])}
	 VALID :  {'MRR': 0.3611844480037689, 'hits@[1,3,10]': tensor([0.2729, 0.3988, 0.5346])}
	 TRAIN:  {'MRR': 0.7631049156188965, 'hits@[1,3,10]': tensor([0.6962, 0.8039, 0.8871])}
	 VALID :  {'MRR': 0.4234507530927658, 'hits@[1,3,10]': tensor([0.3331, 0.4657, 0.5963])}
	 TRAIN:  {'MRR': 0.806197315454483, 'hits@[1,3,10]': tensor([0.7499, 0.8416, 0.9103])}
	 VALID :  {'MRR': 0.4298730343580246, 'hits@[1,3,10]': tensor([0.3363, 0.4776, 0.6093])}
	 TRAIN:  {'MRR': 0.8214519917964935, 'hits@[1,3,10]': tensor([0.7685, 0.8559, 0.9195])}
	 VALID :  {'MRR': 0.43368135392665863, 'hits@[1,3,10]': tensor([0.3414, 0.4793, 0.6125])}
	 TRAIN:  {'MRR': 0.8322891592979431, 'hits@[1,3,10]': tensor([0.7831, 0.8633, 0.9226])}
	 VALID :  {'MRR': 0.436205193400383, 'hits@[1,3,10]': tensor([0.3442, 0.4809, 0.6145])}
	 TRAIN:  {'MRR': 0.8372604846954346, 'hits@[1,3,10]': tensor([0.7892, 0.8681, 0.9262])}
	 VALID :  {'MRR': 0.4369598627090454, 'hits@[1,3,10]': tensor([0.3443, 0.4830, 0.6165])}
	 TRAIN:  {'MRR': 0.8429917395114899, 'hits@[1,3,10]': tensor([0.7960, 0.8731, 0.9288])}
	 VALID :  {'MRR': 0.43937210738658905, 'hits@[1,3,10]': tensor([0.3470, 0.4851, 0.6182])}
	 TRAIN:  {'MRR': 0.8469587564468384, 'hits@[1,3,10]': tensor([0.8009, 0.8765, 0.9302])}
	 VALID :  {'MRR': 0.4400092512369156, 'hits@[1,3,10]': tensor([0.3471, 0.4860, 0.6189])}
	 TRAIN:  {'MRR': 0.8485953211784363, 'hits@[1,3,10]': tensor([0.8041, 0.8769, 0.9306])}
	 VALID :  {'MRR': 0.4404699057340622, 'hits@[1,3,10]': tensor([0.3478, 0.4860, 0.6186])}
	 TRAIN:  {'MRR': 0.850342720746994, 'hits@[1,3,10]': tensor([0.8053, 0.8797, 0.9323])}
	 VALID :  {'MRR': 0.4410012513399124, 'hits@[1,3,10]': tensor([0.3481, 0.4892, 0.6199])}
	 TRAIN:  {'MRR': 0.8537380993366241, 'hits@[1,3,10]': tensor([0.8102, 0.8811, 0.9334])}
	 VALID :  {'MRR': 0.4424050599336624, 'hits@[1,3,10]': tensor([0.3507, 0.4883, 0.6200])}
	 TRAIN:  {'MRR': 0.855264812707901, 'hits@[1,3,10]': tensor([0.8121, 0.8820, 0.9338])}
	 VALID :  {'MRR': 0.44177010655403137, 'hits@[1,3,10]': tensor([0.3491, 0.4883, 0.6205])}
	 TRAIN:  {'MRR': 0.8575888574123383, 'hits@[1,3,10]': tensor([0.8151, 0.8843, 0.9357])}
	 VALID :  {'MRR': 0.4419184774160385, 'hits@[1,3,10]': tensor([0.3485, 0.4890, 0.6206])}
	 TRAIN:  {'MRR': 0.8580759763717651, 'hits@[1,3,10]': tensor([0.8155, 0.8846, 0.9363])}
	 VALID :  {'MRR': 0.44111762940883636, 'hits@[1,3,10]': tensor([0.3475, 0.4886, 0.6211])}
	 TRAIN:  {'MRR': 0.8578075766563416, 'hits@[1,3,10]': tensor([0.8165, 0.8826, 0.9349])}
	 VALID :  {'MRR': 0.4431007206439972, 'hits@[1,3,10]': tensor([0.3500, 0.4909, 0.6222])}
	 TRAIN:  {'MRR': 0.8611212968826294, 'hits@[1,3,10]': tensor([0.8198, 0.8866, 0.9369])}
	 VALID :  {'MRR': 0.4427892565727234, 'hits@[1,3,10]': tensor([0.3493, 0.4901, 0.6223])}
	 TRAIN:  {'MRR': 0.8601251542568207, 'hits@[1,3,10]': tensor([0.8192, 0.8855, 0.9352])}
	 VALID :  {'MRR': 0.4427506774663925, 'hits@[1,3,10]': tensor([0.3493, 0.4902, 0.6224])}
	 TRAIN:  {'MRR': 0.8621427118778229, 'hits@[1,3,10]': tensor([0.8220, 0.8866, 0.9369])}
	 VALID :  {'MRR': 0.44378961622714996, 'hits@[1,3,10]': tensor([0.3513, 0.4902, 0.6226])}
	 TRAIN:  {'MRR': 0.8619782626628876, 'hits@[1,3,10]': tensor([0.8212, 0.8867, 0.9379])}
	 VALID :  {'MRR': 0.44335953891277313, 'hits@[1,3,10]': tensor([0.3509, 0.4891, 0.6226])}
	 TRAIN:  {'MRR': 0.8653867244720459, 'hits@[1,3,10]': tensor([0.8256, 0.8893, 0.9398])}
	 VALID :  {'MRR': 0.4433923661708832, 'hits@[1,3,10]': tensor([0.3502, 0.4899, 0.6229])}
	 TRAIN:  {'MRR': 0.8642976880073547, 'hits@[1,3,10]': tensor([0.8241, 0.8885, 0.9387])}
	 VALID :  {'MRR': 0.44352908432483673, 'hits@[1,3,10]': tensor([0.3505, 0.4904, 0.6233])}
	 TRAIN:  {'MRR': 0.8654064834117889, 'hits@[1,3,10]': tensor([0.8255, 0.8897, 0.9384])}
	 VALID :  {'MRR': 0.44389066100120544, 'hits@[1,3,10]': tensor([0.3509, 0.4903, 0.6236])}
	 TRAIN:  {'MRR': 0.8657786846160889, 'hits@[1,3,10]': tensor([0.8261, 0.8899, 0.9390])}
	 VALID :  {'MRR': 0.4441063702106476, 'hits@[1,3,10]': tensor([0.3513, 0.4898, 0.6248])}
	 TRAIN:  {'MRR': 0.8661995530128479, 'hits@[1,3,10]': tensor([0.8266, 0.8902, 0.9400])}
	 VALID :  {'MRR': 0.4437696784734726, 'hits@[1,3,10]': tensor([0.3507, 0.4907, 0.6238])}
	 TRAIN:  {'MRR': 0.8666469156742096, 'hits@[1,3,10]': tensor([0.8282, 0.8898, 0.9387])}
	 VALID :  {'MRR': 0.44454528391361237, 'hits@[1,3,10]': tensor([0.3514, 0.4912, 0.6245])}
	 TRAIN:  {'MRR': 0.868056058883667, 'hits@[1,3,10]': tensor([0.8290, 0.8913, 0.9415])}
	 VALID :  {'MRR': 0.4439341872930527, 'hits@[1,3,10]': tensor([0.3506, 0.4919, 0.6242])}
	 TRAIN:  {'MRR': 0.8676311671733856, 'hits@[1,3,10]': tensor([0.8286, 0.8916, 0.9401])}
	 VALID :  {'MRR': 0.44333311915397644, 'hits@[1,3,10]': tensor([0.3501, 0.4900, 0.6245])}
	 TRAIN:  {'MRR': 0.8685230910778046, 'hits@[1,3,10]': tensor([0.8297, 0.8919, 0.9408])}
	 VALID :  {'MRR': 0.44519664347171783, 'hits@[1,3,10]': tensor([0.3527, 0.4920, 0.6248])}
	 TRAIN:  {'MRR': 0.8678378164768219, 'hits@[1,3,10]': tensor([0.8297, 0.8906, 0.9396])}
	 VALID :  {'MRR': 0.4447643756866455, 'hits@[1,3,10]': tensor([0.3521, 0.4908, 0.6249])}
	 TRAIN:  {'MRR': 0.8690214455127716, 'hits@[1,3,10]': tensor([0.8304, 0.8925, 0.9416])}
	 VALID :  {'MRR': 0.444731742143631, 'hits@[1,3,10]': tensor([0.3519, 0.4911, 0.6248])}
	 TRAIN:  {'MRR': 0.8672548830509186, 'hits@[1,3,10]': tensor([0.8289, 0.8900, 0.9397])}
	 VALID :  {'MRR': 0.44484831392765045, 'hits@[1,3,10]': tensor([0.3522, 0.4903, 0.6248])}
	 TRAIN:  {'MRR': 0.869174987077713, 'hits@[1,3,10]': tensor([0.8308, 0.8916, 0.9415])}
	 VALID :  {'MRR': 0.4448394477367401, 'hits@[1,3,10]': tensor([0.3523, 0.4902, 0.6253])}
	 TRAIN:  {'MRR': 0.8702259957790375, 'hits@[1,3,10]': tensor([0.8324, 0.8924, 0.9406])}
	 VALID :  {'MRR': 0.44543810188770294, 'hits@[1,3,10]': tensor([0.3528, 0.4912, 0.6257])}


TEST :  {'MRR': 0.44401833415031433, 'hits@[1,3,10]': tensor([0.3499, 0.4907, 0.6236])}
