{'batch_size': 500,
 'checkpoint': None,
 'data_shape': (63361, 400, 63361),
 'dataset': 'NELL',
 'decay1': 0.9,
 'decay2': 0.999,
 'eval_only': False,
 'init': 0.001,
 'learning_rate': 0.1,
 'max_epochs': 100,
 'model': 'DistMult',
 'model_save_schedule': 1000,
 'optimizer': 'Adagrad',
 'path': 'kbc/data/NELL',
 'rank': 1000,
 'reg': 0.005,
 'regularizer': 'N3',
 'valid': 3.0}
	 TRAIN:  {'MRR': 0.9110496640205383, 'hits@[1,3,10]': tensor([0.8669, 0.9473, 0.9824])}
	 VALID :  {'MRR': 0.4259546101093292, 'hits@[1,3,10]': tensor([0.3330, 0.4717, 0.6041])}
	 TRAIN:  {'MRR': 0.9707356691360474, 'hits@[1,3,10]': tensor([0.9552, 0.9833, 0.9977])}
	 VALID :  {'MRR': 0.4413567930459976, 'hits@[1,3,10]': tensor([0.3492, 0.4869, 0.6188])}
	 TRAIN:  {'MRR': 0.9796691536903381, 'hits@[1,3,10]': tensor([0.9677, 0.9901, 0.9989])}
	 VALID :  {'MRR': 0.4489309638738632, 'hits@[1,3,10]': tensor([0.3577, 0.4955, 0.6209])}
	 TRAIN:  {'MRR': 0.9835266768932343, 'hits@[1,3,10]': tensor([0.9734, 0.9932, 0.9993])}
	 VALID :  {'MRR': 0.4504624754190445, 'hits@[1,3,10]': tensor([0.3584, 0.4987, 0.6248])}
	 TRAIN:  {'MRR': 0.9859107434749603, 'hits@[1,3,10]': tensor([0.9770, 0.9950, 0.9992])}
	 VALID :  {'MRR': 0.45253539085388184, 'hits@[1,3,10]': tensor([0.3617, 0.4987, 0.6243])}
	 TRAIN:  {'MRR': 0.9871248304843903, 'hits@[1,3,10]': tensor([0.9791, 0.9934, 0.9993])}
	 VALID :  {'MRR': 0.45340773463249207, 'hits@[1,3,10]': tensor([0.3621, 0.5008, 0.6263])}
	 TRAIN:  {'MRR': 0.9870732426643372, 'hits@[1,3,10]': tensor([0.9791, 0.9941, 0.9994])}
	 VALID :  {'MRR': 0.4535984694957733, 'hits@[1,3,10]': tensor([0.3627, 0.5008, 0.6258])}
	 TRAIN:  {'MRR': 0.987894594669342, 'hits@[1,3,10]': tensor([0.9808, 0.9936, 0.9994])}
	 VALID :  {'MRR': 0.4550224393606186, 'hits@[1,3,10]': tensor([0.3645, 0.5013, 0.6253])}
	 TRAIN:  {'MRR': 0.9882209897041321, 'hits@[1,3,10]': tensor([0.9816, 0.9924, 0.9995])}
	 VALID :  {'MRR': 0.45462630689144135, 'hits@[1,3,10]': tensor([0.3638, 0.4996, 0.6273])}
	 TRAIN:  {'MRR': 0.9892234206199646, 'hits@[1,3,10]': tensor([0.9829, 0.9941, 0.9995])}
	 VALID :  {'MRR': 0.4550643563270569, 'hits@[1,3,10]': tensor([0.3638, 0.5025, 0.6285])}
	 TRAIN:  {'MRR': 0.9899747669696808, 'hits@[1,3,10]': tensor([0.9837, 0.9968, 0.9996])}
	 VALID :  {'MRR': 0.4562235176563263, 'hits@[1,3,10]': tensor([0.3657, 0.5018, 0.6275])}
	 TRAIN:  {'MRR': 0.9895181357860565, 'hits@[1,3,10]': tensor([0.9842, 0.9933, 0.9994])}
	 VALID :  {'MRR': 0.45591382682323456, 'hits@[1,3,10]': tensor([0.3650, 0.5025, 0.6279])}
	 TRAIN:  {'MRR': 0.9898965060710907, 'hits@[1,3,10]': tensor([0.9845, 0.9935, 0.9995])}
	 VALID :  {'MRR': 0.4559331387281418, 'hits@[1,3,10]': tensor([0.3646, 0.5016, 0.6282])}
	 TRAIN:  {'MRR': 0.9901874661445618, 'hits@[1,3,10]': tensor([0.9844, 0.9947, 0.9994])}
	 VALID :  {'MRR': 0.45649516582489014, 'hits@[1,3,10]': tensor([0.3654, 0.5027, 0.6287])}
	 TRAIN:  {'MRR': 0.9895282685756683, 'hits@[1,3,10]': tensor([0.9837, 0.9945, 0.9993])}
	 VALID :  {'MRR': 0.4565122276544571, 'hits@[1,3,10]': tensor([0.3657, 0.5032, 0.6279])}
	 TRAIN:  {'MRR': 0.9901472926139832, 'hits@[1,3,10]': tensor([0.9847, 0.9936, 0.9995])}
	 VALID :  {'MRR': 0.4564022421836853, 'hits@[1,3,10]': tensor([0.3649, 0.5041, 0.6286])}
	 TRAIN:  {'MRR': 0.9909101128578186, 'hits@[1,3,10]': tensor([0.9856, 0.9954, 0.9995])}
	 VALID :  {'MRR': 0.4570826590061188, 'hits@[1,3,10]': tensor([0.3670, 0.5025, 0.6292])}
	 TRAIN:  {'MRR': 0.9903782606124878, 'hits@[1,3,10]': tensor([0.9848, 0.9955, 0.9995])}
	 VALID :  {'MRR': 0.4568121135234833, 'hits@[1,3,10]': tensor([0.3659, 0.5028, 0.6289])}
	 TRAIN:  {'MRR': 0.9906550049781799, 'hits@[1,3,10]': tensor([0.9856, 0.9938, 0.9995])}
	 VALID :  {'MRR': 0.45696286857128143, 'hits@[1,3,10]': tensor([0.3665, 0.5031, 0.6290])}
	 TRAIN:  {'MRR': 0.9901217520236969, 'hits@[1,3,10]': tensor([0.9846, 0.9936, 0.9995])}
	 VALID :  {'MRR': 0.4570438861846924, 'hits@[1,3,10]': tensor([0.3665, 0.5023, 0.6282])}
	 TRAIN:  {'MRR': 0.9902777373790741, 'hits@[1,3,10]': tensor([0.9848, 0.9944, 0.9995])}
	 VALID :  {'MRR': 0.45667506754398346, 'hits@[1,3,10]': tensor([0.3652, 0.5024, 0.6278])}
	 TRAIN:  {'MRR': 0.9906326830387115, 'hits@[1,3,10]': tensor([0.9850, 0.9955, 0.9994])}
	 VALID :  {'MRR': 0.45648373663425446, 'hits@[1,3,10]': tensor([0.3655, 0.5020, 0.6281])}
	 TRAIN:  {'MRR': 0.990842878818512, 'hits@[1,3,10]': tensor([0.9851, 0.9954, 0.9996])}
	 VALID :  {'MRR': 0.4570993036031723, 'hits@[1,3,10]': tensor([0.3660, 0.5031, 0.6272])}
	 TRAIN:  {'MRR': 0.9907759428024292, 'hits@[1,3,10]': tensor([0.9854, 0.9960, 0.9994])}
	 VALID :  {'MRR': 0.45727844536304474, 'hits@[1,3,10]': tensor([0.3664, 0.5037, 0.6288])}
	 TRAIN:  {'MRR': 0.9912146925926208, 'hits@[1,3,10]': tensor([0.9861, 0.9951, 0.9996])}
	 VALID :  {'MRR': 0.4572046250104904, 'hits@[1,3,10]': tensor([0.3663, 0.5034, 0.6272])}
	 TRAIN:  {'MRR': 0.9907028079032898, 'hits@[1,3,10]': tensor([0.9860, 0.9934, 0.9996])}
	 VALID :  {'MRR': 0.45700640976428986, 'hits@[1,3,10]': tensor([0.3661, 0.5030, 0.6273])}
	 TRAIN:  {'MRR': 0.9903624951839447, 'hits@[1,3,10]': tensor([0.9853, 0.9937, 0.9996])}
	 VALID :  {'MRR': 0.45703260600566864, 'hits@[1,3,10]': tensor([0.3659, 0.5040, 0.6285])}
	 TRAIN:  {'MRR': 0.9909994900226593, 'hits@[1,3,10]': tensor([0.9863, 0.9938, 0.9996])}
	 VALID :  {'MRR': 0.4569677412509918, 'hits@[1,3,10]': tensor([0.3658, 0.5036, 0.6277])}
	 TRAIN:  {'MRR': 0.9914487600326538, 'hits@[1,3,10]': tensor([0.9863, 0.9972, 0.9995])}
	 VALID :  {'MRR': 0.457481250166893, 'hits@[1,3,10]': tensor([0.3669, 0.5035, 0.6276])}
	 TRAIN:  {'MRR': 0.9908837974071503, 'hits@[1,3,10]': tensor([0.9854, 0.9968, 0.9995])}
	 VALID :  {'MRR': 0.4573480635881424, 'hits@[1,3,10]': tensor([0.3668, 0.5037, 0.6279])}
	 TRAIN:  {'MRR': 0.9908720850944519, 'hits@[1,3,10]': tensor([0.9858, 0.9943, 0.9996])}
	 VALID :  {'MRR': 0.45686087012290955, 'hits@[1,3,10]': tensor([0.3658, 0.5034, 0.6277])}
	 TRAIN:  {'MRR': 0.9909510910511017, 'hits@[1,3,10]': tensor([0.9859, 0.9944, 0.9996])}
	 VALID :  {'MRR': 0.45663534104824066, 'hits@[1,3,10]': tensor([0.3655, 0.5032, 0.6281])}
	 TRAIN:  {'MRR': 0.9910837113857269, 'hits@[1,3,10]': tensor([0.9860, 0.9959, 0.9995])}
	 VALID :  {'MRR': 0.45771004259586334, 'hits@[1,3,10]': tensor([0.3674, 0.5037, 0.6275])}


TEST :  {'MRR': 0.459348201751709, 'hits@[1,3,10]': tensor([0.3700, 0.5059, 0.6271])}
