{'batch_size': 100,
 'checkpoint': None,
 'data_shape': (63361, 400, 63361),
 'dataset': 'NELL',
 'decay1': 0.9,
 'decay2': 0.999,
 'eval_only': False,
 'init': 0.001,
 'learning_rate': 0.1,
 'max_epochs': 100,
 'model': 'DistMult',
 'model_save_schedule': 1000,
 'optimizer': 'Adagrad',
 'path': 'kbc/data/NELL',
 'rank': 1000,
 'reg': 0.1,
 'regularizer': 'N3',
 'valid': 3.0}
	 TRAIN:  {'MRR': 0.5916342437267303, 'hits@[1,3,10]': tensor([0.4819, 0.6617, 0.7826])}
	 VALID :  {'MRR': 0.38267846405506134, 'hits@[1,3,10]': tensor([0.2863, 0.4283, 0.5682])}
	 TRAIN:  {'MRR': 0.7759606838226318, 'hits@[1,3,10]': tensor([0.7099, 0.8178, 0.8954])}
	 VALID :  {'MRR': 0.42435091733932495, 'hits@[1,3,10]': tensor([0.3276, 0.4711, 0.6110])}
	 TRAIN:  {'MRR': 0.8147636353969574, 'hits@[1,3,10]': tensor([0.7592, 0.8506, 0.9150])}
	 VALID :  {'MRR': 0.4337700456380844, 'hits@[1,3,10]': tensor([0.3381, 0.4818, 0.6167])}
	 TRAIN:  {'MRR': 0.8302320539951324, 'hits@[1,3,10]': tensor([0.7807, 0.8599, 0.9232])}
	 VALID :  {'MRR': 0.4366941303014755, 'hits@[1,3,10]': tensor([0.3415, 0.4831, 0.6192])}
	 TRAIN:  {'MRR': 0.8417724967002869, 'hits@[1,3,10]': tensor([0.7943, 0.8714, 0.9291])}
	 VALID :  {'MRR': 0.4391231834888458, 'hits@[1,3,10]': tensor([0.3444, 0.4865, 0.6210])}
	 TRAIN:  {'MRR': 0.8452226519584656, 'hits@[1,3,10]': tensor([0.7992, 0.8745, 0.9300])}
	 VALID :  {'MRR': 0.43975548446178436, 'hits@[1,3,10]': tensor([0.3446, 0.4870, 0.6222])}
	 TRAIN:  {'MRR': 0.8489534854888916, 'hits@[1,3,10]': tensor([0.8043, 0.8776, 0.9316])}
	 VALID :  {'MRR': 0.44150665402412415, 'hits@[1,3,10]': tensor([0.3472, 0.4876, 0.6237])}
	 TRAIN:  {'MRR': 0.8541285991668701, 'hits@[1,3,10]': tensor([0.8108, 0.8814, 0.9345])}
	 VALID :  {'MRR': 0.44215722382068634, 'hits@[1,3,10]': tensor([0.3470, 0.4900, 0.6260])}
	 TRAIN:  {'MRR': 0.8565462529659271, 'hits@[1,3,10]': tensor([0.8134, 0.8841, 0.9352])}
	 VALID :  {'MRR': 0.4421674907207489, 'hits@[1,3,10]': tensor([0.3463, 0.4912, 0.6250])}
	 TRAIN:  {'MRR': 0.8587856292724609, 'hits@[1,3,10]': tensor([0.8162, 0.8859, 0.9366])}
	 VALID :  {'MRR': 0.44418682157993317, 'hits@[1,3,10]': tensor([0.3497, 0.4918, 0.6264])}
	 TRAIN:  {'MRR': 0.8613950610160828, 'hits@[1,3,10]': tensor([0.8197, 0.8872, 0.9384])}
	 VALID :  {'MRR': 0.4444430023431778, 'hits@[1,3,10]': tensor([0.3498, 0.4907, 0.6283])}
	 TRAIN:  {'MRR': 0.8619562685489655, 'hits@[1,3,10]': tensor([0.8210, 0.8877, 0.9378])}
	 VALID :  {'MRR': 0.443501740694046, 'hits@[1,3,10]': tensor([0.3486, 0.4903, 0.6279])}
	 TRAIN:  {'MRR': 0.8631918132305145, 'hits@[1,3,10]': tensor([0.8212, 0.8901, 0.9402])}
	 VALID :  {'MRR': 0.44476908445358276, 'hits@[1,3,10]': tensor([0.3497, 0.4926, 0.6292])}
	 TRAIN:  {'MRR': 0.864761233329773, 'hits@[1,3,10]': tensor([0.8239, 0.8904, 0.9399])}
	 VALID :  {'MRR': 0.44674910604953766, 'hits@[1,3,10]': tensor([0.3529, 0.4926, 0.6293])}
	 TRAIN:  {'MRR': 0.8647304773330688, 'hits@[1,3,10]': tensor([0.8240, 0.8908, 0.9400])}
	 VALID :  {'MRR': 0.4461146891117096, 'hits@[1,3,10]': tensor([0.3515, 0.4939, 0.6290])}
	 TRAIN:  {'MRR': 0.8677090406417847, 'hits@[1,3,10]': tensor([0.8278, 0.8927, 0.9413])}
	 VALID :  {'MRR': 0.4461042732000351, 'hits@[1,3,10]': tensor([0.3517, 0.4930, 0.6301])}
	 TRAIN:  {'MRR': 0.8681561648845673, 'hits@[1,3,10]': tensor([0.8285, 0.8925, 0.9419])}
	 VALID :  {'MRR': 0.4466344267129898, 'hits@[1,3,10]': tensor([0.3524, 0.4928, 0.6300])}
	 TRAIN:  {'MRR': 0.8692098557949066, 'hits@[1,3,10]': tensor([0.8300, 0.8934, 0.9417])}
	 VALID :  {'MRR': 0.44614675641059875, 'hits@[1,3,10]': tensor([0.3514, 0.4940, 0.6299])}
	 TRAIN:  {'MRR': 0.8693011105060577, 'hits@[1,3,10]': tensor([0.8299, 0.8939, 0.9427])}
	 VALID :  {'MRR': 0.4462776184082031, 'hits@[1,3,10]': tensor([0.3519, 0.4931, 0.6302])}
	 TRAIN:  {'MRR': 0.871331661939621, 'hits@[1,3,10]': tensor([0.8317, 0.8963, 0.9442])}
	 VALID :  {'MRR': 0.4473448246717453, 'hits@[1,3,10]': tensor([0.3525, 0.4945, 0.6316])}
	 TRAIN:  {'MRR': 0.8700196146965027, 'hits@[1,3,10]': tensor([0.8307, 0.8943, 0.9431])}
	 VALID :  {'MRR': 0.4476933479309082, 'hits@[1,3,10]': tensor([0.3536, 0.4943, 0.6299])}
	 TRAIN:  {'MRR': 0.8721922636032104, 'hits@[1,3,10]': tensor([0.8334, 0.8964, 0.9444])}
	 VALID :  {'MRR': 0.448384165763855, 'hits@[1,3,10]': tensor([0.3546, 0.4942, 0.6306])}
	 TRAIN:  {'MRR': 0.8726504743099213, 'hits@[1,3,10]': tensor([0.8337, 0.8973, 0.9451])}
	 VALID :  {'MRR': 0.447441890835762, 'hits@[1,3,10]': tensor([0.3531, 0.4941, 0.6313])}
	 TRAIN:  {'MRR': 0.8737773597240448, 'hits@[1,3,10]': tensor([0.8357, 0.8972, 0.9449])}
	 VALID :  {'MRR': 0.44810208678245544, 'hits@[1,3,10]': tensor([0.3538, 0.4943, 0.6318])}
	 TRAIN:  {'MRR': 0.8725446462631226, 'hits@[1,3,10]': tensor([0.8338, 0.8969, 0.9442])}
	 VALID :  {'MRR': 0.4485228806734085, 'hits@[1,3,10]': tensor([0.3544, 0.4945, 0.6321])}
	 TRAIN:  {'MRR': 0.8726672828197479, 'hits@[1,3,10]': tensor([0.8337, 0.8965, 0.9454])}
	 VALID :  {'MRR': 0.4486873298883438, 'hits@[1,3,10]': tensor([0.3547, 0.4948, 0.6320])}
	 TRAIN:  {'MRR': 0.8746384680271149, 'hits@[1,3,10]': tensor([0.8360, 0.8988, 0.9462])}
	 VALID :  {'MRR': 0.4485650509595871, 'hits@[1,3,10]': tensor([0.3543, 0.4947, 0.6317])}
	 TRAIN:  {'MRR': 0.8752963244915009, 'hits@[1,3,10]': tensor([0.8369, 0.8997, 0.9471])}
	 VALID :  {'MRR': 0.44912004470825195, 'hits@[1,3,10]': tensor([0.3552, 0.4945, 0.6321])}
	 TRAIN:  {'MRR': 0.8750587701797485, 'hits@[1,3,10]': tensor([0.8370, 0.8987, 0.9463])}
	 VALID :  {'MRR': 0.4481905698776245, 'hits@[1,3,10]': tensor([0.3541, 0.4944, 0.6317])}
	 TRAIN:  {'MRR': 0.8742691576480865, 'hits@[1,3,10]': tensor([0.8363, 0.8979, 0.9451])}
	 VALID :  {'MRR': 0.4486825615167618, 'hits@[1,3,10]': tensor([0.3542, 0.4954, 0.6325])}
	 TRAIN:  {'MRR': 0.8768649399280548, 'hits@[1,3,10]': tensor([0.8392, 0.9005, 0.9477])}
	 VALID :  {'MRR': 0.4492357522249222, 'hits@[1,3,10]': tensor([0.3551, 0.4948, 0.6322])}
	 TRAIN:  {'MRR': 0.8748349249362946, 'hits@[1,3,10]': tensor([0.8361, 0.8989, 0.9464])}
	 VALID :  {'MRR': 0.4472962021827698, 'hits@[1,3,10]': tensor([0.3522, 0.4949, 0.6321])}
	 TRAIN:  {'MRR': 0.8756612837314606, 'hits@[1,3,10]': tensor([0.8371, 0.9005, 0.9467])}
	 VALID :  {'MRR': 0.4478181302547455, 'hits@[1,3,10]': tensor([0.3529, 0.4950, 0.6318])}


TEST :  {'MRR': 0.4484208971261978, 'hits@[1,3,10]': tensor([0.3546, 0.4946, 0.6300])}
