{'batch_size': 1000,
 'checkpoint': None,
 'data_shape': (63361, 400, 63361),
 'dataset': 'NELL',
 'decay1': 0.9,
 'decay2': 0.999,
 'eval_only': False,
 'init': 0.001,
 'learning_rate': 0.1,
 'max_epochs': 100,
 'model': 'DistMult',
 'model_save_schedule': 1000,
 'optimizer': 'Adagrad',
 'path': 'kbc/data/NELL',
 'rank': 500,
 'reg': 0.05,
 'regularizer': 'N3',
 'valid': 3.0}
	 TRAIN:  {'MRR': 0.7175514996051788, 'hits@[1,3,10]': tensor([0.6318, 0.7721, 0.8760])}
	 VALID :  {'MRR': 0.4129622131586075, 'hits@[1,3,10]': tensor([0.3208, 0.4563, 0.5903])}
	 TRAIN:  {'MRR': 0.8736995458602905, 'hits@[1,3,10]': tensor([0.8304, 0.9039, 0.9504])}
	 VALID :  {'MRR': 0.4439556896686554, 'hits@[1,3,10]': tensor([0.3525, 0.4897, 0.6208])}
	 TRAIN:  {'MRR': 0.9023356437683105, 'hits@[1,3,10]': tensor([0.8677, 0.9264, 0.9649])}
	 VALID :  {'MRR': 0.4442543685436249, 'hits@[1,3,10]': tensor([0.3512, 0.4915, 0.6234])}
	 TRAIN:  {'MRR': 0.9129970371723175, 'hits@[1,3,10]': tensor([0.8809, 0.9348, 0.9728])}
	 VALID :  {'MRR': 0.44634412229061127, 'hits@[1,3,10]': tensor([0.3542, 0.4908, 0.6252])}
	 TRAIN:  {'MRR': 0.9214171469211578, 'hits@[1,3,10]': tensor([0.8912, 0.9434, 0.9754])}
	 VALID :  {'MRR': 0.4464956223964691, 'hits@[1,3,10]': tensor([0.3538, 0.4929, 0.6249])}
	 TRAIN:  {'MRR': 0.9257794320583344, 'hits@[1,3,10]': tensor([0.8967, 0.9457, 0.9783])}
	 VALID :  {'MRR': 0.44610506296157837, 'hits@[1,3,10]': tensor([0.3525, 0.4923, 0.6265])}
	 TRAIN:  {'MRR': 0.9282241761684418, 'hits@[1,3,10]': tensor([0.9003, 0.9480, 0.9800])}
	 VALID :  {'MRR': 0.44711165130138397, 'hits@[1,3,10]': tensor([0.3546, 0.4920, 0.6257])}
	 TRAIN:  {'MRR': 0.9346882104873657, 'hits@[1,3,10]': tensor([0.9090, 0.9531, 0.9816])}
	 VALID :  {'MRR': 0.448201522231102, 'hits@[1,3,10]': tensor([0.3555, 0.4949, 0.6255])}
	 TRAIN:  {'MRR': 0.9343499839305878, 'hits@[1,3,10]': tensor([0.9087, 0.9532, 0.9822])}
	 VALID :  {'MRR': 0.4477151781320572, 'hits@[1,3,10]': tensor([0.3544, 0.4938, 0.6268])}
	 TRAIN:  {'MRR': 0.9372935593128204, 'hits@[1,3,10]': tensor([0.9121, 0.9549, 0.9834])}
	 VALID :  {'MRR': 0.44787366688251495, 'hits@[1,3,10]': tensor([0.3547, 0.4935, 0.6265])}
	 TRAIN:  {'MRR': 0.9405550062656403, 'hits@[1,3,10]': tensor([0.9168, 0.9568, 0.9840])}
	 VALID :  {'MRR': 0.4487249106168747, 'hits@[1,3,10]': tensor([0.3555, 0.4960, 0.6258])}
	 TRAIN:  {'MRR': 0.9395639598369598, 'hits@[1,3,10]': tensor([0.9146, 0.9568, 0.9841])}
	 VALID :  {'MRR': 0.44866448640823364, 'hits@[1,3,10]': tensor([0.3553, 0.4951, 0.6265])}
	 TRAIN:  {'MRR': 0.941099226474762, 'hits@[1,3,10]': tensor([0.9170, 0.9576, 0.9849])}
	 VALID :  {'MRR': 0.44859109818935394, 'hits@[1,3,10]': tensor([0.3553, 0.4949, 0.6272])}
	 TRAIN:  {'MRR': 0.9427934288978577, 'hits@[1,3,10]': tensor([0.9201, 0.9580, 0.9848])}
	 VALID :  {'MRR': 0.44881194829940796, 'hits@[1,3,10]': tensor([0.3557, 0.4943, 0.6274])}
	 TRAIN:  {'MRR': 0.9432965517044067, 'hits@[1,3,10]': tensor([0.9206, 0.9593, 0.9857])}
	 VALID :  {'MRR': 0.4501161575317383, 'hits@[1,3,10]': tensor([0.3574, 0.4950, 0.6284])}
	 TRAIN:  {'MRR': 0.9429512023925781, 'hits@[1,3,10]': tensor([0.9193, 0.9598, 0.9858])}
	 VALID :  {'MRR': 0.44853438436985016, 'hits@[1,3,10]': tensor([0.3548, 0.4948, 0.6272])}
	 TRAIN:  {'MRR': 0.9435999393463135, 'hits@[1,3,10]': tensor([0.9207, 0.9598, 0.9855])}
	 VALID :  {'MRR': 0.4493413418531418, 'hits@[1,3,10]': tensor([0.3565, 0.4954, 0.6269])}
	 TRAIN:  {'MRR': 0.9442133605480194, 'hits@[1,3,10]': tensor([0.9220, 0.9593, 0.9857])}
	 VALID :  {'MRR': 0.44900789856910706, 'hits@[1,3,10]': tensor([0.3549, 0.4963, 0.6280])}
	 TRAIN:  {'MRR': 0.9462404847145081, 'hits@[1,3,10]': tensor([0.9248, 0.9610, 0.9862])}
	 VALID :  {'MRR': 0.4494057297706604, 'hits@[1,3,10]': tensor([0.3560, 0.4962, 0.6279])}
	 TRAIN:  {'MRR': 0.946286529302597, 'hits@[1,3,10]': tensor([0.9244, 0.9617, 0.9862])}
	 VALID :  {'MRR': 0.4502672404050827, 'hits@[1,3,10]': tensor([0.3579, 0.4959, 0.6271])}
	 TRAIN:  {'MRR': 0.9463881850242615, 'hits@[1,3,10]': tensor([0.9244, 0.9617, 0.9864])}
	 VALID :  {'MRR': 0.44908028841018677, 'hits@[1,3,10]': tensor([0.3555, 0.4957, 0.6275])}
	 TRAIN:  {'MRR': 0.9476452469825745, 'hits@[1,3,10]': tensor([0.9262, 0.9630, 0.9867])}
	 VALID :  {'MRR': 0.44938577711582184, 'hits@[1,3,10]': tensor([0.3556, 0.4970, 0.6267])}
	 TRAIN:  {'MRR': 0.9477642178535461, 'hits@[1,3,10]': tensor([0.9265, 0.9625, 0.9868])}
	 VALID :  {'MRR': 0.44992195069789886, 'hits@[1,3,10]': tensor([0.3565, 0.4959, 0.6274])}
	 TRAIN:  {'MRR': 0.948323130607605, 'hits@[1,3,10]': tensor([0.9273, 0.9629, 0.9870])}
	 VALID :  {'MRR': 0.4496944695711136, 'hits@[1,3,10]': tensor([0.3562, 0.4961, 0.6289])}
	 TRAIN:  {'MRR': 0.9476162493228912, 'hits@[1,3,10]': tensor([0.9259, 0.9632, 0.9869])}
	 VALID :  {'MRR': 0.45005375146865845, 'hits@[1,3,10]': tensor([0.3566, 0.4964, 0.6278])}
	 TRAIN:  {'MRR': 0.9476013779640198, 'hits@[1,3,10]': tensor([0.9262, 0.9624, 0.9870])}
	 VALID :  {'MRR': 0.4504917562007904, 'hits@[1,3,10]': tensor([0.3568, 0.4966, 0.6287])}
	 TRAIN:  {'MRR': 0.9488654732704163, 'hits@[1,3,10]': tensor([0.9281, 0.9630, 0.9873])}
	 VALID :  {'MRR': 0.45037296414375305, 'hits@[1,3,10]': tensor([0.3566, 0.4972, 0.6281])}
	 TRAIN:  {'MRR': 0.9491498470306396, 'hits@[1,3,10]': tensor([0.9287, 0.9635, 0.9872])}
	 VALID :  {'MRR': 0.45082955062389374, 'hits@[1,3,10]': tensor([0.3578, 0.4970, 0.6275])}
	 TRAIN:  {'MRR': 0.9486938714981079, 'hits@[1,3,10]': tensor([0.9279, 0.9631, 0.9872])}
	 VALID :  {'MRR': 0.45078204572200775, 'hits@[1,3,10]': tensor([0.3578, 0.4971, 0.6283])}
	 TRAIN:  {'MRR': 0.9486946761608124, 'hits@[1,3,10]': tensor([0.9280, 0.9629, 0.9870])}
	 VALID :  {'MRR': 0.4514259845018387, 'hits@[1,3,10]': tensor([0.3588, 0.4971, 0.6287])}
	 TRAIN:  {'MRR': 0.9508947432041168, 'hits@[1,3,10]': tensor([0.9311, 0.9648, 0.9879])}
	 VALID :  {'MRR': 0.4505099952220917, 'hits@[1,3,10]': tensor([0.3573, 0.4970, 0.6281])}
	 TRAIN:  {'MRR': 0.9510873258113861, 'hits@[1,3,10]': tensor([0.9312, 0.9649, 0.9879])}
	 VALID :  {'MRR': 0.4512251019477844, 'hits@[1,3,10]': tensor([0.3582, 0.4972, 0.6284])}
	 TRAIN:  {'MRR': 0.9508503675460815, 'hits@[1,3,10]': tensor([0.9313, 0.9641, 0.9873])}
	 VALID :  {'MRR': 0.45133811235427856, 'hits@[1,3,10]': tensor([0.3584, 0.4986, 0.6287])}


TEST :  {'MRR': 0.45253942906856537, 'hits@[1,3,10]': tensor([0.3594, 0.5010, 0.6292])}
