{'batch_size': 500,
 'checkpoint': None,
 'data_shape': (63361, 400, 63361),
 'dataset': 'NELL',
 'decay1': 0.9,
 'decay2': 0.999,
 'eval_only': False,
 'init': 0.001,
 'learning_rate': 0.1,
 'max_epochs': 100,
 'model': 'DistMult',
 'model_save_schedule': 1000,
 'optimizer': 'Adagrad',
 'path': 'kbc/data/NELL',
 'rank': 1000,
 'reg': 0.01,
 'regularizer': 'N3',
 'valid': 3.0}
	 TRAIN:  {'MRR': 0.903796523809433, 'hits@[1,3,10]': tensor([0.8593, 0.9393, 0.9785])}
	 VALID :  {'MRR': 0.4263962656259537, 'hits@[1,3,10]': tensor([0.3323, 0.4729, 0.6083])}
	 TRAIN:  {'MRR': 0.9656313061714172, 'hits@[1,3,10]': tensor([0.9481, 0.9792, 0.9963])}
	 VALID :  {'MRR': 0.44357486069202423, 'hits@[1,3,10]': tensor([0.3492, 0.4919, 0.6255])}
	 TRAIN:  {'MRR': 0.9759602248668671, 'hits@[1,3,10]': tensor([0.9630, 0.9870, 0.9979])}
	 VALID :  {'MRR': 0.449648454785347, 'hits@[1,3,10]': tensor([0.3558, 0.4979, 0.6279])}
	 TRAIN:  {'MRR': 0.9796781241893768, 'hits@[1,3,10]': tensor([0.9686, 0.9894, 0.9986])}
	 VALID :  {'MRR': 0.45242710411548615, 'hits@[1,3,10]': tensor([0.3598, 0.4988, 0.6286])}
	 TRAIN:  {'MRR': 0.9837385714054108, 'hits@[1,3,10]': tensor([0.9749, 0.9905, 0.9986])}
	 VALID :  {'MRR': 0.4552178382873535, 'hits@[1,3,10]': tensor([0.3635, 0.5022, 0.6294])}
	 TRAIN:  {'MRR': 0.9837722480297089, 'hits@[1,3,10]': tensor([0.9750, 0.9911, 0.9987])}
	 VALID :  {'MRR': 0.45525138080120087, 'hits@[1,3,10]': tensor([0.3628, 0.5025, 0.6313])}
	 TRAIN:  {'MRR': 0.9850626885890961, 'hits@[1,3,10]': tensor([0.9771, 0.9915, 0.9988])}
	 VALID :  {'MRR': 0.4561212658882141, 'hits@[1,3,10]': tensor([0.3637, 0.5044, 0.6307])}
	 TRAIN:  {'MRR': 0.98521488904953, 'hits@[1,3,10]': tensor([0.9775, 0.9914, 0.9989])}
	 VALID :  {'MRR': 0.4565063416957855, 'hits@[1,3,10]': tensor([0.3643, 0.5043, 0.6316])}
	 TRAIN:  {'MRR': 0.9862554669380188, 'hits@[1,3,10]': tensor([0.9789, 0.9927, 0.9989])}
	 VALID :  {'MRR': 0.457741841673851, 'hits@[1,3,10]': tensor([0.3666, 0.5047, 0.6309])}
	 TRAIN:  {'MRR': 0.9856899082660675, 'hits@[1,3,10]': tensor([0.9779, 0.9921, 0.9987])}
	 VALID :  {'MRR': 0.45764946937561035, 'hits@[1,3,10]': tensor([0.3661, 0.5047, 0.6303])}
	 TRAIN:  {'MRR': 0.986922025680542, 'hits@[1,3,10]': tensor([0.9796, 0.9925, 0.9989])}
	 VALID :  {'MRR': 0.4567889869213104, 'hits@[1,3,10]': tensor([0.3644, 0.5045, 0.6328])}
	 TRAIN:  {'MRR': 0.9862206280231476, 'hits@[1,3,10]': tensor([0.9783, 0.9930, 0.9990])}
	 VALID :  {'MRR': 0.45835013687610626, 'hits@[1,3,10]': tensor([0.3674, 0.5050, 0.6322])}
	 TRAIN:  {'MRR': 0.9870021045207977, 'hits@[1,3,10]': tensor([0.9804, 0.9920, 0.9988])}
	 VALID :  {'MRR': 0.45737655460834503, 'hits@[1,3,10]': tensor([0.3658, 0.5050, 0.6312])}
	 TRAIN:  {'MRR': 0.9874739646911621, 'hits@[1,3,10]': tensor([0.9812, 0.9925, 0.9988])}
	 VALID :  {'MRR': 0.45791612565517426, 'hits@[1,3,10]': tensor([0.3668, 0.5042, 0.6306])}
	 TRAIN:  {'MRR': 0.987312376499176, 'hits@[1,3,10]': tensor([0.9810, 0.9918, 0.9991])}
	 VALID :  {'MRR': 0.45806752145290375, 'hits@[1,3,10]': tensor([0.3667, 0.5054, 0.6311])}
	 TRAIN:  {'MRR': 0.9876143634319305, 'hits@[1,3,10]': tensor([0.9812, 0.9921, 0.9991])}
	 VALID :  {'MRR': 0.45790043473243713, 'hits@[1,3,10]': tensor([0.3662, 0.5051, 0.6308])}
	 TRAIN:  {'MRR': 0.9880276322364807, 'hits@[1,3,10]': tensor([0.9820, 0.9923, 0.9991])}
	 VALID :  {'MRR': 0.45782241225242615, 'hits@[1,3,10]': tensor([0.3664, 0.5056, 0.6310])}
	 TRAIN:  {'MRR': 0.9880499541759491, 'hits@[1,3,10]': tensor([0.9818, 0.9926, 0.9991])}
	 VALID :  {'MRR': 0.4568195939064026, 'hits@[1,3,10]': tensor([0.3643, 0.5053, 0.6316])}
	 TRAIN:  {'MRR': 0.9879639148712158, 'hits@[1,3,10]': tensor([0.9816, 0.9927, 0.9991])}
	 VALID :  {'MRR': 0.4574475586414337, 'hits@[1,3,10]': tensor([0.3657, 0.5053, 0.6314])}
	 TRAIN:  {'MRR': 0.987856924533844, 'hits@[1,3,10]': tensor([0.9816, 0.9924, 0.9991])}
	 VALID :  {'MRR': 0.4579034447669983, 'hits@[1,3,10]': tensor([0.3665, 0.5050, 0.6314])}
	 TRAIN:  {'MRR': 0.9886353313922882, 'hits@[1,3,10]': tensor([0.9829, 0.9930, 0.9991])}
	 VALID :  {'MRR': 0.4581776559352875, 'hits@[1,3,10]': tensor([0.3667, 0.5056, 0.6312])}
	 TRAIN:  {'MRR': 0.988872617483139, 'hits@[1,3,10]': tensor([0.9827, 0.9936, 0.9991])}
	 VALID :  {'MRR': 0.45795026421546936, 'hits@[1,3,10]': tensor([0.3663, 0.5057, 0.6313])}
	 TRAIN:  {'MRR': 0.9881789088249207, 'hits@[1,3,10]': tensor([0.9818, 0.9926, 0.9992])}
	 VALID :  {'MRR': 0.4574923813343048, 'hits@[1,3,10]': tensor([0.3654, 0.5052, 0.6303])}
	 TRAIN:  {'MRR': 0.9879856705665588, 'hits@[1,3,10]': tensor([0.9817, 0.9923, 0.9990])}
	 VALID :  {'MRR': 0.45815959572792053, 'hits@[1,3,10]': tensor([0.3670, 0.5051, 0.6308])}
	 TRAIN:  {'MRR': 0.9878748655319214, 'hits@[1,3,10]': tensor([0.9816, 0.9928, 0.9992])}
	 VALID :  {'MRR': 0.45847052335739136, 'hits@[1,3,10]': tensor([0.3677, 0.5048, 0.6311])}
	 TRAIN:  {'MRR': 0.988298773765564, 'hits@[1,3,10]': tensor([0.9826, 0.9922, 0.9991])}
	 VALID :  {'MRR': 0.4581543803215027, 'hits@[1,3,10]': tensor([0.3669, 0.5055, 0.6305])}
	 TRAIN:  {'MRR': 0.9895824193954468, 'hits@[1,3,10]': tensor([0.9841, 0.9934, 0.9991])}
	 VALID :  {'MRR': 0.4589553773403168, 'hits@[1,3,10]': tensor([0.3683, 0.5057, 0.6312])}
	 TRAIN:  {'MRR': 0.9884493350982666, 'hits@[1,3,10]': tensor([0.9825, 0.9925, 0.9991])}
	 VALID :  {'MRR': 0.45821869373321533, 'hits@[1,3,10]': tensor([0.3669, 0.5046, 0.6306])}
	 TRAIN:  {'MRR': 0.9885290861129761, 'hits@[1,3,10]': tensor([0.9820, 0.9938, 0.9991])}
	 VALID :  {'MRR': 0.45734865963459015, 'hits@[1,3,10]': tensor([0.3659, 0.5040, 0.6315])}
	 TRAIN:  {'MRR': 0.9882622957229614, 'hits@[1,3,10]': tensor([0.9821, 0.9924, 0.9991])}
	 VALID :  {'MRR': 0.4579954743385315, 'hits@[1,3,10]': tensor([0.3662, 0.5061, 0.6318])}
	 TRAIN:  {'MRR': 0.9889441728591919, 'hits@[1,3,10]': tensor([0.9827, 0.9933, 0.9991])}
	 VALID :  {'MRR': 0.4586423486471176, 'hits@[1,3,10]': tensor([0.3678, 0.5057, 0.6314])}
	 TRAIN:  {'MRR': 0.9889059364795685, 'hits@[1,3,10]': tensor([0.9830, 0.9935, 0.9992])}
	 VALID :  {'MRR': 0.4583967924118042, 'hits@[1,3,10]': tensor([0.3675, 0.5050, 0.6311])}
	 TRAIN:  {'MRR': 0.9891552925109863, 'hits@[1,3,10]': tensor([0.9834, 0.9926, 0.9992])}
	 VALID :  {'MRR': 0.4580254554748535, 'hits@[1,3,10]': tensor([0.3668, 0.5048, 0.6302])}


TEST :  {'MRR': 0.45997393131256104, 'hits@[1,3,10]': tensor([0.3697, 0.5072, 0.6308])}
