{'batch_size': 500,
 'checkpoint': None,
 'data_shape': (63361, 400, 63361),
 'dataset': 'NELL',
 'decay1': 0.9,
 'decay2': 0.999,
 'eval_only': False,
 'init': 0.001,
 'learning_rate': 0.1,
 'max_epochs': 100,
 'model': 'DistMult',
 'model_save_schedule': 1000,
 'optimizer': 'Adagrad',
 'path': 'kbc/data/NELL',
 'rank': 1000,
 'reg': 0.0005,
 'regularizer': 'N3',
 'valid': 3.0}
	 TRAIN:  {'MRR': 0.925804853439331, 'hits@[1,3,10]': tensor([0.8878, 0.9560, 0.9890])}
	 VALID :  {'MRR': 0.42111876606941223, 'hits@[1,3,10]': tensor([0.3301, 0.4656, 0.5966])}
	 TRAIN:  {'MRR': 0.9726080298423767, 'hits@[1,3,10]': tensor([0.9576, 0.9851, 0.9978])}
	 VALID :  {'MRR': 0.4360135346651077, 'hits@[1,3,10]': tensor([0.3426, 0.4852, 0.6138])}
	 TRAIN:  {'MRR': 0.9814635217189789, 'hits@[1,3,10]': tensor([0.9702, 0.9913, 0.9994])}
	 VALID :  {'MRR': 0.44152937829494476, 'hits@[1,3,10]': tensor([0.3491, 0.4907, 0.6176])}
	 TRAIN:  {'MRR': 0.9855932295322418, 'hits@[1,3,10]': tensor([0.9759, 0.9941, 0.9996])}
	 VALID :  {'MRR': 0.44283345341682434, 'hits@[1,3,10]': tensor([0.3496, 0.4920, 0.6181])}
	 TRAIN:  {'MRR': 0.9886068999767303, 'hits@[1,3,10]': tensor([0.9808, 0.9962, 0.9996])}
	 VALID :  {'MRR': 0.44547365605831146, 'hits@[1,3,10]': tensor([0.3541, 0.4935, 0.6201])}
	 TRAIN:  {'MRR': 0.9898781180381775, 'hits@[1,3,10]': tensor([0.9827, 0.9964, 0.9996])}
	 VALID :  {'MRR': 0.44654078781604767, 'hits@[1,3,10]': tensor([0.3546, 0.4964, 0.6200])}
	 TRAIN:  {'MRR': 0.9916364252567291, 'hits@[1,3,10]': tensor([0.9854, 0.9977, 0.9997])}
	 VALID :  {'MRR': 0.4465733617544174, 'hits@[1,3,10]': tensor([0.3543, 0.4971, 0.6215])}
	 TRAIN:  {'MRR': 0.9906207919120789, 'hits@[1,3,10]': tensor([0.9836, 0.9975, 0.9996])}
	 VALID :  {'MRR': 0.44693949818611145, 'hits@[1,3,10]': tensor([0.3547, 0.4966, 0.6206])}
	 TRAIN:  {'MRR': 0.9923735558986664, 'hits@[1,3,10]': tensor([0.9867, 0.9979, 0.9997])}
	 VALID :  {'MRR': 0.4476625770330429, 'hits@[1,3,10]': tensor([0.3559, 0.4965, 0.6212])}
	 TRAIN:  {'MRR': 0.9917181432247162, 'hits@[1,3,10]': tensor([0.9856, 0.9977, 0.9996])}
	 VALID :  {'MRR': 0.44670620560646057, 'hits@[1,3,10]': tensor([0.3540, 0.4964, 0.6216])}
	 TRAIN:  {'MRR': 0.9916594922542572, 'hits@[1,3,10]': tensor([0.9851, 0.9981, 0.9998])}
	 VALID :  {'MRR': 0.44881971180438995, 'hits@[1,3,10]': tensor([0.3573, 0.4974, 0.6210])}
	 TRAIN:  {'MRR': 0.9918434321880341, 'hits@[1,3,10]': tensor([0.9856, 0.9979, 0.9997])}
	 VALID :  {'MRR': 0.4487137496471405, 'hits@[1,3,10]': tensor([0.3574, 0.4981, 0.6208])}
	 TRAIN:  {'MRR': 0.9926338493824005, 'hits@[1,3,10]': tensor([0.9871, 0.9981, 0.9997])}
	 VALID :  {'MRR': 0.4484477937221527, 'hits@[1,3,10]': tensor([0.3565, 0.4982, 0.6222])}
	 TRAIN:  {'MRR': 0.9925822019577026, 'hits@[1,3,10]': tensor([0.9869, 0.9982, 0.9997])}
	 VALID :  {'MRR': 0.4478212594985962, 'hits@[1,3,10]': tensor([0.3558, 0.4974, 0.6225])}
	 TRAIN:  {'MRR': 0.9914850890636444, 'hits@[1,3,10]': tensor([0.9848, 0.9980, 0.9997])}
	 VALID :  {'MRR': 0.4488532990217209, 'hits@[1,3,10]': tensor([0.3570, 0.4982, 0.6222])}
	 TRAIN:  {'MRR': 0.9922201335430145, 'hits@[1,3,10]': tensor([0.9861, 0.9983, 0.9998])}
	 VALID :  {'MRR': 0.4485738128423691, 'hits@[1,3,10]': tensor([0.3562, 0.4988, 0.6218])}
	 TRAIN:  {'MRR': 0.991743415594101, 'hits@[1,3,10]': tensor([0.9853, 0.9981, 0.9998])}
	 VALID :  {'MRR': 0.44879548251628876, 'hits@[1,3,10]': tensor([0.3570, 0.4978, 0.6225])}
	 TRAIN:  {'MRR': 0.9930756986141205, 'hits@[1,3,10]': tensor([0.9877, 0.9985, 0.9998])}
	 VALID :  {'MRR': 0.44933824241161346, 'hits@[1,3,10]': tensor([0.3576, 0.4981, 0.6225])}
	 TRAIN:  {'MRR': 0.9926986992359161, 'hits@[1,3,10]': tensor([0.9872, 0.9982, 0.9997])}
	 VALID :  {'MRR': 0.44917525351047516, 'hits@[1,3,10]': tensor([0.3572, 0.4995, 0.6216])}
	 TRAIN:  {'MRR': 0.9926982820034027, 'hits@[1,3,10]': tensor([0.9870, 0.9985, 0.9998])}
	 VALID :  {'MRR': 0.4489440619945526, 'hits@[1,3,10]': tensor([0.3571, 0.4981, 0.6220])}
	 TRAIN:  {'MRR': 0.9924604594707489, 'hits@[1,3,10]': tensor([0.9864, 0.9986, 0.9998])}
	 VALID :  {'MRR': 0.4494018256664276, 'hits@[1,3,10]': tensor([0.3579, 0.4991, 0.6216])}
	 TRAIN:  {'MRR': 0.993092805147171, 'hits@[1,3,10]': tensor([0.9880, 0.9981, 0.9997])}
	 VALID :  {'MRR': 0.44887442886829376, 'hits@[1,3,10]': tensor([0.3571, 0.4982, 0.6215])}
	 TRAIN:  {'MRR': 0.9918543696403503, 'hits@[1,3,10]': tensor([0.9854, 0.9982, 0.9997])}
	 VALID :  {'MRR': 0.44894368946552277, 'hits@[1,3,10]': tensor([0.3573, 0.4980, 0.6218])}
	 TRAIN:  {'MRR': 0.992618203163147, 'hits@[1,3,10]': tensor([0.9868, 0.9984, 0.9998])}
	 VALID :  {'MRR': 0.449508860707283, 'hits@[1,3,10]': tensor([0.3579, 0.4986, 0.6227])}
	 TRAIN:  {'MRR': 0.9926202893257141, 'hits@[1,3,10]': tensor([0.9868, 0.9985, 0.9998])}
	 VALID :  {'MRR': 0.44897912442684174, 'hits@[1,3,10]': tensor([0.3567, 0.4988, 0.6225])}
	 TRAIN:  {'MRR': 0.9922744929790497, 'hits@[1,3,10]': tensor([0.9861, 0.9984, 0.9997])}
	 VALID :  {'MRR': 0.4494613856077194, 'hits@[1,3,10]': tensor([0.3574, 0.4984, 0.6223])}
	 TRAIN:  {'MRR': 0.9936372637748718, 'hits@[1,3,10]': tensor([0.9889, 0.9983, 0.9998])}
	 VALID :  {'MRR': 0.44892236590385437, 'hits@[1,3,10]': tensor([0.3568, 0.4990, 0.6219])}
	 TRAIN:  {'MRR': 0.9925472736358643, 'hits@[1,3,10]': tensor([0.9869, 0.9981, 0.9997])}
	 VALID :  {'MRR': 0.4488285481929779, 'hits@[1,3,10]': tensor([0.3566, 0.4990, 0.6223])}
	 TRAIN:  {'MRR': 0.9928565621376038, 'hits@[1,3,10]': tensor([0.9871, 0.9986, 0.9998])}
	 VALID :  {'MRR': 0.4493519067764282, 'hits@[1,3,10]': tensor([0.3574, 0.4993, 0.6222])}
	 TRAIN:  {'MRR': 0.9929074347019196, 'hits@[1,3,10]': tensor([0.9875, 0.9983, 0.9997])}
	 VALID :  {'MRR': 0.44947561621665955, 'hits@[1,3,10]': tensor([0.3577, 0.4985, 0.6222])}
	 TRAIN:  {'MRR': 0.9945447444915771, 'hits@[1,3,10]': tensor([0.9906, 0.9984, 0.9997])}
	 VALID :  {'MRR': 0.4492916017770767, 'hits@[1,3,10]': tensor([0.3575, 0.4987, 0.6219])}
	 TRAIN:  {'MRR': 0.9933629930019379, 'hits@[1,3,10]': tensor([0.9884, 0.9985, 0.9998])}
	 VALID :  {'MRR': 0.44916653633117676, 'hits@[1,3,10]': tensor([0.3568, 0.5002, 0.6224])}
	 TRAIN:  {'MRR': 0.9920000731945038, 'hits@[1,3,10]': tensor([0.9856, 0.9984, 0.9998])}
	 VALID :  {'MRR': 0.44945743680000305, 'hits@[1,3,10]': tensor([0.3581, 0.4980, 0.6222])}


TEST :  {'MRR': 0.45328250527381897, 'hits@[1,3,10]': tensor([0.3630, 0.5005, 0.6245])}
