{'batch_size': 1000,
 'checkpoint': None,
 'data_shape': (63361, 400, 63361),
 'dataset': 'NELL',
 'decay1': 0.9,
 'decay2': 0.999,
 'eval_only': False,
 'init': 0.001,
 'learning_rate': 0.1,
 'max_epochs': 100,
 'model': 'DistMult',
 'model_save_schedule': 1000,
 'optimizer': 'Adagrad',
 'path': 'kbc/data/NELL',
 'rank': 1000,
 'reg': 0.05,
 'regularizer': 'N3',
 'valid': 3.0}
	 TRAIN:  {'MRR': 0.7732591331005096, 'hits@[1,3,10]': tensor([0.6987, 0.8247, 0.9056])}
	 VALID :  {'MRR': 0.42154714465141296, 'hits@[1,3,10]': tensor([0.3259, 0.4684, 0.6071])}
	 TRAIN:  {'MRR': 0.8886531293392181, 'hits@[1,3,10]': tensor([0.8482, 0.9163, 0.9622])}
	 VALID :  {'MRR': 0.4482114911079407, 'hits@[1,3,10]': tensor([0.3543, 0.4954, 0.6292])}
	 TRAIN:  {'MRR': 0.9136838912963867, 'hits@[1,3,10]': tensor([0.8798, 0.9378, 0.9741])}
	 VALID :  {'MRR': 0.45186786353588104, 'hits@[1,3,10]': tensor([0.3580, 0.5008, 0.6317])}
	 TRAIN:  {'MRR': 0.9244100451469421, 'hits@[1,3,10]': tensor([0.8951, 0.9449, 0.9782])}
	 VALID :  {'MRR': 0.4517732858657837, 'hits@[1,3,10]': tensor([0.3570, 0.4995, 0.6351])}
	 TRAIN:  {'MRR': 0.9306442141532898, 'hits@[1,3,10]': tensor([0.9026, 0.9503, 0.9815])}
	 VALID :  {'MRR': 0.45158764719963074, 'hits@[1,3,10]': tensor([0.3572, 0.4990, 0.6338])}
	 TRAIN:  {'MRR': 0.9349671900272369, 'hits@[1,3,10]': tensor([0.9084, 0.9548, 0.9830])}
	 VALID :  {'MRR': 0.452105775475502, 'hits@[1,3,10]': tensor([0.3571, 0.4995, 0.6354])}
	 TRAIN:  {'MRR': 0.9361827075481415, 'hits@[1,3,10]': tensor([0.9100, 0.9548, 0.9832])}
	 VALID :  {'MRR': 0.4522620290517807, 'hits@[1,3,10]': tensor([0.3569, 0.4994, 0.6348])}
	 TRAIN:  {'MRR': 0.9407250583171844, 'hits@[1,3,10]': tensor([0.9160, 0.9588, 0.9849])}
	 VALID :  {'MRR': 0.4544214904308319, 'hits@[1,3,10]': tensor([0.3600, 0.5014, 0.6356])}
	 TRAIN:  {'MRR': 0.9413188099861145, 'hits@[1,3,10]': tensor([0.9176, 0.9584, 0.9841])}
	 VALID :  {'MRR': 0.45315712690353394, 'hits@[1,3,10]': tensor([0.3581, 0.5012, 0.6367])}
	 TRAIN:  {'MRR': 0.9440107643604279, 'hits@[1,3,10]': tensor([0.9212, 0.9608, 0.9858])}
	 VALID :  {'MRR': 0.4544878602027893, 'hits@[1,3,10]': tensor([0.3609, 0.5002, 0.6352])}
	 TRAIN:  {'MRR': 0.9444932043552399, 'hits@[1,3,10]': tensor([0.9218, 0.9609, 0.9862])}
	 VALID :  {'MRR': 0.4549487829208374, 'hits@[1,3,10]': tensor([0.3607, 0.5025, 0.6366])}
	 TRAIN:  {'MRR': 0.9454178214073181, 'hits@[1,3,10]': tensor([0.9234, 0.9610, 0.9861])}
	 VALID :  {'MRR': 0.45548611879348755, 'hits@[1,3,10]': tensor([0.3621, 0.5027, 0.6361])}
	 TRAIN:  {'MRR': 0.9437870383262634, 'hits@[1,3,10]': tensor([0.9202, 0.9609, 0.9862])}
	 VALID :  {'MRR': 0.45475417375564575, 'hits@[1,3,10]': tensor([0.3604, 0.5024, 0.6384])}
	 TRAIN:  {'MRR': 0.9475808441638947, 'hits@[1,3,10]': tensor([0.9263, 0.9625, 0.9870])}
	 VALID :  {'MRR': 0.4549390971660614, 'hits@[1,3,10]': tensor([0.3608, 0.5021, 0.6379])}
	 TRAIN:  {'MRR': 0.9477380812168121, 'hits@[1,3,10]': tensor([0.9261, 0.9632, 0.9870])}
	 VALID :  {'MRR': 0.4552587866783142, 'hits@[1,3,10]': tensor([0.3611, 0.5019, 0.6376])}
	 TRAIN:  {'MRR': 0.9478448331356049, 'hits@[1,3,10]': tensor([0.9266, 0.9632, 0.9868])}
	 VALID :  {'MRR': 0.4558324068784714, 'hits@[1,3,10]': tensor([0.3619, 0.5024, 0.6371])}
	 TRAIN:  {'MRR': 0.9493580758571625, 'hits@[1,3,10]': tensor([0.9289, 0.9636, 0.9873])}
	 VALID :  {'MRR': 0.45524081587791443, 'hits@[1,3,10]': tensor([0.3610, 0.5026, 0.6373])}
	 TRAIN:  {'MRR': 0.9492892622947693, 'hits@[1,3,10]': tensor([0.9290, 0.9632, 0.9865])}
	 VALID :  {'MRR': 0.4558626115322113, 'hits@[1,3,10]': tensor([0.3617, 0.5024, 0.6368])}
	 TRAIN:  {'MRR': 0.9500021636486053, 'hits@[1,3,10]': tensor([0.9295, 0.9646, 0.9877])}
	 VALID :  {'MRR': 0.4572838395833969, 'hits@[1,3,10]': tensor([0.3639, 0.5034, 0.6379])}
	 TRAIN:  {'MRR': 0.9505659639835358, 'hits@[1,3,10]': tensor([0.9309, 0.9634, 0.9876])}
	 VALID :  {'MRR': 0.4560294598340988, 'hits@[1,3,10]': tensor([0.3614, 0.5040, 0.6378])}
	 TRAIN:  {'MRR': 0.9493831098079681, 'hits@[1,3,10]': tensor([0.9294, 0.9627, 0.9875])}
	 VALID :  {'MRR': 0.4567841589450836, 'hits@[1,3,10]': tensor([0.3632, 0.5036, 0.6381])}
	 TRAIN:  {'MRR': 0.951007753610611, 'hits@[1,3,10]': tensor([0.9308, 0.9651, 0.9884])}
	 VALID :  {'MRR': 0.4559840112924576, 'hits@[1,3,10]': tensor([0.3616, 0.5031, 0.6382])}
	 TRAIN:  {'MRR': 0.9517774283885956, 'hits@[1,3,10]': tensor([0.9322, 0.9653, 0.9882])}
	 VALID :  {'MRR': 0.45676667988300323, 'hits@[1,3,10]': tensor([0.3626, 0.5043, 0.6375])}
	 TRAIN:  {'MRR': 0.9519070982933044, 'hits@[1,3,10]': tensor([0.9321, 0.9656, 0.9884])}
	 VALID :  {'MRR': 0.4570795148611069, 'hits@[1,3,10]': tensor([0.3630, 0.5046, 0.6378])}
	 TRAIN:  {'MRR': 0.9517902135848999, 'hits@[1,3,10]': tensor([0.9326, 0.9656, 0.9881])}
	 VALID :  {'MRR': 0.45676250755786896, 'hits@[1,3,10]': tensor([0.3625, 0.5044, 0.6392])}
	 TRAIN:  {'MRR': 0.952051043510437, 'hits@[1,3,10]': tensor([0.9323, 0.9660, 0.9886])}
	 VALID :  {'MRR': 0.4566402733325958, 'hits@[1,3,10]': tensor([0.3620, 0.5042, 0.6383])}
	 TRAIN:  {'MRR': 0.9523123502731323, 'hits@[1,3,10]': tensor([0.9324, 0.9665, 0.9888])}
	 VALID :  {'MRR': 0.4568536877632141, 'hits@[1,3,10]': tensor([0.3627, 0.5047, 0.6380])}
	 TRAIN:  {'MRR': 0.952884316444397, 'hits@[1,3,10]': tensor([0.9337, 0.9658, 0.9887])}
	 VALID :  {'MRR': 0.45669256150722504, 'hits@[1,3,10]': tensor([0.3626, 0.5044, 0.6373])}
	 TRAIN:  {'MRR': 0.9535861611366272, 'hits@[1,3,10]': tensor([0.9345, 0.9668, 0.9890])}
	 VALID :  {'MRR': 0.45711110532283783, 'hits@[1,3,10]': tensor([0.3631, 0.5052, 0.6380])}
	 TRAIN:  {'MRR': 0.9530426561832428, 'hits@[1,3,10]': tensor([0.9341, 0.9659, 0.9885])}
	 VALID :  {'MRR': 0.4572124034166336, 'hits@[1,3,10]': tensor([0.3629, 0.5058, 0.6378])}
	 TRAIN:  {'MRR': 0.9540269374847412, 'hits@[1,3,10]': tensor([0.9354, 0.9669, 0.9887])}
	 VALID :  {'MRR': 0.4573182612657547, 'hits@[1,3,10]': tensor([0.3626, 0.5055, 0.6381])}
	 TRAIN:  {'MRR': 0.9535545706748962, 'hits@[1,3,10]': tensor([0.9345, 0.9666, 0.9893])}
	 VALID :  {'MRR': 0.45583878457546234, 'hits@[1,3,10]': tensor([0.3609, 0.5042, 0.6386])}
	 TRAIN:  {'MRR': 0.9530494511127472, 'hits@[1,3,10]': tensor([0.9338, 0.9664, 0.9889])}
	 VALID :  {'MRR': 0.45682068169116974, 'hits@[1,3,10]': tensor([0.3626, 0.5039, 0.6388])}


TEST :  {'MRR': 0.4566846340894699, 'hits@[1,3,10]': tensor([0.3620, 0.5067, 0.6375])}
