{'batch_size': 100,
 'checkpoint': None,
 'data_shape': (63361, 400, 63361),
 'dataset': 'NELL',
 'decay1': 0.9,
 'decay2': 0.999,
 'eval_only': False,
 'init': 0.001,
 'learning_rate': 0.1,
 'max_epochs': 100,
 'model': 'DistMult',
 'model_save_schedule': 1000,
 'optimizer': 'Adagrad',
 'path': 'kbc/data/NELL',
 'rank': 1000,
 'reg': 0.0005,
 'regularizer': 'N3',
 'valid': 3.0}
	 TRAIN:  {'MRR': 0.9236974120140076, 'hits@[1,3,10]': tensor([0.8849, 0.9556, 0.9883])}
	 VALID :  {'MRR': 0.42500004172325134, 'hits@[1,3,10]': tensor([0.3311, 0.4732, 0.6049])}
	 TRAIN:  {'MRR': 0.972660481929779, 'hits@[1,3,10]': tensor([0.9566, 0.9864, 0.9985])}
	 VALID :  {'MRR': 0.4400240480899811, 'hits@[1,3,10]': tensor([0.3464, 0.4878, 0.6174])}
	 TRAIN:  {'MRR': 0.9833039939403534, 'hits@[1,3,10]': tensor([0.9717, 0.9944, 0.9995])}
	 VALID :  {'MRR': 0.4442591369152069, 'hits@[1,3,10]': tensor([0.3507, 0.4914, 0.6233])}
	 TRAIN:  {'MRR': 0.9877918362617493, 'hits@[1,3,10]': tensor([0.9789, 0.9967, 0.9995])}
	 VALID :  {'MRR': 0.4473702609539032, 'hits@[1,3,10]': tensor([0.3557, 0.4931, 0.6235])}
	 TRAIN:  {'MRR': 0.9888442158699036, 'hits@[1,3,10]': tensor([0.9808, 0.9966, 0.9997])}
	 VALID :  {'MRR': 0.4477807581424713, 'hits@[1,3,10]': tensor([0.3550, 0.4958, 0.6250])}
	 TRAIN:  {'MRR': 0.9917527735233307, 'hits@[1,3,10]': tensor([0.9858, 0.9976, 0.9996])}
	 VALID :  {'MRR': 0.4484173655509949, 'hits@[1,3,10]': tensor([0.3555, 0.4955, 0.6263])}
	 TRAIN:  {'MRR': 0.9917697608470917, 'hits@[1,3,10]': tensor([0.9856, 0.9977, 0.9996])}
	 VALID :  {'MRR': 0.45071132481098175, 'hits@[1,3,10]': tensor([0.3596, 0.4969, 0.6259])}
	 TRAIN:  {'MRR': 0.9931028187274933, 'hits@[1,3,10]': tensor([0.9880, 0.9982, 0.9997])}
	 VALID :  {'MRR': 0.45008884370326996, 'hits@[1,3,10]': tensor([0.3583, 0.4964, 0.6264])}
	 TRAIN:  {'MRR': 0.9924562871456146, 'hits@[1,3,10]': tensor([0.9870, 0.9980, 0.9997])}
	 VALID :  {'MRR': 0.45116446912288666, 'hits@[1,3,10]': tensor([0.3597, 0.4976, 0.6266])}
	 TRAIN:  {'MRR': 0.992538571357727, 'hits@[1,3,10]': tensor([0.9869, 0.9981, 0.9997])}
	 VALID :  {'MRR': 0.4513799846172333, 'hits@[1,3,10]': tensor([0.3596, 0.4983, 0.6264])}
	 TRAIN:  {'MRR': 0.9934406578540802, 'hits@[1,3,10]': tensor([0.9887, 0.9981, 0.9997])}
	 VALID :  {'MRR': 0.4507908821105957, 'hits@[1,3,10]': tensor([0.3590, 0.4980, 0.6261])}
	 TRAIN:  {'MRR': 0.9929630160331726, 'hits@[1,3,10]': tensor([0.9879, 0.9980, 0.9997])}
	 VALID :  {'MRR': 0.4513406306505203, 'hits@[1,3,10]': tensor([0.3596, 0.4993, 0.6263])}
	 TRAIN:  {'MRR': 0.9934152960777283, 'hits@[1,3,10]': tensor([0.9886, 0.9980, 0.9998])}
	 VALID :  {'MRR': 0.4511260688304901, 'hits@[1,3,10]': tensor([0.3591, 0.4985, 0.6262])}
	 TRAIN:  {'MRR': 0.9920417070388794, 'hits@[1,3,10]': tensor([0.9861, 0.9981, 0.9996])}
	 VALID :  {'MRR': 0.4510950297117233, 'hits@[1,3,10]': tensor([0.3590, 0.4988, 0.6275])}
	 TRAIN:  {'MRR': 0.9933610260486603, 'hits@[1,3,10]': tensor([0.9885, 0.9984, 0.9997])}
	 VALID :  {'MRR': 0.45183931291103363, 'hits@[1,3,10]': tensor([0.3606, 0.4986, 0.6274])}
	 TRAIN:  {'MRR': 0.993705153465271, 'hits@[1,3,10]': tensor([0.9891, 0.9983, 0.9997])}
	 VALID :  {'MRR': 0.45136842131614685, 'hits@[1,3,10]': tensor([0.3600, 0.4978, 0.6262])}
	 TRAIN:  {'MRR': 0.9938679039478302, 'hits@[1,3,10]': tensor([0.9894, 0.9983, 0.9998])}
	 VALID :  {'MRR': 0.4514601081609726, 'hits@[1,3,10]': tensor([0.3600, 0.4988, 0.6266])}
	 TRAIN:  {'MRR': 0.9937759637832642, 'hits@[1,3,10]': tensor([0.9892, 0.9982, 0.9998])}
	 VALID :  {'MRR': 0.4508533626794815, 'hits@[1,3,10]': tensor([0.3584, 0.4985, 0.6277])}
	 TRAIN:  {'MRR': 0.9939570426940918, 'hits@[1,3,10]': tensor([0.9895, 0.9985, 0.9997])}
	 VALID :  {'MRR': 0.45195241272449493, 'hits@[1,3,10]': tensor([0.3604, 0.4998, 0.6267])}
	 TRAIN:  {'MRR': 0.99366894364357, 'hits@[1,3,10]': tensor([0.9890, 0.9984, 0.9997])}
	 VALID :  {'MRR': 0.45191507041454315, 'hits@[1,3,10]': tensor([0.3610, 0.4995, 0.6256])}
	 TRAIN:  {'MRR': 0.9932042062282562, 'hits@[1,3,10]': tensor([0.9881, 0.9983, 0.9998])}
	 VALID :  {'MRR': 0.4520886689424515, 'hits@[1,3,10]': tensor([0.3607, 0.4998, 0.6265])}
	 TRAIN:  {'MRR': 0.9941316843032837, 'hits@[1,3,10]': tensor([0.9897, 0.9985, 0.9998])}
	 VALID :  {'MRR': 0.45157358050346375, 'hits@[1,3,10]': tensor([0.3598, 0.4994, 0.6263])}
	 TRAIN:  {'MRR': 0.9938668012619019, 'hits@[1,3,10]': tensor([0.9894, 0.9983, 0.9997])}
	 VALID :  {'MRR': 0.45162761211395264, 'hits@[1,3,10]': tensor([0.3596, 0.4998, 0.6261])}
	 TRAIN:  {'MRR': 0.9934256076812744, 'hits@[1,3,10]': tensor([0.9885, 0.9985, 0.9997])}
	 VALID :  {'MRR': 0.4515240490436554, 'hits@[1,3,10]': tensor([0.3600, 0.4997, 0.6264])}
	 TRAIN:  {'MRR': 0.9939061999320984, 'hits@[1,3,10]': tensor([0.9896, 0.9983, 0.9997])}
	 VALID :  {'MRR': 0.4519123136997223, 'hits@[1,3,10]': tensor([0.3604, 0.4995, 0.6257])}
	 TRAIN:  {'MRR': 0.9930950701236725, 'hits@[1,3,10]': tensor([0.9880, 0.9982, 0.9998])}
	 VALID :  {'MRR': 0.45182962715625763, 'hits@[1,3,10]': tensor([0.3604, 0.4988, 0.6263])}
	 TRAIN:  {'MRR': 0.9936250746250153, 'hits@[1,3,10]': tensor([0.9891, 0.9980, 0.9998])}
	 VALID :  {'MRR': 0.45164550840854645, 'hits@[1,3,10]': tensor([0.3601, 0.4994, 0.6262])}
	 TRAIN:  {'MRR': 0.9937348365783691, 'hits@[1,3,10]': tensor([0.9893, 0.9982, 0.9997])}
	 VALID :  {'MRR': 0.45241397619247437, 'hits@[1,3,10]': tensor([0.3613, 0.4999, 0.6260])}
	 TRAIN:  {'MRR': 0.9939641654491425, 'hits@[1,3,10]': tensor([0.9896, 0.9983, 0.9997])}
	 VALID :  {'MRR': 0.4520079642534256, 'hits@[1,3,10]': tensor([0.3608, 0.4998, 0.6264])}
	 TRAIN:  {'MRR': 0.9942717850208282, 'hits@[1,3,10]': tensor([0.9901, 0.9984, 0.9997])}
	 VALID :  {'MRR': 0.4522607922554016, 'hits@[1,3,10]': tensor([0.3614, 0.4991, 0.6266])}
	 TRAIN:  {'MRR': 0.9944553971290588, 'hits@[1,3,10]': tensor([0.9905, 0.9985, 0.9998])}
	 VALID :  {'MRR': 0.451580747961998, 'hits@[1,3,10]': tensor([0.3598, 0.4990, 0.6263])}
	 TRAIN:  {'MRR': 0.9944140613079071, 'hits@[1,3,10]': tensor([0.9904, 0.9985, 0.9997])}
	 VALID :  {'MRR': 0.45174644887447357, 'hits@[1,3,10]': tensor([0.3602, 0.5000, 0.6260])}
	 TRAIN:  {'MRR': 0.9945427775382996, 'hits@[1,3,10]': tensor([0.9906, 0.9985, 0.9998])}
	 VALID :  {'MRR': 0.45172204077243805, 'hits@[1,3,10]': tensor([0.3603, 0.4992, 0.6262])}


TEST :  {'MRR': 0.4513078033924103, 'hits@[1,3,10]': tensor([0.3606, 0.4967, 0.6237])}
