{'batch_size': 100,
 'checkpoint': None,
 'data_shape': (63361, 400, 63361),
 'dataset': 'NELL',
 'decay1': 0.9,
 'decay2': 0.999,
 'eval_only': False,
 'init': 0.001,
 'learning_rate': 0.1,
 'max_epochs': 100,
 'model': 'DistMult',
 'model_save_schedule': 1000,
 'optimizer': 'Adagrad',
 'path': 'kbc/data/NELL',
 'rank': 1000,
 'reg': 0.05,
 'regularizer': 'N3',
 'valid': 3.0}
	 TRAIN:  {'MRR': 0.775940865278244, 'hits@[1,3,10]': tensor([0.6998, 0.8293, 0.9067])}
	 VALID :  {'MRR': 0.42543376982212067, 'hits@[1,3,10]': tensor([0.3281, 0.4750, 0.6133])}
	 TRAIN:  {'MRR': 0.8932032883167267, 'hits@[1,3,10]': tensor([0.8545, 0.9195, 0.9647])}
	 VALID :  {'MRR': 0.4462517648935318, 'hits@[1,3,10]': tensor([0.3508, 0.4936, 0.6295])}
	 TRAIN:  {'MRR': 0.9153425991535187, 'hits@[1,3,10]': tensor([0.8826, 0.9373, 0.9765])}
	 VALID :  {'MRR': 0.44631822407245636, 'hits@[1,3,10]': tensor([0.3503, 0.4935, 0.6333])}
	 TRAIN:  {'MRR': 0.9250138401985168, 'hits@[1,3,10]': tensor([0.8950, 0.9469, 0.9795])}
	 VALID :  {'MRR': 0.4475562423467636, 'hits@[1,3,10]': tensor([0.3514, 0.4957, 0.6332])}
	 TRAIN:  {'MRR': 0.9317057132720947, 'hits@[1,3,10]': tensor([0.9044, 0.9512, 0.9821])}
	 VALID :  {'MRR': 0.44951608777046204, 'hits@[1,3,10]': tensor([0.3538, 0.4971, 0.6347])}
	 TRAIN:  {'MRR': 0.9356231391429901, 'hits@[1,3,10]': tensor([0.9094, 0.9540, 0.9835])}
	 VALID :  {'MRR': 0.44943752884864807, 'hits@[1,3,10]': tensor([0.3543, 0.4970, 0.6353])}
	 TRAIN:  {'MRR': 0.9377029538154602, 'hits@[1,3,10]': tensor([0.9124, 0.9556, 0.9842])}
	 VALID :  {'MRR': 0.451413169503212, 'hits@[1,3,10]': tensor([0.3559, 0.4981, 0.6356])}
	 TRAIN:  {'MRR': 0.9396812915802002, 'hits@[1,3,10]': tensor([0.9152, 0.9573, 0.9848])}
	 VALID :  {'MRR': 0.4499262869358063, 'hits@[1,3,10]': tensor([0.3538, 0.4999, 0.6358])}
	 TRAIN:  {'MRR': 0.9427038729190826, 'hits@[1,3,10]': tensor([0.9193, 0.9592, 0.9858])}
	 VALID :  {'MRR': 0.4517384171485901, 'hits@[1,3,10]': tensor([0.3575, 0.4980, 0.6357])}
	 TRAIN:  {'MRR': 0.9424997866153717, 'hits@[1,3,10]': tensor([0.9197, 0.9581, 0.9853])}
	 VALID :  {'MRR': 0.4520227462053299, 'hits@[1,3,10]': tensor([0.3574, 0.4988, 0.6361])}
	 TRAIN:  {'MRR': 0.9452167451381683, 'hits@[1,3,10]': tensor([0.9230, 0.9612, 0.9861])}
	 VALID :  {'MRR': 0.4530504643917084, 'hits@[1,3,10]': tensor([0.3591, 0.4985, 0.6359])}
	 TRAIN:  {'MRR': 0.9449830055236816, 'hits@[1,3,10]': tensor([0.9222, 0.9613, 0.9866])}
	 VALID :  {'MRR': 0.45103591680526733, 'hits@[1,3,10]': tensor([0.3551, 0.4991, 0.6371])}
	 TRAIN:  {'MRR': 0.9468493461608887, 'hits@[1,3,10]': tensor([0.9252, 0.9619, 0.9871])}
	 VALID :  {'MRR': 0.45169152319431305, 'hits@[1,3,10]': tensor([0.3565, 0.4985, 0.6378])}
	 TRAIN:  {'MRR': 0.9472009837627411, 'hits@[1,3,10]': tensor([0.9257, 0.9625, 0.9871])}
	 VALID :  {'MRR': 0.4524722993373871, 'hits@[1,3,10]': tensor([0.3572, 0.4998, 0.6361])}
	 TRAIN:  {'MRR': 0.9474059045314789, 'hits@[1,3,10]': tensor([0.9258, 0.9625, 0.9869])}
	 VALID :  {'MRR': 0.45302148163318634, 'hits@[1,3,10]': tensor([0.3575, 0.5003, 0.6376])}
	 TRAIN:  {'MRR': 0.9484733641147614, 'hits@[1,3,10]': tensor([0.9276, 0.9627, 0.9875])}
	 VALID :  {'MRR': 0.45386265218257904, 'hits@[1,3,10]': tensor([0.3595, 0.5009, 0.6388])}
	 TRAIN:  {'MRR': 0.9484306275844574, 'hits@[1,3,10]': tensor([0.9276, 0.9627, 0.9876])}
	 VALID :  {'MRR': 0.4535471200942993, 'hits@[1,3,10]': tensor([0.3589, 0.5004, 0.6375])}
	 TRAIN:  {'MRR': 0.9497389197349548, 'hits@[1,3,10]': tensor([0.9295, 0.9636, 0.9880])}
	 VALID :  {'MRR': 0.4539169818162918, 'hits@[1,3,10]': tensor([0.3592, 0.5013, 0.6384])}
	 TRAIN:  {'MRR': 0.9483692646026611, 'hits@[1,3,10]': tensor([0.9275, 0.9629, 0.9878])}
	 VALID :  {'MRR': 0.4535171240568161, 'hits@[1,3,10]': tensor([0.3592, 0.4992, 0.6380])}
	 TRAIN:  {'MRR': 0.9502000212669373, 'hits@[1,3,10]': tensor([0.9298, 0.9643, 0.9882])}
	 VALID :  {'MRR': 0.45351020991802216, 'hits@[1,3,10]': tensor([0.3585, 0.5008, 0.6377])}
	 TRAIN:  {'MRR': 0.9494572579860687, 'hits@[1,3,10]': tensor([0.9286, 0.9641, 0.9885])}
	 VALID :  {'MRR': 0.4527210295200348, 'hits@[1,3,10]': tensor([0.3575, 0.5005, 0.6377])}
	 TRAIN:  {'MRR': 0.9506779313087463, 'hits@[1,3,10]': tensor([0.9304, 0.9647, 0.9884])}
	 VALID :  {'MRR': 0.45348918437957764, 'hits@[1,3,10]': tensor([0.3580, 0.5006, 0.6380])}
	 TRAIN:  {'MRR': 0.9519282877445221, 'hits@[1,3,10]': tensor([0.9319, 0.9658, 0.9891])}
	 VALID :  {'MRR': 0.45436500012874603, 'hits@[1,3,10]': tensor([0.3602, 0.4999, 0.6379])}
	 TRAIN:  {'MRR': 0.9509620368480682, 'hits@[1,3,10]': tensor([0.9309, 0.9646, 0.9887])}
	 VALID :  {'MRR': 0.4535859078168869, 'hits@[1,3,10]': tensor([0.3588, 0.5002, 0.6385])}
	 TRAIN:  {'MRR': 0.9528662860393524, 'hits@[1,3,10]': tensor([0.9338, 0.9661, 0.9889])}
	 VALID :  {'MRR': 0.4543353468179703, 'hits@[1,3,10]': tensor([0.3596, 0.5014, 0.6398])}
	 TRAIN:  {'MRR': 0.9501242339611053, 'hits@[1,3,10]': tensor([0.9295, 0.9646, 0.9882])}
	 VALID :  {'MRR': 0.4535401165485382, 'hits@[1,3,10]': tensor([0.3585, 0.5007, 0.6395])}
	 TRAIN:  {'MRR': 0.9512692391872406, 'hits@[1,3,10]': tensor([0.9312, 0.9656, 0.9888])}
	 VALID :  {'MRR': 0.4544555991888046, 'hits@[1,3,10]': tensor([0.3599, 0.5022, 0.6379])}
	 TRAIN:  {'MRR': 0.9515520930290222, 'hits@[1,3,10]': tensor([0.9319, 0.9653, 0.9886])}
	 VALID :  {'MRR': 0.4546240121126175, 'hits@[1,3,10]': tensor([0.3604, 0.5014, 0.6380])}
	 TRAIN:  {'MRR': 0.9529296457767487, 'hits@[1,3,10]': tensor([0.9341, 0.9659, 0.9888])}
	 VALID :  {'MRR': 0.45420870184898376, 'hits@[1,3,10]': tensor([0.3592, 0.5015, 0.6382])}
	 TRAIN:  {'MRR': 0.9519797265529633, 'hits@[1,3,10]': tensor([0.9324, 0.9660, 0.9884])}
	 VALID :  {'MRR': 0.4545295089483261, 'hits@[1,3,10]': tensor([0.3598, 0.5021, 0.6387])}
	 TRAIN:  {'MRR': 0.9525724053382874, 'hits@[1,3,10]': tensor([0.9334, 0.9656, 0.9892])}
	 VALID :  {'MRR': 0.45452718436717987, 'hits@[1,3,10]': tensor([0.3599, 0.5019, 0.6388])}
	 TRAIN:  {'MRR': 0.9525552093982697, 'hits@[1,3,10]': tensor([0.9330, 0.9660, 0.9893])}
	 VALID :  {'MRR': 0.45486368238925934, 'hits@[1,3,10]': tensor([0.3601, 0.5024, 0.6385])}
	 TRAIN:  {'MRR': 0.9528712332248688, 'hits@[1,3,10]': tensor([0.9337, 0.9658, 0.9892])}
	 VALID :  {'MRR': 0.4552706182003021, 'hits@[1,3,10]': tensor([0.3607, 0.5032, 0.6391])}


TEST :  {'MRR': 0.4555269479751587, 'hits@[1,3,10]': tensor([0.3609, 0.5055, 0.6365])}
