{'batch_size': 1000,
 'checkpoint': None,
 'data_shape': (63361, 400, 63361),
 'dataset': 'NELL',
 'decay1': 0.9,
 'decay2': 0.999,
 'eval_only': False,
 'init': 0.001,
 'learning_rate': 0.1,
 'max_epochs': 100,
 'model': 'DistMult',
 'model_save_schedule': 1000,
 'optimizer': 'Adagrad',
 'path': 'kbc/data/NELL',
 'rank': 1000,
 'reg': 0.5,
 'regularizer': 'N3',
 'valid': 3.0}
	 TRAIN:  {'MRR': 0.013391652144491673, 'hits@[1,3,10]': tensor([0.0056, 0.0084, 0.0239])}
	 VALID :  {'MRR': 0.007046072278171778, 'hits@[1,3,10]': tensor([0.0006, 0.0021, 0.0130])}
	 TRAIN:  {'MRR': 0.0091849435120821, 'hits@[1,3,10]': tensor([0.0027, 0.0069, 0.0164])}
	 VALID :  {'MRR': 0.003738542669452727, 'hits@[1,3,10]': tensor([0.0003, 0.0006, 0.0046])}
	 TRAIN:  {'MRR': 0.008402263280004263, 'hits@[1,3,10]': tensor([0.0032, 0.0066, 0.0141])}
	 VALID :  {'MRR': 0.003114934195764363, 'hits@[1,3,10]': tensor([0.0002, 0.0006, 0.0038])}
	 TRAIN:  {'MRR': 0.00895397737622261, 'hits@[1,3,10]': tensor([0.0032, 0.0088, 0.0145])}
	 VALID :  {'MRR': 0.003046324709430337, 'hits@[1,3,10]': tensor([0.0002, 0.0020, 0.0037])}
	 TRAIN:  {'MRR': 0.008343623019754887, 'hits@[1,3,10]': tensor([0.0028, 0.0087, 0.0142])}
	 VALID :  {'MRR': 0.0029557276284322143, 'hits@[1,3,10]': tensor([0.0003, 0.0020, 0.0036])}
	 TRAIN:  {'MRR': 0.00819820025935769, 'hits@[1,3,10]': tensor([0.0032, 0.0083, 0.0135])}
	 VALID :  {'MRR': 0.0026592517970129848, 'hits@[1,3,10]': tensor([0.0002, 0.0020, 0.0036])}
	 TRAIN:  {'MRR': 0.007197245489805937, 'hits@[1,3,10]': tensor([0.0026, 0.0058, 0.0126])}
	 VALID :  {'MRR': 0.0024504722096025944, 'hits@[1,3,10]': tensor([0.0003, 0.0006, 0.0032])}
	 TRAIN:  {'MRR': 0.007362272357568145, 'hits@[1,3,10]': tensor([0.0030, 0.0082, 0.0129])}
	 VALID :  {'MRR': 0.0022091511636972427, 'hits@[1,3,10]': tensor([0.0002, 0.0020, 0.0033])}
	 TRAIN:  {'MRR': 0.006859255488961935, 'hits@[1,3,10]': tensor([0.0031, 0.0066, 0.0100])}
	 VALID :  {'MRR': 0.001815594034269452, 'hits@[1,3,10]': tensor([0.0002, 0.0006, 0.0022])}
	 TRAIN:  {'MRR': 0.007337736198678613, 'hits@[1,3,10]': tensor([0.0033, 0.0069, 0.0129])}
	 VALID :  {'MRR': 0.0019516880274750292, 'hits@[1,3,10]': tensor([0.0002, 0.0006, 0.0032])}
	 TRAIN:  {'MRR': 0.006687576416879892, 'hits@[1,3,10]': tensor([0.0027, 0.0061, 0.0132])}
	 VALID :  {'MRR': 0.001859495765529573, 'hits@[1,3,10]': tensor([0.0003, 0.0006, 0.0032])}
	 TRAIN:  {'MRR': 0.006504206918179989, 'hits@[1,3,10]': tensor([0.0030, 0.0056, 0.0103])}
	 VALID :  {'MRR': 0.0016872442211024463, 'hits@[1,3,10]': tensor([0.0002, 0.0005, 0.0019])}
	 TRAIN:  {'MRR': 0.006877835839986801, 'hits@[1,3,10]': tensor([0.0029, 0.0063, 0.0135])}
	 VALID :  {'MRR': 0.001777392637450248, 'hits@[1,3,10]': tensor([0.0002, 0.0006, 0.0033])}
	 TRAIN:  {'MRR': 0.006744429003447294, 'hits@[1,3,10]': tensor([0.0032, 0.0060, 0.0131])}
	 VALID :  {'MRR': 0.0016866938676685095, 'hits@[1,3,10]': tensor([0.0002, 0.0005, 0.0032])}
	 TRAIN:  {'MRR': 0.006497615249827504, 'hits@[1,3,10]': tensor([0.0031, 0.0059, 0.0131])}
	 VALID :  {'MRR': 0.0015743683325126767, 'hits@[1,3,10]': tensor([0.0002, 0.0005, 0.0032])}
	 TRAIN:  {'MRR': 0.006393992807716131, 'hits@[1,3,10]': tensor([0.0032, 0.0058, 0.0133])}
	 VALID :  {'MRR': 0.0015064564067870378, 'hits@[1,3,10]': tensor([0.0002, 0.0005, 0.0032])}
	 TRAIN:  {'MRR': 0.006577873369678855, 'hits@[1,3,10]': tensor([0.0032, 0.0058, 0.0130])}
	 VALID :  {'MRR': 0.001552380679640919, 'hits@[1,3,10]': tensor([0.0002, 0.0006, 0.0032])}
	 TRAIN:  {'MRR': 0.0068253339268267155, 'hits@[1,3,10]': tensor([0.0033, 0.0058, 0.0131])}
	 VALID :  {'MRR': 0.0016481488710269332, 'hits@[1,3,10]': tensor([0.0002, 0.0006, 0.0032])}
	 TRAIN:  {'MRR': 0.006590515607967973, 'hits@[1,3,10]': tensor([0.0033, 0.0059, 0.0131])}
	 VALID :  {'MRR': 0.0015760153182782233, 'hits@[1,3,10]': tensor([0.0002, 0.0006, 0.0032])}
	 TRAIN:  {'MRR': 0.006920149317011237, 'hits@[1,3,10]': tensor([0.0032, 0.0061, 0.0131])}
	 VALID :  {'MRR': 0.0015677019255235791, 'hits@[1,3,10]': tensor([0.0002, 0.0006, 0.0032])}
	 TRAIN:  {'MRR': 0.006759741110727191, 'hits@[1,3,10]': tensor([0.0034, 0.0061, 0.0133])}
	 VALID :  {'MRR': 0.001517730241175741, 'hits@[1,3,10]': tensor([0.0002, 0.0006, 0.0031])}
	 TRAIN:  {'MRR': 0.006243375362828374, 'hits@[1,3,10]': tensor([0.0031, 0.0057, 0.0129])}
	 VALID :  {'MRR': 0.001437293947674334, 'hits@[1,3,10]': tensor([0.0002, 0.0006, 0.0032])}
	 TRAIN:  {'MRR': 0.006549546495079994, 'hits@[1,3,10]': tensor([0.0032, 0.0061, 0.0131])}
	 VALID :  {'MRR': 0.0014448577421717346, 'hits@[1,3,10]': tensor([0.0002, 0.0006, 0.0032])}
	 TRAIN:  {'MRR': 0.006403744453564286, 'hits@[1,3,10]': tensor([0.0032, 0.0060, 0.0102])}
	 VALID :  {'MRR': 0.0014321954804472625, 'hits@[1,3,10]': tensor([0.0002, 0.0006, 0.0022])}
	 TRAIN:  {'MRR': 0.006317100720480084, 'hits@[1,3,10]': tensor([0.0032, 0.0060, 0.0128])}
	 VALID :  {'MRR': 0.0014019303489476442, 'hits@[1,3,10]': tensor([0.0002, 0.0006, 0.0032])}
	 TRAIN:  {'MRR': 0.00626153196208179, 'hits@[1,3,10]': tensor([0.0032, 0.0060, 0.0104])}
	 VALID :  {'MRR': 0.0013155188644304872, 'hits@[1,3,10]': tensor([0.0001, 0.0006, 0.0018])}
	 TRAIN:  {'MRR': 0.006337594706565142, 'hits@[1,3,10]': tensor([0.0033, 0.0058, 0.0131])}
	 VALID :  {'MRR': 0.0013553233002312481, 'hits@[1,3,10]': tensor([0.0001, 0.0005, 0.0032])}
	 TRAIN:  {'MRR': 0.006245085271075368, 'hits@[1,3,10]': tensor([0.0033, 0.0062, 0.0105])}
	 VALID :  {'MRR': 0.001227962609846145, 'hits@[1,3,10]': tensor([0.0001, 0.0005, 0.0018])}
	 TRAIN:  {'MRR': 0.005850660149008036, 'hits@[1,3,10]': tensor([0.0030, 0.0057, 0.0092])}
	 VALID :  {'MRR': 0.0012420463026501238, 'hits@[1,3,10]': tensor([0.0001, 0.0005, 0.0017])}
	 TRAIN:  {'MRR': 0.0063747866079211235, 'hits@[1,3,10]': tensor([0.0034, 0.0065, 0.0091])}
	 VALID :  {'MRR': 0.0012297526700422168, 'hits@[1,3,10]': tensor([0.0001, 0.0005, 0.0020])}
	 TRAIN:  {'MRR': 0.005806631408631802, 'hits@[1,3,10]': tensor([0.0032, 0.0058, 0.0059])}
	 VALID :  {'MRR': 0.0011928376043215394, 'hits@[1,3,10]': tensor([0.0001, 0.0005, 0.0006])}
	 TRAIN:  {'MRR': 0.005779891973361373, 'hits@[1,3,10]': tensor([0.0032, 0.0059, 0.0060])}
	 VALID :  {'MRR': 0.00113429973134771, 'hits@[1,3,10]': tensor([0.0001, 0.0005, 0.0006])}
	 TRAIN:  {'MRR': 0.005657954839989543, 'hits@[1,3,10]': tensor([0.0032, 0.0057, 0.0058])}
	 VALID :  {'MRR': 0.0011263954802416265, 'hits@[1,3,10]': tensor([0.0001, 0.0005, 0.0006])}


TEST :  {'MRR': 0.0011514099896885455, 'hits@[1,3,10]': tensor([0.0002, 0.0005, 0.0006])}
