{'batch_size': 1000,
 'checkpoint': None,
 'data_shape': (63361, 400, 63361),
 'dataset': 'NELL',
 'decay1': 0.9,
 'decay2': 0.999,
 'eval_only': False,
 'init': 0.001,
 'learning_rate': 0.1,
 'max_epochs': 100,
 'model': 'DistMult',
 'model_save_schedule': 1000,
 'optimizer': 'Adagrad',
 'path': 'kbc/data/NELL',
 'rank': 1000,
 'reg': 0.01,
 'regularizer': 'N3',
 'valid': 3.0}
	 TRAIN:  {'MRR': 0.8904875814914703, 'hits@[1,3,10]': tensor([0.8384, 0.9342, 0.9762])}
	 VALID :  {'MRR': 0.42361097037792206, 'hits@[1,3,10]': tensor([0.3280, 0.4723, 0.6050])}
	 TRAIN:  {'MRR': 0.9638239741325378, 'hits@[1,3,10]': tensor([0.9456, 0.9773, 0.9961])}
	 VALID :  {'MRR': 0.444944366812706, 'hits@[1,3,10]': tensor([0.3526, 0.4923, 0.6212])}
	 TRAIN:  {'MRR': 0.9762606620788574, 'hits@[1,3,10]': tensor([0.9634, 0.9871, 0.9978])}
	 VALID :  {'MRR': 0.44953230023384094, 'hits@[1,3,10]': tensor([0.3571, 0.4956, 0.6263])}
	 TRAIN:  {'MRR': 0.9803432822227478, 'hits@[1,3,10]': tensor([0.9704, 0.9887, 0.9981])}
	 VALID :  {'MRR': 0.45240911841392517, 'hits@[1,3,10]': tensor([0.3606, 0.4997, 0.6259])}
	 TRAIN:  {'MRR': 0.9833247363567352, 'hits@[1,3,10]': tensor([0.9738, 0.9912, 0.9987])}
	 VALID :  {'MRR': 0.45402951538562775, 'hits@[1,3,10]': tensor([0.3616, 0.5013, 0.6300])}
	 TRAIN:  {'MRR': 0.9814314842224121, 'hits@[1,3,10]': tensor([0.9715, 0.9904, 0.9986])}
	 VALID :  {'MRR': 0.45417946577072144, 'hits@[1,3,10]': tensor([0.3615, 0.5022, 0.6298])}
	 TRAIN:  {'MRR': 0.98409703373909, 'hits@[1,3,10]': tensor([0.9756, 0.9903, 0.9987])}
	 VALID :  {'MRR': 0.45569010078907013, 'hits@[1,3,10]': tensor([0.3642, 0.5011, 0.6300])}
	 TRAIN:  {'MRR': 0.9841188788414001, 'hits@[1,3,10]': tensor([0.9757, 0.9907, 0.9988])}
	 VALID :  {'MRR': 0.4562665820121765, 'hits@[1,3,10]': tensor([0.3643, 0.5034, 0.6304])}
	 TRAIN:  {'MRR': 0.9859509468078613, 'hits@[1,3,10]': tensor([0.9785, 0.9924, 0.9990])}
	 VALID :  {'MRR': 0.4574577659368515, 'hits@[1,3,10]': tensor([0.3660, 0.5035, 0.6302])}
	 TRAIN:  {'MRR': 0.9860121309757233, 'hits@[1,3,10]': tensor([0.9788, 0.9917, 0.9988])}
	 VALID :  {'MRR': 0.4573540836572647, 'hits@[1,3,10]': tensor([0.3661, 0.5035, 0.6305])}
	 TRAIN:  {'MRR': 0.9860386848449707, 'hits@[1,3,10]': tensor([0.9790, 0.9919, 0.9988])}
	 VALID :  {'MRR': 0.45769166946411133, 'hits@[1,3,10]': tensor([0.3667, 0.5038, 0.6292])}
	 TRAIN:  {'MRR': 0.9863260984420776, 'hits@[1,3,10]': tensor([0.9791, 0.9917, 0.9989])}
	 VALID :  {'MRR': 0.45854635536670685, 'hits@[1,3,10]': tensor([0.3681, 0.5030, 0.6306])}
	 TRAIN:  {'MRR': 0.9856848418712616, 'hits@[1,3,10]': tensor([0.9784, 0.9923, 0.9990])}
	 VALID :  {'MRR': 0.45809611678123474, 'hits@[1,3,10]': tensor([0.3668, 0.5047, 0.6309])}
	 TRAIN:  {'MRR': 0.9868738949298859, 'hits@[1,3,10]': tensor([0.9801, 0.9919, 0.9990])}
	 VALID :  {'MRR': 0.45808084309101105, 'hits@[1,3,10]': tensor([0.3665, 0.5054, 0.6308])}
	 TRAIN:  {'MRR': 0.9868088960647583, 'hits@[1,3,10]': tensor([0.9803, 0.9915, 0.9990])}
	 VALID :  {'MRR': 0.457981213927269, 'hits@[1,3,10]': tensor([0.3665, 0.5048, 0.6321])}
	 TRAIN:  {'MRR': 0.9878571033477783, 'hits@[1,3,10]': tensor([0.9818, 0.9920, 0.9989])}
	 VALID :  {'MRR': 0.457881435751915, 'hits@[1,3,10]': tensor([0.3665, 0.5045, 0.6306])}
	 TRAIN:  {'MRR': 0.9869832694530487, 'hits@[1,3,10]': tensor([0.9804, 0.9922, 0.9991])}
	 VALID :  {'MRR': 0.45708103477954865, 'hits@[1,3,10]': tensor([0.3653, 0.5039, 0.6297])}
	 TRAIN:  {'MRR': 0.987022191286087, 'hits@[1,3,10]': tensor([0.9802, 0.9919, 0.9992])}
	 VALID :  {'MRR': 0.45736637711524963, 'hits@[1,3,10]': tensor([0.3659, 0.5044, 0.6311])}
	 TRAIN:  {'MRR': 0.9872612953186035, 'hits@[1,3,10]': tensor([0.9801, 0.9925, 0.9989])}
	 VALID :  {'MRR': 0.4583432525396347, 'hits@[1,3,10]': tensor([0.3672, 0.5057, 0.6311])}
	 TRAIN:  {'MRR': 0.9883469343185425, 'hits@[1,3,10]': tensor([0.9824, 0.9930, 0.9990])}
	 VALID :  {'MRR': 0.45785894989967346, 'hits@[1,3,10]': tensor([0.3661, 0.5059, 0.6305])}
	 TRAIN:  {'MRR': 0.9874359369277954, 'hits@[1,3,10]': tensor([0.9809, 0.9921, 0.9991])}
	 VALID :  {'MRR': 0.45869870483875275, 'hits@[1,3,10]': tensor([0.3674, 0.5061, 0.6306])}
	 TRAIN:  {'MRR': 0.9876757860183716, 'hits@[1,3,10]': tensor([0.9815, 0.9916, 0.9989])}
	 VALID :  {'MRR': 0.4584837704896927, 'hits@[1,3,10]': tensor([0.3671, 0.5062, 0.6306])}
	 TRAIN:  {'MRR': 0.9875909984111786, 'hits@[1,3,10]': tensor([0.9815, 0.9916, 0.9990])}
	 VALID :  {'MRR': 0.4586382210254669, 'hits@[1,3,10]': tensor([0.3676, 0.5060, 0.6301])}
	 TRAIN:  {'MRR': 0.9884277880191803, 'hits@[1,3,10]': tensor([0.9826, 0.9924, 0.9991])}
	 VALID :  {'MRR': 0.4581718295812607, 'hits@[1,3,10]': tensor([0.3668, 0.5049, 0.6305])}
	 TRAIN:  {'MRR': 0.9882440268993378, 'hits@[1,3,10]': tensor([0.9823, 0.9924, 0.9991])}
	 VALID :  {'MRR': 0.4586831331253052, 'hits@[1,3,10]': tensor([0.3681, 0.5048, 0.6302])}
	 TRAIN:  {'MRR': 0.9886597692966461, 'hits@[1,3,10]': tensor([0.9829, 0.9931, 0.9991])}
	 VALID :  {'MRR': 0.4582325667142868, 'hits@[1,3,10]': tensor([0.3669, 0.5055, 0.6304])}
	 TRAIN:  {'MRR': 0.9885575473308563, 'hits@[1,3,10]': tensor([0.9826, 0.9923, 0.9990])}
	 VALID :  {'MRR': 0.4591488391160965, 'hits@[1,3,10]': tensor([0.3689, 0.5054, 0.6309])}
	 TRAIN:  {'MRR': 0.9882670342922211, 'hits@[1,3,10]': tensor([0.9821, 0.9929, 0.9992])}
	 VALID :  {'MRR': 0.45861558616161346, 'hits@[1,3,10]': tensor([0.3675, 0.5056, 0.6305])}
	 TRAIN:  {'MRR': 0.9883319139480591, 'hits@[1,3,10]': tensor([0.9826, 0.9923, 0.9990])}
	 VALID :  {'MRR': 0.4583595544099808, 'hits@[1,3,10]': tensor([0.3674, 0.5049, 0.6306])}
	 TRAIN:  {'MRR': 0.9891633689403534, 'hits@[1,3,10]': tensor([0.9832, 0.9946, 0.9990])}
	 VALID :  {'MRR': 0.4578043818473816, 'hits@[1,3,10]': tensor([0.3665, 0.5053, 0.6310])}
	 TRAIN:  {'MRR': 0.9884958267211914, 'hits@[1,3,10]': tensor([0.9828, 0.9923, 0.9990])}
	 VALID :  {'MRR': 0.4573344886302948, 'hits@[1,3,10]': tensor([0.3656, 0.5049, 0.6304])}
	 TRAIN:  {'MRR': 0.9887359440326691, 'hits@[1,3,10]': tensor([0.9828, 0.9943, 0.9991])}
	 VALID :  {'MRR': 0.45785030722618103, 'hits@[1,3,10]': tensor([0.3666, 0.5055, 0.6306])}
	 TRAIN:  {'MRR': 0.9887188374996185, 'hits@[1,3,10]': tensor([0.9830, 0.9923, 0.9991])}
	 VALID :  {'MRR': 0.45772095024585724, 'hits@[1,3,10]': tensor([0.3661, 0.5056, 0.6304])}


TEST :  {'MRR': 0.46008962392807007, 'hits@[1,3,10]': tensor([0.3700, 0.5068, 0.6290])}
