{'batch_size': 1000,
 'checkpoint': None,
 'data_shape': (63361, 400, 63361),
 'dataset': 'NELL',
 'decay1': 0.9,
 'decay2': 0.999,
 'eval_only': False,
 'init': 0.001,
 'learning_rate': 0.1,
 'max_epochs': 100,
 'model': 'DistMult',
 'model_save_schedule': 1000,
 'optimizer': 'Adagrad',
 'path': 'kbc/data/NELL',
 'rank': 500,
 'reg': 0.01,
 'regularizer': 'N3',
 'valid': 3.0}
	 TRAIN:  {'MRR': 0.8775218427181244, 'hits@[1,3,10]': tensor([0.8232, 0.9210, 0.9696])}
	 VALID :  {'MRR': 0.4183022230863571, 'hits@[1,3,10]': tensor([0.3242, 0.4686, 0.5971])}
	 TRAIN:  {'MRR': 0.9651884734630585, 'hits@[1,3,10]': tensor([0.9475, 0.9793, 0.9952])}
	 VALID :  {'MRR': 0.43769243359565735, 'hits@[1,3,10]': tensor([0.3443, 0.4858, 0.6154])}
	 TRAIN:  {'MRR': 0.9754421710968018, 'hits@[1,3,10]': tensor([0.9625, 0.9865, 0.9976])}
	 VALID :  {'MRR': 0.44355426728725433, 'hits@[1,3,10]': tensor([0.3515, 0.4907, 0.6188])}
	 TRAIN:  {'MRR': 0.9809614717960358, 'hits@[1,3,10]': tensor([0.9711, 0.9891, 0.9980])}
	 VALID :  {'MRR': 0.44635049998760223, 'hits@[1,3,10]': tensor([0.3549, 0.4935, 0.6200])}
	 TRAIN:  {'MRR': 0.9827918410301208, 'hits@[1,3,10]': tensor([0.9742, 0.9896, 0.9984])}
	 VALID :  {'MRR': 0.44886796176433563, 'hits@[1,3,10]': tensor([0.3583, 0.4934, 0.6216])}
	 TRAIN:  {'MRR': 0.9841434359550476, 'hits@[1,3,10]': tensor([0.9757, 0.9917, 0.9984])}
	 VALID :  {'MRR': 0.4491676986217499, 'hits@[1,3,10]': tensor([0.3579, 0.4950, 0.6233])}
	 TRAIN:  {'MRR': 0.9856771528720856, 'hits@[1,3,10]': tensor([0.9783, 0.9912, 0.9984])}
	 VALID :  {'MRR': 0.4511497765779495, 'hits@[1,3,10]': tensor([0.3614, 0.4951, 0.6241])}
	 TRAIN:  {'MRR': 0.9860520958900452, 'hits@[1,3,10]': tensor([0.9787, 0.9915, 0.9984])}
	 VALID :  {'MRR': 0.45159314572811127, 'hits@[1,3,10]': tensor([0.3618, 0.4960, 0.6236])}
	 TRAIN:  {'MRR': 0.9864139258861542, 'hits@[1,3,10]': tensor([0.9795, 0.9921, 0.9987])}
	 VALID :  {'MRR': 0.4516080170869827, 'hits@[1,3,10]': tensor([0.3609, 0.4973, 0.6244])}
	 TRAIN:  {'MRR': 0.9864719212055206, 'hits@[1,3,10]': tensor([0.9792, 0.9916, 0.9988])}
	 VALID :  {'MRR': 0.45132941007614136, 'hits@[1,3,10]': tensor([0.3604, 0.4967, 0.6249])}
	 TRAIN:  {'MRR': 0.9879331886768341, 'hits@[1,3,10]': tensor([0.9815, 0.9935, 0.9988])}
	 VALID :  {'MRR': 0.45304813981056213, 'hits@[1,3,10]': tensor([0.3637, 0.4977, 0.6236])}
	 TRAIN:  {'MRR': 0.9884218871593475, 'hits@[1,3,10]': tensor([0.9827, 0.9922, 0.9988])}
	 VALID :  {'MRR': 0.4532054215669632, 'hits@[1,3,10]': tensor([0.3634, 0.4988, 0.6248])}
	 TRAIN:  {'MRR': 0.987795889377594, 'hits@[1,3,10]': tensor([0.9814, 0.9933, 0.9989])}
	 VALID :  {'MRR': 0.4531058073043823, 'hits@[1,3,10]': tensor([0.3634, 0.4971, 0.6252])}
	 TRAIN:  {'MRR': 0.9877872169017792, 'hits@[1,3,10]': tensor([0.9814, 0.9932, 0.9987])}
	 VALID :  {'MRR': 0.45288102328777313, 'hits@[1,3,10]': tensor([0.3625, 0.4982, 0.6243])}
	 TRAIN:  {'MRR': 0.9875772893428802, 'hits@[1,3,10]': tensor([0.9814, 0.9922, 0.9988])}
	 VALID :  {'MRR': 0.4531337767839432, 'hits@[1,3,10]': tensor([0.3637, 0.4973, 0.6252])}
	 TRAIN:  {'MRR': 0.9884808957576752, 'hits@[1,3,10]': tensor([0.9822, 0.9935, 0.9989])}
	 VALID :  {'MRR': 0.4531056731939316, 'hits@[1,3,10]': tensor([0.3628, 0.4986, 0.6247])}
	 TRAIN:  {'MRR': 0.988217294216156, 'hits@[1,3,10]': tensor([0.9822, 0.9919, 0.9987])}
	 VALID :  {'MRR': 0.45309698581695557, 'hits@[1,3,10]': tensor([0.3631, 0.4987, 0.6238])}
	 TRAIN:  {'MRR': 0.9884084463119507, 'hits@[1,3,10]': tensor([0.9823, 0.9932, 0.9989])}
	 VALID :  {'MRR': 0.4534635841846466, 'hits@[1,3,10]': tensor([0.3635, 0.4988, 0.6245])}
	 TRAIN:  {'MRR': 0.9879633188247681, 'hits@[1,3,10]': tensor([0.9818, 0.9923, 0.9989])}
	 VALID :  {'MRR': 0.45264217257499695, 'hits@[1,3,10]': tensor([0.3622, 0.4976, 0.6251])}
	 TRAIN:  {'MRR': 0.9887166619300842, 'hits@[1,3,10]': tensor([0.9827, 0.9934, 0.9989])}
	 VALID :  {'MRR': 0.45325392484664917, 'hits@[1,3,10]': tensor([0.3634, 0.4982, 0.6247])}
	 TRAIN:  {'MRR': 0.9885839819908142, 'hits@[1,3,10]': tensor([0.9823, 0.9932, 0.9990])}
	 VALID :  {'MRR': 0.45341527462005615, 'hits@[1,3,10]': tensor([0.3633, 0.4984, 0.6247])}
	 TRAIN:  {'MRR': 0.9884888529777527, 'hits@[1,3,10]': tensor([0.9825, 0.9934, 0.9989])}
	 VALID :  {'MRR': 0.4538053274154663, 'hits@[1,3,10]': tensor([0.3640, 0.4987, 0.6244])}
	 TRAIN:  {'MRR': 0.9888129532337189, 'hits@[1,3,10]': tensor([0.9828, 0.9928, 0.9990])}
	 VALID :  {'MRR': 0.45303545892238617, 'hits@[1,3,10]': tensor([0.3628, 0.4981, 0.6232])}
	 TRAIN:  {'MRR': 0.9885304868221283, 'hits@[1,3,10]': tensor([0.9826, 0.9920, 0.9991])}
	 VALID :  {'MRR': 0.45393119752407074, 'hits@[1,3,10]': tensor([0.3641, 0.4986, 0.6240])}
	 TRAIN:  {'MRR': 0.9888913929462433, 'hits@[1,3,10]': tensor([0.9832, 0.9926, 0.9989])}
	 VALID :  {'MRR': 0.454002320766449, 'hits@[1,3,10]': tensor([0.3641, 0.4983, 0.6247])}
	 TRAIN:  {'MRR': 0.9887495636940002, 'hits@[1,3,10]': tensor([0.9828, 0.9931, 0.9987])}
	 VALID :  {'MRR': 0.45351728796958923, 'hits@[1,3,10]': tensor([0.3634, 0.4993, 0.6241])}
	 TRAIN:  {'MRR': 0.9888967275619507, 'hits@[1,3,10]': tensor([0.9831, 0.9924, 0.9989])}
	 VALID :  {'MRR': 0.45322833955287933, 'hits@[1,3,10]': tensor([0.3630, 0.4983, 0.6240])}
	 TRAIN:  {'MRR': 0.9890512824058533, 'hits@[1,3,10]': tensor([0.9831, 0.9930, 0.9991])}
	 VALID :  {'MRR': 0.45391546189785004, 'hits@[1,3,10]': tensor([0.3638, 0.4993, 0.6242])}
	 TRAIN:  {'MRR': 0.9885042607784271, 'hits@[1,3,10]': tensor([0.9822, 0.9926, 0.9991])}
	 VALID :  {'MRR': 0.452994629740715, 'hits@[1,3,10]': tensor([0.3623, 0.5001, 0.6233])}
	 TRAIN:  {'MRR': 0.9885901808738708, 'hits@[1,3,10]': tensor([0.9823, 0.9942, 0.9990])}
	 VALID :  {'MRR': 0.4533463716506958, 'hits@[1,3,10]': tensor([0.3628, 0.4991, 0.6237])}
	 TRAIN:  {'MRR': 0.9886192381381989, 'hits@[1,3,10]': tensor([0.9826, 0.9924, 0.9991])}
	 VALID :  {'MRR': 0.4535338431596756, 'hits@[1,3,10]': tensor([0.3633, 0.4995, 0.6240])}
	 TRAIN:  {'MRR': 0.9887440502643585, 'hits@[1,3,10]': tensor([0.9829, 0.9923, 0.9990])}
	 VALID :  {'MRR': 0.45367592573165894, 'hits@[1,3,10]': tensor([0.3635, 0.4997, 0.6240])}
	 TRAIN:  {'MRR': 0.9890665709972382, 'hits@[1,3,10]': tensor([0.9834, 0.9924, 0.9989])}
	 VALID :  {'MRR': 0.4528423994779587, 'hits@[1,3,10]': tensor([0.3623, 0.4987, 0.6238])}


TEST :  {'MRR': 0.45427533984184265, 'hits@[1,3,10]': tensor([0.3643, 0.5021, 0.6221])}
