{'batch_size': 500,
 'checkpoint': None,
 'data_shape': (63361, 400, 63361),
 'dataset': 'NELL',
 'decay1': 0.9,
 'decay2': 0.999,
 'eval_only': False,
 'init': 0.001,
 'learning_rate': 0.1,
 'max_epochs': 100,
 'model': 'DistMult',
 'model_save_schedule': 1000,
 'optimizer': 'Adagrad',
 'path': 'kbc/data/NELL',
 'rank': 1000,
 'reg': 0.001,
 'regularizer': 'N3',
 'valid': 3.0}
	 TRAIN:  {'MRR': 0.9206438064575195, 'hits@[1,3,10]': tensor([0.8796, 0.9543, 0.9878])}
	 VALID :  {'MRR': 0.4223598539829254, 'hits@[1,3,10]': tensor([0.3304, 0.4679, 0.6011])}
	 TRAIN:  {'MRR': 0.9720943570137024, 'hits@[1,3,10]': tensor([0.9560, 0.9861, 0.9984])}
	 VALID :  {'MRR': 0.4388653039932251, 'hits@[1,3,10]': tensor([0.3463, 0.4857, 0.6141])}
	 TRAIN:  {'MRR': 0.9823681116104126, 'hits@[1,3,10]': tensor([0.9706, 0.9936, 0.9994])}
	 VALID :  {'MRR': 0.44342727959156036, 'hits@[1,3,10]': tensor([0.3508, 0.4913, 0.6183])}
	 TRAIN:  {'MRR': 0.9868084490299225, 'hits@[1,3,10]': tensor([0.9779, 0.9954, 0.9996])}
	 VALID :  {'MRR': 0.4450681656599045, 'hits@[1,3,10]': tensor([0.3527, 0.4922, 0.6221])}
	 TRAIN:  {'MRR': 0.9894197881221771, 'hits@[1,3,10]': tensor([0.9819, 0.9970, 0.9996])}
	 VALID :  {'MRR': 0.4471697509288788, 'hits@[1,3,10]': tensor([0.3566, 0.4924, 0.6235])}
	 TRAIN:  {'MRR': 0.9914035499095917, 'hits@[1,3,10]': tensor([0.9850, 0.9978, 0.9997])}
	 VALID :  {'MRR': 0.44813327491283417, 'hits@[1,3,10]': tensor([0.3571, 0.4941, 0.6235])}
	 TRAIN:  {'MRR': 0.9908893704414368, 'hits@[1,3,10]': tensor([0.9842, 0.9978, 0.9997])}
	 VALID :  {'MRR': 0.4478364437818527, 'hits@[1,3,10]': tensor([0.3566, 0.4939, 0.6231])}
	 TRAIN:  {'MRR': 0.9926128089427948, 'hits@[1,3,10]': tensor([0.9872, 0.9980, 0.9996])}
	 VALID :  {'MRR': 0.44820329546928406, 'hits@[1,3,10]': tensor([0.3568, 0.4954, 0.6235])}
	 TRAIN:  {'MRR': 0.9913352131843567, 'hits@[1,3,10]': tensor([0.9846, 0.9981, 0.9998])}
	 VALID :  {'MRR': 0.44918666779994965, 'hits@[1,3,10]': tensor([0.3582, 0.4957, 0.6227])}
	 TRAIN:  {'MRR': 0.9924984276294708, 'hits@[1,3,10]': tensor([0.9869, 0.9981, 0.9998])}
	 VALID :  {'MRR': 0.4506398141384125, 'hits@[1,3,10]': tensor([0.3605, 0.4966, 0.6247])}
	 TRAIN:  {'MRR': 0.9925291836261749, 'hits@[1,3,10]': tensor([0.9868, 0.9983, 0.9997])}
	 VALID :  {'MRR': 0.44947350025177, 'hits@[1,3,10]': tensor([0.3583, 0.4962, 0.6238])}
	 TRAIN:  {'MRR': 0.9925523400306702, 'hits@[1,3,10]': tensor([0.9870, 0.9981, 0.9997])}
	 VALID :  {'MRR': 0.4496310353279114, 'hits@[1,3,10]': tensor([0.3590, 0.4962, 0.6239])}
	 TRAIN:  {'MRR': 0.992933839559555, 'hits@[1,3,10]': tensor([0.9877, 0.9981, 0.9997])}
	 VALID :  {'MRR': 0.4498158395290375, 'hits@[1,3,10]': tensor([0.3591, 0.4960, 0.6244])}
	 TRAIN:  {'MRR': 0.9923195242881775, 'hits@[1,3,10]': tensor([0.9862, 0.9984, 0.9998])}
	 VALID :  {'MRR': 0.45039764046669006, 'hits@[1,3,10]': tensor([0.3602, 0.4955, 0.6250])}
	 TRAIN:  {'MRR': 0.9926434457302094, 'hits@[1,3,10]': tensor([0.9871, 0.9981, 0.9996])}
	 VALID :  {'MRR': 0.4506192058324814, 'hits@[1,3,10]': tensor([0.3608, 0.4953, 0.6243])}
	 TRAIN:  {'MRR': 0.9935112297534943, 'hits@[1,3,10]': tensor([0.9887, 0.9984, 0.9997])}
	 VALID :  {'MRR': 0.45105041563510895, 'hits@[1,3,10]': tensor([0.3607, 0.4967, 0.6244])}
	 TRAIN:  {'MRR': 0.9925029873847961, 'hits@[1,3,10]': tensor([0.9869, 0.9980, 0.9997])}
	 VALID :  {'MRR': 0.4505094885826111, 'hits@[1,3,10]': tensor([0.3598, 0.4969, 0.6253])}
	 TRAIN:  {'MRR': 0.9925331473350525, 'hits@[1,3,10]': tensor([0.9868, 0.9982, 0.9997])}
	 VALID :  {'MRR': 0.45047810673713684, 'hits@[1,3,10]': tensor([0.3596, 0.4966, 0.6239])}
	 TRAIN:  {'MRR': 0.9924860596656799, 'hits@[1,3,10]': tensor([0.9866, 0.9984, 0.9997])}
	 VALID :  {'MRR': 0.4509451240301132, 'hits@[1,3,10]': tensor([0.3604, 0.4968, 0.6238])}
	 TRAIN:  {'MRR': 0.992589145898819, 'hits@[1,3,10]': tensor([0.9869, 0.9983, 0.9998])}
	 VALID :  {'MRR': 0.4502473473548889, 'hits@[1,3,10]': tensor([0.3597, 0.4964, 0.6247])}
	 TRAIN:  {'MRR': 0.993165522813797, 'hits@[1,3,10]': tensor([0.9881, 0.9983, 0.9997])}
	 VALID :  {'MRR': 0.4500969648361206, 'hits@[1,3,10]': tensor([0.3588, 0.4972, 0.6234])}
	 TRAIN:  {'MRR': 0.9934775829315186, 'hits@[1,3,10]': tensor([0.9884, 0.9987, 0.9998])}
	 VALID :  {'MRR': 0.450907364487648, 'hits@[1,3,10]': tensor([0.3600, 0.4975, 0.6248])}
	 TRAIN:  {'MRR': 0.9938681721687317, 'hits@[1,3,10]': tensor([0.9894, 0.9983, 0.9998])}
	 VALID :  {'MRR': 0.45142224431037903, 'hits@[1,3,10]': tensor([0.3610, 0.4973, 0.6239])}
	 TRAIN:  {'MRR': 0.9933290779590607, 'hits@[1,3,10]': tensor([0.9882, 0.9984, 0.9997])}
	 VALID :  {'MRR': 0.45093876123428345, 'hits@[1,3,10]': tensor([0.3598, 0.4982, 0.6241])}
	 TRAIN:  {'MRR': 0.9918844997882843, 'hits@[1,3,10]': tensor([0.9854, 0.9984, 0.9998])}
	 VALID :  {'MRR': 0.4509180337190628, 'hits@[1,3,10]': tensor([0.3602, 0.4970, 0.6230])}
	 TRAIN:  {'MRR': 0.9934137463569641, 'hits@[1,3,10]': tensor([0.9886, 0.9983, 0.9997])}
	 VALID :  {'MRR': 0.45167697966098785, 'hits@[1,3,10]': tensor([0.3615, 0.4975, 0.6236])}
	 TRAIN:  {'MRR': 0.9924485385417938, 'hits@[1,3,10]': tensor([0.9868, 0.9980, 0.9996])}
	 VALID :  {'MRR': 0.4509618729352951, 'hits@[1,3,10]': tensor([0.3601, 0.4979, 0.6243])}
	 TRAIN:  {'MRR': 0.9931422472000122, 'hits@[1,3,10]': tensor([0.9881, 0.9983, 0.9997])}
	 VALID :  {'MRR': 0.4511745870113373, 'hits@[1,3,10]': tensor([0.3603, 0.4977, 0.6241])}
	 TRAIN:  {'MRR': 0.9940007030963898, 'hits@[1,3,10]': tensor([0.9895, 0.9985, 0.9998])}
	 VALID :  {'MRR': 0.4514361619949341, 'hits@[1,3,10]': tensor([0.3610, 0.4978, 0.6240])}
	 TRAIN:  {'MRR': 0.9924947619438171, 'hits@[1,3,10]': tensor([0.9865, 0.9986, 0.9997])}
	 VALID :  {'MRR': 0.4511258602142334, 'hits@[1,3,10]': tensor([0.3606, 0.4972, 0.6241])}
	 TRAIN:  {'MRR': 0.993289977312088, 'hits@[1,3,10]': tensor([0.9881, 0.9983, 0.9997])}
	 VALID :  {'MRR': 0.4521121233701706, 'hits@[1,3,10]': tensor([0.3622, 0.4977, 0.6247])}
	 TRAIN:  {'MRR': 0.9924343526363373, 'hits@[1,3,10]': tensor([0.9865, 0.9984, 0.9997])}
	 VALID :  {'MRR': 0.45105862617492676, 'hits@[1,3,10]': tensor([0.3603, 0.4978, 0.6242])}
	 TRAIN:  {'MRR': 0.9939588606357574, 'hits@[1,3,10]': tensor([0.9895, 0.9984, 0.9999])}
	 VALID :  {'MRR': 0.45148852467536926, 'hits@[1,3,10]': tensor([0.3610, 0.4976, 0.6238])}


TEST :  {'MRR': 0.45318371057510376, 'hits@[1,3,10]': tensor([0.3630, 0.5004, 0.6226])}
