{'batch_size': 100,
 'checkpoint': None,
 'data_shape': (63361, 400, 63361),
 'dataset': 'NELL',
 'decay1': 0.9,
 'decay2': 0.999,
 'eval_only': False,
 'init': 0.001,
 'learning_rate': 0.1,
 'max_epochs': 100,
 'model': 'DistMult',
 'model_save_schedule': 1000,
 'optimizer': 'Adagrad',
 'path': 'kbc/data/NELL',
 'rank': 1000,
 'reg': 0.0001,
 'regularizer': 'N3',
 'valid': 3.0}
	 TRAIN:  {'MRR': 0.9236935377120972, 'hits@[1,3,10]': tensor([0.8852, 0.9556, 0.9880])}
	 VALID :  {'MRR': 0.4229866713285446, 'hits@[1,3,10]': tensor([0.3299, 0.4711, 0.5990])}
	 TRAIN:  {'MRR': 0.9712104499340057, 'hits@[1,3,10]': tensor([0.9548, 0.9857, 0.9975])}
	 VALID :  {'MRR': 0.4392448365688324, 'hits@[1,3,10]': tensor([0.3472, 0.4877, 0.6141])}
	 TRAIN:  {'MRR': 0.9824824035167694, 'hits@[1,3,10]': tensor([0.9712, 0.9936, 0.9995])}
	 VALID :  {'MRR': 0.44357530772686005, 'hits@[1,3,10]': tensor([0.3518, 0.4906, 0.6190])}
	 TRAIN:  {'MRR': 0.9869289398193359, 'hits@[1,3,10]': tensor([0.9777, 0.9962, 0.9997])}
	 VALID :  {'MRR': 0.44475923478603363, 'hits@[1,3,10]': tensor([0.3530, 0.4915, 0.6199])}
	 TRAIN:  {'MRR': 0.9890998303890228, 'hits@[1,3,10]': tensor([0.9808, 0.9974, 0.9997])}
	 VALID :  {'MRR': 0.4482084810733795, 'hits@[1,3,10]': tensor([0.3572, 0.4946, 0.6212])}
	 TRAIN:  {'MRR': 0.9893813133239746, 'hits@[1,3,10]': tensor([0.9813, 0.9971, 0.9998])}
	 VALID :  {'MRR': 0.44777052104473114, 'hits@[1,3,10]': tensor([0.3566, 0.4943, 0.6225])}
	 TRAIN:  {'MRR': 0.9905975162982941, 'hits@[1,3,10]': tensor([0.9834, 0.9980, 0.9997])}
	 VALID :  {'MRR': 0.4480557292699814, 'hits@[1,3,10]': tensor([0.3577, 0.4943, 0.6215])}
	 TRAIN:  {'MRR': 0.9916531145572662, 'hits@[1,3,10]': tensor([0.9854, 0.9980, 0.9997])}
	 VALID :  {'MRR': 0.44823575019836426, 'hits@[1,3,10]': tensor([0.3568, 0.4950, 0.6229])}
	 TRAIN:  {'MRR': 0.991517573595047, 'hits@[1,3,10]': tensor([0.9852, 0.9979, 0.9996])}
	 VALID :  {'MRR': 0.44892725348472595, 'hits@[1,3,10]': tensor([0.3583, 0.4943, 0.6231])}
	 TRAIN:  {'MRR': 0.9926618933677673, 'hits@[1,3,10]': tensor([0.9872, 0.9980, 0.9997])}
	 VALID :  {'MRR': 0.44936902821063995, 'hits@[1,3,10]': tensor([0.3590, 0.4957, 0.6220])}
	 TRAIN:  {'MRR': 0.9929046034812927, 'hits@[1,3,10]': tensor([0.9877, 0.9981, 0.9997])}
	 VALID :  {'MRR': 0.4498383104801178, 'hits@[1,3,10]': tensor([0.3596, 0.4951, 0.6228])}
	 TRAIN:  {'MRR': 0.9922502338886261, 'hits@[1,3,10]': tensor([0.9864, 0.9979, 0.9998])}
	 VALID :  {'MRR': 0.44908295571804047, 'hits@[1,3,10]': tensor([0.3578, 0.4950, 0.6225])}
	 TRAIN:  {'MRR': 0.9920594394207001, 'hits@[1,3,10]': tensor([0.9859, 0.9981, 0.9997])}
	 VALID :  {'MRR': 0.44930267333984375, 'hits@[1,3,10]': tensor([0.3585, 0.4962, 0.6221])}
	 TRAIN:  {'MRR': 0.9929703176021576, 'hits@[1,3,10]': tensor([0.9878, 0.9980, 0.9998])}
	 VALID :  {'MRR': 0.4489968717098236, 'hits@[1,3,10]': tensor([0.3582, 0.4969, 0.6229])}
	 TRAIN:  {'MRR': 0.9935286343097687, 'hits@[1,3,10]': tensor([0.9888, 0.9984, 0.9997])}
	 VALID :  {'MRR': 0.44897323846817017, 'hits@[1,3,10]': tensor([0.3579, 0.4956, 0.6225])}
	 TRAIN:  {'MRR': 0.9938232898712158, 'hits@[1,3,10]': tensor([0.9894, 0.9982, 0.9998])}
	 VALID :  {'MRR': 0.44982022047042847, 'hits@[1,3,10]': tensor([0.3598, 0.4961, 0.6225])}
	 TRAIN:  {'MRR': 0.9932074248790741, 'hits@[1,3,10]': tensor([0.9882, 0.9983, 0.9998])}
	 VALID :  {'MRR': 0.449383869767189, 'hits@[1,3,10]': tensor([0.3590, 0.4954, 0.6234])}
	 TRAIN:  {'MRR': 0.9936703741550446, 'hits@[1,3,10]': tensor([0.9891, 0.9982, 0.9997])}
	 VALID :  {'MRR': 0.44956551492214203, 'hits@[1,3,10]': tensor([0.3592, 0.4963, 0.6237])}
	 TRAIN:  {'MRR': 0.9941748976707458, 'hits@[1,3,10]': tensor([0.9901, 0.9983, 0.9997])}
	 VALID :  {'MRR': 0.4502285122871399, 'hits@[1,3,10]': tensor([0.3602, 0.4961, 0.6217])}
	 TRAIN:  {'MRR': 0.9943162500858307, 'hits@[1,3,10]': tensor([0.9902, 0.9985, 0.9997])}
	 VALID :  {'MRR': 0.44948403537273407, 'hits@[1,3,10]': tensor([0.3590, 0.4960, 0.6225])}
	 TRAIN:  {'MRR': 0.9937810003757477, 'hits@[1,3,10]': tensor([0.9894, 0.9981, 0.9997])}
	 VALID :  {'MRR': 0.4495713412761688, 'hits@[1,3,10]': tensor([0.3585, 0.4962, 0.6233])}
	 TRAIN:  {'MRR': 0.9933193624019623, 'hits@[1,3,10]': tensor([0.9884, 0.9984, 0.9996])}
	 VALID :  {'MRR': 0.4491104185581207, 'hits@[1,3,10]': tensor([0.3585, 0.4961, 0.6226])}
	 TRAIN:  {'MRR': 0.993615061044693, 'hits@[1,3,10]': tensor([0.9889, 0.9984, 0.9997])}
	 VALID :  {'MRR': 0.4499734938144684, 'hits@[1,3,10]': tensor([0.3597, 0.4953, 0.6223])}
	 TRAIN:  {'MRR': 0.9941616356372833, 'hits@[1,3,10]': tensor([0.9900, 0.9982, 0.9998])}
	 VALID :  {'MRR': 0.44911135733127594, 'hits@[1,3,10]': tensor([0.3589, 0.4950, 0.6215])}
	 TRAIN:  {'MRR': 0.9939253926277161, 'hits@[1,3,10]': tensor([0.9895, 0.9983, 0.9997])}
	 VALID :  {'MRR': 0.4496080279350281, 'hits@[1,3,10]': tensor([0.3595, 0.4953, 0.6227])}
	 TRAIN:  {'MRR': 0.994149386882782, 'hits@[1,3,10]': tensor([0.9900, 0.9982, 0.9997])}
	 VALID :  {'MRR': 0.44954025745391846, 'hits@[1,3,10]': tensor([0.3585, 0.4972, 0.6227])}
	 TRAIN:  {'MRR': 0.9941317737102509, 'hits@[1,3,10]': tensor([0.9899, 0.9983, 0.9998])}
	 VALID :  {'MRR': 0.44962526857852936, 'hits@[1,3,10]': tensor([0.3590, 0.4968, 0.6221])}
	 TRAIN:  {'MRR': 0.994103729724884, 'hits@[1,3,10]': tensor([0.9898, 0.9984, 0.9998])}
	 VALID :  {'MRR': 0.44947804510593414, 'hits@[1,3,10]': tensor([0.3587, 0.4965, 0.6229])}
	 TRAIN:  {'MRR': 0.9943088889122009, 'hits@[1,3,10]': tensor([0.9901, 0.9985, 0.9998])}
	 VALID :  {'MRR': 0.44965510070323944, 'hits@[1,3,10]': tensor([0.3593, 0.4959, 0.6220])}
	 TRAIN:  {'MRR': 0.9938821494579315, 'hits@[1,3,10]': tensor([0.9895, 0.9982, 0.9997])}
	 VALID :  {'MRR': 0.44949033856391907, 'hits@[1,3,10]': tensor([0.3592, 0.4955, 0.6222])}
	 TRAIN:  {'MRR': 0.9938849210739136, 'hits@[1,3,10]': tensor([0.9894, 0.9984, 0.9998])}
	 VALID :  {'MRR': 0.448957160115242, 'hits@[1,3,10]': tensor([0.3584, 0.4951, 0.6221])}
	 TRAIN:  {'MRR': 0.9941212832927704, 'hits@[1,3,10]': tensor([0.9898, 0.9984, 0.9998])}
	 VALID :  {'MRR': 0.44896771013736725, 'hits@[1,3,10]': tensor([0.3581, 0.4957, 0.6229])}
	 TRAIN:  {'MRR': 0.9945017099380493, 'hits@[1,3,10]': tensor([0.9907, 0.9983, 0.9997])}
	 VALID :  {'MRR': 0.44966383278369904, 'hits@[1,3,10]': tensor([0.3595, 0.4960, 0.6218])}


TEST :  {'MRR': 0.4503556191921234, 'hits@[1,3,10]': tensor([0.3606, 0.4972, 0.6212])}
