{'batch_size': 1000,
 'checkpoint': None,
 'data_shape': (63361, 400, 63361),
 'dataset': 'NELL',
 'decay1': 0.9,
 'decay2': 0.999,
 'eval_only': False,
 'init': 0.001,
 'learning_rate': 0.1,
 'max_epochs': 100,
 'model': 'DistMult',
 'model_save_schedule': 1000,
 'optimizer': 'Adagrad',
 'path': 'kbc/data/NELL',
 'rank': 1000,
 'reg': 0.0005,
 'regularizer': 'N3',
 'valid': 3.0}
	 TRAIN:  {'MRR': 0.912065863609314, 'hits@[1,3,10]': tensor([0.8658, 0.9502, 0.9880])}
	 VALID :  {'MRR': 0.41420263051986694, 'hits@[1,3,10]': tensor([0.3217, 0.4581, 0.5967])}
	 TRAIN:  {'MRR': 0.9737426340579987, 'hits@[1,3,10]': tensor([0.9585, 0.9871, 0.9988])}
	 VALID :  {'MRR': 0.4361177831888199, 'hits@[1,3,10]': tensor([0.3451, 0.4806, 0.6111])}
	 TRAIN:  {'MRR': 0.9820378422737122, 'hits@[1,3,10]': tensor([0.9707, 0.9914, 0.9994])}
	 VALID :  {'MRR': 0.43951617181301117, 'hits@[1,3,10]': tensor([0.3469, 0.4859, 0.6181])}
	 TRAIN:  {'MRR': 0.9874356389045715, 'hits@[1,3,10]': tensor([0.9789, 0.9948, 0.9996])}
	 VALID :  {'MRR': 0.44405995309352875, 'hits@[1,3,10]': tensor([0.3525, 0.4903, 0.6197])}
	 TRAIN:  {'MRR': 0.9869024455547333, 'hits@[1,3,10]': tensor([0.9786, 0.9931, 0.9997])}
	 VALID :  {'MRR': 0.44511494040489197, 'hits@[1,3,10]': tensor([0.3535, 0.4915, 0.6199])}
	 TRAIN:  {'MRR': 0.9896220862865448, 'hits@[1,3,10]': tensor([0.9824, 0.9975, 0.9995])}
	 VALID :  {'MRR': 0.4467165321111679, 'hits@[1,3,10]': tensor([0.3554, 0.4933, 0.6225])}
	 TRAIN:  {'MRR': 0.9917696118354797, 'hits@[1,3,10]': tensor([0.9856, 0.9977, 0.9998])}
	 VALID :  {'MRR': 0.44784028828144073, 'hits@[1,3,10]': tensor([0.3570, 0.4923, 0.6217])}
	 TRAIN:  {'MRR': 0.9908007085323334, 'hits@[1,3,10]': tensor([0.9836, 0.9978, 0.9997])}
	 VALID :  {'MRR': 0.44714799523353577, 'hits@[1,3,10]': tensor([0.3557, 0.4936, 0.6223])}
	 TRAIN:  {'MRR': 0.9929029643535614, 'hits@[1,3,10]': tensor([0.9876, 0.9981, 0.9997])}
	 VALID :  {'MRR': 0.44792354106903076, 'hits@[1,3,10]': tensor([0.3563, 0.4937, 0.6235])}
	 TRAIN:  {'MRR': 0.9913349151611328, 'hits@[1,3,10]': tensor([0.9846, 0.9980, 0.9997])}
	 VALID :  {'MRR': 0.44860582053661346, 'hits@[1,3,10]': tensor([0.3575, 0.4936, 0.6234])}
	 TRAIN:  {'MRR': 0.9920563995838165, 'hits@[1,3,10]': tensor([0.9859, 0.9981, 0.9997])}
	 VALID :  {'MRR': 0.44878874719142914, 'hits@[1,3,10]': tensor([0.3580, 0.4952, 0.6220])}
	 TRAIN:  {'MRR': 0.9924279749393463, 'hits@[1,3,10]': tensor([0.9868, 0.9981, 0.9997])}
	 VALID :  {'MRR': 0.4490821063518524, 'hits@[1,3,10]': tensor([0.3581, 0.4944, 0.6232])}
	 TRAIN:  {'MRR': 0.992171049118042, 'hits@[1,3,10]': tensor([0.9861, 0.9983, 0.9997])}
	 VALID :  {'MRR': 0.44889724254608154, 'hits@[1,3,10]': tensor([0.3579, 0.4948, 0.6233])}
	 TRAIN:  {'MRR': 0.9927017092704773, 'hits@[1,3,10]': tensor([0.9872, 0.9981, 0.9996])}
	 VALID :  {'MRR': 0.44948968291282654, 'hits@[1,3,10]': tensor([0.3583, 0.4956, 0.6240])}
	 TRAIN:  {'MRR': 0.9919017851352692, 'hits@[1,3,10]': tensor([0.9856, 0.9983, 0.9998])}
	 VALID :  {'MRR': 0.4492318630218506, 'hits@[1,3,10]': tensor([0.3582, 0.4949, 0.6230])}
	 TRAIN:  {'MRR': 0.9930461347103119, 'hits@[1,3,10]': tensor([0.9878, 0.9983, 0.9997])}
	 VALID :  {'MRR': 0.4485826939344406, 'hits@[1,3,10]': tensor([0.3573, 0.4943, 0.6224])}
	 TRAIN:  {'MRR': 0.9919228255748749, 'hits@[1,3,10]': tensor([0.9856, 0.9983, 0.9998])}
	 VALID :  {'MRR': 0.450234055519104, 'hits@[1,3,10]': tensor([0.3600, 0.4955, 0.6236])}
	 TRAIN:  {'MRR': 0.9911267459392548, 'hits@[1,3,10]': tensor([0.9842, 0.9980, 0.9997])}
	 VALID :  {'MRR': 0.4502235949039459, 'hits@[1,3,10]': tensor([0.3597, 0.4954, 0.6246])}
	 TRAIN:  {'MRR': 0.9911435842514038, 'hits@[1,3,10]': tensor([0.9841, 0.9982, 0.9997])}
	 VALID :  {'MRR': 0.4498414248228073, 'hits@[1,3,10]': tensor([0.3589, 0.4952, 0.6229])}
	 TRAIN:  {'MRR': 0.9914955794811249, 'hits@[1,3,10]': tensor([0.9847, 0.9983, 0.9998])}
	 VALID :  {'MRR': 0.4493800699710846, 'hits@[1,3,10]': tensor([0.3582, 0.4951, 0.6234])}
	 TRAIN:  {'MRR': 0.9909211099147797, 'hits@[1,3,10]': tensor([0.9836, 0.9982, 0.9998])}
	 VALID :  {'MRR': 0.44950059056282043, 'hits@[1,3,10]': tensor([0.3586, 0.4944, 0.6237])}
	 TRAIN:  {'MRR': 0.9918155372142792, 'hits@[1,3,10]': tensor([0.9854, 0.9981, 0.9997])}
	 VALID :  {'MRR': 0.44940415024757385, 'hits@[1,3,10]': tensor([0.3581, 0.4948, 0.6235])}
	 TRAIN:  {'MRR': 0.9922177493572235, 'hits@[1,3,10]': tensor([0.9862, 0.9982, 0.9997])}
	 VALID :  {'MRR': 0.45030413568019867, 'hits@[1,3,10]': tensor([0.3595, 0.4963, 0.6239])}
	 TRAIN:  {'MRR': 0.9923732280731201, 'hits@[1,3,10]': tensor([0.9867, 0.9982, 0.9997])}
	 VALID :  {'MRR': 0.44956356287002563, 'hits@[1,3,10]': tensor([0.3583, 0.4958, 0.6243])}
	 TRAIN:  {'MRR': 0.9916141033172607, 'hits@[1,3,10]': tensor([0.9851, 0.9981, 0.9997])}
	 VALID :  {'MRR': 0.44962090253829956, 'hits@[1,3,10]': tensor([0.3582, 0.4966, 0.6234])}
	 TRAIN:  {'MRR': 0.9917683005332947, 'hits@[1,3,10]': tensor([0.9850, 0.9985, 0.9998])}
	 VALID :  {'MRR': 0.45010970532894135, 'hits@[1,3,10]': tensor([0.3590, 0.4962, 0.6238])}
	 TRAIN:  {'MRR': 0.9932709634304047, 'hits@[1,3,10]': tensor([0.9882, 0.9984, 0.9997])}
	 VALID :  {'MRR': 0.44947127997875214, 'hits@[1,3,10]': tensor([0.3584, 0.4952, 0.6240])}
	 TRAIN:  {'MRR': 0.9924806356430054, 'hits@[1,3,10]': tensor([0.9865, 0.9986, 0.9997])}
	 VALID :  {'MRR': 0.45025089383125305, 'hits@[1,3,10]': tensor([0.3595, 0.4963, 0.6244])}
	 TRAIN:  {'MRR': 0.992711216211319, 'hits@[1,3,10]': tensor([0.9871, 0.9983, 0.9997])}
	 VALID :  {'MRR': 0.4502054750919342, 'hits@[1,3,10]': tensor([0.3595, 0.4958, 0.6236])}
	 TRAIN:  {'MRR': 0.9937544465065002, 'hits@[1,3,10]': tensor([0.9892, 0.9984, 0.9998])}
	 VALID :  {'MRR': 0.4499974101781845, 'hits@[1,3,10]': tensor([0.3589, 0.4964, 0.6240])}
	 TRAIN:  {'MRR': 0.9930007457733154, 'hits@[1,3,10]': tensor([0.9876, 0.9985, 0.9997])}
	 VALID :  {'MRR': 0.4499301463365555, 'hits@[1,3,10]': tensor([0.3586, 0.4965, 0.6250])}
	 TRAIN:  {'MRR': 0.9934202134609222, 'hits@[1,3,10]': tensor([0.9885, 0.9983, 0.9998])}
	 VALID :  {'MRR': 0.4501715451478958, 'hits@[1,3,10]': tensor([0.3593, 0.4954, 0.6244])}
	 TRAIN:  {'MRR': 0.9939790368080139, 'hits@[1,3,10]': tensor([0.9896, 0.9984, 0.9997])}
	 VALID :  {'MRR': 0.4505009651184082, 'hits@[1,3,10]': tensor([0.3598, 0.4964, 0.6244])}


TEST :  {'MRR': 0.45202919840812683, 'hits@[1,3,10]': tensor([0.3622, 0.4975, 0.6219])}
