{'batch_size': 1000,
 'checkpoint': None,
 'data_shape': (63361, 400, 63361),
 'dataset': 'NELL',
 'decay1': 0.9,
 'decay2': 0.999,
 'eval_only': False,
 'init': 0.001,
 'learning_rate': 0.1,
 'max_epochs': 100,
 'model': 'ComplEx',
 'model_save_schedule': 1000,
 'optimizer': 'Adagrad',
 'path': 'kbc/data/NELL',
 'rank': 200,
 'reg': 0.5,
 'regularizer': 'N3',
 'valid': 3.0}
	 TRAIN:  {'MRR': 0.044671183452010155, 'hits@[1,3,10]': tensor([0.0291, 0.0400, 0.0769])}
	 VALID :  {'MRR': 0.030780627392232418, 'hits@[1,3,10]': tensor([0.0158, 0.0251, 0.0612])}
	 TRAIN:  {'MRR': 0.012051766738295555, 'hits@[1,3,10]': tensor([0.0028, 0.0093, 0.0258])}
	 VALID :  {'MRR': 0.0070136364083737135, 'hits@[1,3,10]': tensor([0.0005, 0.0025, 0.0142])}
	 TRAIN:  {'MRR': 0.010308195371180773, 'hits@[1,3,10]': tensor([0.0027, 0.0068, 0.0176])}
	 VALID :  {'MRR': 0.005056352121755481, 'hits@[1,3,10]': tensor([0.0005, 0.0009, 0.0060])}
	 TRAIN:  {'MRR': 0.009684793185442686, 'hits@[1,3,10]': tensor([0.0034, 0.0067, 0.0160])}
	 VALID :  {'MRR': 0.004288883414119482, 'hits@[1,3,10]': tensor([0.0003, 0.0008, 0.0048])}
	 TRAIN:  {'MRR': 0.008779651951044798, 'hits@[1,3,10]': tensor([0.0028, 0.0069, 0.0159])}
	 VALID :  {'MRR': 0.003963834838941693, 'hits@[1,3,10]': tensor([0.0005, 0.0009, 0.0059])}
	 TRAIN:  {'MRR': 0.008110794704407454, 'hits@[1,3,10]': tensor([0.0026, 0.0070, 0.0159])}
	 VALID :  {'MRR': 0.003505700617097318, 'hits@[1,3,10]': tensor([0.0006, 0.0010, 0.0056])}
	 TRAIN:  {'MRR': 0.007527163252234459, 'hits@[1,3,10]': tensor([0.0033, 0.0064, 0.0120])}
	 VALID :  {'MRR': 0.0030462199356406927, 'hits@[1,3,10]': tensor([0.0005, 0.0011, 0.0043])}
	 TRAIN:  {'MRR': 0.006441884208470583, 'hits@[1,3,10]': tensor([0.0029, 0.0064, 0.0079])}
	 VALID :  {'MRR': 0.00294227316044271, 'hits@[1,3,10]': tensor([0.0007, 0.0015, 0.0037])}
	 TRAIN:  {'MRR': 0.006655147764831781, 'hits@[1,3,10]': tensor([0.0032, 0.0064, 0.0086])}
	 VALID :  {'MRR': 0.002807901008054614, 'hits@[1,3,10]': tensor([0.0005, 0.0014, 0.0038])}
	 TRAIN:  {'MRR': 0.005893044173717499, 'hits@[1,3,10]': tensor([0.0026, 0.0059, 0.0076])}
	 VALID :  {'MRR': 0.002679904573597014, 'hits@[1,3,10]': tensor([0.0007, 0.0013, 0.0032])}
	 TRAIN:  {'MRR': 0.006546883378177881, 'hits@[1,3,10]': tensor([0.0034, 0.0064, 0.0083])}
	 VALID :  {'MRR': 0.002634387230500579, 'hits@[1,3,10]': tensor([0.0005, 0.0013, 0.0034])}
	 TRAIN:  {'MRR': 0.004771436331793666, 'hits@[1,3,10]': tensor([0.0010, 0.0066, 0.0080])}
	 VALID :  {'MRR': 0.002553287544287741, 'hits@[1,3,10]': tensor([0.0006, 0.0013, 0.0030])}
	 TRAIN:  {'MRR': 0.005681720795109868, 'hits@[1,3,10]': tensor([0.0034, 0.0036, 0.0078])}
	 VALID :  {'MRR': 0.0024786132853478193, 'hits@[1,3,10]': tensor([0.0006, 0.0008, 0.0030])}
	 TRAIN:  {'MRR': 0.003519164863973856, 'hits@[1,3,10]': tensor([0.0003, 0.0032, 0.0076])}
	 VALID :  {'MRR': 0.0024161366745829582, 'hits@[1,3,10]': tensor([0.0005, 0.0013, 0.0028])}
	 TRAIN:  {'MRR': 0.005468083778396249, 'hits@[1,3,10]': tensor([0.0032, 0.0034, 0.0073])}
	 VALID :  {'MRR': 0.002403556718491018, 'hits@[1,3,10]': tensor([0.0006, 0.0010, 0.0026])}
	 TRAIN:  {'MRR': 0.0038577393861487508, 'hits@[1,3,10]': tensor([0.0002, 0.0036, 0.0069])}
	 VALID :  {'MRR': 0.002253139507956803, 'hits@[1,3,10]': tensor([0.0005, 0.0010, 0.0026])}
	 TRAIN:  {'MRR': 0.0032876464538276196, 'hits@[1,3,10]': tensor([0.0002, 0.0033, 0.0067])}
	 VALID :  {'MRR': 0.002179923583753407, 'hits@[1,3,10]': tensor([0.0005, 0.0008, 0.0023])}
	 TRAIN:  {'MRR': 0.002719309413805604, 'hits@[1,3,10]': tensor([0.0002, 0.0005, 0.0071])}
	 VALID :  {'MRR': 0.0020277610747143626, 'hits@[1,3,10]': tensor([0.0003, 0.0007, 0.0022])}
	 TRAIN:  {'MRR': 0.0030592521652579308, 'hits@[1,3,10]': tensor([0.0002, 0.0034, 0.0068])}
	 VALID :  {'MRR': 0.002087035682052374, 'hits@[1,3,10]': tensor([0.0003, 0.0009, 0.0023])}
	 TRAIN:  {'MRR': 0.0029729505768045783, 'hits@[1,3,10]': tensor([0.0001, 0.0036, 0.0072])}
	 VALID :  {'MRR': 0.0019323309534229338, 'hits@[1,3,10]': tensor([0.0003, 0.0006, 0.0021])}
	 TRAIN:  {'MRR': 0.002956785960122943, 'hits@[1,3,10]': tensor([0.0001, 0.0022, 0.0065])}
	 VALID :  {'MRR': 0.0019746405305340886, 'hits@[1,3,10]': tensor([0.0003, 0.0007, 0.0021])}
	 TRAIN:  {'MRR': 0.0023075349163264036, 'hits@[1,3,10]': tensor([0.0003, 0.0005, 0.0040])}
	 VALID :  {'MRR': 0.0018385368748567998, 'hits@[1,3,10]': tensor([0.0003, 0.0005, 0.0016])}
	 TRAIN:  {'MRR': 0.0027590933023020625, 'hits@[1,3,10]': tensor([0.0003, 0.0004, 0.0068])}
	 VALID :  {'MRR': 0.001974139246158302, 'hits@[1,3,10]': tensor([0.0004, 0.0006, 0.0019])}
	 TRAIN:  {'MRR': 0.002564465394243598, 'hits@[1,3,10]': tensor([0.0001, 0.0002, 0.0067])}
	 VALID :  {'MRR': 0.001750572002492845, 'hits@[1,3,10]': tensor([0.0002, 0.0004, 0.0015])}
	 TRAIN:  {'MRR': 0.002578013460151851, 'hits@[1,3,10]': tensor([0.0002, 0.0004, 0.0059])}
	 VALID :  {'MRR': 0.001796944416128099, 'hits@[1,3,10]': tensor([0.0003, 0.0006, 0.0016])}
	 TRAIN:  {'MRR': 0.002538751228712499, 'hits@[1,3,10]': tensor([0.0002, 0.0003, 0.0041])}
	 VALID :  {'MRR': 0.0017992804641835392, 'hits@[1,3,10]': tensor([0.0003, 0.0006, 0.0014])}
	 TRAIN:  {'MRR': 0.002503038733266294, 'hits@[1,3,10]': tensor([1.0000e-04, 2.6000e-04, 4.1800e-03])}
	 VALID :  {'MRR': 0.0016872455016709864, 'hits@[1,3,10]': tensor([0.0002, 0.0005, 0.0012])}
	 TRAIN:  {'MRR': 0.0025412722025066614, 'hits@[1,3,10]': tensor([1.0000e-04, 2.4000e-04, 4.4200e-03])}
	 VALID :  {'MRR': 0.0016904132207855582, 'hits@[1,3,10]': tensor([0.0002, 0.0005, 0.0010])}
	 TRAIN:  {'MRR': 0.00236467900685966, 'hits@[1,3,10]': tensor([7.0000e-05, 2.9000e-04, 6.3700e-03])}
	 VALID :  {'MRR': 0.001679648063145578, 'hits@[1,3,10]': tensor([0.0002, 0.0005, 0.0014])}
	 TRAIN:  {'MRR': 0.0023803034564480186, 'hits@[1,3,10]': tensor([0.0001, 0.0003, 0.0038])}
	 VALID :  {'MRR': 0.0016672636847943068, 'hits@[1,3,10]': tensor([0.0002, 0.0005, 0.0011])}
	 TRAIN:  {'MRR': 0.0023073728661984205, 'hits@[1,3,10]': tensor([0.0001, 0.0003, 0.0036])}
	 VALID :  {'MRR': 0.001644720381591469, 'hits@[1,3,10]': tensor([0.0002, 0.0005, 0.0010])}
	 TRAIN:  {'MRR': 0.0023389990674331784, 'hits@[1,3,10]': tensor([0.0001, 0.0003, 0.0038])}
	 VALID :  {'MRR': 0.0016030981787480414, 'hits@[1,3,10]': tensor([0.0002, 0.0005, 0.0009])}
	 TRAIN:  {'MRR': 0.0018964288174174726, 'hits@[1,3,10]': tensor([5.0000e-05, 1.9000e-04, 3.6400e-03])}
	 VALID :  {'MRR': 0.0015895109972916543, 'hits@[1,3,10]': tensor([0.0002, 0.0005, 0.0009])}


TEST :  {'MRR': 0.0015573168639093637, 'hits@[1,3,10]': tensor([0.0002, 0.0004, 0.0009])}
