{'batch_size': 1000,
 'checkpoint': None,
 'data_shape': (63361, 400, 63361),
 'dataset': 'NELL',
 'decay1': 0.9,
 'decay2': 0.999,
 'eval_only': False,
 'init': 0.001,
 'learning_rate': 0.1,
 'max_epochs': 100,
 'model': 'ComplEx',
 'model_save_schedule': 1000,
 'optimizer': 'Adagrad',
 'path': 'kbc/data/NELL',
 'rank': 500,
 'reg': 0.01,
 'regularizer': 'N3',
 'valid': 3.0}
	 TRAIN:  {'MRR': 0.9100818037986755, 'hits@[1,3,10]': tensor([0.8658, 0.9465, 0.9829])}
	 VALID :  {'MRR': 0.42847439646720886, 'hits@[1,3,10]': tensor([0.3367, 0.4720, 0.6068])}
	 TRAIN:  {'MRR': 0.9928436577320099, 'hits@[1,3,10]': tensor([0.9882, 0.9973, 0.9989])}
	 VALID :  {'MRR': 0.45048820972442627, 'hits@[1,3,10]': tensor([0.3588, 0.4962, 0.6266])}
	 TRAIN:  {'MRR': 0.9979695379734039, 'hits@[1,3,10]': tensor([0.9970, 0.9988, 0.9993])}
	 VALID :  {'MRR': 0.45722562074661255, 'hits@[1,3,10]': tensor([0.3659, 0.5024, 0.6322])}
	 TRAIN:  {'MRR': 0.998845100402832, 'hits@[1,3,10]': tensor([0.9985, 0.9991, 0.9995])}
	 VALID :  {'MRR': 0.4608805626630783, 'hits@[1,3,10]': tensor([0.3714, 0.5044, 0.6331])}
	 TRAIN:  {'MRR': 0.999052107334137, 'hits@[1,3,10]': tensor([0.9987, 0.9993, 0.9995])}
	 VALID :  {'MRR': 0.46235622465610504, 'hits@[1,3,10]': tensor([0.3723, 0.5076, 0.6362])}
	 TRAIN:  {'MRR': 0.9991281032562256, 'hits@[1,3,10]': tensor([0.9989, 0.9993, 0.9996])}
	 VALID :  {'MRR': 0.4629082977771759, 'hits@[1,3,10]': tensor([0.3730, 0.5077, 0.6371])}
	 TRAIN:  {'MRR': 0.9993221759796143, 'hits@[1,3,10]': tensor([0.9991, 0.9995, 0.9997])}
	 VALID :  {'MRR': 0.4620404690504074, 'hits@[1,3,10]': tensor([0.3717, 0.5075, 0.6349])}
	 TRAIN:  {'MRR': 0.999305009841919, 'hits@[1,3,10]': tensor([0.9992, 0.9994, 0.9995])}
	 VALID :  {'MRR': 0.4638662338256836, 'hits@[1,3,10]': tensor([0.3742, 0.5076, 0.6370])}
	 TRAIN:  {'MRR': 0.9994380176067352, 'hits@[1,3,10]': tensor([0.9993, 0.9996, 0.9997])}
	 VALID :  {'MRR': 0.461696058511734, 'hits@[1,3,10]': tensor([0.3711, 0.5075, 0.6353])}
	 TRAIN:  {'MRR': 0.9994154274463654, 'hits@[1,3,10]': tensor([0.9993, 0.9995, 0.9997])}
	 VALID :  {'MRR': 0.4645298570394516, 'hits@[1,3,10]': tensor([0.3757, 0.5078, 0.6361])}
	 TRAIN:  {'MRR': 0.9994653165340424, 'hits@[1,3,10]': tensor([0.9993, 0.9996, 0.9997])}
	 VALID :  {'MRR': 0.46318501234054565, 'hits@[1,3,10]': tensor([0.3735, 0.5082, 0.6355])}
	 TRAIN:  {'MRR': 0.9994628131389618, 'hits@[1,3,10]': tensor([0.9993, 0.9996, 0.9997])}
	 VALID :  {'MRR': 0.4635508507490158, 'hits@[1,3,10]': tensor([0.3741, 0.5077, 0.6332])}
	 TRAIN:  {'MRR': 0.9995167553424835, 'hits@[1,3,10]': tensor([0.9994, 0.9996, 0.9997])}
	 VALID :  {'MRR': 0.4637235105037689, 'hits@[1,3,10]': tensor([0.3746, 0.5075, 0.6344])}
	 TRAIN:  {'MRR': 0.9995096325874329, 'hits@[1,3,10]': tensor([0.9994, 0.9996, 0.9997])}
	 VALID :  {'MRR': 0.4631529152393341, 'hits@[1,3,10]': tensor([0.3734, 0.5073, 0.6345])}
	 TRAIN:  {'MRR': 0.9994105100631714, 'hits@[1,3,10]': tensor([0.9993, 0.9995, 0.9996])}
	 VALID :  {'MRR': 0.463055357336998, 'hits@[1,3,10]': tensor([0.3742, 0.5067, 0.6347])}
	 TRAIN:  {'MRR': 0.9996032118797302, 'hits@[1,3,10]': tensor([0.9995, 0.9997, 0.9997])}
	 VALID :  {'MRR': 0.46294666826725006, 'hits@[1,3,10]': tensor([0.3742, 0.5058, 0.6348])}
	 TRAIN:  {'MRR': 0.9995604157447815, 'hits@[1,3,10]': tensor([0.9994, 0.9996, 0.9997])}
	 VALID :  {'MRR': 0.4627569764852524, 'hits@[1,3,10]': tensor([0.3733, 0.5067, 0.6335])}
	 TRAIN:  {'MRR': 0.9995735585689545, 'hits@[1,3,10]': tensor([0.9995, 0.9996, 0.9997])}
	 VALID :  {'MRR': 0.4622454345226288, 'hits@[1,3,10]': tensor([0.3723, 0.5069, 0.6336])}
	 TRAIN:  {'MRR': 0.9995635747909546, 'hits@[1,3,10]': tensor([0.9995, 0.9996, 0.9997])}
	 VALID :  {'MRR': 0.4625459611415863, 'hits@[1,3,10]': tensor([0.3736, 0.5067, 0.6332])}
	 TRAIN:  {'MRR': 0.9995794594287872, 'hits@[1,3,10]': tensor([0.9995, 0.9996, 0.9997])}
	 VALID :  {'MRR': 0.46282443404197693, 'hits@[1,3,10]': tensor([0.3740, 0.5062, 0.6333])}
	 TRAIN:  {'MRR': 0.9995888471603394, 'hits@[1,3,10]': tensor([0.9995, 0.9996, 0.9997])}
	 VALID :  {'MRR': 0.46237291395664215, 'hits@[1,3,10]': tensor([0.3736, 0.5056, 0.6329])}
	 TRAIN:  {'MRR': 0.9995990693569183, 'hits@[1,3,10]': tensor([0.9995, 0.9996, 0.9998])}
	 VALID :  {'MRR': 0.46271398663520813, 'hits@[1,3,10]': tensor([0.3739, 0.5062, 0.6345])}
	 TRAIN:  {'MRR': 0.9996580183506012, 'hits@[1,3,10]': tensor([0.9996, 0.9997, 0.9998])}
	 VALID :  {'MRR': 0.4626835882663727, 'hits@[1,3,10]': tensor([0.3737, 0.5065, 0.6326])}
	 TRAIN:  {'MRR': 0.9996832013130188, 'hits@[1,3,10]': tensor([0.9996, 0.9997, 0.9998])}
	 VALID :  {'MRR': 0.4623830020427704, 'hits@[1,3,10]': tensor([0.3730, 0.5065, 0.6326])}
	 TRAIN:  {'MRR': 0.9996586740016937, 'hits@[1,3,10]': tensor([0.9996, 0.9997, 0.9998])}
	 VALID :  {'MRR': 0.46228480339050293, 'hits@[1,3,10]': tensor([0.3730, 0.5058, 0.6331])}
	 TRAIN:  {'MRR': 0.9997016787528992, 'hits@[1,3,10]': tensor([0.9997, 0.9997, 0.9998])}
	 VALID :  {'MRR': 0.4621899873018265, 'hits@[1,3,10]': tensor([0.3729, 0.5052, 0.6318])}
	 TRAIN:  {'MRR': 0.9996869564056396, 'hits@[1,3,10]': tensor([0.9996, 0.9997, 0.9998])}
	 VALID :  {'MRR': 0.46158331632614136, 'hits@[1,3,10]': tensor([0.3723, 0.5051, 0.6335])}
	 TRAIN:  {'MRR': 0.9997195601463318, 'hits@[1,3,10]': tensor([0.9997, 0.9998, 0.9998])}
	 VALID :  {'MRR': 0.46194231510162354, 'hits@[1,3,10]': tensor([0.3725, 0.5059, 0.6331])}
	 TRAIN:  {'MRR': 0.9997333288192749, 'hits@[1,3,10]': tensor([0.9997, 0.9998, 0.9998])}
	 VALID :  {'MRR': 0.4618230015039444, 'hits@[1,3,10]': tensor([0.3722, 0.5051, 0.6334])}
	 TRAIN:  {'MRR': 0.9997796416282654, 'hits@[1,3,10]': tensor([0.9997, 0.9998, 0.9999])}
	 VALID :  {'MRR': 0.4619320034980774, 'hits@[1,3,10]': tensor([0.3729, 0.5051, 0.6325])}
	 TRAIN:  {'MRR': 0.9996739029884338, 'hits@[1,3,10]': tensor([0.9996, 0.9997, 0.9998])}
	 VALID :  {'MRR': 0.46119706332683563, 'hits@[1,3,10]': tensor([0.3717, 0.5049, 0.6324])}
	 TRAIN:  {'MRR': 0.9996563792228699, 'hits@[1,3,10]': tensor([0.9996, 0.9997, 0.9998])}
	 VALID :  {'MRR': 0.4616137892007828, 'hits@[1,3,10]': tensor([0.3723, 0.5040, 0.6328])}
	 TRAIN:  {'MRR': 0.9997414648532867, 'hits@[1,3,10]': tensor([0.9997, 0.9998, 0.9998])}
	 VALID :  {'MRR': 0.461379274725914, 'hits@[1,3,10]': tensor([0.3722, 0.5053, 0.6319])}


TEST :  {'MRR': 0.4645671844482422, 'hits@[1,3,10]': tensor([0.3775, 0.5070, 0.6314])}
