{'batch_size': 1000,
 'checkpoint': None,
 'data_shape': (63361, 400, 63361),
 'dataset': 'NELL',
 'decay1': 0.9,
 'decay2': 0.999,
 'eval_only': False,
 'init': 0.001,
 'learning_rate': 0.1,
 'max_epochs': 100,
 'model': 'ComplEx',
 'model_save_schedule': 1000,
 'optimizer': 'Adagrad',
 'path': 'kbc/data/NELL',
 'rank': 1000,
 'reg': 0.1,
 'regularizer': 'N3',
 'valid': 3.0}
	 TRAIN:  {'MRR': 0.6865776181221008, 'hits@[1,3,10]': tensor([0.6025, 0.7365, 0.8426])}
	 VALID :  {'MRR': 0.4026434123516083, 'hits@[1,3,10]': tensor([0.3078, 0.4482, 0.5830])}
	 TRAIN:  {'MRR': 0.8155227899551392, 'hits@[1,3,10]': tensor([0.7579, 0.8530, 0.9181])}
	 VALID :  {'MRR': 0.43783070147037506, 'hits@[1,3,10]': tensor([0.3436, 0.4835, 0.6199])}
	 TRAIN:  {'MRR': 0.8542693555355072, 'hits@[1,3,10]': tensor([0.8069, 0.8870, 0.9368])}
	 VALID :  {'MRR': 0.44967223703861237, 'hits@[1,3,10]': tensor([0.3552, 0.4967, 0.6309])}
	 TRAIN:  {'MRR': 0.870790958404541, 'hits@[1,3,10]': tensor([0.8302, 0.8987, 0.9431])}
	 VALID :  {'MRR': 0.45233121514320374, 'hits@[1,3,10]': tensor([0.3577, 0.5008, 0.6329])}
	 TRAIN:  {'MRR': 0.8849281966686249, 'hits@[1,3,10]': tensor([0.8480, 0.9109, 0.9490])}
	 VALID :  {'MRR': 0.45426294207572937, 'hits@[1,3,10]': tensor([0.3593, 0.5016, 0.6358])}
	 TRAIN:  {'MRR': 0.8907788693904877, 'hits@[1,3,10]': tensor([0.8554, 0.9159, 0.9517])}
	 VALID :  {'MRR': 0.4559106230735779, 'hits@[1,3,10]': tensor([0.3604, 0.5037, 0.6387])}
	 TRAIN:  {'MRR': 0.8967711925506592, 'hits@[1,3,10]': tensor([0.8639, 0.9207, 0.9540])}
	 VALID :  {'MRR': 0.4566401243209839, 'hits@[1,3,10]': tensor([0.3597, 0.5071, 0.6395])}
	 TRAIN:  {'MRR': 0.9034979343414307, 'hits@[1,3,10]': tensor([0.8721, 0.9264, 0.9580])}
	 VALID :  {'MRR': 0.4586348831653595, 'hits@[1,3,10]': tensor([0.3626, 0.5079, 0.6412])}
	 TRAIN:  {'MRR': 0.9054442942142487, 'hits@[1,3,10]': tensor([0.8748, 0.9272, 0.9586])}
	 VALID :  {'MRR': 0.4598171263933182, 'hits@[1,3,10]': tensor([0.3650, 0.5083, 0.6398])}
	 TRAIN:  {'MRR': 0.9083264768123627, 'hits@[1,3,10]': tensor([0.8786, 0.9284, 0.9611])}
	 VALID :  {'MRR': 0.4609741270542145, 'hits@[1,3,10]': tensor([0.3659, 0.5095, 0.6434])}
	 TRAIN:  {'MRR': 0.9080023765563965, 'hits@[1,3,10]': tensor([0.8793, 0.9280, 0.9593])}
	 VALID :  {'MRR': 0.461800292134285, 'hits@[1,3,10]': tensor([0.3673, 0.5086, 0.6425])}
	 TRAIN:  {'MRR': 0.9107422828674316, 'hits@[1,3,10]': tensor([0.8828, 0.9298, 0.9616])}
	 VALID :  {'MRR': 0.46133093535900116, 'hits@[1,3,10]': tensor([0.3660, 0.5106, 0.6459])}
	 TRAIN:  {'MRR': 0.9133298397064209, 'hits@[1,3,10]': tensor([0.8857, 0.9321, 0.9624])}
	 VALID :  {'MRR': 0.4642418622970581, 'hits@[1,3,10]': tensor([0.3709, 0.5100, 0.6447])}
	 TRAIN:  {'MRR': 0.9135795831680298, 'hits@[1,3,10]': tensor([0.8857, 0.9323, 0.9629])}
	 VALID :  {'MRR': 0.4625946581363678, 'hits@[1,3,10]': tensor([0.3667, 0.5095, 0.6472])}
	 TRAIN:  {'MRR': 0.9169964790344238, 'hits@[1,3,10]': tensor([0.8896, 0.9354, 0.9650])}
	 VALID :  {'MRR': 0.46255894005298615, 'hits@[1,3,10]': tensor([0.3678, 0.5106, 0.6457])}
	 TRAIN:  {'MRR': 0.9174702763557434, 'hits@[1,3,10]': tensor([0.8910, 0.9351, 0.9646])}
	 VALID :  {'MRR': 0.46317286789417267, 'hits@[1,3,10]': tensor([0.3690, 0.5093, 0.6457])}
	 TRAIN:  {'MRR': 0.9190869629383087, 'hits@[1,3,10]': tensor([0.8927, 0.9372, 0.9660])}
	 VALID :  {'MRR': 0.46339787542819977, 'hits@[1,3,10]': tensor([0.3687, 0.5104, 0.6451])}
	 TRAIN:  {'MRR': 0.9195381999015808, 'hits@[1,3,10]': tensor([0.8939, 0.9378, 0.9652])}
	 VALID :  {'MRR': 0.4646752178668976, 'hits@[1,3,10]': tensor([0.3699, 0.5127, 0.6470])}
	 TRAIN:  {'MRR': 0.9207469820976257, 'hits@[1,3,10]': tensor([0.8956, 0.9376, 0.9664])}
	 VALID :  {'MRR': 0.4658750295639038, 'hits@[1,3,10]': tensor([0.3725, 0.5123, 0.6452])}
	 TRAIN:  {'MRR': 0.9213500916957855, 'hits@[1,3,10]': tensor([0.8962, 0.9381, 0.9662])}
	 VALID :  {'MRR': 0.4641789048910141, 'hits@[1,3,10]': tensor([0.3693, 0.5116, 0.6467])}
	 TRAIN:  {'MRR': 0.9208294749259949, 'hits@[1,3,10]': tensor([0.8963, 0.9374, 0.9655])}
	 VALID :  {'MRR': 0.4630987197160721, 'hits@[1,3,10]': tensor([0.3682, 0.5105, 0.6466])}
	 TRAIN:  {'MRR': 0.9229061603546143, 'hits@[1,3,10]': tensor([0.8978, 0.9406, 0.9672])}
	 VALID :  {'MRR': 0.46529699862003326, 'hits@[1,3,10]': tensor([0.3707, 0.5132, 0.6477])}
	 TRAIN:  {'MRR': 0.924729973077774, 'hits@[1,3,10]': tensor([0.9004, 0.9412, 0.9685])}
	 VALID :  {'MRR': 0.4647026062011719, 'hits@[1,3,10]': tensor([0.3696, 0.5117, 0.6470])}
	 TRAIN:  {'MRR': 0.9245875179767609, 'hits@[1,3,10]': tensor([0.8999, 0.9412, 0.9684])}
	 VALID :  {'MRR': 0.46513882279396057, 'hits@[1,3,10]': tensor([0.3701, 0.5126, 0.6479])}
	 TRAIN:  {'MRR': 0.9231664836406708, 'hits@[1,3,10]': tensor([0.8988, 0.9395, 0.9673])}
	 VALID :  {'MRR': 0.4646448940038681, 'hits@[1,3,10]': tensor([0.3701, 0.5125, 0.6468])}
	 TRAIN:  {'MRR': 0.9242854118347168, 'hits@[1,3,10]': tensor([0.8999, 0.9407, 0.9677])}
	 VALID :  {'MRR': 0.4652922451496124, 'hits@[1,3,10]': tensor([0.3711, 0.5125, 0.6478])}
	 TRAIN:  {'MRR': 0.9254763424396515, 'hits@[1,3,10]': tensor([0.9013, 0.9421, 0.9689])}
	 VALID :  {'MRR': 0.46523553133010864, 'hits@[1,3,10]': tensor([0.3706, 0.5130, 0.6472])}
	 TRAIN:  {'MRR': 0.9241883158683777, 'hits@[1,3,10]': tensor([0.8997, 0.9413, 0.9684])}
	 VALID :  {'MRR': 0.4644685387611389, 'hits@[1,3,10]': tensor([0.3688, 0.5135, 0.6479])}
	 TRAIN:  {'MRR': 0.9251027405261993, 'hits@[1,3,10]': tensor([0.9007, 0.9416, 0.9688])}
	 VALID :  {'MRR': 0.46633878350257874, 'hits@[1,3,10]': tensor([0.3718, 0.5143, 0.6477])}
	 TRAIN:  {'MRR': 0.9265397787094116, 'hits@[1,3,10]': tensor([0.9029, 0.9423, 0.9689])}
	 VALID :  {'MRR': 0.4659116268157959, 'hits@[1,3,10]': tensor([0.3722, 0.5130, 0.6463])}
	 TRAIN:  {'MRR': 0.924778401851654, 'hits@[1,3,10]': tensor([0.8993, 0.9426, 0.9689])}
	 VALID :  {'MRR': 0.46522757411003113, 'hits@[1,3,10]': tensor([0.3706, 0.5121, 0.6479])}
	 TRAIN:  {'MRR': 0.9262296855449677, 'hits@[1,3,10]': tensor([0.9021, 0.9429, 0.9690])}
	 VALID :  {'MRR': 0.46507789194583893, 'hits@[1,3,10]': tensor([0.3697, 0.5144, 0.6479])}
	 TRAIN:  {'MRR': 0.9284049570560455, 'hits@[1,3,10]': tensor([0.9053, 0.9436, 0.9702])}
	 VALID :  {'MRR': 0.4661712646484375, 'hits@[1,3,10]': tensor([0.3720, 0.5121, 0.6487])}


TEST :  {'MRR': 0.4666574001312256, 'hits@[1,3,10]': tensor([0.3723, 0.5148, 0.6450])}
