{'batch_size': 1000,
 'checkpoint': None,
 'data_shape': (63361, 400, 63361),
 'dataset': 'NELL',
 'decay1': 0.9,
 'decay2': 0.999,
 'eval_only': False,
 'init': 0.001,
 'learning_rate': 0.1,
 'max_epochs': 100,
 'model': 'ComplEx',
 'model_save_schedule': 1000,
 'optimizer': 'Adagrad',
 'path': 'kbc/data/NELL',
 'rank': 500,
 'reg': 0.0001,
 'regularizer': 'N3',
 'valid': 3.0}
	 TRAIN:  {'MRR': 0.9423832893371582, 'hits@[1,3,10]': tensor([0.9093, 0.9723, 0.9926])}
	 VALID :  {'MRR': 0.41697879135608673, 'hits@[1,3,10]': tensor([0.3253, 0.4608, 0.5939])}
	 TRAIN:  {'MRR': 0.9982505142688751, 'hits@[1,3,10]': tensor([0.9968, 0.9998, 0.9999])}
	 VALID :  {'MRR': 0.44109243154525757, 'hits@[1,3,10]': tensor([0.3503, 0.4855, 0.6156])}
	 TRAIN:  {'MRR': 0.9996501505374908, 'hits@[1,3,10]': tensor([0.9993, 0.9999, 1.0000])}
	 VALID :  {'MRR': 0.4431559443473816, 'hits@[1,3,10]': tensor([0.3508, 0.4897, 0.6194])}
	 TRAIN:  {'MRR': 0.999952495098114, 'hits@[1,3,10]': tensor([0.9999, 1.0000, 1.0000])}
	 VALID :  {'MRR': 0.4503832906484604, 'hits@[1,3,10]': tensor([0.3598, 0.4956, 0.6223])}
	 TRAIN:  {'MRR': 0.9999843239784241, 'hits@[1,3,10]': tensor([1.0000, 1.0000, 1.0000])}
	 VALID :  {'MRR': 0.44990089535713196, 'hits@[1,3,10]': tensor([0.3599, 0.4951, 0.6232])}
	 TRAIN:  {'MRR': 1.0, 'hits@[1,3,10]': tensor([1., 1., 1.])}
	 VALID :  {'MRR': 0.45082560181617737, 'hits@[1,3,10]': tensor([0.3604, 0.4954, 0.6245])}
	 TRAIN:  {'MRR': 0.9999899864196777, 'hits@[1,3,10]': tensor([1.0000, 1.0000, 1.0000])}
	 VALID :  {'MRR': 0.4517262130975723, 'hits@[1,3,10]': tensor([0.3619, 0.4958, 0.6255])}
	 TRAIN:  {'MRR': 1.0, 'hits@[1,3,10]': tensor([1., 1., 1.])}
	 VALID :  {'MRR': 0.4521169811487198, 'hits@[1,3,10]': tensor([0.3618, 0.4964, 0.6267])}
	 TRAIN:  {'MRR': 0.9999699890613556, 'hits@[1,3,10]': tensor([1.0000, 1.0000, 1.0000])}
	 VALID :  {'MRR': 0.45259878039360046, 'hits@[1,3,10]': tensor([0.3625, 0.4980, 0.6250])}
	 TRAIN:  {'MRR': 0.9999900460243225, 'hits@[1,3,10]': tensor([1.0000, 1.0000, 1.0000])}
	 VALID :  {'MRR': 0.4539530873298645, 'hits@[1,3,10]': tensor([0.3646, 0.4980, 0.6262])}
	 TRAIN:  {'MRR': 0.9999900758266449, 'hits@[1,3,10]': tensor([1.0000, 1.0000, 1.0000])}
	 VALID :  {'MRR': 0.45364023745059967, 'hits@[1,3,10]': tensor([0.3638, 0.4971, 0.6253])}
	 TRAIN:  {'MRR': 0.9999801218509674, 'hits@[1,3,10]': tensor([1.0000, 1.0000, 1.0000])}
	 VALID :  {'MRR': 0.45303401350975037, 'hits@[1,3,10]': tensor([0.3628, 0.4985, 0.6266])}
	 TRAIN:  {'MRR': 1.0, 'hits@[1,3,10]': tensor([1., 1., 1.])}
	 VALID :  {'MRR': 0.4532538950443268, 'hits@[1,3,10]': tensor([0.3631, 0.4980, 0.6258])}
	 TRAIN:  {'MRR': 1.0, 'hits@[1,3,10]': tensor([1., 1., 1.])}
	 VALID :  {'MRR': 0.45427757501602173, 'hits@[1,3,10]': tensor([0.3647, 0.4977, 0.6282])}
	 TRAIN:  {'MRR': 1.0, 'hits@[1,3,10]': tensor([1., 1., 1.])}
	 VALID :  {'MRR': 0.4533935785293579, 'hits@[1,3,10]': tensor([0.3634, 0.4965, 0.6273])}
	 TRAIN:  {'MRR': 0.9999899864196777, 'hits@[1,3,10]': tensor([1.0000, 1.0000, 1.0000])}
	 VALID :  {'MRR': 0.45390641689300537, 'hits@[1,3,10]': tensor([0.3642, 0.4983, 0.6269])}
	 TRAIN:  {'MRR': 0.9999814033508301, 'hits@[1,3,10]': tensor([1.0000, 1.0000, 1.0000])}
	 VALID :  {'MRR': 0.4540233314037323, 'hits@[1,3,10]': tensor([0.3651, 0.4965, 0.6266])}
	 TRAIN:  {'MRR': 0.9999899864196777, 'hits@[1,3,10]': tensor([1.0000, 1.0000, 1.0000])}
	 VALID :  {'MRR': 0.4539250284433365, 'hits@[1,3,10]': tensor([0.3643, 0.4980, 0.6269])}
	 TRAIN:  {'MRR': 0.9999899864196777, 'hits@[1,3,10]': tensor([1.0000, 1.0000, 1.0000])}
	 VALID :  {'MRR': 0.45280173420906067, 'hits@[1,3,10]': tensor([0.3622, 0.4987, 0.6276])}
	 TRAIN:  {'MRR': 1.0, 'hits@[1,3,10]': tensor([1., 1., 1.])}
	 VALID :  {'MRR': 0.4531727731227875, 'hits@[1,3,10]': tensor([0.3628, 0.4983, 0.6265])}
	 TRAIN:  {'MRR': 0.9999799728393555, 'hits@[1,3,10]': tensor([1.0000, 1.0000, 1.0000])}
	 VALID :  {'MRR': 0.45348572731018066, 'hits@[1,3,10]': tensor([0.3631, 0.4995, 0.6270])}
	 TRAIN:  {'MRR': 0.9999899864196777, 'hits@[1,3,10]': tensor([1.0000, 1.0000, 1.0000])}
	 VALID :  {'MRR': 0.4541477560997009, 'hits@[1,3,10]': tensor([0.3645, 0.4978, 0.6266])}
	 TRAIN:  {'MRR': 1.0, 'hits@[1,3,10]': tensor([1., 1., 1.])}
	 VALID :  {'MRR': 0.45447270572185516, 'hits@[1,3,10]': tensor([0.3652, 0.4982, 0.6265])}
	 TRAIN:  {'MRR': 1.0, 'hits@[1,3,10]': tensor([1., 1., 1.])}
	 VALID :  {'MRR': 0.45414842665195465, 'hits@[1,3,10]': tensor([0.3644, 0.4981, 0.6262])}
	 TRAIN:  {'MRR': 1.0, 'hits@[1,3,10]': tensor([1., 1., 1.])}
	 VALID :  {'MRR': 0.4529910981655121, 'hits@[1,3,10]': tensor([0.3627, 0.4983, 0.6255])}
	 TRAIN:  {'MRR': 1.0, 'hits@[1,3,10]': tensor([1., 1., 1.])}
	 VALID :  {'MRR': 0.45402631163597107, 'hits@[1,3,10]': tensor([0.3644, 0.4986, 0.6262])}
	 TRAIN:  {'MRR': 0.9999900460243225, 'hits@[1,3,10]': tensor([1.0000, 1.0000, 1.0000])}
	 VALID :  {'MRR': 0.453776478767395, 'hits@[1,3,10]': tensor([0.3639, 0.4988, 0.6262])}
	 TRAIN:  {'MRR': 0.9999900460243225, 'hits@[1,3,10]': tensor([1.0000, 1.0000, 1.0000])}
	 VALID :  {'MRR': 0.4540538787841797, 'hits@[1,3,10]': tensor([0.3643, 0.4986, 0.6256])}
	 TRAIN:  {'MRR': 1.0, 'hits@[1,3,10]': tensor([1., 1., 1.])}
	 VALID :  {'MRR': 0.45356689393520355, 'hits@[1,3,10]': tensor([0.3637, 0.4984, 0.6256])}
	 TRAIN:  {'MRR': 0.9999900460243225, 'hits@[1,3,10]': tensor([1.0000, 1.0000, 1.0000])}
	 VALID :  {'MRR': 0.45358218252658844, 'hits@[1,3,10]': tensor([0.3645, 0.4971, 0.6260])}
	 TRAIN:  {'MRR': 1.0, 'hits@[1,3,10]': tensor([1., 1., 1.])}
	 VALID :  {'MRR': 0.45370052754879, 'hits@[1,3,10]': tensor([0.3638, 0.4986, 0.6259])}
	 TRAIN:  {'MRR': 1.0, 'hits@[1,3,10]': tensor([1., 1., 1.])}
	 VALID :  {'MRR': 0.45384587347507477, 'hits@[1,3,10]': tensor([0.3642, 0.4981, 0.6259])}
	 TRAIN:  {'MRR': 1.0, 'hits@[1,3,10]': tensor([1., 1., 1.])}
	 VALID :  {'MRR': 0.45412613451480865, 'hits@[1,3,10]': tensor([0.3648, 0.4984, 0.6268])}


TEST :  {'MRR': 0.45467767119407654, 'hits@[1,3,10]': tensor([0.3648, 0.4987, 0.6249])}
