{'batch_size': 1000,
 'checkpoint': None,
 'data_shape': (63361, 400, 63361),
 'dataset': 'NELL',
 'decay1': 0.9,
 'decay2': 0.999,
 'eval_only': False,
 'init': 0.001,
 'learning_rate': 0.1,
 'max_epochs': 100,
 'model': 'ComplEx',
 'model_save_schedule': 1000,
 'optimizer': 'Adagrad',
 'path': 'kbc/data/NELL',
 'rank': 100,
 'reg': 0.5,
 'regularizer': 'N3',
 'valid': 3.0}
	 TRAIN:  {'MRR': 0.04930678941309452, 'hits@[1,3,10]': tensor([0.0340, 0.0440, 0.0796])}
	 VALID :  {'MRR': 0.03529594652354717, 'hits@[1,3,10]': tensor([0.0203, 0.0281, 0.0633])}
	 TRAIN:  {'MRR': 0.014096640516072512, 'hits@[1,3,10]': tensor([0.0031, 0.0090, 0.0259])}
	 VALID :  {'MRR': 0.008143838960677385, 'hits@[1,3,10]': tensor([0.0004, 0.0023, 0.0119])}
	 TRAIN:  {'MRR': 0.010698716156184673, 'hits@[1,3,10]': tensor([0.0027, 0.0067, 0.0169])}
	 VALID :  {'MRR': 0.005313144065439701, 'hits@[1,3,10]': tensor([0.0004, 0.0007, 0.0054])}
	 TRAIN:  {'MRR': 0.009877043776214123, 'hits@[1,3,10]': tensor([0.0031, 0.0066, 0.0205])}
	 VALID :  {'MRR': 0.004544434370473027, 'hits@[1,3,10]': tensor([0.0002, 0.0006, 0.0089])}
	 TRAIN:  {'MRR': 0.009872636757791042, 'hits@[1,3,10]': tensor([0.0029, 0.0084, 0.0161])}
	 VALID :  {'MRR': 0.004317800048738718, 'hits@[1,3,10]': tensor([0.0002, 0.0022, 0.0050])}
	 TRAIN:  {'MRR': 0.009645758662372828, 'hits@[1,3,10]': tensor([0.0033, 0.0074, 0.0159])}
	 VALID :  {'MRR': 0.0037969675613567233, 'hits@[1,3,10]': tensor([0.0002, 0.0009, 0.0048])}
	 TRAIN:  {'MRR': 0.008622763212770224, 'hits@[1,3,10]': tensor([0.0029, 0.0068, 0.0163])}
	 VALID :  {'MRR': 0.0035945448325946927, 'hits@[1,3,10]': tensor([0.0003, 0.0012, 0.0058])}
	 TRAIN:  {'MRR': 0.007228934438899159, 'hits@[1,3,10]': tensor([0.0032, 0.0068, 0.0101])}
	 VALID :  {'MRR': 0.0028431351529434323, 'hits@[1,3,10]': tensor([0.0003, 0.0010, 0.0042])}
	 TRAIN:  {'MRR': 0.006691420450806618, 'hits@[1,3,10]': tensor([0.0030, 0.0062, 0.0088])}
	 VALID :  {'MRR': 0.0028574748430401087, 'hits@[1,3,10]': tensor([0.0005, 0.0011, 0.0036])}
	 TRAIN:  {'MRR': 0.006547119235619903, 'hits@[1,3,10]': tensor([0.0032, 0.0064, 0.0081])}
	 VALID :  {'MRR': 0.0027750333538278937, 'hits@[1,3,10]': tensor([0.0005, 0.0017, 0.0035])}
	 TRAIN:  {'MRR': 0.006699074292555451, 'hits@[1,3,10]': tensor([0.0033, 0.0066, 0.0086])}
	 VALID :  {'MRR': 0.0026698553701862693, 'hits@[1,3,10]': tensor([0.0005, 0.0012, 0.0031])}
	 TRAIN:  {'MRR': 0.006514281965792179, 'hits@[1,3,10]': tensor([0.0036, 0.0061, 0.0079])}
	 VALID :  {'MRR': 0.0026297118747606874, 'hits@[1,3,10]': tensor([0.0005, 0.0012, 0.0031])}
	 TRAIN:  {'MRR': 0.006133281160145998, 'hits@[1,3,10]': tensor([0.0032, 0.0061, 0.0078])}
	 VALID :  {'MRR': 0.0025167057756334543, 'hits@[1,3,10]': tensor([0.0006, 0.0012, 0.0029])}
	 TRAIN:  {'MRR': 0.005453148391097784, 'hits@[1,3,10]': tensor([0.0032, 0.0041, 0.0070])}
	 VALID :  {'MRR': 0.002376053133048117, 'hits@[1,3,10]': tensor([0.0005, 0.0009, 0.0027])}
	 TRAIN:  {'MRR': 0.006080505438148975, 'hits@[1,3,10]': tensor([0.0032, 0.0060, 0.0074])}
	 VALID :  {'MRR': 0.0022708203177899122, 'hits@[1,3,10]': tensor([0.0004, 0.0010, 0.0023])}
	 TRAIN:  {'MRR': 0.004967252025380731, 'hits@[1,3,10]': tensor([0.0032, 0.0035, 0.0056])}
	 VALID :  {'MRR': 0.002252381877042353, 'hits@[1,3,10]': tensor([0.0005, 0.0008, 0.0025])}
	 TRAIN:  {'MRR': 0.005438331980258226, 'hits@[1,3,10]': tensor([0.0033, 0.0036, 0.0070])}
	 VALID :  {'MRR': 0.0022144404938444495, 'hits@[1,3,10]': tensor([0.0004, 0.0009, 0.0022])}
	 TRAIN:  {'MRR': 0.005417985608801246, 'hits@[1,3,10]': tensor([0.0034, 0.0037, 0.0070])}
	 VALID :  {'MRR': 0.002152132918126881, 'hits@[1,3,10]': tensor([0.0005, 0.0008, 0.0023])}
	 TRAIN:  {'MRR': 0.005154174054041505, 'hits@[1,3,10]': tensor([0.0032, 0.0035, 0.0069])}
	 VALID :  {'MRR': 0.0021315657068043947, 'hits@[1,3,10]': tensor([0.0005, 0.0008, 0.0023])}
	 TRAIN:  {'MRR': 0.004883369896560907, 'hits@[1,3,10]': tensor([0.0030, 0.0031, 0.0068])}
	 VALID :  {'MRR': 0.0020538800163194537, 'hits@[1,3,10]': tensor([0.0003, 0.0007, 0.0022])}
	 TRAIN:  {'MRR': 0.005358431255444884, 'hits@[1,3,10]': tensor([0.0034, 0.0036, 0.0072])}
	 VALID :  {'MRR': 0.0020702293841168284, 'hits@[1,3,10]': tensor([0.0004, 0.0007, 0.0022])}
	 TRAIN:  {'MRR': 0.004985392559319735, 'hits@[1,3,10]': tensor([0.0032, 0.0034, 0.0072])}
	 VALID :  {'MRR': 0.002021211083047092, 'hits@[1,3,10]': tensor([0.0005, 0.0007, 0.0020])}
	 TRAIN:  {'MRR': 0.005111270118504763, 'hits@[1,3,10]': tensor([0.0034, 0.0035, 0.0071])}
	 VALID :  {'MRR': 0.0019243780407123268, 'hits@[1,3,10]': tensor([0.0004, 0.0006, 0.0021])}
	 TRAIN:  {'MRR': 0.004644699860364199, 'hits@[1,3,10]': tensor([0.0030, 0.0032, 0.0063])}
	 VALID :  {'MRR': 0.0018640359048731625, 'hits@[1,3,10]': tensor([0.0003, 0.0005, 0.0020])}
	 TRAIN:  {'MRR': 0.004773022141307592, 'hits@[1,3,10]': tensor([0.0032, 0.0034, 0.0066])}
	 VALID :  {'MRR': 0.001894100452773273, 'hits@[1,3,10]': tensor([0.0004, 0.0006, 0.0019])}
	 TRAIN:  {'MRR': 0.004926616791635752, 'hits@[1,3,10]': tensor([0.0032, 0.0034, 0.0069])}
	 VALID :  {'MRR': 0.00188066391274333, 'hits@[1,3,10]': tensor([0.0004, 0.0005, 0.0020])}
	 TRAIN:  {'MRR': 0.004823819966986775, 'hits@[1,3,10]': tensor([0.0032, 0.0034, 0.0066])}
	 VALID :  {'MRR': 0.0018875941750593483, 'hits@[1,3,10]': tensor([0.0004, 0.0006, 0.0017])}
	 TRAIN:  {'MRR': 0.004776387242600322, 'hits@[1,3,10]': tensor([0.0031, 0.0033, 0.0066])}
	 VALID :  {'MRR': 0.0017500441172160208, 'hits@[1,3,10]': tensor([0.0003, 0.0005, 0.0016])}
	 TRAIN:  {'MRR': 0.0049969719257205725, 'hits@[1,3,10]': tensor([0.0034, 0.0035, 0.0069])}
	 VALID :  {'MRR': 0.0017856855411082506, 'hits@[1,3,10]': tensor([0.0003, 0.0006, 0.0016])}
	 TRAIN:  {'MRR': 0.004781970055773854, 'hits@[1,3,10]': tensor([0.0032, 0.0033, 0.0067])}
	 VALID :  {'MRR': 0.0017599668353796005, 'hits@[1,3,10]': tensor([0.0004, 0.0005, 0.0013])}
	 TRAIN:  {'MRR': 0.004551856778562069, 'hits@[1,3,10]': tensor([0.0028, 0.0033, 0.0065])}
	 VALID :  {'MRR': 0.0017297582235187292, 'hits@[1,3,10]': tensor([0.0003, 0.0005, 0.0013])}
	 TRAIN:  {'MRR': 0.004896974423900247, 'hits@[1,3,10]': tensor([0.0034, 0.0035, 0.0067])}
	 VALID :  {'MRR': 0.0017129643238149583, 'hits@[1,3,10]': tensor([0.0003, 0.0005, 0.0014])}
	 TRAIN:  {'MRR': 0.004912445088848472, 'hits@[1,3,10]': tensor([0.0034, 0.0036, 0.0066])}
	 VALID :  {'MRR': 0.0016866617952473462, 'hits@[1,3,10]': tensor([0.0003, 0.0005, 0.0015])}


TEST :  {'MRR': 0.0018499058787710965, 'hits@[1,3,10]': tensor([0.0005, 0.0006, 0.0014])}
