{'batch_size': 1000,
 'checkpoint': None,
 'data_shape': (63361, 400, 63361),
 'dataset': 'NELL',
 'decay1': 0.9,
 'decay2': 0.999,
 'eval_only': False,
 'init': 0.001,
 'learning_rate': 0.1,
 'max_epochs': 100,
 'model': 'ComplEx',
 'model_save_schedule': 1000,
 'optimizer': 'Adagrad',
 'path': 'kbc/data/NELL',
 'rank': 500,
 'reg': 0.005,
 'regularizer': 'N3',
 'valid': 3.0}
	 TRAIN:  {'MRR': 0.9240474998950958, 'hits@[1,3,10]': tensor([0.8833, 0.9591, 0.9874])}
	 VALID :  {'MRR': 0.4204530119895935, 'hits@[1,3,10]': tensor([0.3291, 0.4622, 0.6004])}
	 TRAIN:  {'MRR': 0.9963748455047607, 'hits@[1,3,10]': tensor([0.9937, 0.9989, 0.9994])}
	 VALID :  {'MRR': 0.44546468555927277, 'hits@[1,3,10]': tensor([0.3549, 0.4900, 0.6211])}
	 TRAIN:  {'MRR': 0.9991510510444641, 'hits@[1,3,10]': tensor([0.9989, 0.9994, 0.9996])}
	 VALID :  {'MRR': 0.45276401937007904, 'hits@[1,3,10]': tensor([0.3618, 0.4976, 0.6262])}
	 TRAIN:  {'MRR': 0.9995297491550446, 'hits@[1,3,10]': tensor([0.9994, 0.9997, 0.9998])}
	 VALID :  {'MRR': 0.45577046275138855, 'hits@[1,3,10]': tensor([0.3668, 0.4979, 0.6294])}
	 TRAIN:  {'MRR': 0.9995511174201965, 'hits@[1,3,10]': tensor([0.9994, 0.9997, 0.9998])}
	 VALID :  {'MRR': 0.45750848948955536, 'hits@[1,3,10]': tensor([0.3672, 0.5030, 0.6288])}
	 TRAIN:  {'MRR': 0.9996769726276398, 'hits@[1,3,10]': tensor([0.9996, 0.9997, 0.9998])}
	 VALID :  {'MRR': 0.4595557153224945, 'hits@[1,3,10]': tensor([0.3708, 0.5030, 0.6295])}
	 TRAIN:  {'MRR': 0.9996051788330078, 'hits@[1,3,10]': tensor([0.9995, 0.9997, 0.9998])}
	 VALID :  {'MRR': 0.4600357860326767, 'hits@[1,3,10]': tensor([0.3704, 0.5053, 0.6302])}
	 TRAIN:  {'MRR': 0.9997109472751617, 'hits@[1,3,10]': tensor([0.9997, 0.9997, 0.9998])}
	 VALID :  {'MRR': 0.4605594575405121, 'hits@[1,3,10]': tensor([0.3716, 0.5044, 0.6315])}
	 TRAIN:  {'MRR': 0.9997150897979736, 'hits@[1,3,10]': tensor([0.9997, 0.9997, 0.9998])}
	 VALID :  {'MRR': 0.4605654329061508, 'hits@[1,3,10]': tensor([0.3714, 0.5039, 0.6302])}
	 TRAIN:  {'MRR': 0.9997777938842773, 'hits@[1,3,10]': tensor([0.9998, 0.9998, 0.9998])}
	 VALID :  {'MRR': 0.46061626076698303, 'hits@[1,3,10]': tensor([0.3719, 0.5048, 0.6302])}
	 TRAIN:  {'MRR': 0.99977707862854, 'hits@[1,3,10]': tensor([0.9997, 0.9998, 0.9999])}
	 VALID :  {'MRR': 0.4620870500802994, 'hits@[1,3,10]': tensor([0.3743, 0.5048, 0.6314])}
	 TRAIN:  {'MRR': 0.9998741149902344, 'hits@[1,3,10]': tensor([0.9999, 0.9999, 0.9999])}
	 VALID :  {'MRR': 0.462482288479805, 'hits@[1,3,10]': tensor([0.3739, 0.5059, 0.6307])}
	 TRAIN:  {'MRR': 0.9997738301753998, 'hits@[1,3,10]': tensor([0.9997, 0.9998, 0.9999])}
	 VALID :  {'MRR': 0.4622494578361511, 'hits@[1,3,10]': tensor([0.3738, 0.5052, 0.6323])}
	 TRAIN:  {'MRR': 0.9997912049293518, 'hits@[1,3,10]': tensor([0.9997, 0.9998, 0.9999])}
	 VALID :  {'MRR': 0.4629063457250595, 'hits@[1,3,10]': tensor([0.3750, 0.5053, 0.6333])}
	 TRAIN:  {'MRR': 0.9998300075531006, 'hits@[1,3,10]': tensor([0.9998, 0.9999, 0.9999])}
	 VALID :  {'MRR': 0.4630162715911865, 'hits@[1,3,10]': tensor([0.3752, 0.5058, 0.6325])}
	 TRAIN:  {'MRR': 0.999862939119339, 'hits@[1,3,10]': tensor([0.9998, 0.9999, 0.9999])}
	 VALID :  {'MRR': 0.462486132979393, 'hits@[1,3,10]': tensor([0.3743, 0.5057, 0.6317])}
	 TRAIN:  {'MRR': 0.9999050796031952, 'hits@[1,3,10]': tensor([0.9999, 0.9999, 0.9999])}
	 VALID :  {'MRR': 0.46224135160446167, 'hits@[1,3,10]': tensor([0.3744, 0.5048, 0.6323])}
	 TRAIN:  {'MRR': 0.9998601973056793, 'hits@[1,3,10]': tensor([0.9998, 0.9999, 0.9999])}
	 VALID :  {'MRR': 0.46203917264938354, 'hits@[1,3,10]': tensor([0.3737, 0.5049, 0.6326])}
	 TRAIN:  {'MRR': 0.9998359084129333, 'hits@[1,3,10]': tensor([0.9998, 0.9999, 0.9999])}
	 VALID :  {'MRR': 0.4621080160140991, 'hits@[1,3,10]': tensor([0.3735, 0.5057, 0.6327])}
	 TRAIN:  {'MRR': 0.9998170435428619, 'hits@[1,3,10]': tensor([0.9998, 0.9999, 0.9999])}
	 VALID :  {'MRR': 0.46192850172519684, 'hits@[1,3,10]': tensor([0.3737, 0.5053, 0.6315])}
	 TRAIN:  {'MRR': 0.9999182522296906, 'hits@[1,3,10]': tensor([0.9999, 0.9999, 0.9999])}
	 VALID :  {'MRR': 0.4622126370668411, 'hits@[1,3,10]': tensor([0.3739, 0.5058, 0.6322])}
	 TRAIN:  {'MRR': 0.9998751282691956, 'hits@[1,3,10]': tensor([0.9999, 0.9999, 0.9999])}
	 VALID :  {'MRR': 0.462743416428566, 'hits@[1,3,10]': tensor([0.3749, 0.5055, 0.6315])}
	 TRAIN:  {'MRR': 0.9998800754547119, 'hits@[1,3,10]': tensor([0.9999, 0.9999, 0.9999])}
	 VALID :  {'MRR': 0.4621789902448654, 'hits@[1,3,10]': tensor([0.3741, 0.5058, 0.6320])}
	 TRAIN:  {'MRR': 0.9999028742313385, 'hits@[1,3,10]': tensor([0.9999, 0.9999, 0.9999])}
	 VALID :  {'MRR': 0.46251189708709717, 'hits@[1,3,10]': tensor([0.3744, 0.5060, 0.6327])}
	 TRAIN:  {'MRR': 0.9998719692230225, 'hits@[1,3,10]': tensor([0.9999, 0.9999, 0.9999])}
	 VALID :  {'MRR': 0.4629039466381073, 'hits@[1,3,10]': tensor([0.3749, 0.5057, 0.6306])}
	 TRAIN:  {'MRR': 0.9998276829719543, 'hits@[1,3,10]': tensor([0.9998, 0.9998, 0.9999])}
	 VALID :  {'MRR': 0.46251311898231506, 'hits@[1,3,10]': tensor([0.3742, 0.5060, 0.6312])}
	 TRAIN:  {'MRR': 0.9999135732650757, 'hits@[1,3,10]': tensor([0.9999, 0.9999, 0.9999])}
	 VALID :  {'MRR': 0.4621652811765671, 'hits@[1,3,10]': tensor([0.3741, 0.5050, 0.6317])}
	 TRAIN:  {'MRR': 0.9999163746833801, 'hits@[1,3,10]': tensor([0.9999, 0.9999, 0.9999])}
	 VALID :  {'MRR': 0.46245530247688293, 'hits@[1,3,10]': tensor([0.3744, 0.5040, 0.6302])}
	 TRAIN:  {'MRR': 0.9998978972434998, 'hits@[1,3,10]': tensor([0.9999, 0.9999, 0.9999])}
	 VALID :  {'MRR': 0.46239662170410156, 'hits@[1,3,10]': tensor([0.3744, 0.5053, 0.6308])}
	 TRAIN:  {'MRR': 0.9998370409011841, 'hits@[1,3,10]': tensor([0.9998, 0.9998, 0.9999])}
	 VALID :  {'MRR': 0.4620928019285202, 'hits@[1,3,10]': tensor([0.3738, 0.5056, 0.6299])}
	 TRAIN:  {'MRR': 0.9999054670333862, 'hits@[1,3,10]': tensor([0.9999, 0.9999, 0.9999])}
	 VALID :  {'MRR': 0.4618792235851288, 'hits@[1,3,10]': tensor([0.3739, 0.5047, 0.6304])}
	 TRAIN:  {'MRR': 0.9999335706233978, 'hits@[1,3,10]': tensor([0.9999, 0.9999, 1.0000])}
	 VALID :  {'MRR': 0.46256551146507263, 'hits@[1,3,10]': tensor([0.3748, 0.5052, 0.6304])}
	 TRAIN:  {'MRR': 0.9998727142810822, 'hits@[1,3,10]': tensor([0.9999, 0.9999, 0.9999])}
	 VALID :  {'MRR': 0.46234555542469025, 'hits@[1,3,10]': tensor([0.3743, 0.5053, 0.6299])}


TEST :  {'MRR': 0.46387606859207153, 'hits@[1,3,10]': tensor([0.3760, 0.5075, 0.6319])}
