{'batch_size': 1000,
 'checkpoint': None,
 'data_shape': (63361, 400, 63361),
 'dataset': 'NELL',
 'decay1': 0.9,
 'decay2': 0.999,
 'eval_only': False,
 'init': 0.001,
 'learning_rate': 0.1,
 'max_epochs': 100,
 'model': 'ComplEx',
 'model_save_schedule': 1000,
 'optimizer': 'Adagrad',
 'path': 'kbc/data/NELL',
 'rank': 1000,
 'reg': 0.05,
 'regularizer': 'N3',
 'valid': 3.0}
	 TRAIN:  {'MRR': 0.8014595210552216, 'hits@[1,3,10]': tensor([0.7331, 0.8505, 0.9219])}
	 VALID :  {'MRR': 0.43074777722358704, 'hits@[1,3,10]': tensor([0.3388, 0.4743, 0.6073])}
	 TRAIN:  {'MRR': 0.9140868484973907, 'hits@[1,3,10]': tensor([0.8775, 0.9426, 0.9762])}
	 VALID :  {'MRR': 0.4537808895111084, 'hits@[1,3,10]': tensor([0.3607, 0.4996, 0.6344])}
	 TRAIN:  {'MRR': 0.9441190361976624, 'hits@[1,3,10]': tensor([0.9157, 0.9684, 0.9876])}
	 VALID :  {'MRR': 0.4601375460624695, 'hits@[1,3,10]': tensor([0.3661, 0.5079, 0.6401])}
	 TRAIN:  {'MRR': 0.9655196070671082, 'hits@[1,3,10]': tensor([0.9481, 0.9806, 0.9912])}
	 VALID :  {'MRR': 0.4658998101949692, 'hits@[1,3,10]': tensor([0.3724, 0.5139, 0.6429])}
	 TRAIN:  {'MRR': 0.9715720415115356, 'hits@[1,3,10]': tensor([0.9581, 0.9835, 0.9925])}
	 VALID :  {'MRR': 0.46539273858070374, 'hits@[1,3,10]': tensor([0.3704, 0.5151, 0.6468])}
	 TRAIN:  {'MRR': 0.9751348495483398, 'hits@[1,3,10]': tensor([0.9631, 0.9856, 0.9933])}
	 VALID :  {'MRR': 0.4662674069404602, 'hits@[1,3,10]': tensor([0.3718, 0.5154, 0.6457])}
	 TRAIN:  {'MRR': 0.9788959920406342, 'hits@[1,3,10]': tensor([0.9682, 0.9884, 0.9942])}
	 VALID :  {'MRR': 0.4681752026081085, 'hits@[1,3,10]': tensor([0.3743, 0.5185, 0.6464])}
	 TRAIN:  {'MRR': 0.9806770980358124, 'hits@[1,3,10]': tensor([0.9714, 0.9887, 0.9942])}
	 VALID :  {'MRR': 0.4684474915266037, 'hits@[1,3,10]': tensor([0.3752, 0.5170, 0.6471])}
	 TRAIN:  {'MRR': 0.9815645813941956, 'hits@[1,3,10]': tensor([0.9731, 0.9888, 0.9945])}
	 VALID :  {'MRR': 0.46852029860019684, 'hits@[1,3,10]': tensor([0.3750, 0.5178, 0.6466])}
	 TRAIN:  {'MRR': 0.9829750657081604, 'hits@[1,3,10]': tensor([0.9749, 0.9901, 0.9950])}
	 VALID :  {'MRR': 0.4704974442720413, 'hits@[1,3,10]': tensor([0.3774, 0.5201, 0.6478])}
	 TRAIN:  {'MRR': 0.9846941530704498, 'hits@[1,3,10]': tensor([0.9776, 0.9908, 0.9953])}
	 VALID :  {'MRR': 0.46944287419319153, 'hits@[1,3,10]': tensor([0.3759, 0.5193, 0.6471])}
	 TRAIN:  {'MRR': 0.9846352338790894, 'hits@[1,3,10]': tensor([0.9772, 0.9910, 0.9955])}
	 VALID :  {'MRR': 0.4702688008546829, 'hits@[1,3,10]': tensor([0.3769, 0.5209, 0.6475])}
	 TRAIN:  {'MRR': 0.9852047562599182, 'hits@[1,3,10]': tensor([0.9780, 0.9913, 0.9956])}
	 VALID :  {'MRR': 0.4700469970703125, 'hits@[1,3,10]': tensor([0.3764, 0.5201, 0.6477])}
	 TRAIN:  {'MRR': 0.9854393601417542, 'hits@[1,3,10]': tensor([0.9784, 0.9914, 0.9958])}
	 VALID :  {'MRR': 0.4706803113222122, 'hits@[1,3,10]': tensor([0.3779, 0.5198, 0.6486])}
	 TRAIN:  {'MRR': 0.9859246611595154, 'hits@[1,3,10]': tensor([0.9793, 0.9915, 0.9955])}
	 VALID :  {'MRR': 0.46884503960609436, 'hits@[1,3,10]': tensor([0.3739, 0.5199, 0.6486])}
	 TRAIN:  {'MRR': 0.9857042133808136, 'hits@[1,3,10]': tensor([0.9789, 0.9915, 0.9957])}
	 VALID :  {'MRR': 0.4711447209119797, 'hits@[1,3,10]': tensor([0.3774, 0.5206, 0.6493])}
	 TRAIN:  {'MRR': 0.9872506856918335, 'hits@[1,3,10]': tensor([0.9813, 0.9924, 0.9961])}
	 VALID :  {'MRR': 0.47239838540554047, 'hits@[1,3,10]': tensor([0.3801, 0.5202, 0.6488])}
	 TRAIN:  {'MRR': 0.9875876009464264, 'hits@[1,3,10]': tensor([0.9819, 0.9922, 0.9961])}
	 VALID :  {'MRR': 0.4702925980091095, 'hits@[1,3,10]': tensor([0.3761, 0.5186, 0.6496])}
	 TRAIN:  {'MRR': 0.9875769317150116, 'hits@[1,3,10]': tensor([0.9821, 0.9924, 0.9958])}
	 VALID :  {'MRR': 0.4705858826637268, 'hits@[1,3,10]': tensor([0.3770, 0.5203, 0.6495])}
	 TRAIN:  {'MRR': 0.9879557192325592, 'hits@[1,3,10]': tensor([0.9825, 0.9927, 0.9959])}
	 VALID :  {'MRR': 0.47117727994918823, 'hits@[1,3,10]': tensor([0.3777, 0.5207, 0.6481])}
	 TRAIN:  {'MRR': 0.9882374405860901, 'hits@[1,3,10]': tensor([0.9829, 0.9926, 0.9961])}
	 VALID :  {'MRR': 0.47178567945957184, 'hits@[1,3,10]': tensor([0.3784, 0.5200, 0.6489])}
	 TRAIN:  {'MRR': 0.988521546125412, 'hits@[1,3,10]': tensor([0.9834, 0.9928, 0.9963])}
	 VALID :  {'MRR': 0.47110459208488464, 'hits@[1,3,10]': tensor([0.3779, 0.5198, 0.6494])}
	 TRAIN:  {'MRR': 0.9880494773387909, 'hits@[1,3,10]': tensor([0.9827, 0.9926, 0.9959])}
	 VALID :  {'MRR': 0.4717840999364853, 'hits@[1,3,10]': tensor([0.3789, 0.5209, 0.6502])}
	 TRAIN:  {'MRR': 0.9888342916965485, 'hits@[1,3,10]': tensor([0.9838, 0.9930, 0.9965])}
	 VALID :  {'MRR': 0.4713081866502762, 'hits@[1,3,10]': tensor([0.3782, 0.5194, 0.6487])}
	 TRAIN:  {'MRR': 0.988561362028122, 'hits@[1,3,10]': tensor([0.9835, 0.9926, 0.9962])}
	 VALID :  {'MRR': 0.47173379361629486, 'hits@[1,3,10]': tensor([0.3790, 0.5205, 0.6482])}
	 TRAIN:  {'MRR': 0.9888521432876587, 'hits@[1,3,10]': tensor([0.9839, 0.9929, 0.9964])}
	 VALID :  {'MRR': 0.4714503139257431, 'hits@[1,3,10]': tensor([0.3778, 0.5216, 0.6484])}
	 TRAIN:  {'MRR': 0.9894351363182068, 'hits@[1,3,10]': tensor([0.9850, 0.9930, 0.9964])}
	 VALID :  {'MRR': 0.47139427065849304, 'hits@[1,3,10]': tensor([0.3780, 0.5216, 0.6489])}
	 TRAIN:  {'MRR': 0.9889454245567322, 'hits@[1,3,10]': tensor([0.9843, 0.9928, 0.9962])}
	 VALID :  {'MRR': 0.4716358929872513, 'hits@[1,3,10]': tensor([0.3784, 0.5212, 0.6494])}
	 TRAIN:  {'MRR': 0.9897913038730621, 'hits@[1,3,10]': tensor([0.9853, 0.9935, 0.9965])}
	 VALID :  {'MRR': 0.4717072546482086, 'hits@[1,3,10]': tensor([0.3782, 0.5215, 0.6496])}
	 TRAIN:  {'MRR': 0.9900214970111847, 'hits@[1,3,10]': tensor([0.9857, 0.9937, 0.9965])}
	 VALID :  {'MRR': 0.4711855798959732, 'hits@[1,3,10]': tensor([0.3773, 0.5207, 0.6492])}
	 TRAIN:  {'MRR': 0.9899210035800934, 'hits@[1,3,10]': tensor([0.9856, 0.9935, 0.9964])}
	 VALID :  {'MRR': 0.47170042991638184, 'hits@[1,3,10]': tensor([0.3780, 0.5202, 0.6488])}
	 TRAIN:  {'MRR': 0.9895937442779541, 'hits@[1,3,10]': tensor([0.9851, 0.9932, 0.9965])}
	 VALID :  {'MRR': 0.4719695895910263, 'hits@[1,3,10]': tensor([0.3793, 0.5207, 0.6491])}
	 TRAIN:  {'MRR': 0.9896252453327179, 'hits@[1,3,10]': tensor([0.9850, 0.9934, 0.9965])}
	 VALID :  {'MRR': 0.47285810112953186, 'hits@[1,3,10]': tensor([0.3807, 0.5215, 0.6502])}


TEST :  {'MRR': 0.4729393720626831, 'hits@[1,3,10]': tensor([0.3796, 0.5223, 0.6485])}
