{'batch_size': 1000,
 'checkpoint': None,
 'data_shape': (63361, 400, 63361),
 'dataset': 'NELL',
 'decay1': 0.9,
 'decay2': 0.999,
 'eval_only': False,
 'init': 0.001,
 'learning_rate': 0.1,
 'max_epochs': 100,
 'model': 'ComplEx',
 'model_save_schedule': 1000,
 'optimizer': 'Adagrad',
 'path': 'kbc/data/NELL',
 'rank': 200,
 'reg': 0.005,
 'regularizer': 'N3',
 'valid': 3.0}
	 TRAIN:  {'MRR': 0.9030009210109711, 'hits@[1,3,10]': tensor([0.8546, 0.9424, 0.9822])}
	 VALID :  {'MRR': 0.4055135101079941, 'hits@[1,3,10]': tensor([0.3140, 0.4489, 0.5848])}
	 TRAIN:  {'MRR': 0.9964323341846466, 'hits@[1,3,10]': tensor([0.9942, 0.9988, 0.9994])}
	 VALID :  {'MRR': 0.43276242911815643, 'hits@[1,3,10]': tensor([0.3423, 0.4770, 0.6079])}
	 TRAIN:  {'MRR': 0.999122828245163, 'hits@[1,3,10]': tensor([0.9987, 0.9995, 0.9996])}
	 VALID :  {'MRR': 0.4391264319419861, 'hits@[1,3,10]': tensor([0.3501, 0.4833, 0.6110])}
	 TRAIN:  {'MRR': 0.9993205666542053, 'hits@[1,3,10]': tensor([0.9992, 0.9994, 0.9996])}
	 VALID :  {'MRR': 0.4422982186079025, 'hits@[1,3,10]': tensor([0.3534, 0.4847, 0.6122])}
	 TRAIN:  {'MRR': 0.9995909333229065, 'hits@[1,3,10]': tensor([0.9995, 0.9997, 0.9998])}
	 VALID :  {'MRR': 0.44260576367378235, 'hits@[1,3,10]': tensor([0.3538, 0.4865, 0.6132])}
	 TRAIN:  {'MRR': 0.9995928406715393, 'hits@[1,3,10]': tensor([0.9995, 0.9997, 0.9998])}
	 VALID :  {'MRR': 0.44436435401439667, 'hits@[1,3,10]': tensor([0.3548, 0.4881, 0.6159])}
	 TRAIN:  {'MRR': 0.9996779263019562, 'hits@[1,3,10]': tensor([0.9996, 0.9997, 0.9998])}
	 VALID :  {'MRR': 0.445911169052124, 'hits@[1,3,10]': tensor([0.3573, 0.4900, 0.6159])}
	 TRAIN:  {'MRR': 0.9996257722377777, 'hits@[1,3,10]': tensor([0.9995, 0.9997, 0.9998])}
	 VALID :  {'MRR': 0.4460063874721527, 'hits@[1,3,10]': tensor([0.3574, 0.4899, 0.6162])}
	 TRAIN:  {'MRR': 0.9997710287570953, 'hits@[1,3,10]': tensor([0.9997, 0.9998, 0.9999])}
	 VALID :  {'MRR': 0.44683851301670074, 'hits@[1,3,10]': tensor([0.3582, 0.4892, 0.6173])}
	 TRAIN:  {'MRR': 0.9997104406356812, 'hits@[1,3,10]': tensor([0.9996, 0.9998, 0.9998])}
	 VALID :  {'MRR': 0.4481315463781357, 'hits@[1,3,10]': tensor([0.3604, 0.4912, 0.6163])}
	 TRAIN:  {'MRR': 0.9997486174106598, 'hits@[1,3,10]': tensor([0.9997, 0.9998, 0.9998])}
	 VALID :  {'MRR': 0.4479677528142929, 'hits@[1,3,10]': tensor([0.3597, 0.4908, 0.6169])}
	 TRAIN:  {'MRR': 0.9997802972793579, 'hits@[1,3,10]': tensor([0.9997, 0.9998, 0.9999])}
	 VALID :  {'MRR': 0.44873665273189545, 'hits@[1,3,10]': tensor([0.3612, 0.4918, 0.6175])}
	 TRAIN:  {'MRR': 0.9997377395629883, 'hits@[1,3,10]': tensor([0.9997, 0.9998, 0.9998])}
	 VALID :  {'MRR': 0.4483906328678131, 'hits@[1,3,10]': tensor([0.3602, 0.4909, 0.6174])}
	 TRAIN:  {'MRR': 0.9997341632843018, 'hits@[1,3,10]': tensor([0.9997, 0.9998, 0.9999])}
	 VALID :  {'MRR': 0.4489857703447342, 'hits@[1,3,10]': tensor([0.3607, 0.4926, 0.6178])}
	 TRAIN:  {'MRR': 0.999828964471817, 'hits@[1,3,10]': tensor([0.9998, 0.9999, 0.9999])}
	 VALID :  {'MRR': 0.449413001537323, 'hits@[1,3,10]': tensor([0.3612, 0.4934, 0.6176])}
	 TRAIN:  {'MRR': 0.999870240688324, 'hits@[1,3,10]': tensor([0.9998, 0.9999, 0.9999])}
	 VALID :  {'MRR': 0.44967222213745117, 'hits@[1,3,10]': tensor([0.3620, 0.4937, 0.6183])}
	 TRAIN:  {'MRR': 0.9997457563877106, 'hits@[1,3,10]': tensor([0.9997, 0.9998, 0.9999])}
	 VALID :  {'MRR': 0.4496507942676544, 'hits@[1,3,10]': tensor([0.3616, 0.4928, 0.6187])}
	 TRAIN:  {'MRR': 0.9998049437999725, 'hits@[1,3,10]': tensor([0.9998, 0.9998, 0.9999])}
	 VALID :  {'MRR': 0.4498240500688553, 'hits@[1,3,10]': tensor([0.3619, 0.4927, 0.6177])}
	 TRAIN:  {'MRR': 0.9998395144939423, 'hits@[1,3,10]': tensor([0.9998, 0.9999, 0.9999])}
	 VALID :  {'MRR': 0.45003242790699005, 'hits@[1,3,10]': tensor([0.3625, 0.4928, 0.6184])}
	 TRAIN:  {'MRR': 0.9997950494289398, 'hits@[1,3,10]': tensor([0.9998, 0.9998, 0.9999])}
	 VALID :  {'MRR': 0.4503486305475235, 'hits@[1,3,10]': tensor([0.3625, 0.4939, 0.6185])}
	 TRAIN:  {'MRR': 0.9998359382152557, 'hits@[1,3,10]': tensor([0.9998, 0.9998, 0.9999])}
	 VALID :  {'MRR': 0.44997869431972504, 'hits@[1,3,10]': tensor([0.3622, 0.4940, 0.6181])}
	 TRAIN:  {'MRR': 0.9998659193515778, 'hits@[1,3,10]': tensor([0.9998, 0.9999, 0.9999])}
	 VALID :  {'MRR': 0.4505968391895294, 'hits@[1,3,10]': tensor([0.3629, 0.4943, 0.6189])}
	 TRAIN:  {'MRR': 0.9998109340667725, 'hits@[1,3,10]': tensor([0.9998, 0.9998, 0.9999])}
	 VALID :  {'MRR': 0.4504294693470001, 'hits@[1,3,10]': tensor([0.3624, 0.4940, 0.6185])}
	 TRAIN:  {'MRR': 0.9998651742935181, 'hits@[1,3,10]': tensor([0.9998, 0.9999, 0.9999])}
	 VALID :  {'MRR': 0.4510113596916199, 'hits@[1,3,10]': tensor([0.3636, 0.4938, 0.6180])}
	 TRAIN:  {'MRR': 0.9997968971729279, 'hits@[1,3,10]': tensor([0.9998, 0.9998, 0.9999])}
	 VALID :  {'MRR': 0.450594887137413, 'hits@[1,3,10]': tensor([0.3629, 0.4940, 0.6173])}
	 TRAIN:  {'MRR': 0.9998564720153809, 'hits@[1,3,10]': tensor([0.9998, 0.9999, 0.9999])}
	 VALID :  {'MRR': 0.4505424350500107, 'hits@[1,3,10]': tensor([0.3627, 0.4941, 0.6178])}
	 TRAIN:  {'MRR': 0.9998126029968262, 'hits@[1,3,10]': tensor([0.9998, 0.9998, 0.9999])}
	 VALID :  {'MRR': 0.4504133015871048, 'hits@[1,3,10]': tensor([0.3623, 0.4943, 0.6180])}
	 TRAIN:  {'MRR': 0.9998511970043182, 'hits@[1,3,10]': tensor([0.9998, 0.9999, 0.9999])}
	 VALID :  {'MRR': 0.45081329345703125, 'hits@[1,3,10]': tensor([0.3632, 0.4942, 0.6179])}
	 TRAIN:  {'MRR': 0.9998399019241333, 'hits@[1,3,10]': tensor([0.9998, 0.9999, 0.9999])}
	 VALID :  {'MRR': 0.45045052468776703, 'hits@[1,3,10]': tensor([0.3626, 0.4938, 0.6174])}
	 TRAIN:  {'MRR': 0.9999018907546997, 'hits@[1,3,10]': tensor([0.9999, 0.9999, 0.9999])}
	 VALID :  {'MRR': 0.45067818462848663, 'hits@[1,3,10]': tensor([0.3634, 0.4930, 0.6184])}
	 TRAIN:  {'MRR': 0.9998840987682343, 'hits@[1,3,10]': tensor([0.9998, 0.9999, 0.9999])}
	 VALID :  {'MRR': 0.45042620599269867, 'hits@[1,3,10]': tensor([0.3626, 0.4936, 0.6184])}
	 TRAIN:  {'MRR': 0.9998900294303894, 'hits@[1,3,10]': tensor([0.9999, 0.9999, 0.9999])}
	 VALID :  {'MRR': 0.4508343040943146, 'hits@[1,3,10]': tensor([0.3633, 0.4944, 0.6181])}
	 TRAIN:  {'MRR': 0.9998717606067657, 'hits@[1,3,10]': tensor([0.9998, 0.9999, 0.9999])}
	 VALID :  {'MRR': 0.45082835853099823, 'hits@[1,3,10]': tensor([0.3635, 0.4938, 0.6178])}


TEST :  {'MRR': 0.45443040132522583, 'hits@[1,3,10]': tensor([0.3676, 0.4983, 0.6184])}
