{'batch_size': 1000,
 'checkpoint': None,
 'data_shape': (63361, 400, 63361),
 'dataset': 'NELL',
 'decay1': 0.9,
 'decay2': 0.999,
 'eval_only': False,
 'init': 0.001,
 'learning_rate': 0.1,
 'max_epochs': 100,
 'model': 'ComplEx',
 'model_save_schedule': 1000,
 'optimizer': 'Adagrad',
 'path': 'kbc/data/NELL',
 'rank': 500,
 'reg': 0.05,
 'regularizer': 'N3',
 'valid': 3.0}
	 TRAIN:  {'MRR': 0.7954205572605133, 'hits@[1,3,10]': tensor([0.7267, 0.8420, 0.9190])}
	 VALID :  {'MRR': 0.4295342266559601, 'hits@[1,3,10]': tensor([0.3363, 0.4743, 0.6090])}
	 TRAIN:  {'MRR': 0.9188632667064667, 'hits@[1,3,10]': tensor([0.8878, 0.9418, 0.9724])}
	 VALID :  {'MRR': 0.45441214740276337, 'hits@[1,3,10]': tensor([0.3615, 0.5009, 0.6317])}
	 TRAIN:  {'MRR': 0.9498566687107086, 'hits@[1,3,10]': tensor([0.9286, 0.9661, 0.9856])}
	 VALID :  {'MRR': 0.4617322236299515, 'hits@[1,3,10]': tensor([0.3693, 0.5086, 0.6385])}
	 TRAIN:  {'MRR': 0.9639944434165955, 'hits@[1,3,10]': tensor([0.9473, 0.9785, 0.9903])}
	 VALID :  {'MRR': 0.45970040559768677, 'hits@[1,3,10]': tensor([0.3649, 0.5097, 0.6405])}
	 TRAIN:  {'MRR': 0.9703491628170013, 'hits@[1,3,10]': tensor([0.9566, 0.9823, 0.9919])}
	 VALID :  {'MRR': 0.46346884965896606, 'hits@[1,3,10]': tensor([0.3702, 0.5136, 0.6422])}
	 TRAIN:  {'MRR': 0.9745805263519287, 'hits@[1,3,10]': tensor([0.9629, 0.9845, 0.9930])}
	 VALID :  {'MRR': 0.4637959152460098, 'hits@[1,3,10]': tensor([0.3703, 0.5134, 0.6415])}
	 TRAIN:  {'MRR': 0.9777758419513702, 'hits@[1,3,10]': tensor([0.9675, 0.9863, 0.9940])}
	 VALID :  {'MRR': 0.46401217579841614, 'hits@[1,3,10]': tensor([0.3709, 0.5121, 0.6421])}
	 TRAIN:  {'MRR': 0.9790455400943756, 'hits@[1,3,10]': tensor([0.9697, 0.9871, 0.9938])}
	 VALID :  {'MRR': 0.46522440016269684, 'hits@[1,3,10]': tensor([0.3720, 0.5125, 0.6437])}
	 TRAIN:  {'MRR': 0.9805640578269958, 'hits@[1,3,10]': tensor([0.9717, 0.9884, 0.9940])}
	 VALID :  {'MRR': 0.4662715494632721, 'hits@[1,3,10]': tensor([0.3726, 0.5166, 0.6441])}
	 TRAIN:  {'MRR': 0.9812169373035431, 'hits@[1,3,10]': tensor([0.9727, 0.9887, 0.9942])}
	 VALID :  {'MRR': 0.46525658667087555, 'hits@[1,3,10]': tensor([0.3714, 0.5155, 0.6439])}
	 TRAIN:  {'MRR': 0.9830828905105591, 'hits@[1,3,10]': tensor([0.9754, 0.9899, 0.9946])}
	 VALID :  {'MRR': 0.4664529263973236, 'hits@[1,3,10]': tensor([0.3729, 0.5153, 0.6442])}
	 TRAIN:  {'MRR': 0.9835383594036102, 'hits@[1,3,10]': tensor([0.9758, 0.9904, 0.9952])}
	 VALID :  {'MRR': 0.4677325040102005, 'hits@[1,3,10]': tensor([0.3748, 0.5156, 0.6463])}
	 TRAIN:  {'MRR': 0.984370082616806, 'hits@[1,3,10]': tensor([0.9778, 0.9899, 0.9946])}
	 VALID :  {'MRR': 0.4663618206977844, 'hits@[1,3,10]': tensor([0.3725, 0.5159, 0.6447])}
	 TRAIN:  {'MRR': 0.9851459562778473, 'hits@[1,3,10]': tensor([0.9787, 0.9908, 0.9949])}
	 VALID :  {'MRR': 0.4668147563934326, 'hits@[1,3,10]': tensor([0.3740, 0.5153, 0.6443])}
	 TRAIN:  {'MRR': 0.9843690395355225, 'hits@[1,3,10]': tensor([0.9774, 0.9906, 0.9948])}
	 VALID :  {'MRR': 0.4669548571109772, 'hits@[1,3,10]': tensor([0.3731, 0.5170, 0.6456])}
	 TRAIN:  {'MRR': 0.9848697185516357, 'hits@[1,3,10]': tensor([0.9782, 0.9905, 0.9951])}
	 VALID :  {'MRR': 0.46697312593460083, 'hits@[1,3,10]': tensor([0.3740, 0.5148, 0.6436])}
	 TRAIN:  {'MRR': 0.9853865802288055, 'hits@[1,3,10]': tensor([0.9790, 0.9909, 0.9952])}
	 VALID :  {'MRR': 0.4672230929136276, 'hits@[1,3,10]': tensor([0.3743, 0.5149, 0.6447])}
	 TRAIN:  {'MRR': 0.9856423735618591, 'hits@[1,3,10]': tensor([0.9791, 0.9914, 0.9953])}
	 VALID :  {'MRR': 0.46777959167957306, 'hits@[1,3,10]': tensor([0.3744, 0.5168, 0.6457])}
	 TRAIN:  {'MRR': 0.9867045283317566, 'hits@[1,3,10]': tensor([0.9809, 0.9917, 0.9957])}
	 VALID :  {'MRR': 0.4672635942697525, 'hits@[1,3,10]': tensor([0.3747, 0.5160, 0.6441])}
	 TRAIN:  {'MRR': 0.9861519932746887, 'hits@[1,3,10]': tensor([0.9802, 0.9911, 0.9953])}
	 VALID :  {'MRR': 0.46778880059719086, 'hits@[1,3,10]': tensor([0.3750, 0.5154, 0.6454])}
	 TRAIN:  {'MRR': 0.9867881536483765, 'hits@[1,3,10]': tensor([0.9809, 0.9919, 0.9956])}
	 VALID :  {'MRR': 0.4692685604095459, 'hits@[1,3,10]': tensor([0.3772, 0.5167, 0.6457])}
	 TRAIN:  {'MRR': 0.9867496192455292, 'hits@[1,3,10]': tensor([0.9807, 0.9921, 0.9956])}
	 VALID :  {'MRR': 0.4672714024782181, 'hits@[1,3,10]': tensor([0.3737, 0.5168, 0.6455])}
	 TRAIN:  {'MRR': 0.9870844781398773, 'hits@[1,3,10]': tensor([0.9816, 0.9917, 0.9957])}
	 VALID :  {'MRR': 0.46806497871875763, 'hits@[1,3,10]': tensor([0.3750, 0.5172, 0.6445])}
	 TRAIN:  {'MRR': 0.9880405366420746, 'hits@[1,3,10]': tensor([0.9832, 0.9922, 0.9957])}
	 VALID :  {'MRR': 0.4679867923259735, 'hits@[1,3,10]': tensor([0.3747, 0.5171, 0.6458])}
	 TRAIN:  {'MRR': 0.9881570637226105, 'hits@[1,3,10]': tensor([0.9832, 0.9925, 0.9959])}
	 VALID :  {'MRR': 0.4696427583694458, 'hits@[1,3,10]': tensor([0.3778, 0.5168, 0.6454])}
	 TRAIN:  {'MRR': 0.9878005087375641, 'hits@[1,3,10]': tensor([0.9824, 0.9923, 0.9959])}
	 VALID :  {'MRR': 0.4679180979728699, 'hits@[1,3,10]': tensor([0.3743, 0.5163, 0.6458])}
	 TRAIN:  {'MRR': 0.9878462255001068, 'hits@[1,3,10]': tensor([0.9827, 0.9923, 0.9958])}
	 VALID :  {'MRR': 0.4684474319219589, 'hits@[1,3,10]': tensor([0.3753, 0.5178, 0.6456])}
	 TRAIN:  {'MRR': 0.9885321855545044, 'hits@[1,3,10]': tensor([0.9836, 0.9927, 0.9961])}
	 VALID :  {'MRR': 0.4696158468723297, 'hits@[1,3,10]': tensor([0.3772, 0.5168, 0.6458])}
	 TRAIN:  {'MRR': 0.9885461628437042, 'hits@[1,3,10]': tensor([0.9838, 0.9926, 0.9959])}
	 VALID :  {'MRR': 0.46960970759391785, 'hits@[1,3,10]': tensor([0.3769, 0.5183, 0.6459])}
	 TRAIN:  {'MRR': 0.9882695376873016, 'hits@[1,3,10]': tensor([0.9832, 0.9928, 0.9960])}
	 VALID :  {'MRR': 0.4687703847885132, 'hits@[1,3,10]': tensor([0.3761, 0.5157, 0.6455])}
	 TRAIN:  {'MRR': 0.9894456267356873, 'hits@[1,3,10]': tensor([0.9850, 0.9932, 0.9964])}
	 VALID :  {'MRR': 0.47056135535240173, 'hits@[1,3,10]': tensor([0.3784, 0.5177, 0.6460])}
	 TRAIN:  {'MRR': 0.9891755878925323, 'hits@[1,3,10]': tensor([0.9845, 0.9930, 0.9965])}
	 VALID :  {'MRR': 0.4698571413755417, 'hits@[1,3,10]': tensor([0.3776, 0.5173, 0.6463])}
	 TRAIN:  {'MRR': 0.9891823828220367, 'hits@[1,3,10]': tensor([0.9845, 0.9931, 0.9965])}
	 VALID :  {'MRR': 0.4694153219461441, 'hits@[1,3,10]': tensor([0.3764, 0.5183, 0.6461])}


TEST :  {'MRR': 0.47059333324432373, 'hits@[1,3,10]': tensor([0.3777, 0.5194, 0.6448])}
