{'batch_size': 1000,
 'checkpoint': None,
 'data_shape': (63361, 400, 63361),
 'dataset': 'NELL',
 'decay1': 0.9,
 'decay2': 0.999,
 'eval_only': False,
 'init': 0.001,
 'learning_rate': 0.1,
 'max_epochs': 100,
 'model': 'ComplEx',
 'model_save_schedule': 1000,
 'optimizer': 'Adagrad',
 'path': 'kbc/data/NELL',
 'rank': 200,
 'reg': 0.05,
 'regularizer': 'N3',
 'valid': 3.0}
	 TRAIN:  {'MRR': 0.7002829313278198, 'hits@[1,3,10]': tensor([0.6165, 0.7507, 0.8581])}
	 VALID :  {'MRR': 0.3990430533885956, 'hits@[1,3,10]': tensor([0.3087, 0.4401, 0.5754])}
	 TRAIN:  {'MRR': 0.8935525119304657, 'hits@[1,3,10]': tensor([0.8559, 0.9214, 0.9579])}
	 VALID :  {'MRR': 0.4445941895246506, 'hits@[1,3,10]': tensor([0.3526, 0.4898, 0.6201])}
	 TRAIN:  {'MRR': 0.9287720918655396, 'hits@[1,3,10]': tensor([0.9012, 0.9514, 0.9758])}
	 VALID :  {'MRR': 0.45271793007850647, 'hits@[1,3,10]': tensor([0.3615, 0.4970, 0.6280])}
	 TRAIN:  {'MRR': 0.946437805891037, 'hits@[1,3,10]': tensor([0.9238, 0.9642, 0.9827])}
	 VALID :  {'MRR': 0.45379574596881866, 'hits@[1,3,10]': tensor([0.3616, 0.5018, 0.6275])}
	 TRAIN:  {'MRR': 0.9557248055934906, 'hits@[1,3,10]': tensor([0.9370, 0.9715, 0.9864])}
	 VALID :  {'MRR': 0.456080824136734, 'hits@[1,3,10]': tensor([0.3653, 0.5018, 0.6302])}
	 TRAIN:  {'MRR': 0.9603309631347656, 'hits@[1,3,10]': tensor([0.9427, 0.9758, 0.9880])}
	 VALID :  {'MRR': 0.45697252452373505, 'hits@[1,3,10]': tensor([0.3656, 0.5040, 0.6323])}
	 TRAIN:  {'MRR': 0.965473473072052, 'hits@[1,3,10]': tensor([0.9498, 0.9783, 0.9898])}
	 VALID :  {'MRR': 0.4574490785598755, 'hits@[1,3,10]': tensor([0.3656, 0.5041, 0.6326])}
	 TRAIN:  {'MRR': 0.9688316881656647, 'hits@[1,3,10]': tensor([0.9545, 0.9809, 0.9911])}
	 VALID :  {'MRR': 0.4588143676519394, 'hits@[1,3,10]': tensor([0.3671, 0.5063, 0.6338])}
	 TRAIN:  {'MRR': 0.969161331653595, 'hits@[1,3,10]': tensor([0.9553, 0.9806, 0.9907])}
	 VALID :  {'MRR': 0.45809206366539, 'hits@[1,3,10]': tensor([0.3655, 0.5064, 0.6341])}
	 TRAIN:  {'MRR': 0.9721704721450806, 'hits@[1,3,10]': tensor([0.9592, 0.9826, 0.9919])}
	 VALID :  {'MRR': 0.4601956903934479, 'hits@[1,3,10]': tensor([0.3690, 0.5067, 0.6352])}
	 TRAIN:  {'MRR': 0.9735233783721924, 'hits@[1,3,10]': tensor([0.9613, 0.9838, 0.9919])}
	 VALID :  {'MRR': 0.4597185403108597, 'hits@[1,3,10]': tensor([0.3679, 0.5068, 0.6364])}
	 TRAIN:  {'MRR': 0.976722002029419, 'hits@[1,3,10]': tensor([0.9663, 0.9854, 0.9927])}
	 VALID :  {'MRR': 0.4595087468624115, 'hits@[1,3,10]': tensor([0.3672, 0.5076, 0.6366])}
	 TRAIN:  {'MRR': 0.9765353798866272, 'hits@[1,3,10]': tensor([0.9659, 0.9855, 0.9927])}
	 VALID :  {'MRR': 0.46014416217803955, 'hits@[1,3,10]': tensor([0.3683, 0.5074, 0.6347])}
	 TRAIN:  {'MRR': 0.9774877727031708, 'hits@[1,3,10]': tensor([0.9673, 0.9860, 0.9928])}
	 VALID :  {'MRR': 0.46031704545021057, 'hits@[1,3,10]': tensor([0.3680, 0.5082, 0.6359])}
	 TRAIN:  {'MRR': 0.9780561625957489, 'hits@[1,3,10]': tensor([0.9678, 0.9871, 0.9937])}
	 VALID :  {'MRR': 0.4611789286136627, 'hits@[1,3,10]': tensor([0.3695, 0.5090, 0.6361])}
	 TRAIN:  {'MRR': 0.9795432090759277, 'hits@[1,3,10]': tensor([0.9703, 0.9878, 0.9937])}
	 VALID :  {'MRR': 0.4599056541919708, 'hits@[1,3,10]': tensor([0.3664, 0.5102, 0.6369])}
	 TRAIN:  {'MRR': 0.9797963201999664, 'hits@[1,3,10]': tensor([0.9706, 0.9877, 0.9937])}
	 VALID :  {'MRR': 0.46174800395965576, 'hits@[1,3,10]': tensor([0.3695, 0.5103, 0.6369])}
	 TRAIN:  {'MRR': 0.9795011281967163, 'hits@[1,3,10]': tensor([0.9704, 0.9869, 0.9935])}
	 VALID :  {'MRR': 0.4616105556488037, 'hits@[1,3,10]': tensor([0.3692, 0.5094, 0.6370])}
	 TRAIN:  {'MRR': 0.981660395860672, 'hits@[1,3,10]': tensor([0.9734, 0.9887, 0.9942])}
	 VALID :  {'MRR': 0.4616713523864746, 'hits@[1,3,10]': tensor([0.3692, 0.5108, 0.6361])}
	 TRAIN:  {'MRR': 0.9817101359367371, 'hits@[1,3,10]': tensor([0.9733, 0.9887, 0.9942])}
	 VALID :  {'MRR': 0.4621674716472626, 'hits@[1,3,10]': tensor([0.3697, 0.5109, 0.6369])}
	 TRAIN:  {'MRR': 0.9819802641868591, 'hits@[1,3,10]': tensor([0.9739, 0.9888, 0.9943])}
	 VALID :  {'MRR': 0.4617731124162674, 'hits@[1,3,10]': tensor([0.3692, 0.5111, 0.6381])}
	 TRAIN:  {'MRR': 0.9821344614028931, 'hits@[1,3,10]': tensor([0.9743, 0.9887, 0.9942])}
	 VALID :  {'MRR': 0.46248261630535126, 'hits@[1,3,10]': tensor([0.3701, 0.5111, 0.6376])}
	 TRAIN:  {'MRR': 0.9829889833927155, 'hits@[1,3,10]': tensor([0.9757, 0.9890, 0.9943])}
	 VALID :  {'MRR': 0.46214136481285095, 'hits@[1,3,10]': tensor([0.3698, 0.5122, 0.6374])}
	 TRAIN:  {'MRR': 0.9837463796138763, 'hits@[1,3,10]': tensor([0.9763, 0.9902, 0.9950])}
	 VALID :  {'MRR': 0.46249139308929443, 'hits@[1,3,10]': tensor([0.3698, 0.5121, 0.6387])}
	 TRAIN:  {'MRR': 0.9836237132549286, 'hits@[1,3,10]': tensor([0.9763, 0.9896, 0.9948])}
	 VALID :  {'MRR': 0.46154162287712097, 'hits@[1,3,10]': tensor([0.3686, 0.5103, 0.6381])}
	 TRAIN:  {'MRR': 0.9831714332103729, 'hits@[1,3,10]': tensor([0.9756, 0.9897, 0.9946])}
	 VALID :  {'MRR': 0.46192513406276703, 'hits@[1,3,10]': tensor([0.3688, 0.5112, 0.6402])}
	 TRAIN:  {'MRR': 0.9838614761829376, 'hits@[1,3,10]': tensor([0.9768, 0.9900, 0.9947])}
	 VALID :  {'MRR': 0.462446853518486, 'hits@[1,3,10]': tensor([0.3691, 0.5126, 0.6378])}
	 TRAIN:  {'MRR': 0.9838484823703766, 'hits@[1,3,10]': tensor([0.9765, 0.9901, 0.9950])}
	 VALID :  {'MRR': 0.46191270649433136, 'hits@[1,3,10]': tensor([0.3683, 0.5125, 0.6399])}
	 TRAIN:  {'MRR': 0.9839596748352051, 'hits@[1,3,10]': tensor([0.9771, 0.9895, 0.9945])}
	 VALID :  {'MRR': 0.4627375900745392, 'hits@[1,3,10]': tensor([0.3694, 0.5125, 0.6392])}
	 TRAIN:  {'MRR': 0.9838733971118927, 'hits@[1,3,10]': tensor([0.9769, 0.9898, 0.9946])}
	 VALID :  {'MRR': 0.46244876086711884, 'hits@[1,3,10]': tensor([0.3694, 0.5118, 0.6400])}
	 TRAIN:  {'MRR': 0.9846755862236023, 'hits@[1,3,10]': tensor([0.9779, 0.9905, 0.9951])}
	 VALID :  {'MRR': 0.4627184271812439, 'hits@[1,3,10]': tensor([0.3696, 0.5122, 0.6395])}
	 TRAIN:  {'MRR': 0.9846436381340027, 'hits@[1,3,10]': tensor([0.9779, 0.9901, 0.9952])}
	 VALID :  {'MRR': 0.46299831569194794, 'hits@[1,3,10]': tensor([0.3701, 0.5121, 0.6400])}
	 TRAIN:  {'MRR': 0.9852874875068665, 'hits@[1,3,10]': tensor([0.9791, 0.9905, 0.9951])}
	 VALID :  {'MRR': 0.46324312686920166, 'hits@[1,3,10]': tensor([0.3701, 0.5132, 0.6400])}


TEST :  {'MRR': 0.4648537188768387, 'hits@[1,3,10]': tensor([0.3724, 0.5144, 0.6391])}
