{'batch_size': 1000,
 'checkpoint': None,
 'data_shape': (63361, 400, 63361),
 'dataset': 'NELL',
 'decay1': 0.9,
 'decay2': 0.999,
 'eval_only': False,
 'init': 0.001,
 'learning_rate': 0.1,
 'max_epochs': 100,
 'model': 'ComplEx',
 'model_save_schedule': 1000,
 'optimizer': 'Adagrad',
 'path': 'kbc/data/NELL',
 'rank': 500,
 'reg': 0.5,
 'regularizer': 'N3',
 'valid': 3.0}
	 TRAIN:  {'MRR': 0.024799964390695095, 'hits@[1,3,10]': tensor([0.0084, 0.0250, 0.0492])}
	 VALID :  {'MRR': 0.015252335462719202, 'hits@[1,3,10]': tensor([0.0019, 0.0117, 0.0344])}
	 TRAIN:  {'MRR': 0.011367609724402428, 'hits@[1,3,10]': tensor([0.0032, 0.0089, 0.0212])}
	 VALID :  {'MRR': 0.005813890835270286, 'hits@[1,3,10]': tensor([0.0003, 0.0017, 0.0100])}
	 TRAIN:  {'MRR': 0.01004194701090455, 'hits@[1,3,10]': tensor([0.0029, 0.0068, 0.0167])}
	 VALID :  {'MRR': 0.004729769425466657, 'hits@[1,3,10]': tensor([0.0003, 0.0008, 0.0052])}
	 TRAIN:  {'MRR': 0.009171607904136181, 'hits@[1,3,10]': tensor([0.0030, 0.0081, 0.0200])}
	 VALID :  {'MRR': 0.00409190240316093, 'hits@[1,3,10]': tensor([0.0002, 0.0021, 0.0090])}
	 TRAIN:  {'MRR': 0.008558303583413363, 'hits@[1,3,10]': tensor([0.0032, 0.0086, 0.0151])}
	 VALID :  {'MRR': 0.003387231845408678, 'hits@[1,3,10]': tensor([0.0002, 0.0023, 0.0053])}
	 TRAIN:  {'MRR': 0.0068421640899032354, 'hits@[1,3,10]': tensor([0.0031, 0.0064, 0.0090])}
	 VALID :  {'MRR': 0.00264661421533674, 'hits@[1,3,10]': tensor([0.0002, 0.0009, 0.0036])}
	 TRAIN:  {'MRR': 0.0063131938222795725, 'hits@[1,3,10]': tensor([0.0028, 0.0061, 0.0087])}
	 VALID :  {'MRR': 0.0027247187681496143, 'hits@[1,3,10]': tensor([0.0005, 0.0012, 0.0038])}
	 TRAIN:  {'MRR': 0.0062939252238720655, 'hits@[1,3,10]': tensor([0.0032, 0.0060, 0.0079])}
	 VALID :  {'MRR': 0.0023022034438326955, 'hits@[1,3,10]': tensor([0.0001, 0.0009, 0.0028])}
	 TRAIN:  {'MRR': 0.006649624789133668, 'hits@[1,3,10]': tensor([0.0036, 0.0065, 0.0080])}
	 VALID :  {'MRR': 0.0024754657642915845, 'hits@[1,3,10]': tensor([0.0004, 0.0010, 0.0030])}
	 TRAIN:  {'MRR': 0.005884819896891713, 'hits@[1,3,10]': tensor([0.0032, 0.0062, 0.0076])}
	 VALID :  {'MRR': 0.002360460697673261, 'hits@[1,3,10]': tensor([0.0005, 0.0010, 0.0024])}
	 TRAIN:  {'MRR': 0.0052115770522505045, 'hits@[1,3,10]': tensor([0.0031, 0.0035, 0.0076])}
	 VALID :  {'MRR': 0.0022883728379383683, 'hits@[1,3,10]': tensor([0.0006, 0.0008, 0.0025])}
	 TRAIN:  {'MRR': 0.005228416062891483, 'hits@[1,3,10]': tensor([0.0033, 0.0035, 0.0072])}
	 VALID :  {'MRR': 0.0022475654259324074, 'hits@[1,3,10]': tensor([0.0005, 0.0010, 0.0023])}
	 TRAIN:  {'MRR': 0.005615030415356159, 'hits@[1,3,10]': tensor([0.0035, 0.0036, 0.0074])}
	 VALID :  {'MRR': 0.0022261841222643852, 'hits@[1,3,10]': tensor([0.0005, 0.0008, 0.0026])}
	 TRAIN:  {'MRR': 0.003997893654741347, 'hits@[1,3,10]': tensor([0.0003, 0.0036, 0.0073])}
	 VALID :  {'MRR': 0.002142478129826486, 'hits@[1,3,10]': tensor([0.0005, 0.0007, 0.0021])}
	 TRAIN:  {'MRR': 0.005372149171307683, 'hits@[1,3,10]': tensor([0.0036, 0.0038, 0.0073])}
	 VALID :  {'MRR': 0.0022072698920965195, 'hits@[1,3,10]': tensor([0.0005, 0.0009, 0.0024])}
	 TRAIN:  {'MRR': 0.00524785416200757, 'hits@[1,3,10]': tensor([0.0035, 0.0036, 0.0072])}
	 VALID :  {'MRR': 0.002076642820611596, 'hits@[1,3,10]': tensor([0.0004, 0.0008, 0.0024])}
	 TRAIN:  {'MRR': 0.005013523157685995, 'hits@[1,3,10]': tensor([0.0025, 0.0053, 0.0068])}
	 VALID :  {'MRR': 0.0021523915929719806, 'hits@[1,3,10]': tensor([0.0006, 0.0009, 0.0017])}
	 TRAIN:  {'MRR': 0.0028121120994910598, 'hits@[1,3,10]': tensor([0.0002, 0.0036, 0.0042])}
	 VALID :  {'MRR': 0.0019161240197718143, 'hits@[1,3,10]': tensor([0.0003, 0.0008, 0.0016])}
	 TRAIN:  {'MRR': 0.002869402407668531, 'hits@[1,3,10]': tensor([0.0002, 0.0034, 0.0046])}
	 VALID :  {'MRR': 0.001842970319557935, 'hits@[1,3,10]': tensor([0.0003, 0.0006, 0.0017])}
	 TRAIN:  {'MRR': 0.0027268268167972565, 'hits@[1,3,10]': tensor([0.0003, 0.0034, 0.0039])}
	 VALID :  {'MRR': 0.0017566086607985198, 'hits@[1,3,10]': tensor([0.0002, 0.0005, 0.0015])}
	 TRAIN:  {'MRR': 0.002862059394828975, 'hits@[1,3,10]': tensor([0.0002, 0.0036, 0.0067])}
	 VALID :  {'MRR': 0.0017310123075731099, 'hits@[1,3,10]': tensor([0.0002, 0.0005, 0.0018])}
	 TRAIN:  {'MRR': 0.0024399450048804283, 'hits@[1,3,10]': tensor([0.0002, 0.0004, 0.0066])}
	 VALID :  {'MRR': 0.0017976948292925954, 'hits@[1,3,10]': tensor([0.0002, 0.0006, 0.0018])}
	 TRAIN:  {'MRR': 0.002632648916915059, 'hits@[1,3,10]': tensor([0.0003, 0.0004, 0.0068])}
	 VALID :  {'MRR': 0.0017291614785790443, 'hits@[1,3,10]': tensor([0.0001, 0.0005, 0.0017])}
	 TRAIN:  {'MRR': 0.002398745622485876, 'hits@[1,3,10]': tensor([0.0002, 0.0004, 0.0066])}
	 VALID :  {'MRR': 0.0017339119804091752, 'hits@[1,3,10]': tensor([0.0002, 0.0005, 0.0017])}
	 TRAIN:  {'MRR': 0.0024060176219791174, 'hits@[1,3,10]': tensor([0.0002, 0.0004, 0.0042])}
	 VALID :  {'MRR': 0.0017599905258975923, 'hits@[1,3,10]': tensor([0.0002, 0.0006, 0.0012])}
	 TRAIN:  {'MRR': 0.0024495895486325026, 'hits@[1,3,10]': tensor([0.0002, 0.0004, 0.0065])}
	 VALID :  {'MRR': 0.0017766035161912441, 'hits@[1,3,10]': tensor([0.0003, 0.0005, 0.0016])}
	 TRAIN:  {'MRR': 0.0023286585928872228, 'hits@[1,3,10]': tensor([0.0002, 0.0003, 0.0063])}
	 VALID :  {'MRR': 0.0017257085419259965, 'hits@[1,3,10]': tensor([0.0003, 0.0005, 0.0014])}
	 TRAIN:  {'MRR': 0.0023296086583286524, 'hits@[1,3,10]': tensor([0.0002, 0.0002, 0.0064])}
	 VALID :  {'MRR': 0.0016712273936718702, 'hits@[1,3,10]': tensor([0.0002, 0.0005, 0.0014])}
	 TRAIN:  {'MRR': 0.00239519658498466, 'hits@[1,3,10]': tensor([0.0002, 0.0003, 0.0064])}
	 VALID :  {'MRR': 0.0016635610372759402, 'hits@[1,3,10]': tensor([0.0002, 0.0005, 0.0014])}
	 TRAIN:  {'MRR': 0.00223947677295655, 'hits@[1,3,10]': tensor([0.0002, 0.0003, 0.0061])}
	 VALID :  {'MRR': 0.0016545839025638998, 'hits@[1,3,10]': tensor([0.0003, 0.0005, 0.0013])}
	 TRAIN:  {'MRR': 0.0022708396427333355, 'hits@[1,3,10]': tensor([0.0002, 0.0003, 0.0066])}
	 VALID :  {'MRR': 0.001611864019650966, 'hits@[1,3,10]': tensor([0.0002, 0.0004, 0.0013])}
	 TRAIN:  {'MRR': 0.002130467095412314, 'hits@[1,3,10]': tensor([0.0002, 0.0003, 0.0036])}
	 VALID :  {'MRR': 0.0016569136641919613, 'hits@[1,3,10]': tensor([0.0003, 0.0005, 0.0009])}
	 TRAIN:  {'MRR': 0.0021649737609550357, 'hits@[1,3,10]': tensor([0.0001, 0.0003, 0.0065])}
	 VALID :  {'MRR': 0.0016316237160935998, 'hits@[1,3,10]': tensor([0.0003, 0.0004, 0.0013])}


TEST :  {'MRR': 0.0017221173038706183, 'hits@[1,3,10]': tensor([0.0004, 0.0005, 0.0013])}
