{'batch_size': 1000,
 'checkpoint': None,
 'data_shape': (63361, 400, 63361),
 'dataset': 'NELL',
 'decay1': 0.9,
 'decay2': 0.999,
 'eval_only': False,
 'init': 0.001,
 'learning_rate': 0.1,
 'max_epochs': 100,
 'model': 'ComplEx',
 'model_save_schedule': 1000,
 'optimizer': 'Adagrad',
 'path': 'kbc/data/NELL',
 'rank': 100,
 'reg': 0.005,
 'regularizer': 'N3',
 'valid': 3.0}
	 TRAIN:  {'MRR': 0.8377911150455475, 'hits@[1,3,10]': tensor([0.7758, 0.8817, 0.9494])}
	 VALID :  {'MRR': 0.38242949545383453, 'hits@[1,3,10]': tensor([0.2910, 0.4240, 0.5622])}
	 TRAIN:  {'MRR': 0.9788423776626587, 'hits@[1,3,10]': tensor([0.9643, 0.9930, 0.9982])}
	 VALID :  {'MRR': 0.41207750141620636, 'hits@[1,3,10]': tensor([0.3233, 0.4547, 0.5838])}
	 TRAIN:  {'MRR': 0.9935977756977081, 'hits@[1,3,10]': tensor([0.9888, 0.9981, 0.9993])}
	 VALID :  {'MRR': 0.41923855245113373, 'hits@[1,3,10]': tensor([0.3326, 0.4604, 0.5886])}
	 TRAIN:  {'MRR': 0.9971546530723572, 'hits@[1,3,10]': tensor([0.9953, 0.9989, 0.9994])}
	 VALID :  {'MRR': 0.4229891151189804, 'hits@[1,3,10]': tensor([0.3359, 0.4648, 0.5911])}
	 TRAIN:  {'MRR': 0.9985241889953613, 'hits@[1,3,10]': tensor([0.9978, 0.9992, 0.9995])}
	 VALID :  {'MRR': 0.42431238293647766, 'hits@[1,3,10]': tensor([0.3379, 0.4643, 0.5920])}
	 TRAIN:  {'MRR': 0.9989117980003357, 'hits@[1,3,10]': tensor([0.9984, 0.9994, 0.9996])}
	 VALID :  {'MRR': 0.426062673330307, 'hits@[1,3,10]': tensor([0.3393, 0.4676, 0.5927])}
	 TRAIN:  {'MRR': 0.9991060495376587, 'hits@[1,3,10]': tensor([0.9987, 0.9995, 0.9997])}
	 VALID :  {'MRR': 0.4278576374053955, 'hits@[1,3,10]': tensor([0.3423, 0.4681, 0.5937])}
	 TRAIN:  {'MRR': 0.9992602169513702, 'hits@[1,3,10]': tensor([0.9990, 0.9995, 0.9997])}
	 VALID :  {'MRR': 0.4294157326221466, 'hits@[1,3,10]': tensor([0.3437, 0.4702, 0.5961])}
	 TRAIN:  {'MRR': 0.9994172751903534, 'hits@[1,3,10]': tensor([0.9992, 0.9995, 0.9997])}
	 VALID :  {'MRR': 0.42961838841438293, 'hits@[1,3,10]': tensor([0.3438, 0.4712, 0.5955])}
	 TRAIN:  {'MRR': 0.9994339942932129, 'hits@[1,3,10]': tensor([0.9992, 0.9996, 0.9997])}
	 VALID :  {'MRR': 0.4296864718198776, 'hits@[1,3,10]': tensor([0.3436, 0.4707, 0.5957])}
	 TRAIN:  {'MRR': 0.9995354115962982, 'hits@[1,3,10]': tensor([0.9994, 0.9997, 0.9998])}
	 VALID :  {'MRR': 0.4301428496837616, 'hits@[1,3,10]': tensor([0.3446, 0.4714, 0.5961])}
	 TRAIN:  {'MRR': 0.9995363354682922, 'hits@[1,3,10]': tensor([0.9994, 0.9996, 0.9997])}
	 VALID :  {'MRR': 0.4309990704059601, 'hits@[1,3,10]': tensor([0.3456, 0.4718, 0.5958])}
	 TRAIN:  {'MRR': 0.9996094405651093, 'hits@[1,3,10]': tensor([0.9995, 0.9997, 0.9998])}
	 VALID :  {'MRR': 0.4310833662748337, 'hits@[1,3,10]': tensor([0.3452, 0.4718, 0.5968])}
	 TRAIN:  {'MRR': 0.9995457231998444, 'hits@[1,3,10]': tensor([0.9994, 0.9996, 0.9997])}
	 VALID :  {'MRR': 0.4320618361234665, 'hits@[1,3,10]': tensor([0.3468, 0.4726, 0.5971])}
	 TRAIN:  {'MRR': 0.9996168613433838, 'hits@[1,3,10]': tensor([0.9995, 0.9997, 0.9998])}
	 VALID :  {'MRR': 0.4323124587535858, 'hits@[1,3,10]': tensor([0.3468, 0.4727, 0.5983])}
	 TRAIN:  {'MRR': 0.9995575845241547, 'hits@[1,3,10]': tensor([0.9994, 0.9996, 0.9997])}
	 VALID :  {'MRR': 0.4323011636734009, 'hits@[1,3,10]': tensor([0.3470, 0.4735, 0.5983])}
	 TRAIN:  {'MRR': 0.9995976090431213, 'hits@[1,3,10]': tensor([0.9995, 0.9996, 0.9997])}
	 VALID :  {'MRR': 0.432252898812294, 'hits@[1,3,10]': tensor([0.3465, 0.4721, 0.5979])}
	 TRAIN:  {'MRR': 0.9997020661830902, 'hits@[1,3,10]': tensor([0.9997, 0.9997, 0.9998])}
	 VALID :  {'MRR': 0.43315353989601135, 'hits@[1,3,10]': tensor([0.3483, 0.4730, 0.5986])}
	 TRAIN:  {'MRR': 0.9996329843997955, 'hits@[1,3,10]': tensor([0.9995, 0.9997, 0.9998])}
	 VALID :  {'MRR': 0.4328228086233139, 'hits@[1,3,10]': tensor([0.3472, 0.4735, 0.5987])}
	 TRAIN:  {'MRR': 0.9995946884155273, 'hits@[1,3,10]': tensor([0.9995, 0.9997, 0.9998])}
	 VALID :  {'MRR': 0.4334748387336731, 'hits@[1,3,10]': tensor([0.3485, 0.4739, 0.5985])}
	 TRAIN:  {'MRR': 0.9996589720249176, 'hits@[1,3,10]': tensor([0.9996, 0.9997, 0.9998])}
	 VALID :  {'MRR': 0.4331987202167511, 'hits@[1,3,10]': tensor([0.3478, 0.4734, 0.5993])}
	 TRAIN:  {'MRR': 0.9996734857559204, 'hits@[1,3,10]': tensor([0.9996, 0.9997, 0.9998])}
	 VALID :  {'MRR': 0.43393778800964355, 'hits@[1,3,10]': tensor([0.3491, 0.4734, 0.5996])}
	 TRAIN:  {'MRR': 0.9996472597122192, 'hits@[1,3,10]': tensor([0.9995, 0.9997, 0.9999])}
	 VALID :  {'MRR': 0.43397943675518036, 'hits@[1,3,10]': tensor([0.3490, 0.4740, 0.5992])}
	 TRAIN:  {'MRR': 0.9996947944164276, 'hits@[1,3,10]': tensor([0.9996, 0.9998, 0.9998])}
	 VALID :  {'MRR': 0.4342111647129059, 'hits@[1,3,10]': tensor([0.3493, 0.4736, 0.5997])}
	 TRAIN:  {'MRR': 0.999784529209137, 'hits@[1,3,10]': tensor([0.9997, 0.9998, 0.9998])}
	 VALID :  {'MRR': 0.4339032620191574, 'hits@[1,3,10]': tensor([0.3488, 0.4739, 0.5993])}
	 TRAIN:  {'MRR': 0.9996756613254547, 'hits@[1,3,10]': tensor([0.9996, 0.9997, 0.9998])}
	 VALID :  {'MRR': 0.43447232246398926, 'hits@[1,3,10]': tensor([0.3494, 0.4741, 0.6007])}
	 TRAIN:  {'MRR': 0.9997348487377167, 'hits@[1,3,10]': tensor([0.9997, 0.9998, 0.9999])}
	 VALID :  {'MRR': 0.4343320429325104, 'hits@[1,3,10]': tensor([0.3494, 0.4737, 0.6003])}
	 TRAIN:  {'MRR': 0.9997444450855255, 'hits@[1,3,10]': tensor([0.9997, 0.9998, 0.9998])}
	 VALID :  {'MRR': 0.43487420678138733, 'hits@[1,3,10]': tensor([0.3501, 0.4750, 0.6009])}
	 TRAIN:  {'MRR': 0.9997497200965881, 'hits@[1,3,10]': tensor([0.9997, 0.9998, 0.9999])}
	 VALID :  {'MRR': 0.4348210543394089, 'hits@[1,3,10]': tensor([0.3499, 0.4748, 0.6012])}
	 TRAIN:  {'MRR': 0.9996779561042786, 'hits@[1,3,10]': tensor([0.9996, 0.9997, 0.9998])}
	 VALID :  {'MRR': 0.43469709157943726, 'hits@[1,3,10]': tensor([0.3495, 0.4742, 0.6006])}
	 TRAIN:  {'MRR': 0.9997289478778839, 'hits@[1,3,10]': tensor([0.9997, 0.9998, 0.9999])}
	 VALID :  {'MRR': 0.43490269780158997, 'hits@[1,3,10]': tensor([0.3499, 0.4753, 0.6011])}
	 TRAIN:  {'MRR': 0.9998210668563843, 'hits@[1,3,10]': tensor([0.9998, 0.9998, 0.9999])}
	 VALID :  {'MRR': 0.43510694801807404, 'hits@[1,3,10]': tensor([0.3503, 0.4753, 0.6010])}
	 TRAIN:  {'MRR': 0.9997804462909698, 'hits@[1,3,10]': tensor([0.9998, 0.9998, 0.9998])}
	 VALID :  {'MRR': 0.4348565638065338, 'hits@[1,3,10]': tensor([0.3499, 0.4743, 0.6018])}


TEST :  {'MRR': 0.4387279748916626, 'hits@[1,3,10]': tensor([0.3539, 0.4790, 0.6012])}
