{'batch_size': 1000,
 'checkpoint': None,
 'data_shape': (63361, 400, 63361),
 'dataset': 'NELL',
 'decay1': 0.9,
 'decay2': 0.999,
 'eval_only': False,
 'init': 0.001,
 'learning_rate': 0.1,
 'max_epochs': 100,
 'model': 'ComplEx',
 'model_save_schedule': 1000,
 'optimizer': 'Adagrad',
 'path': 'kbc/data/NELL',
 'rank': 1000,
 'reg': 0.005,
 'regularizer': 'N3',
 'valid': 3.0}
	 TRAIN:  {'MRR': 0.9179290235042572, 'hits@[1,3,10]': tensor([0.8736, 0.9565, 0.9867])}
	 VALID :  {'MRR': 0.4257982075214386, 'hits@[1,3,10]': tensor([0.3313, 0.4718, 0.6090])}
	 TRAIN:  {'MRR': 0.9918872714042664, 'hits@[1,3,10]': tensor([0.9855, 0.9985, 0.9993])}
	 VALID :  {'MRR': 0.45289744436740875, 'hits@[1,3,10]': tensor([0.3605, 0.4984, 0.6316])}
	 TRAIN:  {'MRR': 0.9986670315265656, 'hits@[1,3,10]': tensor([0.9979, 0.9994, 0.9996])}
	 VALID :  {'MRR': 0.4587584435939789, 'hits@[1,3,10]': tensor([0.3686, 0.5035, 0.6315])}
	 TRAIN:  {'MRR': 0.9992695748806, 'hits@[1,3,10]': tensor([0.9990, 0.9996, 0.9997])}
	 VALID :  {'MRR': 0.46034495532512665, 'hits@[1,3,10]': tensor([0.3703, 0.5063, 0.6330])}
	 TRAIN:  {'MRR': 0.9995428025722504, 'hits@[1,3,10]': tensor([0.9994, 0.9997, 0.9998])}
	 VALID :  {'MRR': 0.46390198171138763, 'hits@[1,3,10]': tensor([0.3752, 0.5074, 0.6343])}
	 TRAIN:  {'MRR': 0.9996508657932281, 'hits@[1,3,10]': tensor([0.9996, 0.9997, 0.9998])}
	 VALID :  {'MRR': 0.4647384583950043, 'hits@[1,3,10]': tensor([0.3750, 0.5097, 0.6355])}
	 TRAIN:  {'MRR': 0.9995696246623993, 'hits@[1,3,10]': tensor([0.9994, 0.9997, 0.9998])}
	 VALID :  {'MRR': 0.4656895250082016, 'hits@[1,3,10]': tensor([0.3763, 0.5118, 0.6358])}
	 TRAIN:  {'MRR': 0.99964240193367, 'hits@[1,3,10]': tensor([0.9996, 0.9997, 0.9997])}
	 VALID :  {'MRR': 0.464464396238327, 'hits@[1,3,10]': tensor([0.3739, 0.5114, 0.6371])}
	 TRAIN:  {'MRR': 0.9996746182441711, 'hits@[1,3,10]': tensor([0.9996, 0.9997, 0.9998])}
	 VALID :  {'MRR': 0.46556179225444794, 'hits@[1,3,10]': tensor([0.3756, 0.5113, 0.6362])}
	 TRAIN:  {'MRR': 0.9996888637542725, 'hits@[1,3,10]': tensor([0.9996, 0.9997, 0.9998])}
	 VALID :  {'MRR': 0.4662427008152008, 'hits@[1,3,10]': tensor([0.3762, 0.5129, 0.6366])}
	 TRAIN:  {'MRR': 0.9997572004795074, 'hits@[1,3,10]': tensor([0.9997, 0.9998, 0.9999])}
	 VALID :  {'MRR': 0.4658169001340866, 'hits@[1,3,10]': tensor([0.3761, 0.5121, 0.6362])}
	 TRAIN:  {'MRR': 0.9998156130313873, 'hits@[1,3,10]': tensor([0.9998, 0.9998, 0.9999])}
	 VALID :  {'MRR': 0.46573972702026367, 'hits@[1,3,10]': tensor([0.3762, 0.5108, 0.6367])}
	 TRAIN:  {'MRR': 0.9997759163379669, 'hits@[1,3,10]': tensor([0.9997, 0.9998, 0.9999])}
	 VALID :  {'MRR': 0.4658679962158203, 'hits@[1,3,10]': tensor([0.3767, 0.5107, 0.6359])}
	 TRAIN:  {'MRR': 0.9997959434986115, 'hits@[1,3,10]': tensor([0.9998, 0.9998, 0.9999])}
	 VALID :  {'MRR': 0.46509696543216705, 'hits@[1,3,10]': tensor([0.3755, 0.5102, 0.6350])}
	 TRAIN:  {'MRR': 0.9997666776180267, 'hits@[1,3,10]': tensor([0.9997, 0.9998, 0.9999])}
	 VALID :  {'MRR': 0.4655798524618149, 'hits@[1,3,10]': tensor([0.3758, 0.5123, 0.6362])}
	 TRAIN:  {'MRR': 0.999803751707077, 'hits@[1,3,10]': tensor([0.9998, 0.9999, 0.9999])}
	 VALID :  {'MRR': 0.4651883989572525, 'hits@[1,3,10]': tensor([0.3757, 0.5097, 0.6362])}
	 TRAIN:  {'MRR': 0.9998015761375427, 'hits@[1,3,10]': tensor([0.9997, 0.9999, 0.9999])}
	 VALID :  {'MRR': 0.465442419052124, 'hits@[1,3,10]': tensor([0.3758, 0.5109, 0.6368])}
	 TRAIN:  {'MRR': 0.9998726844787598, 'hits@[1,3,10]': tensor([0.9998, 0.9999, 0.9999])}
	 VALID :  {'MRR': 0.46553343534469604, 'hits@[1,3,10]': tensor([0.3763, 0.5097, 0.6355])}
	 TRAIN:  {'MRR': 0.9998129308223724, 'hits@[1,3,10]': tensor([0.9998, 0.9999, 0.9999])}
	 VALID :  {'MRR': 0.46463027596473694, 'hits@[1,3,10]': tensor([0.3750, 0.5095, 0.6344])}
	 TRAIN:  {'MRR': 0.9998027682304382, 'hits@[1,3,10]': tensor([0.9998, 0.9998, 0.9999])}
	 VALID :  {'MRR': 0.4656189978122711, 'hits@[1,3,10]': tensor([0.3768, 0.5105, 0.6359])}
	 TRAIN:  {'MRR': 0.9998227953910828, 'hits@[1,3,10]': tensor([0.9998, 0.9999, 0.9999])}
	 VALID :  {'MRR': 0.46498212218284607, 'hits@[1,3,10]': tensor([0.3756, 0.5103, 0.6351])}
	 TRAIN:  {'MRR': 0.9998683035373688, 'hits@[1,3,10]': tensor([0.9998, 0.9999, 0.9999])}
	 VALID :  {'MRR': 0.4647220969200134, 'hits@[1,3,10]': tensor([0.3753, 0.5103, 0.6352])}
	 TRAIN:  {'MRR': 0.9997797608375549, 'hits@[1,3,10]': tensor([0.9997, 0.9998, 0.9999])}
	 VALID :  {'MRR': 0.4656749665737152, 'hits@[1,3,10]': tensor([0.3774, 0.5091, 0.6348])}
	 TRAIN:  {'MRR': 0.9997945725917816, 'hits@[1,3,10]': tensor([0.9997, 0.9998, 0.9999])}
	 VALID :  {'MRR': 0.4648692011833191, 'hits@[1,3,10]': tensor([0.3749, 0.5107, 0.6349])}
	 TRAIN:  {'MRR': 0.9999054670333862, 'hits@[1,3,10]': tensor([0.9999, 0.9999, 0.9999])}
	 VALID :  {'MRR': 0.46448618173599243, 'hits@[1,3,10]': tensor([0.3751, 0.5102, 0.6349])}
	 TRAIN:  {'MRR': 0.9998403787612915, 'hits@[1,3,10]': tensor([0.9998, 0.9999, 0.9999])}
	 VALID :  {'MRR': 0.4648258239030838, 'hits@[1,3,10]': tensor([0.3755, 0.5096, 0.6343])}
	 TRAIN:  {'MRR': 0.999903529882431, 'hits@[1,3,10]': tensor([0.9999, 0.9999, 0.9999])}
	 VALID :  {'MRR': 0.4645782709121704, 'hits@[1,3,10]': tensor([0.3750, 0.5101, 0.6349])}
	 TRAIN:  {'MRR': 0.9998645186424255, 'hits@[1,3,10]': tensor([0.9998, 0.9999, 0.9999])}
	 VALID :  {'MRR': 0.4647865444421768, 'hits@[1,3,10]': tensor([0.3758, 0.5090, 0.6337])}
	 TRAIN:  {'MRR': 0.9999158382415771, 'hits@[1,3,10]': tensor([0.9999, 0.9999, 1.0000])}
	 VALID :  {'MRR': 0.4649065285921097, 'hits@[1,3,10]': tensor([0.3756, 0.5090, 0.6342])}
	 TRAIN:  {'MRR': 0.9998849928379059, 'hits@[1,3,10]': tensor([0.9999, 0.9999, 0.9999])}
	 VALID :  {'MRR': 0.46521569788455963, 'hits@[1,3,10]': tensor([0.3764, 0.5097, 0.6347])}
	 TRAIN:  {'MRR': 0.9998986124992371, 'hits@[1,3,10]': tensor([0.9999, 0.9999, 0.9999])}
	 VALID :  {'MRR': 0.46384255588054657, 'hits@[1,3,10]': tensor([0.3746, 0.5078, 0.6348])}
	 TRAIN:  {'MRR': 0.9999165832996368, 'hits@[1,3,10]': tensor([0.9999, 0.9999, 1.0000])}
	 VALID :  {'MRR': 0.4647786021232605, 'hits@[1,3,10]': tensor([0.3759, 0.5096, 0.6341])}
	 TRAIN:  {'MRR': 0.9998789429664612, 'hits@[1,3,10]': tensor([0.9999, 0.9999, 0.9999])}
	 VALID :  {'MRR': 0.46427103877067566, 'hits@[1,3,10]': tensor([0.3752, 0.5087, 0.6343])}


TEST :  {'MRR': 0.4685439467430115, 'hits@[1,3,10]': tensor([0.3812, 0.5123, 0.6347])}
