{'batch_size': 1000,
 'checkpoint': None,
 'data_shape': (63361, 400, 63361),
 'dataset': 'NELL',
 'decay1': 0.9,
 'decay2': 0.999,
 'eval_only': False,
 'init': 0.001,
 'learning_rate': 0.1,
 'max_epochs': 100,
 'model': 'ComplEx',
 'model_save_schedule': 1000,
 'optimizer': 'Adagrad',
 'path': 'kbc/data/NELL',
 'rank': 100,
 'reg': 0.0005,
 'regularizer': 'N3',
 'valid': 3.0}
	 TRAIN:  {'MRR': 0.8851692974567413, 'hits@[1,3,10]': tensor([0.8309, 0.9288, 0.9766])}
	 VALID :  {'MRR': 0.3801579475402832, 'hits@[1,3,10]': tensor([0.2910, 0.4216, 0.5553])}
	 TRAIN:  {'MRR': 0.9924127757549286, 'hits@[1,3,10]': tensor([0.9866, 0.9983, 0.9993])}
	 VALID :  {'MRR': 0.406539723277092, 'hits@[1,3,10]': tensor([0.3189, 0.4488, 0.5761])}
	 TRAIN:  {'MRR': 0.9977631568908691, 'hits@[1,3,10]': tensor([0.9959, 0.9996, 0.9998])}
	 VALID :  {'MRR': 0.41208676993846893, 'hits@[1,3,10]': tensor([0.3256, 0.4530, 0.5769])}
	 TRAIN:  {'MRR': 0.9994346797466278, 'hits@[1,3,10]': tensor([0.9991, 0.9997, 0.9998])}
	 VALID :  {'MRR': 0.41690902411937714, 'hits@[1,3,10]': tensor([0.3315, 0.4562, 0.5794])}
	 TRAIN:  {'MRR': 0.999788910150528, 'hits@[1,3,10]': tensor([0.9997, 0.9999, 0.9999])}
	 VALID :  {'MRR': 0.4171738475561142, 'hits@[1,3,10]': tensor([0.3325, 0.4564, 0.5802])}
	 TRAIN:  {'MRR': 0.9998879730701447, 'hits@[1,3,10]': tensor([0.9999, 0.9999, 0.9999])}
	 VALID :  {'MRR': 0.4164174050092697, 'hits@[1,3,10]': tensor([0.3311, 0.4565, 0.5802])}
	 TRAIN:  {'MRR': 0.9998970031738281, 'hits@[1,3,10]': tensor([0.9999, 0.9999, 0.9999])}
	 VALID :  {'MRR': 0.41767559945583344, 'hits@[1,3,10]': tensor([0.3331, 0.4570, 0.5807])}
	 TRAIN:  {'MRR': 0.9999188184738159, 'hits@[1,3,10]': tensor([0.9999, 0.9999, 0.9999])}
	 VALID :  {'MRR': 0.41787250339984894, 'hits@[1,3,10]': tensor([0.3329, 0.4574, 0.5812])}
	 TRAIN:  {'MRR': 0.9999445974826813, 'hits@[1,3,10]': tensor([0.9999, 1.0000, 1.0000])}
	 VALID :  {'MRR': 0.4186408221721649, 'hits@[1,3,10]': tensor([0.3339, 0.4590, 0.5812])}
	 TRAIN:  {'MRR': 0.9999377429485321, 'hits@[1,3,10]': tensor([0.9999, 0.9999, 0.9999])}
	 VALID :  {'MRR': 0.4194908142089844, 'hits@[1,3,10]': tensor([0.3355, 0.4580, 0.5816])}
	 TRAIN:  {'MRR': 0.9999110400676727, 'hits@[1,3,10]': tensor([0.9999, 0.9999, 0.9999])}
	 VALID :  {'MRR': 0.4192768782377243, 'hits@[1,3,10]': tensor([0.3355, 0.4578, 0.5809])}
	 TRAIN:  {'MRR': 0.9999563992023468, 'hits@[1,3,10]': tensor([0.9999, 1.0000, 1.0000])}
	 VALID :  {'MRR': 0.41941647231578827, 'hits@[1,3,10]': tensor([0.3349, 0.4581, 0.5811])}
	 TRAIN:  {'MRR': 0.9999182224273682, 'hits@[1,3,10]': tensor([0.9999, 0.9999, 0.9999])}
	 VALID :  {'MRR': 0.41864506900310516, 'hits@[1,3,10]': tensor([0.3346, 0.4574, 0.5808])}
	 TRAIN:  {'MRR': 0.9998974800109863, 'hits@[1,3,10]': tensor([0.9999, 0.9999, 0.9999])}
	 VALID :  {'MRR': 0.41963455080986023, 'hits@[1,3,10]': tensor([0.3358, 0.4588, 0.5810])}
	 TRAIN:  {'MRR': 0.9999366998672485, 'hits@[1,3,10]': tensor([0.9999, 0.9999, 1.0000])}
	 VALID :  {'MRR': 0.41913333535194397, 'hits@[1,3,10]': tensor([0.3351, 0.4586, 0.5814])}
	 TRAIN:  {'MRR': 0.9999732673168182, 'hits@[1,3,10]': tensor([1.0000, 1.0000, 1.0000])}
	 VALID :  {'MRR': 0.41961100697517395, 'hits@[1,3,10]': tensor([0.3352, 0.4591, 0.5812])}
	 TRAIN:  {'MRR': 0.9999761581420898, 'hits@[1,3,10]': tensor([1.0000, 1.0000, 1.0000])}
	 VALID :  {'MRR': 0.419175922870636, 'hits@[1,3,10]': tensor([0.3348, 0.4587, 0.5813])}
	 TRAIN:  {'MRR': 0.999982476234436, 'hits@[1,3,10]': tensor([1.0000, 1.0000, 1.0000])}
	 VALID :  {'MRR': 0.41956372559070587, 'hits@[1,3,10]': tensor([0.3354, 0.4585, 0.5812])}
	 TRAIN:  {'MRR': 0.9999657571315765, 'hits@[1,3,10]': tensor([1.0000, 1.0000, 1.0000])}
	 VALID :  {'MRR': 0.4191243350505829, 'hits@[1,3,10]': tensor([0.3350, 0.4585, 0.5810])}
	 TRAIN:  {'MRR': 0.999988317489624, 'hits@[1,3,10]': tensor([1.0000, 1.0000, 1.0000])}
	 VALID :  {'MRR': 0.41920214891433716, 'hits@[1,3,10]': tensor([0.3349, 0.4586, 0.5810])}
	 TRAIN:  {'MRR': 0.9999582767486572, 'hits@[1,3,10]': tensor([0.9999, 1.0000, 1.0000])}
	 VALID :  {'MRR': 0.4192623049020767, 'hits@[1,3,10]': tensor([0.3352, 0.4579, 0.5809])}
	 TRAIN:  {'MRR': 0.9999625086784363, 'hits@[1,3,10]': tensor([0.9999, 1.0000, 1.0000])}
	 VALID :  {'MRR': 0.41937704384326935, 'hits@[1,3,10]': tensor([0.3351, 0.4592, 0.5808])}
	 TRAIN:  {'MRR': 0.9999483227729797, 'hits@[1,3,10]': tensor([0.9999, 1.0000, 1.0000])}
	 VALID :  {'MRR': 0.4192890524864197, 'hits@[1,3,10]': tensor([0.3350, 0.4583, 0.5816])}
	 TRAIN:  {'MRR': 1.0, 'hits@[1,3,10]': tensor([1., 1., 1.])}
	 VALID :  {'MRR': 0.41983605921268463, 'hits@[1,3,10]': tensor([0.3361, 0.4586, 0.5807])}
	 TRAIN:  {'MRR': 1.0, 'hits@[1,3,10]': tensor([1., 1., 1.])}
	 VALID :  {'MRR': 0.41990186274051666, 'hits@[1,3,10]': tensor([0.3359, 0.4601, 0.5808])}
	 TRAIN:  {'MRR': 0.9999899864196777, 'hits@[1,3,10]': tensor([1.0000, 1.0000, 1.0000])}
	 VALID :  {'MRR': 0.42014917731285095, 'hits@[1,3,10]': tensor([0.3360, 0.4590, 0.5815])}
	 TRAIN:  {'MRR': 0.9999849796295166, 'hits@[1,3,10]': tensor([1.0000, 1.0000, 1.0000])}
	 VALID :  {'MRR': 0.4203641414642334, 'hits@[1,3,10]': tensor([0.3362, 0.4600, 0.5808])}
	 TRAIN:  {'MRR': 0.9999899864196777, 'hits@[1,3,10]': tensor([1.0000, 1.0000, 1.0000])}
	 VALID :  {'MRR': 0.4201747328042984, 'hits@[1,3,10]': tensor([0.3361, 0.4596, 0.5822])}
	 TRAIN:  {'MRR': 0.9999949932098389, 'hits@[1,3,10]': tensor([1.0000, 1.0000, 1.0000])}
	 VALID :  {'MRR': 0.42008790373802185, 'hits@[1,3,10]': tensor([0.3365, 0.4582, 0.5814])}
	 TRAIN:  {'MRR': 1.0, 'hits@[1,3,10]': tensor([1., 1., 1.])}
	 VALID :  {'MRR': 0.41990017890930176, 'hits@[1,3,10]': tensor([0.3358, 0.4590, 0.5812])}
	 TRAIN:  {'MRR': 0.999970018863678, 'hits@[1,3,10]': tensor([1.0000, 1.0000, 1.0000])}
	 VALID :  {'MRR': 0.42063577473163605, 'hits@[1,3,10]': tensor([0.3368, 0.4601, 0.5818])}
	 TRAIN:  {'MRR': 1.0, 'hits@[1,3,10]': tensor([1., 1., 1.])}
	 VALID :  {'MRR': 0.42031429708004, 'hits@[1,3,10]': tensor([0.3361, 0.4606, 0.5814])}
	 TRAIN:  {'MRR': 1.0, 'hits@[1,3,10]': tensor([1., 1., 1.])}
	 VALID :  {'MRR': 0.42044980823993683, 'hits@[1,3,10]': tensor([0.3366, 0.4598, 0.5809])}


TEST :  {'MRR': 0.4204414039850235, 'hits@[1,3,10]': tensor([0.3367, 0.4597, 0.5803])}
