{'batch_size': 1000,
 'checkpoint': None,
 'data_shape': (63361, 400, 63361),
 'dataset': 'NELL',
 'decay1': 0.9,
 'decay2': 0.999,
 'eval_only': False,
 'init': 0.001,
 'learning_rate': 0.1,
 'max_epochs': 100,
 'model': 'ComplEx',
 'model_save_schedule': 1000,
 'optimizer': 'Adagrad',
 'path': 'kbc/data/NELL',
 'rank': 200,
 'reg': 0.01,
 'regularizer': 'N3',
 'valid': 3.0}
	 TRAIN:  {'MRR': 0.876634418964386, 'hits@[1,3,10]': tensor([0.8257, 0.9148, 0.9664])}
	 VALID :  {'MRR': 0.40673573315143585, 'hits@[1,3,10]': tensor([0.3159, 0.4494, 0.5829])}
	 TRAIN:  {'MRR': 0.9868925213813782, 'hits@[1,3,10]': tensor([0.9787, 0.9946, 0.9984])}
	 VALID :  {'MRR': 0.43674540519714355, 'hits@[1,3,10]': tensor([0.3477, 0.4785, 0.6059])}
	 TRAIN:  {'MRR': 0.9966713488101959, 'hits@[1,3,10]': tensor([0.9949, 0.9981, 0.9991])}
	 VALID :  {'MRR': 0.4431462436914444, 'hits@[1,3,10]': tensor([0.3534, 0.4860, 0.6139])}
	 TRAIN:  {'MRR': 0.9978812634944916, 'hits@[1,3,10]': tensor([0.9970, 0.9986, 0.9992])}
	 VALID :  {'MRR': 0.4456776976585388, 'hits@[1,3,10]': tensor([0.3567, 0.4882, 0.6176])}
	 TRAIN:  {'MRR': 0.9983279407024384, 'hits@[1,3,10]': tensor([0.9976, 0.9989, 0.9994])}
	 VALID :  {'MRR': 0.4486154317855835, 'hits@[1,3,10]': tensor([0.3600, 0.4914, 0.6180])}
	 TRAIN:  {'MRR': 0.998769223690033, 'hits@[1,3,10]': tensor([0.9984, 0.9991, 0.9995])}
	 VALID :  {'MRR': 0.45110197365283966, 'hits@[1,3,10]': tensor([0.3632, 0.4926, 0.6206])}
	 TRAIN:  {'MRR': 0.9990022778511047, 'hits@[1,3,10]': tensor([0.9986, 0.9993, 0.9996])}
	 VALID :  {'MRR': 0.4516008794307709, 'hits@[1,3,10]': tensor([0.3631, 0.4940, 0.6215])}
	 TRAIN:  {'MRR': 0.9989593625068665, 'hits@[1,3,10]': tensor([0.9986, 0.9992, 0.9995])}
	 VALID :  {'MRR': 0.4518794119358063, 'hits@[1,3,10]': tensor([0.3635, 0.4946, 0.6230])}
	 TRAIN:  {'MRR': 0.9991064667701721, 'hits@[1,3,10]': tensor([0.9989, 0.9993, 0.9995])}
	 VALID :  {'MRR': 0.45200875401496887, 'hits@[1,3,10]': tensor([0.3639, 0.4942, 0.6218])}
	 TRAIN:  {'MRR': 0.9990217387676239, 'hits@[1,3,10]': tensor([0.9987, 0.9992, 0.9995])}
	 VALID :  {'MRR': 0.45330488681793213, 'hits@[1,3,10]': tensor([0.3650, 0.4962, 0.6233])}
	 TRAIN:  {'MRR': 0.9992423057556152, 'hits@[1,3,10]': tensor([0.9990, 0.9994, 0.9996])}
	 VALID :  {'MRR': 0.4528655856847763, 'hits@[1,3,10]': tensor([0.3644, 0.4961, 0.6228])}
	 TRAIN:  {'MRR': 0.999253898859024, 'hits@[1,3,10]': tensor([0.9990, 0.9994, 0.9997])}
	 VALID :  {'MRR': 0.4534464031457901, 'hits@[1,3,10]': tensor([0.3654, 0.4961, 0.6217])}
	 TRAIN:  {'MRR': 0.9992369711399078, 'hits@[1,3,10]': tensor([0.9990, 0.9994, 0.9996])}
	 VALID :  {'MRR': 0.45350100100040436, 'hits@[1,3,10]': tensor([0.3657, 0.4964, 0.6233])}
	 TRAIN:  {'MRR': 0.9992513060569763, 'hits@[1,3,10]': tensor([0.9991, 0.9994, 0.9996])}
	 VALID :  {'MRR': 0.4543556272983551, 'hits@[1,3,10]': tensor([0.3668, 0.4973, 0.6230])}
	 TRAIN:  {'MRR': 0.9993363916873932, 'hits@[1,3,10]': tensor([0.9991, 0.9996, 0.9997])}
	 VALID :  {'MRR': 0.454846516251564, 'hits@[1,3,10]': tensor([0.3676, 0.4973, 0.6218])}
	 TRAIN:  {'MRR': 0.9994136691093445, 'hits@[1,3,10]': tensor([0.9993, 0.9995, 0.9996])}
	 VALID :  {'MRR': 0.4547041356563568, 'hits@[1,3,10]': tensor([0.3671, 0.4970, 0.6228])}
	 TRAIN:  {'MRR': 0.9993135631084442, 'hits@[1,3,10]': tensor([0.9991, 0.9994, 0.9996])}
	 VALID :  {'MRR': 0.45390915870666504, 'hits@[1,3,10]': tensor([0.3662, 0.4967, 0.6224])}
	 TRAIN:  {'MRR': 0.999407023191452, 'hits@[1,3,10]': tensor([0.9992, 0.9995, 0.9997])}
	 VALID :  {'MRR': 0.4546498656272888, 'hits@[1,3,10]': tensor([0.3669, 0.4975, 0.6223])}
	 TRAIN:  {'MRR': 0.9994396865367889, 'hits@[1,3,10]': tensor([0.9993, 0.9996, 0.9997])}
	 VALID :  {'MRR': 0.4540344476699829, 'hits@[1,3,10]': tensor([0.3659, 0.4978, 0.6230])}
	 TRAIN:  {'MRR': 0.999417245388031, 'hits@[1,3,10]': tensor([0.9993, 0.9995, 0.9997])}
	 VALID :  {'MRR': 0.45451660454273224, 'hits@[1,3,10]': tensor([0.3664, 0.4986, 0.6242])}
	 TRAIN:  {'MRR': 0.9994717538356781, 'hits@[1,3,10]': tensor([0.9993, 0.9996, 0.9997])}
	 VALID :  {'MRR': 0.4539131671190262, 'hits@[1,3,10]': tensor([0.3655, 0.4976, 0.6236])}
	 TRAIN:  {'MRR': 0.9994257390499115, 'hits@[1,3,10]': tensor([0.9993, 0.9995, 0.9998])}
	 VALID :  {'MRR': 0.45412929356098175, 'hits@[1,3,10]': tensor([0.3663, 0.4968, 0.6227])}
	 TRAIN:  {'MRR': 0.9995599687099457, 'hits@[1,3,10]': tensor([0.9994, 0.9996, 0.9998])}
	 VALID :  {'MRR': 0.4546049237251282, 'hits@[1,3,10]': tensor([0.3666, 0.4972, 0.6235])}
	 TRAIN:  {'MRR': 0.9994748532772064, 'hits@[1,3,10]': tensor([0.9993, 0.9996, 0.9997])}
	 VALID :  {'MRR': 0.4546058475971222, 'hits@[1,3,10]': tensor([0.3666, 0.4976, 0.6238])}
	 TRAIN:  {'MRR': 0.9994316101074219, 'hits@[1,3,10]': tensor([0.9993, 0.9995, 0.9997])}
	 VALID :  {'MRR': 0.4546799510717392, 'hits@[1,3,10]': tensor([0.3665, 0.4975, 0.6238])}
	 TRAIN:  {'MRR': 0.9995540678501129, 'hits@[1,3,10]': tensor([0.9994, 0.9997, 0.9998])}
	 VALID :  {'MRR': 0.454303115606308, 'hits@[1,3,10]': tensor([0.3662, 0.4976, 0.6230])}
	 TRAIN:  {'MRR': 0.9995608031749725, 'hits@[1,3,10]': tensor([0.9994, 0.9997, 0.9997])}
	 VALID :  {'MRR': 0.45453858375549316, 'hits@[1,3,10]': tensor([0.3669, 0.4960, 0.6233])}
	 TRAIN:  {'MRR': 0.9995387196540833, 'hits@[1,3,10]': tensor([0.9994, 0.9996, 0.9997])}
	 VALID :  {'MRR': 0.45507216453552246, 'hits@[1,3,10]': tensor([0.3675, 0.4972, 0.6239])}
	 TRAIN:  {'MRR': 0.9995947182178497, 'hits@[1,3,10]': tensor([0.9995, 0.9997, 0.9998])}
	 VALID :  {'MRR': 0.45456141233444214, 'hits@[1,3,10]': tensor([0.3670, 0.4972, 0.6233])}
	 TRAIN:  {'MRR': 0.9995754659175873, 'hits@[1,3,10]': tensor([0.9995, 0.9997, 0.9997])}
	 VALID :  {'MRR': 0.4542785584926605, 'hits@[1,3,10]': tensor([0.3662, 0.4977, 0.6228])}
	 TRAIN:  {'MRR': 0.9995429813861847, 'hits@[1,3,10]': tensor([0.9994, 0.9996, 0.9997])}
	 VALID :  {'MRR': 0.45376791059970856, 'hits@[1,3,10]': tensor([0.3657, 0.4978, 0.6227])}
	 TRAIN:  {'MRR': 0.999595046043396, 'hits@[1,3,10]': tensor([0.9995, 0.9997, 0.9998])}
	 VALID :  {'MRR': 0.4544292986392975, 'hits@[1,3,10]': tensor([0.3667, 0.4968, 0.6234])}
	 TRAIN:  {'MRR': 0.9995468854904175, 'hits@[1,3,10]': tensor([0.9994, 0.9996, 0.9997])}
	 VALID :  {'MRR': 0.45370933413505554, 'hits@[1,3,10]': tensor([0.3652, 0.4976, 0.6228])}


TEST :  {'MRR': 0.45602256059646606, 'hits@[1,3,10]': tensor([0.3686, 0.5004, 0.6200])}
