{'batch_size': 1000,
 'checkpoint': None,
 'data_shape': (63361, 400, 63361),
 'dataset': 'NELL',
 'decay1': 0.9,
 'decay2': 0.999,
 'eval_only': False,
 'init': 0.001,
 'learning_rate': 0.1,
 'max_epochs': 100,
 'model': 'ComplEx',
 'model_save_schedule': 1000,
 'optimizer': 'Adagrad',
 'path': 'kbc/data/NELL',
 'rank': 1000,
 'reg': 0.001,
 'regularizer': 'N3',
 'valid': 3.0}
	 TRAIN:  {'MRR': 0.9391699731349945, 'hits@[1,3,10]': tensor([0.9074, 0.9650, 0.9895])}
	 VALID :  {'MRR': 0.4231399595737457, 'hits@[1,3,10]': tensor([0.3309, 0.4660, 0.6020])}
	 TRAIN:  {'MRR': 0.99684277176857, 'hits@[1,3,10]': tensor([0.9941, 0.9996, 0.9998])}
	 VALID :  {'MRR': 0.44647058844566345, 'hits@[1,3,10]': tensor([0.3560, 0.4920, 0.6201])}
	 TRAIN:  {'MRR': 0.9997297823429108, 'hits@[1,3,10]': tensor([0.9996, 0.9998, 0.9999])}
	 VALID :  {'MRR': 0.45431119203567505, 'hits@[1,3,10]': tensor([0.3638, 0.4974, 0.6301])}
	 TRAIN:  {'MRR': 0.9997214376926422, 'hits@[1,3,10]': tensor([0.9996, 0.9999, 0.9999])}
	 VALID :  {'MRR': 0.45741336047649384, 'hits@[1,3,10]': tensor([0.3681, 0.5008, 0.6302])}
	 TRAIN:  {'MRR': 0.999890923500061, 'hits@[1,3,10]': tensor([0.9999, 0.9999, 1.0000])}
	 VALID :  {'MRR': 0.4586673378944397, 'hits@[1,3,10]': tensor([0.3682, 0.5033, 0.6330])}
	 TRAIN:  {'MRR': 0.9999061524868011, 'hits@[1,3,10]': tensor([0.9999, 0.9999, 1.0000])}
	 VALID :  {'MRR': 0.46012839674949646, 'hits@[1,3,10]': tensor([0.3700, 0.5031, 0.6329])}
	 TRAIN:  {'MRR': 0.9999480545520782, 'hits@[1,3,10]': tensor([0.9999, 1.0000, 1.0000])}
	 VALID :  {'MRR': 0.4599825292825699, 'hits@[1,3,10]': tensor([0.3699, 0.5049, 0.6351])}
	 TRAIN:  {'MRR': 0.99996018409729, 'hits@[1,3,10]': tensor([0.9999, 1.0000, 1.0000])}
	 VALID :  {'MRR': 0.4613831341266632, 'hits@[1,3,10]': tensor([0.3719, 0.5050, 0.6346])}
	 TRAIN:  {'MRR': 0.999980628490448, 'hits@[1,3,10]': tensor([1.0000, 1.0000, 1.0000])}
	 VALID :  {'MRR': 0.46122826635837555, 'hits@[1,3,10]': tensor([0.3715, 0.5045, 0.6332])}
	 TRAIN:  {'MRR': 0.9999800026416779, 'hits@[1,3,10]': tensor([1.0000, 1.0000, 1.0000])}
	 VALID :  {'MRR': 0.46297065913677216, 'hits@[1,3,10]': tensor([0.3748, 0.5051, 0.6335])}
	 TRAIN:  {'MRR': 0.9999847412109375, 'hits@[1,3,10]': tensor([1.0000, 1.0000, 1.0000])}
	 VALID :  {'MRR': 0.46208806335926056, 'hits@[1,3,10]': tensor([0.3729, 0.5053, 0.6333])}
	 TRAIN:  {'MRR': 0.9999800026416779, 'hits@[1,3,10]': tensor([1.0000, 1.0000, 1.0000])}
	 VALID :  {'MRR': 0.462468221783638, 'hits@[1,3,10]': tensor([0.3736, 0.5050, 0.6334])}
	 TRAIN:  {'MRR': 0.9999725818634033, 'hits@[1,3,10]': tensor([1.0000, 1.0000, 1.0000])}
	 VALID :  {'MRR': 0.46300312876701355, 'hits@[1,3,10]': tensor([0.3741, 0.5060, 0.6330])}
	 TRAIN:  {'MRR': 0.9999910891056061, 'hits@[1,3,10]': tensor([1.0000, 1.0000, 1.0000])}
	 VALID :  {'MRR': 0.4633035659790039, 'hits@[1,3,10]': tensor([0.3745, 0.5067, 0.6336])}
	 TRAIN:  {'MRR': 0.999991238117218, 'hits@[1,3,10]': tensor([1.0000, 1.0000, 1.0000])}
	 VALID :  {'MRR': 0.463238388299942, 'hits@[1,3,10]': tensor([0.3748, 0.5064, 0.6340])}
	 TRAIN:  {'MRR': 0.9999819993972778, 'hits@[1,3,10]': tensor([1.0000, 1.0000, 1.0000])}
	 VALID :  {'MRR': 0.46287617087364197, 'hits@[1,3,10]': tensor([0.3741, 0.5054, 0.6343])}
	 TRAIN:  {'MRR': 0.9999724924564362, 'hits@[1,3,10]': tensor([1.0000, 1.0000, 1.0000])}
	 VALID :  {'MRR': 0.4620191901922226, 'hits@[1,3,10]': tensor([0.3732, 0.5043, 0.6333])}
	 TRAIN:  {'MRR': 0.9999924898147583, 'hits@[1,3,10]': tensor([1.0000, 1.0000, 1.0000])}
	 VALID :  {'MRR': 0.462756484746933, 'hits@[1,3,10]': tensor([0.3738, 0.5054, 0.6337])}
	 TRAIN:  {'MRR': 0.9999899864196777, 'hits@[1,3,10]': tensor([1.0000, 1.0000, 1.0000])}
	 VALID :  {'MRR': 0.4639913737773895, 'hits@[1,3,10]': tensor([0.3761, 0.5063, 0.6343])}
	 TRAIN:  {'MRR': 0.9999899864196777, 'hits@[1,3,10]': tensor([1.0000, 1.0000, 1.0000])}
	 VALID :  {'MRR': 0.46277986466884613, 'hits@[1,3,10]': tensor([0.3748, 0.5052, 0.6329])}
	 TRAIN:  {'MRR': 1.0, 'hits@[1,3,10]': tensor([1., 1., 1.])}
	 VALID :  {'MRR': 0.4632328301668167, 'hits@[1,3,10]': tensor([0.3752, 0.5055, 0.6330])}
	 TRAIN:  {'MRR': 0.9999799728393555, 'hits@[1,3,10]': tensor([1.0000, 1.0000, 1.0000])}
	 VALID :  {'MRR': 0.4634644389152527, 'hits@[1,3,10]': tensor([0.3754, 0.5058, 0.6337])}
	 TRAIN:  {'MRR': 1.0, 'hits@[1,3,10]': tensor([1., 1., 1.])}
	 VALID :  {'MRR': 0.4627664089202881, 'hits@[1,3,10]': tensor([0.3743, 0.5062, 0.6329])}
	 TRAIN:  {'MRR': 0.9999899864196777, 'hits@[1,3,10]': tensor([1.0000, 1.0000, 1.0000])}
	 VALID :  {'MRR': 0.46271923184394836, 'hits@[1,3,10]': tensor([0.3744, 0.5049, 0.6323])}
	 TRAIN:  {'MRR': 1.0, 'hits@[1,3,10]': tensor([1., 1., 1.])}
	 VALID :  {'MRR': 0.4623474031686783, 'hits@[1,3,10]': tensor([0.3735, 0.5051, 0.6329])}
	 TRAIN:  {'MRR': 0.9999799728393555, 'hits@[1,3,10]': tensor([1.0000, 1.0000, 1.0000])}
	 VALID :  {'MRR': 0.46226997673511505, 'hits@[1,3,10]': tensor([0.3731, 0.5073, 0.6326])}
	 TRAIN:  {'MRR': 0.9999899864196777, 'hits@[1,3,10]': tensor([1.0000, 1.0000, 1.0000])}
	 VALID :  {'MRR': 0.4624236971139908, 'hits@[1,3,10]': tensor([0.3738, 0.5051, 0.6327])}
	 TRAIN:  {'MRR': 1.0, 'hits@[1,3,10]': tensor([1., 1., 1.])}
	 VALID :  {'MRR': 0.46258360147476196, 'hits@[1,3,10]': tensor([0.3737, 0.5056, 0.6325])}
	 TRAIN:  {'MRR': 0.9999699890613556, 'hits@[1,3,10]': tensor([1.0000, 1.0000, 1.0000])}
	 VALID :  {'MRR': 0.4620318114757538, 'hits@[1,3,10]': tensor([0.3731, 0.5065, 0.6317])}
	 TRAIN:  {'MRR': 0.9999899864196777, 'hits@[1,3,10]': tensor([1.0000, 1.0000, 1.0000])}
	 VALID :  {'MRR': 0.46149106323719025, 'hits@[1,3,10]': tensor([0.3726, 0.5052, 0.6319])}
	 TRAIN:  {'MRR': 0.9999899864196777, 'hits@[1,3,10]': tensor([1.0000, 1.0000, 1.0000])}
	 VALID :  {'MRR': 0.46212121844291687, 'hits@[1,3,10]': tensor([0.3735, 0.5054, 0.6321])}
	 TRAIN:  {'MRR': 0.9999699890613556, 'hits@[1,3,10]': tensor([1.0000, 1.0000, 1.0000])}
	 VALID :  {'MRR': 0.46188752353191376, 'hits@[1,3,10]': tensor([0.3727, 0.5063, 0.6322])}
	 TRAIN:  {'MRR': 0.9999799728393555, 'hits@[1,3,10]': tensor([1.0000, 1.0000, 1.0000])}
	 VALID :  {'MRR': 0.461661159992218, 'hits@[1,3,10]': tensor([0.3725, 0.5057, 0.6329])}


TEST :  {'MRR': 0.4632130265235901, 'hits@[1,3,10]': tensor([0.3734, 0.5088, 0.6320])}
