{'batch_size': 1000,
 'checkpoint': None,
 'data_shape': (63361, 400, 63361),
 'dataset': 'NELL',
 'decay1': 0.9,
 'decay2': 0.999,
 'eval_only': False,
 'init': 0.001,
 'learning_rate': 0.1,
 'max_epochs': 100,
 'model': 'ComplEx',
 'model_save_schedule': 1000,
 'optimizer': 'Adagrad',
 'path': 'kbc/data/NELL',
 'rank': 100,
 'reg': 0.1,
 'regularizer': 'N3',
 'valid': 3.0}
	 TRAIN:  {'MRR': 0.33399567008018494, 'hits@[1,3,10]': tensor([0.2498, 0.3686, 0.4961])}
	 VALID :  {'MRR': 0.299237385392189, 'hits@[1,3,10]': tensor([0.2203, 0.3301, 0.4551])}
	 TRAIN:  {'MRR': 0.6340979039669037, 'hits@[1,3,10]': tensor([0.5440, 0.6822, 0.8075])}
	 VALID :  {'MRR': 0.3848956823348999, 'hits@[1,3,10]': tensor([0.2967, 0.4214, 0.5576])}
	 TRAIN:  {'MRR': 0.763352781534195, 'hits@[1,3,10]': tensor([0.6960, 0.8046, 0.8909])}
	 VALID :  {'MRR': 0.418499693274498, 'hits@[1,3,10]': tensor([0.3305, 0.4578, 0.5895])}
	 TRAIN:  {'MRR': 0.8087143301963806, 'hits@[1,3,10]': tensor([0.7525, 0.8438, 0.9132])}
	 VALID :  {'MRR': 0.42836861312389374, 'hits@[1,3,10]': tensor([0.3381, 0.4707, 0.6024])}
	 TRAIN:  {'MRR': 0.8311719000339508, 'hits@[1,3,10]': tensor([0.7821, 0.8608, 0.9229])}
	 VALID :  {'MRR': 0.43417373299598694, 'hits@[1,3,10]': tensor([0.3435, 0.4774, 0.6094])}
	 TRAIN:  {'MRR': 0.8452325165271759, 'hits@[1,3,10]': tensor([0.8005, 0.8732, 0.9284])}
	 VALID :  {'MRR': 0.43790704011917114, 'hits@[1,3,10]': tensor([0.3480, 0.4802, 0.6132])}
	 TRAIN:  {'MRR': 0.8518408834934235, 'hits@[1,3,10]': tensor([0.8092, 0.8791, 0.9304])}
	 VALID :  {'MRR': 0.44051188230514526, 'hits@[1,3,10]': tensor([0.3501, 0.4837, 0.6155])}
	 TRAIN:  {'MRR': 0.8595958650112152, 'hits@[1,3,10]': tensor([0.8194, 0.8864, 0.9340])}
	 VALID :  {'MRR': 0.44256599247455597, 'hits@[1,3,10]': tensor([0.3526, 0.4855, 0.6156])}
	 TRAIN:  {'MRR': 0.8645945489406586, 'hits@[1,3,10]': tensor([0.8256, 0.8891, 0.9366])}
	 VALID :  {'MRR': 0.4436843544244766, 'hits@[1,3,10]': tensor([0.3538, 0.4861, 0.6178])}
	 TRAIN:  {'MRR': 0.8693576157093048, 'hits@[1,3,10]': tensor([0.8310, 0.8944, 0.9403])}
	 VALID :  {'MRR': 0.44443999230861664, 'hits@[1,3,10]': tensor([0.3542, 0.4887, 0.6194])}
	 TRAIN:  {'MRR': 0.8732193112373352, 'hits@[1,3,10]': tensor([0.8357, 0.8979, 0.9415])}
	 VALID :  {'MRR': 0.4450654536485672, 'hits@[1,3,10]': tensor([0.3544, 0.4892, 0.6191])}
	 TRAIN:  {'MRR': 0.874458909034729, 'hits@[1,3,10]': tensor([0.8372, 0.8992, 0.9431])}
	 VALID :  {'MRR': 0.4463032931089401, 'hits@[1,3,10]': tensor([0.3564, 0.4892, 0.6209])}
	 TRAIN:  {'MRR': 0.8760154843330383, 'hits@[1,3,10]': tensor([0.8392, 0.9002, 0.9431])}
	 VALID :  {'MRR': 0.4463970363140106, 'hits@[1,3,10]': tensor([0.3562, 0.4905, 0.6234])}
	 TRAIN:  {'MRR': 0.8776616752147675, 'hits@[1,3,10]': tensor([0.8414, 0.9018, 0.9427])}
	 VALID :  {'MRR': 0.4476381093263626, 'hits@[1,3,10]': tensor([0.3573, 0.4924, 0.6238])}
	 TRAIN:  {'MRR': 0.8810898959636688, 'hits@[1,3,10]': tensor([0.8457, 0.9049, 0.9453])}
	 VALID :  {'MRR': 0.44744332134723663, 'hits@[1,3,10]': tensor([0.3567, 0.4921, 0.6240])}
	 TRAIN:  {'MRR': 0.8804501295089722, 'hits@[1,3,10]': tensor([0.8457, 0.9038, 0.9443])}
	 VALID :  {'MRR': 0.44715501368045807, 'hits@[1,3,10]': tensor([0.3567, 0.4920, 0.6246])}
	 TRAIN:  {'MRR': 0.8813973367214203, 'hits@[1,3,10]': tensor([0.8469, 0.9048, 0.9440])}
	 VALID :  {'MRR': 0.44882597029209137, 'hits@[1,3,10]': tensor([0.3588, 0.4924, 0.6259])}
	 TRAIN:  {'MRR': 0.8847078382968903, 'hits@[1,3,10]': tensor([0.8505, 0.9075, 0.9467])}
	 VALID :  {'MRR': 0.44962455332279205, 'hits@[1,3,10]': tensor([0.3596, 0.4931, 0.6255])}
	 TRAIN:  {'MRR': 0.8865892887115479, 'hits@[1,3,10]': tensor([0.8526, 0.9093, 0.9480])}
	 VALID :  {'MRR': 0.4492921680212021, 'hits@[1,3,10]': tensor([0.3585, 0.4938, 0.6271])}
	 TRAIN:  {'MRR': 0.8870749175548553, 'hits@[1,3,10]': tensor([0.8533, 0.9096, 0.9477])}
	 VALID :  {'MRR': 0.4493090659379959, 'hits@[1,3,10]': tensor([0.3584, 0.4945, 0.6260])}
	 TRAIN:  {'MRR': 0.8896968364715576, 'hits@[1,3,10]': tensor([0.8569, 0.9116, 0.9492])}
	 VALID :  {'MRR': 0.4492059499025345, 'hits@[1,3,10]': tensor([0.3581, 0.4939, 0.6269])}
	 TRAIN:  {'MRR': 0.8901419639587402, 'hits@[1,3,10]': tensor([0.8573, 0.9117, 0.9501])}
	 VALID :  {'MRR': 0.4500185698270798, 'hits@[1,3,10]': tensor([0.3589, 0.4930, 0.6265])}
	 TRAIN:  {'MRR': 0.8900834321975708, 'hits@[1,3,10]': tensor([0.8573, 0.9114, 0.9499])}
	 VALID :  {'MRR': 0.44989901781082153, 'hits@[1,3,10]': tensor([0.3587, 0.4946, 0.6268])}
	 TRAIN:  {'MRR': 0.8918181955814362, 'hits@[1,3,10]': tensor([0.8593, 0.9139, 0.9498])}
	 VALID :  {'MRR': 0.45012858510017395, 'hits@[1,3,10]': tensor([0.3590, 0.4950, 0.6280])}
	 TRAIN:  {'MRR': 0.8926097750663757, 'hits@[1,3,10]': tensor([0.8605, 0.9143, 0.9503])}
	 VALID :  {'MRR': 0.450578898191452, 'hits@[1,3,10]': tensor([0.3601, 0.4943, 0.6284])}
	 TRAIN:  {'MRR': 0.8929708003997803, 'hits@[1,3,10]': tensor([0.8616, 0.9133, 0.9496])}
	 VALID :  {'MRR': 0.4518890678882599, 'hits@[1,3,10]': tensor([0.3616, 0.4952, 0.6279])}
	 TRAIN:  {'MRR': 0.893181711435318, 'hits@[1,3,10]': tensor([0.8613, 0.9142, 0.9503])}
	 VALID :  {'MRR': 0.4515340328216553, 'hits@[1,3,10]': tensor([0.3608, 0.4952, 0.6284])}
	 TRAIN:  {'MRR': 0.8937306702136993, 'hits@[1,3,10]': tensor([0.8617, 0.9148, 0.9514])}
	 VALID :  {'MRR': 0.45183315873146057, 'hits@[1,3,10]': tensor([0.3611, 0.4962, 0.6289])}
	 TRAIN:  {'MRR': 0.8946717083454132, 'hits@[1,3,10]': tensor([0.8629, 0.9150, 0.9524])}
	 VALID :  {'MRR': 0.4516960233449936, 'hits@[1,3,10]': tensor([0.3607, 0.4953, 0.6286])}
	 TRAIN:  {'MRR': 0.8944640159606934, 'hits@[1,3,10]': tensor([0.8631, 0.9146, 0.9507])}
	 VALID :  {'MRR': 0.4519374370574951, 'hits@[1,3,10]': tensor([0.3610, 0.4960, 0.6280])}
	 TRAIN:  {'MRR': 0.8966322541236877, 'hits@[1,3,10]': tensor([0.8663, 0.9162, 0.9518])}
	 VALID :  {'MRR': 0.45272326469421387, 'hits@[1,3,10]': tensor([0.3625, 0.4959, 0.6292])}
	 TRAIN:  {'MRR': 0.8968348801136017, 'hits@[1,3,10]': tensor([0.8659, 0.9170, 0.9528])}
	 VALID :  {'MRR': 0.45223601162433624, 'hits@[1,3,10]': tensor([0.3611, 0.4966, 0.6302])}
	 TRAIN:  {'MRR': 0.8974321782588959, 'hits@[1,3,10]': tensor([0.8668, 0.9174, 0.9525])}
	 VALID :  {'MRR': 0.45276711881160736, 'hits@[1,3,10]': tensor([0.3619, 0.4964, 0.6300])}


TEST :  {'MRR': 0.453173503279686, 'hits@[1,3,10]': tensor([0.3616, 0.4980, 0.6294])}
