{'batch_size': 1000,
 'checkpoint': None,
 'data_shape': (63361, 400, 63361),
 'dataset': 'NELL',
 'decay1': 0.9,
 'decay2': 0.999,
 'eval_only': False,
 'init': 0.001,
 'learning_rate': 0.1,
 'max_epochs': 100,
 'model': 'ComplEx',
 'model_save_schedule': 1000,
 'optimizer': 'Adagrad',
 'path': 'kbc/data/NELL',
 'rank': 100,
 'reg': 0.001,
 'regularizer': 'N3',
 'valid': 3.0}
	 TRAIN:  {'MRR': 0.8787768483161926, 'hits@[1,3,10]': tensor([0.8250, 0.9184, 0.9723])}
	 VALID :  {'MRR': 0.38614030182361603, 'hits@[1,3,10]': tensor([0.2972, 0.4254, 0.5600])}
	 TRAIN:  {'MRR': 0.9923365712165833, 'hits@[1,3,10]': tensor([0.9871, 0.9971, 0.9991])}
	 VALID :  {'MRR': 0.41050367057323456, 'hits@[1,3,10]': tensor([0.3232, 0.4518, 0.5801])}
	 TRAIN:  {'MRR': 0.9984195232391357, 'hits@[1,3,10]': tensor([0.9974, 0.9994, 0.9997])}
	 VALID :  {'MRR': 0.4152457118034363, 'hits@[1,3,10]': tensor([0.3286, 0.4552, 0.5834])}
	 TRAIN:  {'MRR': 0.9991025030612946, 'hits@[1,3,10]': tensor([0.9986, 0.9996, 0.9997])}
	 VALID :  {'MRR': 0.4175195246934891, 'hits@[1,3,10]': tensor([0.3304, 0.4593, 0.5865])}
	 TRAIN:  {'MRR': 0.9995106756687164, 'hits@[1,3,10]': tensor([0.9992, 0.9998, 0.9999])}
	 VALID :  {'MRR': 0.4199548661708832, 'hits@[1,3,10]': tensor([0.3346, 0.4602, 0.5853])}
	 TRAIN:  {'MRR': 0.999796599149704, 'hits@[1,3,10]': tensor([0.9997, 0.9998, 0.9999])}
	 VALID :  {'MRR': 0.4208693653345108, 'hits@[1,3,10]': tensor([0.3357, 0.4612, 0.5861])}
	 TRAIN:  {'MRR': 0.9997627437114716, 'hits@[1,3,10]': tensor([0.9997, 0.9998, 0.9998])}
	 VALID :  {'MRR': 0.421140193939209, 'hits@[1,3,10]': tensor([0.3356, 0.4613, 0.5871])}
	 TRAIN:  {'MRR': 0.9997923374176025, 'hits@[1,3,10]': tensor([0.9998, 0.9998, 0.9999])}
	 VALID :  {'MRR': 0.4219318628311157, 'hits@[1,3,10]': tensor([0.3368, 0.4627, 0.5876])}
	 TRAIN:  {'MRR': 0.9998743236064911, 'hits@[1,3,10]': tensor([0.9999, 0.9999, 0.9999])}
	 VALID :  {'MRR': 0.42233628034591675, 'hits@[1,3,10]': tensor([0.3378, 0.4620, 0.5870])}
	 TRAIN:  {'MRR': 0.9999220967292786, 'hits@[1,3,10]': tensor([0.9999, 0.9999, 0.9999])}
	 VALID :  {'MRR': 0.4220772683620453, 'hits@[1,3,10]': tensor([0.3373, 0.4617, 0.5869])}
	 TRAIN:  {'MRR': 0.9999035894870758, 'hits@[1,3,10]': tensor([0.9999, 0.9999, 0.9999])}
	 VALID :  {'MRR': 0.422697976231575, 'hits@[1,3,10]': tensor([0.3378, 0.4627, 0.5860])}
	 TRAIN:  {'MRR': 0.9999264776706696, 'hits@[1,3,10]': tensor([0.9999, 1.0000, 1.0000])}
	 VALID :  {'MRR': 0.42254823446273804, 'hits@[1,3,10]': tensor([0.3373, 0.4626, 0.5857])}
	 TRAIN:  {'MRR': 0.9999285340309143, 'hits@[1,3,10]': tensor([0.9999, 1.0000, 1.0000])}
	 VALID :  {'MRR': 0.4232352524995804, 'hits@[1,3,10]': tensor([0.3385, 0.4634, 0.5862])}
	 TRAIN:  {'MRR': 0.9999634623527527, 'hits@[1,3,10]': tensor([0.9999, 1.0000, 1.0000])}
	 VALID :  {'MRR': 0.4232950508594513, 'hits@[1,3,10]': tensor([0.3382, 0.4637, 0.5872])}
	 TRAIN:  {'MRR': 0.9999800622463226, 'hits@[1,3,10]': tensor([1.0000, 1.0000, 1.0000])}
	 VALID :  {'MRR': 0.4227982610464096, 'hits@[1,3,10]': tensor([0.3374, 0.4636, 0.5875])}
	 TRAIN:  {'MRR': 0.9999509155750275, 'hits@[1,3,10]': tensor([0.9999, 1.0000, 1.0000])}
	 VALID :  {'MRR': 0.42238909006118774, 'hits@[1,3,10]': tensor([0.3364, 0.4636, 0.5881])}
	 TRAIN:  {'MRR': 0.999985009431839, 'hits@[1,3,10]': tensor([1.0000, 1.0000, 1.0000])}
	 VALID :  {'MRR': 0.42355431616306305, 'hits@[1,3,10]': tensor([0.3386, 0.4648, 0.5872])}
	 TRAIN:  {'MRR': 0.9999808073043823, 'hits@[1,3,10]': tensor([1.0000, 1.0000, 1.0000])}
	 VALID :  {'MRR': 0.4236433506011963, 'hits@[1,3,10]': tensor([0.3385, 0.4643, 0.5880])}
	 TRAIN:  {'MRR': 0.9999703466892242, 'hits@[1,3,10]': tensor([1.0000, 1.0000, 1.0000])}
	 VALID :  {'MRR': 0.423655241727829, 'hits@[1,3,10]': tensor([0.3380, 0.4650, 0.5881])}
	 TRAIN:  {'MRR': 0.9999949932098389, 'hits@[1,3,10]': tensor([1.0000, 1.0000, 1.0000])}
	 VALID :  {'MRR': 0.4241465628147125, 'hits@[1,3,10]': tensor([0.3391, 0.4650, 0.5883])}
	 TRAIN:  {'MRR': 0.9999719858169556, 'hits@[1,3,10]': tensor([1.0000, 1.0000, 1.0000])}
	 VALID :  {'MRR': 0.42326852679252625, 'hits@[1,3,10]': tensor([0.3378, 0.4649, 0.5878])}
	 TRAIN:  {'MRR': 0.999982476234436, 'hits@[1,3,10]': tensor([1.0000, 1.0000, 1.0000])}
	 VALID :  {'MRR': 0.4239846020936966, 'hits@[1,3,10]': tensor([0.3386, 0.4658, 0.5882])}
	 TRAIN:  {'MRR': 0.9999924898147583, 'hits@[1,3,10]': tensor([1.0000, 1.0000, 1.0000])}
	 VALID :  {'MRR': 0.423942506313324, 'hits@[1,3,10]': tensor([0.3389, 0.4657, 0.5880])}
	 TRAIN:  {'MRR': 0.9999650120735168, 'hits@[1,3,10]': tensor([1.0000, 1.0000, 1.0000])}
	 VALID :  {'MRR': 0.4240752011537552, 'hits@[1,3,10]': tensor([0.3391, 0.4651, 0.5876])}
	 TRAIN:  {'MRR': 0.9999850392341614, 'hits@[1,3,10]': tensor([1.0000, 1.0000, 1.0000])}
	 VALID :  {'MRR': 0.4238889813423157, 'hits@[1,3,10]': tensor([0.3385, 0.4646, 0.5876])}
	 TRAIN:  {'MRR': 0.9999746084213257, 'hits@[1,3,10]': tensor([1.0000, 1.0000, 1.0000])}
	 VALID :  {'MRR': 0.42419320344924927, 'hits@[1,3,10]': tensor([0.3389, 0.4648, 0.5879])}
	 TRAIN:  {'MRR': 0.9999692142009735, 'hits@[1,3,10]': tensor([1.0000, 1.0000, 1.0000])}
	 VALID :  {'MRR': 0.42491643130779266, 'hits@[1,3,10]': tensor([0.3400, 0.4659, 0.5871])}
	 TRAIN:  {'MRR': 0.999985009431839, 'hits@[1,3,10]': tensor([1.0000, 1.0000, 1.0000])}
	 VALID :  {'MRR': 0.4246698021888733, 'hits@[1,3,10]': tensor([0.3398, 0.4653, 0.5877])}
	 TRAIN:  {'MRR': 0.9999933242797852, 'hits@[1,3,10]': tensor([1.0000, 1.0000, 1.0000])}
	 VALID :  {'MRR': 0.42503291368484497, 'hits@[1,3,10]': tensor([0.3402, 0.4665, 0.5878])}
	 TRAIN:  {'MRR': 0.9999833106994629, 'hits@[1,3,10]': tensor([1.0000, 1.0000, 1.0000])}
	 VALID :  {'MRR': 0.4250403642654419, 'hits@[1,3,10]': tensor([0.3404, 0.4647, 0.5883])}
	 TRAIN:  {'MRR': 0.9999933242797852, 'hits@[1,3,10]': tensor([1.0000, 1.0000, 1.0000])}
	 VALID :  {'MRR': 0.42504942417144775, 'hits@[1,3,10]': tensor([0.3405, 0.4656, 0.5882])}
	 TRAIN:  {'MRR': 0.9999899864196777, 'hits@[1,3,10]': tensor([1.0000, 1.0000, 1.0000])}
	 VALID :  {'MRR': 0.4251164644956589, 'hits@[1,3,10]': tensor([0.3404, 0.4660, 0.5882])}
	 TRAIN:  {'MRR': 1.0, 'hits@[1,3,10]': tensor([1., 1., 1.])}
	 VALID :  {'MRR': 0.4255562871694565, 'hits@[1,3,10]': tensor([0.3409, 0.4660, 0.5888])}


TEST :  {'MRR': 0.42791493237018585, 'hits@[1,3,10]': tensor([0.3445, 0.4670, 0.5888])}
