{'batch_size': 1000,
 'checkpoint': None,
 'data_shape': (63361, 400, 63361),
 'dataset': 'NELL',
 'decay1': 0.9,
 'decay2': 0.999,
 'eval_only': False,
 'init': 0.001,
 'learning_rate': 0.1,
 'max_epochs': 100,
 'model': 'ComplEx',
 'model_save_schedule': 1000,
 'optimizer': 'Adagrad',
 'path': 'kbc/data/NELL',
 'rank': 100,
 'reg': 0.0001,
 'regularizer': 'N3',
 'valid': 3.0}
	 TRAIN:  {'MRR': 0.8876133263111115, 'hits@[1,3,10]': tensor([0.8347, 0.9292, 0.9777])}
	 VALID :  {'MRR': 0.3859255909919739, 'hits@[1,3,10]': tensor([0.2977, 0.4267, 0.5562])}
	 TRAIN:  {'MRR': 0.9940901100635529, 'hits@[1,3,10]': tensor([0.9899, 0.9981, 0.9994])}
	 VALID :  {'MRR': 0.407529816031456, 'hits@[1,3,10]': tensor([0.3200, 0.4511, 0.5752])}
	 TRAIN:  {'MRR': 0.9992504119873047, 'hits@[1,3,10]': tensor([0.9987, 0.9997, 0.9999])}
	 VALID :  {'MRR': 0.4126293957233429, 'hits@[1,3,10]': tensor([0.3257, 0.4541, 0.5762])}
	 TRAIN:  {'MRR': 0.9997529685497284, 'hits@[1,3,10]': tensor([0.9996, 0.9999, 0.9999])}
	 VALID :  {'MRR': 0.4136602580547333, 'hits@[1,3,10]': tensor([0.3267, 0.4558, 0.5806])}
	 TRAIN:  {'MRR': 0.9998618364334106, 'hits@[1,3,10]': tensor([0.9998, 0.9999, 0.9999])}
	 VALID :  {'MRR': 0.4162697494029999, 'hits@[1,3,10]': tensor([0.3307, 0.4548, 0.5813])}
	 TRAIN:  {'MRR': 0.9998770952224731, 'hits@[1,3,10]': tensor([0.9998, 0.9999, 0.9999])}
	 VALID :  {'MRR': 0.41632236540317535, 'hits@[1,3,10]': tensor([0.3310, 0.4568, 0.5802])}
	 TRAIN:  {'MRR': 0.9999234676361084, 'hits@[1,3,10]': tensor([0.9999, 0.9999, 0.9999])}
	 VALID :  {'MRR': 0.41676002740859985, 'hits@[1,3,10]': tensor([0.3308, 0.4575, 0.5813])}
	 TRAIN:  {'MRR': 0.9999401569366455, 'hits@[1,3,10]': tensor([0.9999, 0.9999, 1.0000])}
	 VALID :  {'MRR': 0.4179137647151947, 'hits@[1,3,10]': tensor([0.3330, 0.4584, 0.5818])}
	 TRAIN:  {'MRR': 0.9999736547470093, 'hits@[1,3,10]': tensor([1.0000, 1.0000, 1.0000])}
	 VALID :  {'MRR': 0.41807956993579865, 'hits@[1,3,10]': tensor([0.3335, 0.4586, 0.5818])}
	 TRAIN:  {'MRR': 0.999960869550705, 'hits@[1,3,10]': tensor([1.0000, 1.0000, 1.0000])}
	 VALID :  {'MRR': 0.41881248354911804, 'hits@[1,3,10]': tensor([0.3346, 0.4586, 0.5816])}
	 TRAIN:  {'MRR': 0.9999548494815826, 'hits@[1,3,10]': tensor([0.9999, 1.0000, 1.0000])}
	 VALID :  {'MRR': 0.418515145778656, 'hits@[1,3,10]': tensor([0.3337, 0.4587, 0.5811])}
	 TRAIN:  {'MRR': 0.9999634325504303, 'hits@[1,3,10]': tensor([0.9999, 1.0000, 1.0000])}
	 VALID :  {'MRR': 0.41862741112709045, 'hits@[1,3,10]': tensor([0.3348, 0.4586, 0.5801])}
	 TRAIN:  {'MRR': 0.9999799728393555, 'hits@[1,3,10]': tensor([1.0000, 1.0000, 1.0000])}
	 VALID :  {'MRR': 0.41881750524044037, 'hits@[1,3,10]': tensor([0.3345, 0.4593, 0.5807])}
	 TRAIN:  {'MRR': 0.9999724924564362, 'hits@[1,3,10]': tensor([1.0000, 1.0000, 1.0000])}
	 VALID :  {'MRR': 0.4188736528158188, 'hits@[1,3,10]': tensor([0.3347, 0.4593, 0.5814])}
	 TRAIN:  {'MRR': 0.999985009431839, 'hits@[1,3,10]': tensor([1.0000, 1.0000, 1.0000])}
	 VALID :  {'MRR': 0.4190299063920975, 'hits@[1,3,10]': tensor([0.3351, 0.4593, 0.5808])}
	 TRAIN:  {'MRR': 1.0, 'hits@[1,3,10]': tensor([1., 1., 1.])}
	 VALID :  {'MRR': 0.4192519187927246, 'hits@[1,3,10]': tensor([0.3353, 0.4602, 0.5808])}
	 TRAIN:  {'MRR': 1.0, 'hits@[1,3,10]': tensor([1., 1., 1.])}
	 VALID :  {'MRR': 0.4186330735683441, 'hits@[1,3,10]': tensor([0.3344, 0.4589, 0.5812])}
	 TRAIN:  {'MRR': 0.9999916553497314, 'hits@[1,3,10]': tensor([1.0000, 1.0000, 1.0000])}
	 VALID :  {'MRR': 0.4191173017024994, 'hits@[1,3,10]': tensor([0.3352, 0.4598, 0.5810])}
	 TRAIN:  {'MRR': 0.9999919831752777, 'hits@[1,3,10]': tensor([1.0000, 1.0000, 1.0000])}
	 VALID :  {'MRR': 0.41859060525894165, 'hits@[1,3,10]': tensor([0.3344, 0.4586, 0.5808])}
	 TRAIN:  {'MRR': 1.0, 'hits@[1,3,10]': tensor([1., 1., 1.])}
	 VALID :  {'MRR': 0.418753519654274, 'hits@[1,3,10]': tensor([0.3340, 0.4601, 0.5801])}
	 TRAIN:  {'MRR': 1.0, 'hits@[1,3,10]': tensor([1., 1., 1.])}
	 VALID :  {'MRR': 0.4191897213459015, 'hits@[1,3,10]': tensor([0.3355, 0.4591, 0.5806])}
	 TRAIN:  {'MRR': 0.9999899864196777, 'hits@[1,3,10]': tensor([1.0000, 1.0000, 1.0000])}
	 VALID :  {'MRR': 0.4189739525318146, 'hits@[1,3,10]': tensor([0.3350, 0.4590, 0.5812])}
	 TRAIN:  {'MRR': 1.0, 'hits@[1,3,10]': tensor([1., 1., 1.])}
	 VALID :  {'MRR': 0.4188762456178665, 'hits@[1,3,10]': tensor([0.3347, 0.4592, 0.5802])}
	 TRAIN:  {'MRR': 1.0, 'hits@[1,3,10]': tensor([1., 1., 1.])}
	 VALID :  {'MRR': 0.4191317707300186, 'hits@[1,3,10]': tensor([0.3350, 0.4593, 0.5808])}
	 TRAIN:  {'MRR': 0.9999899864196777, 'hits@[1,3,10]': tensor([1.0000, 1.0000, 1.0000])}
	 VALID :  {'MRR': 0.4192698001861572, 'hits@[1,3,10]': tensor([0.3356, 0.4590, 0.5809])}
	 TRAIN:  {'MRR': 1.0, 'hits@[1,3,10]': tensor([1., 1., 1.])}
	 VALID :  {'MRR': 0.419632688164711, 'hits@[1,3,10]': tensor([0.3360, 0.4589, 0.5808])}
	 TRAIN:  {'MRR': 0.9999899864196777, 'hits@[1,3,10]': tensor([1.0000, 1.0000, 1.0000])}
	 VALID :  {'MRR': 0.41896186769008636, 'hits@[1,3,10]': tensor([0.3349, 0.4588, 0.5803])}
	 TRAIN:  {'MRR': 0.9999899864196777, 'hits@[1,3,10]': tensor([1.0000, 1.0000, 1.0000])}
	 VALID :  {'MRR': 0.4191436916589737, 'hits@[1,3,10]': tensor([0.3346, 0.4594, 0.5809])}
	 TRAIN:  {'MRR': 0.9999899864196777, 'hits@[1,3,10]': tensor([1.0000, 1.0000, 1.0000])}
	 VALID :  {'MRR': 0.4197209030389786, 'hits@[1,3,10]': tensor([0.3357, 0.4592, 0.5814])}
	 TRAIN:  {'MRR': 1.0, 'hits@[1,3,10]': tensor([1., 1., 1.])}
	 VALID :  {'MRR': 0.41869238018989563, 'hits@[1,3,10]': tensor([0.3345, 0.4591, 0.5802])}
	 TRAIN:  {'MRR': 1.0, 'hits@[1,3,10]': tensor([1., 1., 1.])}
	 VALID :  {'MRR': 0.41908887028694153, 'hits@[1,3,10]': tensor([0.3350, 0.4587, 0.5801])}
	 TRAIN:  {'MRR': 1.0, 'hits@[1,3,10]': tensor([1., 1., 1.])}
	 VALID :  {'MRR': 0.41940629482269287, 'hits@[1,3,10]': tensor([0.3356, 0.4594, 0.5802])}
	 TRAIN:  {'MRR': 0.9999899864196777, 'hits@[1,3,10]': tensor([1.0000, 1.0000, 1.0000])}
	 VALID :  {'MRR': 0.4188823401927948, 'hits@[1,3,10]': tensor([0.3348, 0.4587, 0.5802])}


TEST :  {'MRR': 0.42178186774253845, 'hits@[1,3,10]': tensor([0.3374, 0.4625, 0.5840])}
