{'batch_size': 1000,
 'checkpoint': None,
 'data_shape': (63361, 400, 63361),
 'dataset': 'NELL',
 'decay1': 0.9,
 'decay2': 0.999,
 'eval_only': False,
 'init': 0.001,
 'learning_rate': 0.1,
 'max_epochs': 100,
 'model': 'ComplEx',
 'model_save_schedule': 1000,
 'optimizer': 'Adagrad',
 'path': 'kbc/data/NELL',
 'rank': 200,
 'reg': 0.0005,
 'regularizer': 'N3',
 'valid': 3.0}
	 TRAIN:  {'MRR': 0.9222572445869446, 'hits@[1,3,10]': tensor([0.8819, 0.9561, 0.9880])}
	 VALID :  {'MRR': 0.4047979861497879, 'hits@[1,3,10]': tensor([0.3141, 0.4484, 0.5826])}
	 TRAIN:  {'MRR': 0.9979782104492188, 'hits@[1,3,10]': tensor([0.9963, 0.9997, 0.9998])}
	 VALID :  {'MRR': 0.42889265716075897, 'hits@[1,3,10]': tensor([0.3408, 0.4692, 0.6001])}
	 TRAIN:  {'MRR': 0.9997369647026062, 'hits@[1,3,10]': tensor([0.9996, 0.9998, 1.0000])}
	 VALID :  {'MRR': 0.4339049458503723, 'hits@[1,3,10]': tensor([0.3461, 0.4759, 0.6045])}
	 TRAIN:  {'MRR': 0.9999246895313263, 'hits@[1,3,10]': tensor([0.9999, 1.0000, 1.0000])}
	 VALID :  {'MRR': 0.4355979859828949, 'hits@[1,3,10]': tensor([0.3475, 0.4773, 0.6062])}
	 TRAIN:  {'MRR': 0.9999651312828064, 'hits@[1,3,10]': tensor([0.9999, 1.0000, 1.0000])}
	 VALID :  {'MRR': 0.43664786219596863, 'hits@[1,3,10]': tensor([0.3484, 0.4790, 0.6072])}
	 TRAIN:  {'MRR': 0.9999753832817078, 'hits@[1,3,10]': tensor([1.0000, 1.0000, 1.0000])}
	 VALID :  {'MRR': 0.4385519474744797, 'hits@[1,3,10]': tensor([0.3504, 0.4813, 0.6086])}
	 TRAIN:  {'MRR': 0.9999814033508301, 'hits@[1,3,10]': tensor([1.0000, 1.0000, 1.0000])}
	 VALID :  {'MRR': 0.43911267817020416, 'hits@[1,3,10]': tensor([0.3507, 0.4828, 0.6076])}
	 TRAIN:  {'MRR': 0.9999666512012482, 'hits@[1,3,10]': tensor([1.0000, 1.0000, 1.0000])}
	 VALID :  {'MRR': 0.4391918331384659, 'hits@[1,3,10]': tensor([0.3513, 0.4823, 0.6105])}
	 TRAIN:  {'MRR': 0.999985009431839, 'hits@[1,3,10]': tensor([1.0000, 1.0000, 1.0000])}
	 VALID :  {'MRR': 0.44051870703697205, 'hits@[1,3,10]': tensor([0.3535, 0.4824, 0.6100])}
	 TRAIN:  {'MRR': 0.999985009431839, 'hits@[1,3,10]': tensor([1.0000, 1.0000, 1.0000])}
	 VALID :  {'MRR': 0.4399365931749344, 'hits@[1,3,10]': tensor([0.3523, 0.4826, 0.6103])}
	 TRAIN:  {'MRR': 0.9999799728393555, 'hits@[1,3,10]': tensor([1.0000, 1.0000, 1.0000])}
	 VALID :  {'MRR': 0.43980565667152405, 'hits@[1,3,10]': tensor([0.3520, 0.4828, 0.6096])}
	 TRAIN:  {'MRR': 1.0, 'hits@[1,3,10]': tensor([1., 1., 1.])}
	 VALID :  {'MRR': 0.4408726692199707, 'hits@[1,3,10]': tensor([0.3531, 0.4840, 0.6107])}
	 TRAIN:  {'MRR': 0.9999900460243225, 'hits@[1,3,10]': tensor([1.0000, 1.0000, 1.0000])}
	 VALID :  {'MRR': 0.4408308267593384, 'hits@[1,3,10]': tensor([0.3536, 0.4833, 0.6099])}
	 TRAIN:  {'MRR': 1.0, 'hits@[1,3,10]': tensor([1., 1., 1.])}
	 VALID :  {'MRR': 0.44104088842868805, 'hits@[1,3,10]': tensor([0.3538, 0.4839, 0.6097])}
	 TRAIN:  {'MRR': 0.9999800324440002, 'hits@[1,3,10]': tensor([1.0000, 1.0000, 1.0000])}
	 VALID :  {'MRR': 0.4408940225839615, 'hits@[1,3,10]': tensor([0.3537, 0.4842, 0.6096])}
	 TRAIN:  {'MRR': 0.9999900758266449, 'hits@[1,3,10]': tensor([1.0000, 1.0000, 1.0000])}
	 VALID :  {'MRR': 0.4414825886487961, 'hits@[1,3,10]': tensor([0.3543, 0.4838, 0.6109])}
	 TRAIN:  {'MRR': 1.0, 'hits@[1,3,10]': tensor([1., 1., 1.])}
	 VALID :  {'MRR': 0.4415229856967926, 'hits@[1,3,10]': tensor([0.3546, 0.4834, 0.6098])}
	 TRAIN:  {'MRR': 1.0, 'hits@[1,3,10]': tensor([1., 1., 1.])}
	 VALID :  {'MRR': 0.44190967082977295, 'hits@[1,3,10]': tensor([0.3553, 0.4834, 0.6095])}
	 TRAIN:  {'MRR': 0.9999899864196777, 'hits@[1,3,10]': tensor([1.0000, 1.0000, 1.0000])}
	 VALID :  {'MRR': 0.4418729394674301, 'hits@[1,3,10]': tensor([0.3551, 0.4837, 0.6104])}
	 TRAIN:  {'MRR': 0.9999899864196777, 'hits@[1,3,10]': tensor([1.0000, 1.0000, 1.0000])}
	 VALID :  {'MRR': 0.4418044239282608, 'hits@[1,3,10]': tensor([0.3552, 0.4836, 0.6092])}
	 TRAIN:  {'MRR': 0.9999901652336121, 'hits@[1,3,10]': tensor([1.0000, 1.0000, 1.0000])}
	 VALID :  {'MRR': 0.441291943192482, 'hits@[1,3,10]': tensor([0.3541, 0.4830, 0.6095])}
	 TRAIN:  {'MRR': 1.0, 'hits@[1,3,10]': tensor([1., 1., 1.])}
	 VALID :  {'MRR': 0.4415256828069687, 'hits@[1,3,10]': tensor([0.3544, 0.4844, 0.6110])}
	 TRAIN:  {'MRR': 0.9999900460243225, 'hits@[1,3,10]': tensor([1.0000, 1.0000, 1.0000])}
	 VALID :  {'MRR': 0.4411100596189499, 'hits@[1,3,10]': tensor([0.3534, 0.4834, 0.6117])}
	 TRAIN:  {'MRR': 1.0, 'hits@[1,3,10]': tensor([1., 1., 1.])}
	 VALID :  {'MRR': 0.4413004070520401, 'hits@[1,3,10]': tensor([0.3543, 0.4833, 0.6102])}
	 TRAIN:  {'MRR': 1.0, 'hits@[1,3,10]': tensor([1., 1., 1.])}
	 VALID :  {'MRR': 0.44119103252887726, 'hits@[1,3,10]': tensor([0.3537, 0.4838, 0.6094])}
	 TRAIN:  {'MRR': 1.0, 'hits@[1,3,10]': tensor([1., 1., 1.])}
	 VALID :  {'MRR': 0.441895455121994, 'hits@[1,3,10]': tensor([0.3548, 0.4842, 0.6092])}
	 TRAIN:  {'MRR': 1.0, 'hits@[1,3,10]': tensor([1., 1., 1.])}
	 VALID :  {'MRR': 0.4416870176792145, 'hits@[1,3,10]': tensor([0.3545, 0.4849, 0.6095])}
	 TRAIN:  {'MRR': 0.9999904334545135, 'hits@[1,3,10]': tensor([1.0000, 1.0000, 1.0000])}
	 VALID :  {'MRR': 0.4421926289796829, 'hits@[1,3,10]': tensor([0.3554, 0.4843, 0.6104])}
	 TRAIN:  {'MRR': 1.0, 'hits@[1,3,10]': tensor([1., 1., 1.])}
	 VALID :  {'MRR': 0.44174644351005554, 'hits@[1,3,10]': tensor([0.3544, 0.4844, 0.6108])}
	 TRAIN:  {'MRR': 1.0, 'hits@[1,3,10]': tensor([1., 1., 1.])}
	 VALID :  {'MRR': 0.44214804470539093, 'hits@[1,3,10]': tensor([0.3553, 0.4846, 0.6099])}
	 TRAIN:  {'MRR': 0.9999807476997375, 'hits@[1,3,10]': tensor([1.0000, 1.0000, 1.0000])}
	 VALID :  {'MRR': 0.44207559525966644, 'hits@[1,3,10]': tensor([0.3556, 0.4844, 0.6096])}
	 TRAIN:  {'MRR': 0.9999807178974152, 'hits@[1,3,10]': tensor([1.0000, 1.0000, 1.0000])}
	 VALID :  {'MRR': 0.44219911098480225, 'hits@[1,3,10]': tensor([0.3556, 0.4842, 0.6106])}
	 TRAIN:  {'MRR': 1.0, 'hits@[1,3,10]': tensor([1., 1., 1.])}
	 VALID :  {'MRR': 0.4422866255044937, 'hits@[1,3,10]': tensor([0.3557, 0.4828, 0.6104])}


TEST :  {'MRR': 0.44512026011943817, 'hits@[1,3,10]': tensor([0.3591, 0.4865, 0.6092])}
