{'batch_size': 1000,
 'checkpoint': None,
 'data_shape': (63361, 400, 63361),
 'dataset': 'NELL',
 'decay1': 0.9,
 'decay2': 0.999,
 'eval_only': False,
 'init': 0.001,
 'learning_rate': 0.1,
 'max_epochs': 100,
 'model': 'ComplEx',
 'model_save_schedule': 1000,
 'optimizer': 'Adagrad',
 'path': 'kbc/data/NELL',
 'rank': 1000,
 'reg': 0.5,
 'regularizer': 'N3',
 'valid': 3.0}
	 TRAIN:  {'MRR': 0.019052830524742603, 'hits@[1,3,10]': tensor([0.0061, 0.0149, 0.0367])}
	 VALID :  {'MRR': 0.011011741124093533, 'hits@[1,3,10]': tensor([0.0008, 0.0054, 0.0204])}
	 TRAIN:  {'MRR': 0.010606063064187765, 'hits@[1,3,10]': tensor([0.0026, 0.0066, 0.0210])}
	 VALID :  {'MRR': 0.005499522667378187, 'hits@[1,3,10]': tensor([0.0005, 0.0008, 0.0096])}
	 TRAIN:  {'MRR': 0.010336448904126883, 'hits@[1,3,10]': tensor([0.0032, 0.0062, 0.0175])}
	 VALID :  {'MRR': 0.004568569594994187, 'hits@[1,3,10]': tensor([0.0002, 0.0007, 0.0051])}
	 TRAIN:  {'MRR': 0.008739125914871693, 'hits@[1,3,10]': tensor([0.0027, 0.0062, 0.0161])}
	 VALID :  {'MRR': 0.0038350954419001937, 'hits@[1,3,10]': tensor([0.0004, 0.0008, 0.0055])}
	 TRAIN:  {'MRR': 0.008474702015519142, 'hits@[1,3,10]': tensor([0.0032, 0.0083, 0.0151])}
	 VALID :  {'MRR': 0.003448787610977888, 'hits@[1,3,10]': tensor([0.0002, 0.0017, 0.0063])}
	 TRAIN:  {'MRR': 0.006468597101047635, 'hits@[1,3,10]': tensor([0.0027, 0.0064, 0.0092])}
	 VALID :  {'MRR': 0.0028512224089354277, 'hits@[1,3,10]': tensor([0.0005, 0.0012, 0.0040])}
	 TRAIN:  {'MRR': 0.006381983635947108, 'hits@[1,3,10]': tensor([0.0030, 0.0063, 0.0082])}
	 VALID :  {'MRR': 0.002775121945887804, 'hits@[1,3,10]': tensor([0.0006, 0.0010, 0.0036])}
	 TRAIN:  {'MRR': 0.006003523012623191, 'hits@[1,3,10]': tensor([0.0026, 0.0062, 0.0078])}
	 VALID :  {'MRR': 0.0025440023746341467, 'hits@[1,3,10]': tensor([0.0006, 0.0010, 0.0033])}
	 TRAIN:  {'MRR': 0.006262942450121045, 'hits@[1,3,10]': tensor([0.0031, 0.0063, 0.0078])}
	 VALID :  {'MRR': 0.002503468655049801, 'hits@[1,3,10]': tensor([0.0005, 0.0012, 0.0027])}
	 TRAIN:  {'MRR': 0.005927025573328137, 'hits@[1,3,10]': tensor([0.0031, 0.0059, 0.0069])}
	 VALID :  {'MRR': 0.0023362610954791307, 'hits@[1,3,10]': tensor([0.0004, 0.0010, 0.0026])}
	 TRAIN:  {'MRR': 0.005918312119320035, 'hits@[1,3,10]': tensor([0.0028, 0.0063, 0.0077])}
	 VALID :  {'MRR': 0.002440256532281637, 'hits@[1,3,10]': tensor([0.0007, 0.0010, 0.0025])}
	 TRAIN:  {'MRR': 0.004790817620232701, 'hits@[1,3,10]': tensor([0.0019, 0.0039, 0.0074])}
	 VALID :  {'MRR': 0.0025189105654135346, 'hits@[1,3,10]': tensor([0.0008, 0.0011, 0.0029])}
	 TRAIN:  {'MRR': 0.004429658874869347, 'hits@[1,3,10]': tensor([0.0004, 0.0065, 0.0076])}
	 VALID :  {'MRR': 0.0022607705323025584, 'hits@[1,3,10]': tensor([0.0004, 0.0011, 0.0027])}
	 TRAIN:  {'MRR': 0.004179731942713261, 'hits@[1,3,10]': tensor([0.0002, 0.0064, 0.0074])}
	 VALID :  {'MRR': 0.0021182397613301873, 'hits@[1,3,10]': tensor([0.0003, 0.0010, 0.0027])}
	 TRAIN:  {'MRR': 0.003772065509110689, 'hits@[1,3,10]': tensor([0.0002, 0.0034, 0.0072])}
	 VALID :  {'MRR': 0.002104360028170049, 'hits@[1,3,10]': tensor([0.0003, 0.0008, 0.0025])}
	 TRAIN:  {'MRR': 0.0036995704285800457, 'hits@[1,3,10]': tensor([0.0003, 0.0036, 0.0071])}
	 VALID :  {'MRR': 0.0020651054801419377, 'hits@[1,3,10]': tensor([0.0003, 0.0007, 0.0025])}
	 TRAIN:  {'MRR': 0.003955238615162671, 'hits@[1,3,10]': tensor([0.0003, 0.0050, 0.0068])}
	 VALID :  {'MRR': 0.002006684895604849, 'hits@[1,3,10]': tensor([0.0003, 0.0009, 0.0022])}
	 TRAIN:  {'MRR': 0.0035588963655754924, 'hits@[1,3,10]': tensor([0.0002, 0.0035, 0.0071])}
	 VALID :  {'MRR': 0.0019845549250021577, 'hits@[1,3,10]': tensor([0.0002, 0.0007, 0.0024])}
	 TRAIN:  {'MRR': 0.003569828113541007, 'hits@[1,3,10]': tensor([0.0002, 0.0035, 0.0071])}
	 VALID :  {'MRR': 0.001919276313856244, 'hits@[1,3,10]': tensor([0.0003, 0.0006, 0.0021])}
	 TRAIN:  {'MRR': 0.0037658861838281155, 'hits@[1,3,10]': tensor([0.0001, 0.0035, 0.0074])}
	 VALID :  {'MRR': 0.0018792502814903855, 'hits@[1,3,10]': tensor([0.0002, 0.0006, 0.0025])}
	 TRAIN:  {'MRR': 0.0038815520238131285, 'hits@[1,3,10]': tensor([0.0001, 0.0057, 0.0068])}
	 VALID :  {'MRR': 0.0019585848785936832, 'hits@[1,3,10]': tensor([0.0003, 0.0010, 0.0019])}
	 TRAIN:  {'MRR': 0.0035523184342309833, 'hits@[1,3,10]': tensor([0.0001, 0.0035, 0.0066])}
	 VALID :  {'MRR': 0.0017679740558378398, 'hits@[1,3,10]': tensor([0.0001, 0.0007, 0.0018])}
	 TRAIN:  {'MRR': 0.0036083636805415154, 'hits@[1,3,10]': tensor([0.0003, 0.0037, 0.0065])}
	 VALID :  {'MRR': 0.0018832843634299934, 'hits@[1,3,10]': tensor([0.0003, 0.0008, 0.0015])}
	 TRAIN:  {'MRR': 0.0030275637982413173, 'hits@[1,3,10]': tensor([0.0002, 0.0036, 0.0064])}
	 VALID :  {'MRR': 0.0017668426153250039, 'hits@[1,3,10]': tensor([0.0002, 0.0006, 0.0016])}
	 TRAIN:  {'MRR': 0.002737981383688748, 'hits@[1,3,10]': tensor([0.0002, 0.0003, 0.0066])}
	 VALID :  {'MRR': 0.001613820728380233, 'hits@[1,3,10]': tensor([0.0002, 0.0003, 0.0013])}
	 TRAIN:  {'MRR': 0.002988819614984095, 'hits@[1,3,10]': tensor([0.0001, 0.0033, 0.0067])}
	 VALID :  {'MRR': 0.0016296813264489174, 'hits@[1,3,10]': tensor([0.0001, 0.0005, 0.0014])}
	 TRAIN:  {'MRR': 0.002953456132672727, 'hits@[1,3,10]': tensor([6.0000e-05, 3.0500e-03, 6.3600e-03])}
	 VALID :  {'MRR': 0.0016580277006141841, 'hits@[1,3,10]': tensor([0.0002, 0.0005, 0.0014])}
	 TRAIN:  {'MRR': 0.0029175434028729796, 'hits@[1,3,10]': tensor([1.0000e-04, 3.6200e-03, 6.7100e-03])}
	 VALID :  {'MRR': 0.0016106048715300858, 'hits@[1,3,10]': tensor([0.0002, 0.0005, 0.0014])}
	 TRAIN:  {'MRR': 0.0028075253358110785, 'hits@[1,3,10]': tensor([0.0001, 0.0035, 0.0062])}
	 VALID :  {'MRR': 0.0015660841017961502, 'hits@[1,3,10]': tensor([0.0002, 0.0004, 0.0012])}
	 TRAIN:  {'MRR': 0.002761281793937087, 'hits@[1,3,10]': tensor([7.0000e-05, 2.8500e-03, 6.4100e-03])}
	 VALID :  {'MRR': 0.0014921348774805665, 'hits@[1,3,10]': tensor([0.0001, 0.0003, 0.0012])}
	 TRAIN:  {'MRR': 0.002868113573640585, 'hits@[1,3,10]': tensor([6.0000e-05, 3.1300e-03, 6.2500e-03])}
	 VALID :  {'MRR': 0.0014941543340682983, 'hits@[1,3,10]': tensor([0.0001, 0.0003, 0.0012])}
	 TRAIN:  {'MRR': 0.002905392204411328, 'hits@[1,3,10]': tensor([0.0001, 0.0035, 0.0067])}
	 VALID :  {'MRR': 0.0014575854875147343, 'hits@[1,3,10]': tensor([0.0001, 0.0003, 0.0013])}
	 TRAIN:  {'MRR': 0.0027252722065895796, 'hits@[1,3,10]': tensor([1.0000e-04, 3.3400e-03, 6.1600e-03])}
	 VALID :  {'MRR': 0.0014548668987117708, 'hits@[1,3,10]': tensor([0.0001, 0.0003, 0.0012])}


TEST :  {'MRR': 0.0017131826607510448, 'hits@[1,3,10]': tensor([0.0002, 0.0007, 0.0015])}
