{'batch_size': 1000,
 'checkpoint': None,
 'data_shape': (63361, 400, 63361),
 'dataset': 'NELL',
 'decay1': 0.9,
 'decay2': 0.999,
 'eval_only': False,
 'init': 0.001,
 'learning_rate': 0.1,
 'max_epochs': 100,
 'model': 'ComplEx',
 'model_save_schedule': 1000,
 'optimizer': 'Adagrad',
 'path': 'kbc/data/NELL',
 'rank': 500,
 'reg': 0.1,
 'regularizer': 'N3',
 'valid': 3.0}
	 TRAIN:  {'MRR': 0.658034473657608, 'hits@[1,3,10]': tensor([0.5699, 0.7077, 0.8247])}
	 VALID :  {'MRR': 0.3999800384044647, 'hits@[1,3,10]': tensor([0.3081, 0.4430, 0.5753])}
	 TRAIN:  {'MRR': 0.8221526145935059, 'hits@[1,3,10]': tensor([0.7687, 0.8581, 0.9195])}
	 VALID :  {'MRR': 0.4413124769926071, 'hits@[1,3,10]': tensor([0.3485, 0.4871, 0.6191])}
	 TRAIN:  {'MRR': 0.8560810983181, 'hits@[1,3,10]': tensor([0.8116, 0.8851, 0.9358])}
	 VALID :  {'MRR': 0.44851262867450714, 'hits@[1,3,10]': tensor([0.3539, 0.4966, 0.6274])}
	 TRAIN:  {'MRR': 0.8742691278457642, 'hits@[1,3,10]': tensor([0.8341, 0.9025, 0.9446])}
	 VALID :  {'MRR': 0.45120464265346527, 'hits@[1,3,10]': tensor([0.3570, 0.4988, 0.6319])}
	 TRAIN:  {'MRR': 0.8829835653305054, 'hits@[1,3,10]': tensor([0.8459, 0.9086, 0.9478])}
	 VALID :  {'MRR': 0.45405012369155884, 'hits@[1,3,10]': tensor([0.3594, 0.5017, 0.6342])}
	 TRAIN:  {'MRR': 0.8905605375766754, 'hits@[1,3,10]': tensor([0.8574, 0.9129, 0.9493])}
	 VALID :  {'MRR': 0.45634426176548004, 'hits@[1,3,10]': tensor([0.3623, 0.5039, 0.6361])}
	 TRAIN:  {'MRR': 0.8957217335700989, 'hits@[1,3,10]': tensor([0.8643, 0.9161, 0.9523])}
	 VALID :  {'MRR': 0.4567558616399765, 'hits@[1,3,10]': tensor([0.3624, 0.5043, 0.6380])}
	 TRAIN:  {'MRR': 0.8995943963527679, 'hits@[1,3,10]': tensor([0.8694, 0.9195, 0.9540])}
	 VALID :  {'MRR': 0.4578748792409897, 'hits@[1,3,10]': tensor([0.3646, 0.5044, 0.6367])}
	 TRAIN:  {'MRR': 0.9022844135761261, 'hits@[1,3,10]': tensor([0.8720, 0.9233, 0.9555])}
	 VALID :  {'MRR': 0.457754448056221, 'hits@[1,3,10]': tensor([0.3618, 0.5088, 0.6392])}
	 TRAIN:  {'MRR': 0.9037168025970459, 'hits@[1,3,10]': tensor([0.8741, 0.9229, 0.9573])}
	 VALID :  {'MRR': 0.4577488303184509, 'hits@[1,3,10]': tensor([0.3634, 0.5053, 0.6396])}
	 TRAIN:  {'MRR': 0.9073815047740936, 'hits@[1,3,10]': tensor([0.8790, 0.9255, 0.9587])}
	 VALID :  {'MRR': 0.4606730192899704, 'hits@[1,3,10]': tensor([0.3675, 0.5071, 0.6404])}
	 TRAIN:  {'MRR': 0.9084713160991669, 'hits@[1,3,10]': tensor([0.8797, 0.9284, 0.9588])}
	 VALID :  {'MRR': 0.45989131927490234, 'hits@[1,3,10]': tensor([0.3656, 0.5072, 0.6414])}
	 TRAIN:  {'MRR': 0.9116199314594269, 'hits@[1,3,10]': tensor([0.8845, 0.9295, 0.9603])}
	 VALID :  {'MRR': 0.46155352890491486, 'hits@[1,3,10]': tensor([0.3670, 0.5096, 0.6409])}
	 TRAIN:  {'MRR': 0.9130350947380066, 'hits@[1,3,10]': tensor([0.8859, 0.9313, 0.9613])}
	 VALID :  {'MRR': 0.4610337167978287, 'hits@[1,3,10]': tensor([0.3669, 0.5088, 0.6413])}
	 TRAIN:  {'MRR': 0.9144757390022278, 'hits@[1,3,10]': tensor([0.8871, 0.9333, 0.9628])}
	 VALID :  {'MRR': 0.46087998151779175, 'hits@[1,3,10]': tensor([0.3658, 0.5094, 0.6424])}
	 TRAIN:  {'MRR': 0.9134422540664673, 'hits@[1,3,10]': tensor([0.8865, 0.9313, 0.9628])}
	 VALID :  {'MRR': 0.46144402027130127, 'hits@[1,3,10]': tensor([0.3670, 0.5097, 0.6424])}
	 TRAIN:  {'MRR': 0.9149613678455353, 'hits@[1,3,10]': tensor([0.8885, 0.9316, 0.9624])}
	 VALID :  {'MRR': 0.4619257003068924, 'hits@[1,3,10]': tensor([0.3680, 0.5091, 0.6430])}
	 TRAIN:  {'MRR': 0.917145311832428, 'hits@[1,3,10]': tensor([0.8915, 0.9338, 0.9636])}
	 VALID :  {'MRR': 0.4627157002687454, 'hits@[1,3,10]': tensor([0.3695, 0.5086, 0.6430])}
	 TRAIN:  {'MRR': 0.9188199937343597, 'hits@[1,3,10]': tensor([0.8931, 0.9358, 0.9652])}
	 VALID :  {'MRR': 0.46386122703552246, 'hits@[1,3,10]': tensor([0.3708, 0.5095, 0.6443])}
	 TRAIN:  {'MRR': 0.9177976846694946, 'hits@[1,3,10]': tensor([0.8918, 0.9356, 0.9647])}
	 VALID :  {'MRR': 0.46221210062503815, 'hits@[1,3,10]': tensor([0.3675, 0.5096, 0.6447])}
	 TRAIN:  {'MRR': 0.9199804961681366, 'hits@[1,3,10]': tensor([0.8949, 0.9362, 0.9654])}
	 VALID :  {'MRR': 0.46382875740528107, 'hits@[1,3,10]': tensor([0.3702, 0.5090, 0.6430])}
	 TRAIN:  {'MRR': 0.920829564332962, 'hits@[1,3,10]': tensor([0.8964, 0.9365, 0.9657])}
	 VALID :  {'MRR': 0.4641483724117279, 'hits@[1,3,10]': tensor([0.3712, 0.5097, 0.6434])}
	 TRAIN:  {'MRR': 0.9191904067993164, 'hits@[1,3,10]': tensor([0.8941, 0.9355, 0.9654])}
	 VALID :  {'MRR': 0.4631217271089554, 'hits@[1,3,10]': tensor([0.3693, 0.5098, 0.6452])}
	 TRAIN:  {'MRR': 0.9200367629528046, 'hits@[1,3,10]': tensor([0.8954, 0.9363, 0.9653])}
	 VALID :  {'MRR': 0.4643910527229309, 'hits@[1,3,10]': tensor([0.3707, 0.5117, 0.6439])}
	 TRAIN:  {'MRR': 0.9208388924598694, 'hits@[1,3,10]': tensor([0.8957, 0.9381, 0.9655])}
	 VALID :  {'MRR': 0.4649907648563385, 'hits@[1,3,10]': tensor([0.3709, 0.5124, 0.6447])}
	 TRAIN:  {'MRR': 0.9226547479629517, 'hits@[1,3,10]': tensor([0.8984, 0.9396, 0.9661])}
	 VALID :  {'MRR': 0.4627613127231598, 'hits@[1,3,10]': tensor([0.3680, 0.5112, 0.6443])}
	 TRAIN:  {'MRR': 0.9221805334091187, 'hits@[1,3,10]': tensor([0.8972, 0.9393, 0.9674])}
	 VALID :  {'MRR': 0.4641656130552292, 'hits@[1,3,10]': tensor([0.3701, 0.5109, 0.6458])}
	 TRAIN:  {'MRR': 0.9238626658916473, 'hits@[1,3,10]': tensor([0.8997, 0.9399, 0.9664])}
	 VALID :  {'MRR': 0.4643080532550812, 'hits@[1,3,10]': tensor([0.3704, 0.5114, 0.6447])}
	 TRAIN:  {'MRR': 0.9235149621963501, 'hits@[1,3,10]': tensor([0.8994, 0.9392, 0.9675])}
	 VALID :  {'MRR': 0.46381114423274994, 'hits@[1,3,10]': tensor([0.3696, 0.5121, 0.6447])}
	 TRAIN:  {'MRR': 0.924361914396286, 'hits@[1,3,10]': tensor([0.9004, 0.9402, 0.9678])}
	 VALID :  {'MRR': 0.464767724275589, 'hits@[1,3,10]': tensor([0.3713, 0.5122, 0.6444])}
	 TRAIN:  {'MRR': 0.9245474934577942, 'hits@[1,3,10]': tensor([0.9004, 0.9402, 0.9677])}
	 VALID :  {'MRR': 0.464241087436676, 'hits@[1,3,10]': tensor([0.3698, 0.5111, 0.6442])}
	 TRAIN:  {'MRR': 0.9234869480133057, 'hits@[1,3,10]': tensor([0.8996, 0.9397, 0.9669])}
	 VALID :  {'MRR': 0.4647238999605179, 'hits@[1,3,10]': tensor([0.3714, 0.5116, 0.6450])}
	 TRAIN:  {'MRR': 0.9234917163848877, 'hits@[1,3,10]': tensor([0.8993, 0.9393, 0.9676])}
	 VALID :  {'MRR': 0.4640657603740692, 'hits@[1,3,10]': tensor([0.3698, 0.5106, 0.6454])}


TEST :  {'MRR': 0.46413543820381165, 'hits@[1,3,10]': tensor([0.3699, 0.5120, 0.6430])}
