{'batch_size': 1000,
 'checkpoint': None,
 'data_shape': (63361, 400, 63361),
 'dataset': 'NELL',
 'decay1': 0.9,
 'decay2': 0.999,
 'eval_only': False,
 'init': 0.001,
 'learning_rate': 0.1,
 'max_epochs': 100,
 'model': 'ComplEx',
 'model_save_schedule': 1000,
 'optimizer': 'Adagrad',
 'path': 'kbc/data/NELL',
 'rank': 100,
 'reg': 0.01,
 'regularizer': 'N3',
 'valid': 3.0}
	 TRAIN:  {'MRR': 0.8058511912822723, 'hits@[1,3,10]': tensor([0.7409, 0.8489, 0.9246])}
	 VALID :  {'MRR': 0.38203540444374084, 'hits@[1,3,10]': tensor([0.2915, 0.4238, 0.5572])}
	 TRAIN:  {'MRR': 0.971937894821167, 'hits@[1,3,10]': tensor([0.9551, 0.9872, 0.9959])}
	 VALID :  {'MRR': 0.4158051759004593, 'hits@[1,3,10]': tensor([0.3259, 0.4584, 0.5886])}
	 TRAIN:  {'MRR': 0.9893302321434021, 'hits@[1,3,10]': tensor([0.9827, 0.9956, 0.9982])}
	 VALID :  {'MRR': 0.4257712811231613, 'hits@[1,3,10]': tensor([0.3372, 0.4684, 0.5952])}
	 TRAIN:  {'MRR': 0.9933288991451263, 'hits@[1,3,10]': tensor([0.9888, 0.9977, 0.9989])}
	 VALID :  {'MRR': 0.43022216856479645, 'hits@[1,3,10]': tensor([0.3423, 0.4740, 0.5983])}
	 TRAIN:  {'MRR': 0.9954071044921875, 'hits@[1,3,10]': tensor([0.9925, 0.9983, 0.9991])}
	 VALID :  {'MRR': 0.4327152967453003, 'hits@[1,3,10]': tensor([0.3448, 0.4765, 0.6003])}
	 TRAIN:  {'MRR': 0.9967317879199982, 'hits@[1,3,10]': tensor([0.9947, 0.9987, 0.9992])}
	 VALID :  {'MRR': 0.4341086447238922, 'hits@[1,3,10]': tensor([0.3462, 0.4775, 0.6006])}
	 TRAIN:  {'MRR': 0.9976687133312225, 'hits@[1,3,10]': tensor([0.9965, 0.9988, 0.9993])}
	 VALID :  {'MRR': 0.43515463173389435, 'hits@[1,3,10]': tensor([0.3474, 0.4781, 0.6025])}
	 TRAIN:  {'MRR': 0.9975955784320831, 'hits@[1,3,10]': tensor([0.9963, 0.9988, 0.9991])}
	 VALID :  {'MRR': 0.436556801199913, 'hits@[1,3,10]': tensor([0.3493, 0.4792, 0.6033])}
	 TRAIN:  {'MRR': 0.9981786906719208, 'hits@[1,3,10]': tensor([0.9973, 0.9990, 0.9994])}
	 VALID :  {'MRR': 0.4380478858947754, 'hits@[1,3,10]': tensor([0.3509, 0.4809, 0.6050])}
	 TRAIN:  {'MRR': 0.9979480504989624, 'hits@[1,3,10]': tensor([0.9969, 0.9988, 0.9993])}
	 VALID :  {'MRR': 0.4383140653371811, 'hits@[1,3,10]': tensor([0.3508, 0.4802, 0.6044])}
	 TRAIN:  {'MRR': 0.9985096454620361, 'hits@[1,3,10]': tensor([0.9978, 0.9991, 0.9994])}
	 VALID :  {'MRR': 0.43884439766407013, 'hits@[1,3,10]': tensor([0.3520, 0.4803, 0.6042])}
	 TRAIN:  {'MRR': 0.9985385239124298, 'hits@[1,3,10]': tensor([0.9979, 0.9991, 0.9994])}
	 VALID :  {'MRR': 0.4392893612384796, 'hits@[1,3,10]': tensor([0.3523, 0.4816, 0.6047])}
	 TRAIN:  {'MRR': 0.998603492975235, 'hits@[1,3,10]': tensor([0.9980, 0.9991, 0.9993])}
	 VALID :  {'MRR': 0.43986766040325165, 'hits@[1,3,10]': tensor([0.3530, 0.4818, 0.6062])}
	 TRAIN:  {'MRR': 0.9986085593700409, 'hits@[1,3,10]': tensor([0.9980, 0.9991, 0.9994])}
	 VALID :  {'MRR': 0.43982017040252686, 'hits@[1,3,10]': tensor([0.3527, 0.4815, 0.6053])}
	 TRAIN:  {'MRR': 0.9988599419593811, 'hits@[1,3,10]': tensor([0.9984, 0.9993, 0.9995])}
	 VALID :  {'MRR': 0.4404809772968292, 'hits@[1,3,10]': tensor([0.3536, 0.4815, 0.6063])}
	 TRAIN:  {'MRR': 0.9988338947296143, 'hits@[1,3,10]': tensor([0.9984, 0.9992, 0.9995])}
	 VALID :  {'MRR': 0.4410097002983093, 'hits@[1,3,10]': tensor([0.3546, 0.4817, 0.6074])}
	 TRAIN:  {'MRR': 0.9989252686500549, 'hits@[1,3,10]': tensor([0.9985, 0.9993, 0.9995])}
	 VALID :  {'MRR': 0.44122937321662903, 'hits@[1,3,10]': tensor([0.3545, 0.4829, 0.6060])}
	 TRAIN:  {'MRR': 0.998979926109314, 'hits@[1,3,10]': tensor([0.9985, 0.9994, 0.9996])}
	 VALID :  {'MRR': 0.44135434925556183, 'hits@[1,3,10]': tensor([0.3551, 0.4827, 0.6073])}
	 TRAIN:  {'MRR': 0.9990864098072052, 'hits@[1,3,10]': tensor([0.9987, 0.9994, 0.9996])}
	 VALID :  {'MRR': 0.44119812548160553, 'hits@[1,3,10]': tensor([0.3542, 0.4833, 0.6066])}
	 TRAIN:  {'MRR': 0.9990034401416779, 'hits@[1,3,10]': tensor([0.9987, 0.9993, 0.9994])}
	 VALID :  {'MRR': 0.441636860370636, 'hits@[1,3,10]': tensor([0.3551, 0.4834, 0.6074])}
	 TRAIN:  {'MRR': 0.9989317059516907, 'hits@[1,3,10]': tensor([0.9986, 0.9992, 0.9995])}
	 VALID :  {'MRR': 0.44222086668014526, 'hits@[1,3,10]': tensor([0.3562, 0.4838, 0.6063])}
	 TRAIN:  {'MRR': 0.9990591406822205, 'hits@[1,3,10]': tensor([0.9987, 0.9994, 0.9996])}
	 VALID :  {'MRR': 0.4417964667081833, 'hits@[1,3,10]': tensor([0.3550, 0.4837, 0.6077])}
	 TRAIN:  {'MRR': 0.9991149306297302, 'hits@[1,3,10]': tensor([0.9988, 0.9994, 0.9996])}
	 VALID :  {'MRR': 0.44183532893657684, 'hits@[1,3,10]': tensor([0.3550, 0.4846, 0.6071])}
	 TRAIN:  {'MRR': 0.9991218447685242, 'hits@[1,3,10]': tensor([0.9987, 0.9994, 0.9996])}
	 VALID :  {'MRR': 0.4424601346254349, 'hits@[1,3,10]': tensor([0.3565, 0.4840, 0.6067])}
	 TRAIN:  {'MRR': 0.9991598427295685, 'hits@[1,3,10]': tensor([0.9989, 0.9993, 0.9996])}
	 VALID :  {'MRR': 0.4425390213727951, 'hits@[1,3,10]': tensor([0.3559, 0.4847, 0.6066])}
	 TRAIN:  {'MRR': 0.9992722272872925, 'hits@[1,3,10]': tensor([0.9990, 0.9995, 0.9997])}
	 VALID :  {'MRR': 0.4424232691526413, 'hits@[1,3,10]': tensor([0.3561, 0.4845, 0.6074])}
	 TRAIN:  {'MRR': 0.9992142915725708, 'hits@[1,3,10]': tensor([0.9989, 0.9994, 0.9996])}
	 VALID :  {'MRR': 0.44245029985904694, 'hits@[1,3,10]': tensor([0.3563, 0.4844, 0.6067])}
	 TRAIN:  {'MRR': 0.9993399977684021, 'hits@[1,3,10]': tensor([0.9991, 0.9995, 0.9997])}
	 VALID :  {'MRR': 0.44299447536468506, 'hits@[1,3,10]': tensor([0.3568, 0.4842, 0.6076])}
	 TRAIN:  {'MRR': 0.9992055296897888, 'hits@[1,3,10]': tensor([0.9989, 0.9994, 0.9996])}
	 VALID :  {'MRR': 0.4425469636917114, 'hits@[1,3,10]': tensor([0.3559, 0.4853, 0.6068])}
	 TRAIN:  {'MRR': 0.9990189075469971, 'hits@[1,3,10]': tensor([0.9987, 0.9993, 0.9996])}
	 VALID :  {'MRR': 0.44300828874111176, 'hits@[1,3,10]': tensor([0.3569, 0.4854, 0.6059])}
	 TRAIN:  {'MRR': 0.9992159307003021, 'hits@[1,3,10]': tensor([0.9990, 0.9994, 0.9996])}
	 VALID :  {'MRR': 0.4424518197774887, 'hits@[1,3,10]': tensor([0.3557, 0.4852, 0.6064])}
	 TRAIN:  {'MRR': 0.9993400573730469, 'hits@[1,3,10]': tensor([0.9992, 0.9995, 0.9996])}
	 VALID :  {'MRR': 0.4432615637779236, 'hits@[1,3,10]': tensor([0.3572, 0.4861, 0.6073])}
	 TRAIN:  {'MRR': 0.9994610249996185, 'hits@[1,3,10]': tensor([0.9993, 0.9996, 0.9997])}
	 VALID :  {'MRR': 0.44298669695854187, 'hits@[1,3,10]': tensor([0.3566, 0.4859, 0.6076])}


TEST :  {'MRR': 0.4454803764820099, 'hits@[1,3,10]': tensor([0.3585, 0.4891, 0.6101])}
