{'batch_size': 1000,
 'checkpoint': None,
 'data_shape': (63361, 400, 63361),
 'dataset': 'NELL',
 'decay1': 0.9,
 'decay2': 0.999,
 'eval_only': False,
 'init': 0.001,
 'learning_rate': 0.1,
 'max_epochs': 100,
 'model': 'ComplEx',
 'model_save_schedule': 1000,
 'optimizer': 'Adagrad',
 'path': 'kbc/data/NELL',
 'rank': 100,
 'reg': 0.05,
 'regularizer': 'N3',
 'valid': 3.0}
	 TRAIN:  {'MRR': 0.49334578216075897, 'hits@[1,3,10]': tensor([0.4017, 0.5336, 0.6720])}
	 VALID :  {'MRR': 0.34275081753730774, 'hits@[1,3,10]': tensor([0.2571, 0.3790, 0.5100])}
	 TRAIN:  {'MRR': 0.8385100364685059, 'hits@[1,3,10]': tensor([0.7841, 0.8760, 0.9371])}
	 VALID :  {'MRR': 0.4251776188611984, 'hits@[1,3,10]': tensor([0.3347, 0.4684, 0.5990])}
	 TRAIN:  {'MRR': 0.8968955278396606, 'hits@[1,3,10]': tensor([0.8622, 0.9219, 0.9571])}
	 VALID :  {'MRR': 0.4385391026735306, 'hits@[1,3,10]': tensor([0.3486, 0.4822, 0.6107])}
	 TRAIN:  {'MRR': 0.9187382161617279, 'hits@[1,3,10]': tensor([0.8904, 0.9395, 0.9685])}
	 VALID :  {'MRR': 0.4427419900894165, 'hits@[1,3,10]': tensor([0.3508, 0.4895, 0.6181])}
	 TRAIN:  {'MRR': 0.929220974445343, 'hits@[1,3,10]': tensor([0.9015, 0.9504, 0.9752])}
	 VALID :  {'MRR': 0.4450446367263794, 'hits@[1,3,10]': tensor([0.3536, 0.4899, 0.6192])}
	 TRAIN:  {'MRR': 0.9382619559764862, 'hits@[1,3,10]': tensor([0.9138, 0.9563, 0.9788])}
	 VALID :  {'MRR': 0.44650162756443024, 'hits@[1,3,10]': tensor([0.3551, 0.4919, 0.6216])}
	 TRAIN:  {'MRR': 0.9470961093902588, 'hits@[1,3,10]': tensor([0.9251, 0.9647, 0.9826])}
	 VALID :  {'MRR': 0.44885966181755066, 'hits@[1,3,10]': tensor([0.3578, 0.4944, 0.6223])}
	 TRAIN:  {'MRR': 0.951810896396637, 'hits@[1,3,10]': tensor([0.9313, 0.9687, 0.9846])}
	 VALID :  {'MRR': 0.4480515122413635, 'hits@[1,3,10]': tensor([0.3566, 0.4940, 0.6237])}
	 TRAIN:  {'MRR': 0.955106794834137, 'hits@[1,3,10]': tensor([0.9358, 0.9706, 0.9860])}
	 VALID :  {'MRR': 0.4488806575536728, 'hits@[1,3,10]': tensor([0.3578, 0.4938, 0.6230])}
	 TRAIN:  {'MRR': 0.9564316272735596, 'hits@[1,3,10]': tensor([0.9373, 0.9717, 0.9870])}
	 VALID :  {'MRR': 0.44959965348243713, 'hits@[1,3,10]': tensor([0.3586, 0.4948, 0.6243])}
	 TRAIN:  {'MRR': 0.9608493149280548, 'hits@[1,3,10]': tensor([0.9431, 0.9753, 0.9881])}
	 VALID :  {'MRR': 0.451132208108902, 'hits@[1,3,10]': tensor([0.3595, 0.4976, 0.6258])}
	 TRAIN:  {'MRR': 0.9630866348743439, 'hits@[1,3,10]': tensor([0.9464, 0.9763, 0.9890])}
	 VALID :  {'MRR': 0.45040611922740936, 'hits@[1,3,10]': tensor([0.3591, 0.4962, 0.6247])}
	 TRAIN:  {'MRR': 0.9641695618629456, 'hits@[1,3,10]': tensor([0.9486, 0.9767, 0.9885])}
	 VALID :  {'MRR': 0.4504247307777405, 'hits@[1,3,10]': tensor([0.3585, 0.4965, 0.6251])}
	 TRAIN:  {'MRR': 0.9666708409786224, 'hits@[1,3,10]': tensor([0.9517, 0.9788, 0.9896])}
	 VALID :  {'MRR': 0.45115017890930176, 'hits@[1,3,10]': tensor([0.3600, 0.4964, 0.6258])}
	 TRAIN:  {'MRR': 0.9678740501403809, 'hits@[1,3,10]': tensor([0.9533, 0.9797, 0.9902])}
	 VALID :  {'MRR': 0.45158669352531433, 'hits@[1,3,10]': tensor([0.3606, 0.4972, 0.6255])}
	 TRAIN:  {'MRR': 0.9682519733905792, 'hits@[1,3,10]': tensor([0.9537, 0.9803, 0.9905])}
	 VALID :  {'MRR': 0.4514685869216919, 'hits@[1,3,10]': tensor([0.3595, 0.4991, 0.6268])}
	 TRAIN:  {'MRR': 0.9693459272384644, 'hits@[1,3,10]': tensor([0.9555, 0.9809, 0.9911])}
	 VALID :  {'MRR': 0.4513147324323654, 'hits@[1,3,10]': tensor([0.3595, 0.4983, 0.6267])}
	 TRAIN:  {'MRR': 0.9709238708019257, 'hits@[1,3,10]': tensor([0.9578, 0.9817, 0.9913])}
	 VALID :  {'MRR': 0.4517149180173874, 'hits@[1,3,10]': tensor([0.3600, 0.4990, 0.6265])}
	 TRAIN:  {'MRR': 0.9727069735527039, 'hits@[1,3,10]': tensor([0.9603, 0.9831, 0.9919])}
	 VALID :  {'MRR': 0.45237620174884796, 'hits@[1,3,10]': tensor([0.3609, 0.4988, 0.6271])}
	 TRAIN:  {'MRR': 0.9727498590946198, 'hits@[1,3,10]': tensor([0.9604, 0.9832, 0.9915])}
	 VALID :  {'MRR': 0.452201172709465, 'hits@[1,3,10]': tensor([0.3604, 0.4988, 0.6267])}
	 TRAIN:  {'MRR': 0.972268670797348, 'hits@[1,3,10]': tensor([0.9598, 0.9826, 0.9917])}
	 VALID :  {'MRR': 0.45323388278484344, 'hits@[1,3,10]': tensor([0.3627, 0.4991, 0.6283])}
	 TRAIN:  {'MRR': 0.9736950695514679, 'hits@[1,3,10]': tensor([0.9618, 0.9832, 0.9923])}
	 VALID :  {'MRR': 0.45289573073387146, 'hits@[1,3,10]': tensor([0.3619, 0.4993, 0.6278])}
	 TRAIN:  {'MRR': 0.9739926755428314, 'hits@[1,3,10]': tensor([0.9620, 0.9840, 0.9925])}
	 VALID :  {'MRR': 0.4525572806596756, 'hits@[1,3,10]': tensor([0.3611, 0.4993, 0.6285])}
	 TRAIN:  {'MRR': 0.9750304222106934, 'hits@[1,3,10]': tensor([0.9639, 0.9843, 0.9925])}
	 VALID :  {'MRR': 0.4532693773508072, 'hits@[1,3,10]': tensor([0.3616, 0.5004, 0.6291])}
	 TRAIN:  {'MRR': 0.9753798246383667, 'hits@[1,3,10]': tensor([0.9642, 0.9848, 0.9925])}
	 VALID :  {'MRR': 0.4532392770051956, 'hits@[1,3,10]': tensor([0.3614, 0.5008, 0.6287])}
	 TRAIN:  {'MRR': 0.9761554300785065, 'hits@[1,3,10]': tensor([0.9657, 0.9845, 0.9924])}
	 VALID :  {'MRR': 0.4535476565361023, 'hits@[1,3,10]': tensor([0.3619, 0.5002, 0.6291])}
	 TRAIN:  {'MRR': 0.9769718945026398, 'hits@[1,3,10]': tensor([0.9667, 0.9855, 0.9929])}
	 VALID :  {'MRR': 0.4528795927762985, 'hits@[1,3,10]': tensor([0.3609, 0.4991, 0.6301])}
	 TRAIN:  {'MRR': 0.9767329692840576, 'hits@[1,3,10]': tensor([0.9664, 0.9853, 0.9930])}
	 VALID :  {'MRR': 0.4535711109638214, 'hits@[1,3,10]': tensor([0.3617, 0.5002, 0.6292])}
	 TRAIN:  {'MRR': 0.9768736064434052, 'hits@[1,3,10]': tensor([0.9665, 0.9853, 0.9932])}
	 VALID :  {'MRR': 0.4533451944589615, 'hits@[1,3,10]': tensor([0.3612, 0.5000, 0.6300])}
	 TRAIN:  {'MRR': 0.9775158762931824, 'hits@[1,3,10]': tensor([0.9673, 0.9859, 0.9931])}
	 VALID :  {'MRR': 0.45364856719970703, 'hits@[1,3,10]': tensor([0.3617, 0.5005, 0.6303])}
	 TRAIN:  {'MRR': 0.977720320224762, 'hits@[1,3,10]': tensor([0.9678, 0.9859, 0.9934])}
	 VALID :  {'MRR': 0.4542038142681122, 'hits@[1,3,10]': tensor([0.3626, 0.5005, 0.6300])}
	 TRAIN:  {'MRR': 0.9781862795352936, 'hits@[1,3,10]': tensor([0.9684, 0.9861, 0.9934])}
	 VALID :  {'MRR': 0.4543036222457886, 'hits@[1,3,10]': tensor([0.3624, 0.5012, 0.6306])}
	 TRAIN:  {'MRR': 0.9778451323509216, 'hits@[1,3,10]': tensor([0.9679, 0.9860, 0.9932])}
	 VALID :  {'MRR': 0.4537472128868103, 'hits@[1,3,10]': tensor([0.3612, 0.5010, 0.6313])}


TEST :  {'MRR': 0.45622068643569946, 'hits@[1,3,10]': tensor([0.3649, 0.5047, 0.6279])}
