{'batch_size': 1000,
 'checkpoint': None,
 'data_shape': (63361, 400, 63361),
 'dataset': 'NELL',
 'decay1': 0.9,
 'decay2': 0.999,
 'eval_only': False,
 'init': 0.001,
 'learning_rate': 0.1,
 'max_epochs': 100,
 'model': 'ComplEx',
 'model_save_schedule': 1000,
 'optimizer': 'Adagrad',
 'path': 'kbc/data/NELL',
 'rank': 200,
 'reg': 0.1,
 'regularizer': 'N3',
 'valid': 3.0}
	 TRAIN:  {'MRR': 0.464714914560318, 'hits@[1,3,10]': tensor([0.3712, 0.5049, 0.6458])}
	 VALID :  {'MRR': 0.34639492630958557, 'hits@[1,3,10]': tensor([0.2602, 0.3814, 0.5140])}
	 TRAIN:  {'MRR': 0.7722226977348328, 'hits@[1,3,10]': tensor([0.7066, 0.8135, 0.8938])}
	 VALID :  {'MRR': 0.4273267090320587, 'hits@[1,3,10]': tensor([0.3353, 0.4711, 0.6053])}
	 TRAIN:  {'MRR': 0.8283721208572388, 'hits@[1,3,10]': tensor([0.7767, 0.8637, 0.9215])}
	 VALID :  {'MRR': 0.43986770510673523, 'hits@[1,3,10]': tensor([0.3473, 0.4850, 0.6184])}
	 TRAIN:  {'MRR': 0.852583259344101, 'hits@[1,3,10]': tensor([0.8076, 0.8829, 0.9333])}
	 VALID :  {'MRR': 0.44395244121551514, 'hits@[1,3,10]': tensor([0.3514, 0.4894, 0.6233])}
	 TRAIN:  {'MRR': 0.8635342717170715, 'hits@[1,3,10]': tensor([0.8223, 0.8911, 0.9377])}
	 VALID :  {'MRR': 0.4478551745414734, 'hits@[1,3,10]': tensor([0.3557, 0.4942, 0.6256])}
	 TRAIN:  {'MRR': 0.8729856312274933, 'hits@[1,3,10]': tensor([0.8346, 0.8991, 0.9414])}
	 VALID :  {'MRR': 0.447878435254097, 'hits@[1,3,10]': tensor([0.3544, 0.4954, 0.6282])}
	 TRAIN:  {'MRR': 0.8779584169387817, 'hits@[1,3,10]': tensor([0.8415, 0.9021, 0.9434])}
	 VALID :  {'MRR': 0.45145152509212494, 'hits@[1,3,10]': tensor([0.3596, 0.4966, 0.6295])}
	 TRAIN:  {'MRR': 0.8839239776134491, 'hits@[1,3,10]': tensor([0.8492, 0.9069, 0.9463])}
	 VALID :  {'MRR': 0.45149916410446167, 'hits@[1,3,10]': tensor([0.3589, 0.4974, 0.6303])}
	 TRAIN:  {'MRR': 0.887617290019989, 'hits@[1,3,10]': tensor([0.8539, 0.9098, 0.9477])}
	 VALID :  {'MRR': 0.4533116966485977, 'hits@[1,3,10]': tensor([0.3611, 0.4992, 0.6302])}
	 TRAIN:  {'MRR': 0.8891923427581787, 'hits@[1,3,10]': tensor([0.8560, 0.9117, 0.9485])}
	 VALID :  {'MRR': 0.45438556373119354, 'hits@[1,3,10]': tensor([0.3617, 0.5002, 0.6316])}
	 TRAIN:  {'MRR': 0.8948242664337158, 'hits@[1,3,10]': tensor([0.8639, 0.9149, 0.9505])}
	 VALID :  {'MRR': 0.45512664318084717, 'hits@[1,3,10]': tensor([0.3627, 0.5016, 0.6324])}
	 TRAIN:  {'MRR': 0.8951963484287262, 'hits@[1,3,10]': tensor([0.8636, 0.9160, 0.9517])}
	 VALID :  {'MRR': 0.454490527510643, 'hits@[1,3,10]': tensor([0.3616, 0.5013, 0.6340])}
	 TRAIN:  {'MRR': 0.8964011669158936, 'hits@[1,3,10]': tensor([0.8653, 0.9169, 0.9522])}
	 VALID :  {'MRR': 0.4550929367542267, 'hits@[1,3,10]': tensor([0.3623, 0.5008, 0.6348])}
	 TRAIN:  {'MRR': 0.8989998400211334, 'hits@[1,3,10]': tensor([0.8684, 0.9188, 0.9534])}
	 VALID :  {'MRR': 0.45622941851615906, 'hits@[1,3,10]': tensor([0.3644, 0.5012, 0.6348])}
	 TRAIN:  {'MRR': 0.9003605246543884, 'hits@[1,3,10]': tensor([0.8702, 0.9206, 0.9549])}
	 VALID :  {'MRR': 0.45650914311408997, 'hits@[1,3,10]': tensor([0.3642, 0.5011, 0.6358])}
	 TRAIN:  {'MRR': 0.9008533358573914, 'hits@[1,3,10]': tensor([0.8706, 0.9206, 0.9550])}
	 VALID :  {'MRR': 0.45712509751319885, 'hits@[1,3,10]': tensor([0.3653, 0.5024, 0.6359])}
	 TRAIN:  {'MRR': 0.9035624265670776, 'hits@[1,3,10]': tensor([0.8742, 0.9229, 0.9561])}
	 VALID :  {'MRR': 0.4567834138870239, 'hits@[1,3,10]': tensor([0.3642, 0.5020, 0.6355])}
	 TRAIN:  {'MRR': 0.905465692281723, 'hits@[1,3,10]': tensor([0.8769, 0.9235, 0.9572])}
	 VALID :  {'MRR': 0.4573759138584137, 'hits@[1,3,10]': tensor([0.3644, 0.5040, 0.6362])}
	 TRAIN:  {'MRR': 0.9058891236782074, 'hits@[1,3,10]': tensor([0.8773, 0.9244, 0.9578])}
	 VALID :  {'MRR': 0.45858410000801086, 'hits@[1,3,10]': tensor([0.3669, 0.5036, 0.6371])}
	 TRAIN:  {'MRR': 0.9046531319618225, 'hits@[1,3,10]': tensor([0.8764, 0.9231, 0.9568])}
	 VALID :  {'MRR': 0.45792974531650543, 'hits@[1,3,10]': tensor([0.3649, 0.5039, 0.6363])}
	 TRAIN:  {'MRR': 0.9067918062210083, 'hits@[1,3,10]': tensor([0.8784, 0.9263, 0.9578])}
	 VALID :  {'MRR': 0.45855310559272766, 'hits@[1,3,10]': tensor([0.3670, 0.5035, 0.6368])}
	 TRAIN:  {'MRR': 0.9074014723300934, 'hits@[1,3,10]': tensor([0.8791, 0.9261, 0.9586])}
	 VALID :  {'MRR': 0.45896683633327484, 'hits@[1,3,10]': tensor([0.3663, 0.5043, 0.6380])}
	 TRAIN:  {'MRR': 0.9070007801055908, 'hits@[1,3,10]': tensor([0.8790, 0.9254, 0.9578])}
	 VALID :  {'MRR': 0.4591224491596222, 'hits@[1,3,10]': tensor([0.3664, 0.5058, 0.6367])}
	 TRAIN:  {'MRR': 0.9080434441566467, 'hits@[1,3,10]': tensor([0.8794, 0.9273, 0.9592])}
	 VALID :  {'MRR': 0.45884256064891815, 'hits@[1,3,10]': tensor([0.3663, 0.5045, 0.6386])}
	 TRAIN:  {'MRR': 0.9114302098751068, 'hits@[1,3,10]': tensor([0.8845, 0.9283, 0.9607])}
	 VALID :  {'MRR': 0.45952773094177246, 'hits@[1,3,10]': tensor([0.3676, 0.5039, 0.6374])}
	 TRAIN:  {'MRR': 0.9100722372531891, 'hits@[1,3,10]': tensor([0.8821, 0.9282, 0.9600])}
	 VALID :  {'MRR': 0.45921848714351654, 'hits@[1,3,10]': tensor([0.3668, 0.5046, 0.6386])}
	 TRAIN:  {'MRR': 0.9094472229480743, 'hits@[1,3,10]': tensor([0.8816, 0.9279, 0.9597])}
	 VALID :  {'MRR': 0.4590681791305542, 'hits@[1,3,10]': tensor([0.3662, 0.5052, 0.6388])}
	 TRAIN:  {'MRR': 0.9118319451808929, 'hits@[1,3,10]': tensor([0.8852, 0.9288, 0.9604])}
	 VALID :  {'MRR': 0.4599596858024597, 'hits@[1,3,10]': tensor([0.3676, 0.5071, 0.6385])}
	 TRAIN:  {'MRR': 0.911730021238327, 'hits@[1,3,10]': tensor([0.8843, 0.9299, 0.9608])}
	 VALID :  {'MRR': 0.4596605598926544, 'hits@[1,3,10]': tensor([0.3668, 0.5048, 0.6390])}
	 TRAIN:  {'MRR': 0.912195235490799, 'hits@[1,3,10]': tensor([0.8853, 0.9302, 0.9600])}
	 VALID :  {'MRR': 0.4602962136268616, 'hits@[1,3,10]': tensor([0.3683, 0.5051, 0.6396])}
	 TRAIN:  {'MRR': 0.9138801395893097, 'hits@[1,3,10]': tensor([0.8875, 0.9309, 0.9616])}
	 VALID :  {'MRR': 0.4607081115245819, 'hits@[1,3,10]': tensor([0.3688, 0.5058, 0.6392])}
	 TRAIN:  {'MRR': 0.9134794473648071, 'hits@[1,3,10]': tensor([0.8868, 0.9312, 0.9613])}
	 VALID :  {'MRR': 0.4610188454389572, 'hits@[1,3,10]': tensor([0.3692, 0.5060, 0.6392])}
	 TRAIN:  {'MRR': 0.9139610826969147, 'hits@[1,3,10]': tensor([0.8870, 0.9321, 0.9621])}
	 VALID :  {'MRR': 0.46069929003715515, 'hits@[1,3,10]': tensor([0.3688, 0.5065, 0.6389])}


TEST :  {'MRR': 0.46036094427108765, 'hits@[1,3,10]': tensor([0.3682, 0.5043, 0.6382])}
