{'batch_size': 1000,
 'checkpoint': None,
 'data_shape': (63361, 400, 63361),
 'dataset': 'NELL',
 'decay1': 0.9,
 'decay2': 0.999,
 'eval_only': False,
 'init': 0.001,
 'learning_rate': 0.1,
 'max_epochs': 100,
 'model': 'ComplEx',
 'model_save_schedule': 1000,
 'optimizer': 'Adagrad',
 'path': 'kbc/data/NELL',
 'rank': 500,
 'reg': 0.001,
 'regularizer': 'N3',
 'valid': 3.0}
	 TRAIN:  {'MRR': 0.9332783222198486, 'hits@[1,3,10]': tensor([0.8956, 0.9667, 0.9913])}
	 VALID :  {'MRR': 0.4175144284963608, 'hits@[1,3,10]': tensor([0.3248, 0.4616, 0.5978])}
	 TRAIN:  {'MRR': 0.9987655878067017, 'hits@[1,3,10]': tensor([0.9978, 0.9997, 0.9998])}
	 VALID :  {'MRR': 0.44294673204421997, 'hits@[1,3,10]': tensor([0.3538, 0.4854, 0.6174])}
	 TRAIN:  {'MRR': 0.9997042715549469, 'hits@[1,3,10]': tensor([0.9995, 0.9999, 0.9999])}
	 VALID :  {'MRR': 0.4501362144947052, 'hits@[1,3,10]': tensor([0.3616, 0.4926, 0.6238])}
	 TRAIN:  {'MRR': 0.999890923500061, 'hits@[1,3,10]': tensor([0.9999, 0.9999, 0.9999])}
	 VALID :  {'MRR': 0.4505775272846222, 'hits@[1,3,10]': tensor([0.3614, 0.4934, 0.6241])}
	 TRAIN:  {'MRR': 0.9998950064182281, 'hits@[1,3,10]': tensor([0.9998, 0.9999, 1.0000])}
	 VALID :  {'MRR': 0.4533379077911377, 'hits@[1,3,10]': tensor([0.3647, 0.4949, 0.6257])}
	 TRAIN:  {'MRR': 0.9999368488788605, 'hits@[1,3,10]': tensor([0.9999, 0.9999, 1.0000])}
	 VALID :  {'MRR': 0.45415402948856354, 'hits@[1,3,10]': tensor([0.3655, 0.4965, 0.6270])}
	 TRAIN:  {'MRR': 0.999990850687027, 'hits@[1,3,10]': tensor([1.0000, 1.0000, 1.0000])}
	 VALID :  {'MRR': 0.45451830327510834, 'hits@[1,3,10]': tensor([0.3658, 0.4964, 0.6271])}
	 TRAIN:  {'MRR': 0.9999603927135468, 'hits@[1,3,10]': tensor([0.9999, 1.0000, 1.0000])}
	 VALID :  {'MRR': 0.4564170688390732, 'hits@[1,3,10]': tensor([0.3683, 0.4989, 0.6269])}
	 TRAIN:  {'MRR': 0.9999838471412659, 'hits@[1,3,10]': tensor([1.0000, 1.0000, 1.0000])}
	 VALID :  {'MRR': 0.4560852348804474, 'hits@[1,3,10]': tensor([0.3684, 0.4985, 0.6278])}
	 TRAIN:  {'MRR': 0.9999900758266449, 'hits@[1,3,10]': tensor([1.0000, 1.0000, 1.0000])}
	 VALID :  {'MRR': 0.4571109563112259, 'hits@[1,3,10]': tensor([0.3691, 0.4991, 0.6277])}
	 TRAIN:  {'MRR': 0.9999901056289673, 'hits@[1,3,10]': tensor([1.0000, 1.0000, 1.0000])}
	 VALID :  {'MRR': 0.4564994275569916, 'hits@[1,3,10]': tensor([0.3681, 0.4980, 0.6290])}
	 TRAIN:  {'MRR': 0.9999826550483704, 'hits@[1,3,10]': tensor([1.0000, 1.0000, 1.0000])}
	 VALID :  {'MRR': 0.45715995132923126, 'hits@[1,3,10]': tensor([0.3687, 0.4999, 0.6277])}
	 TRAIN:  {'MRR': 0.9999801814556122, 'hits@[1,3,10]': tensor([1.0000, 1.0000, 1.0000])}
	 VALID :  {'MRR': 0.4578065723180771, 'hits@[1,3,10]': tensor([0.3704, 0.5001, 0.6294])}
	 TRAIN:  {'MRR': 0.9999802708625793, 'hits@[1,3,10]': tensor([1.0000, 1.0000, 1.0000])}
	 VALID :  {'MRR': 0.45723681151866913, 'hits@[1,3,10]': tensor([0.3692, 0.4981, 0.6280])}
	 TRAIN:  {'MRR': 1.0, 'hits@[1,3,10]': tensor([1., 1., 1.])}
	 VALID :  {'MRR': 0.4570053070783615, 'hits@[1,3,10]': tensor([0.3684, 0.4990, 0.6271])}
	 TRAIN:  {'MRR': 1.0, 'hits@[1,3,10]': tensor([1., 1., 1.])}
	 VALID :  {'MRR': 0.457761213183403, 'hits@[1,3,10]': tensor([0.3691, 0.5003, 0.6292])}
	 TRAIN:  {'MRR': 1.0, 'hits@[1,3,10]': tensor([1., 1., 1.])}
	 VALID :  {'MRR': 0.4581061601638794, 'hits@[1,3,10]': tensor([0.3698, 0.5004, 0.6275])}
	 TRAIN:  {'MRR': 0.999991238117218, 'hits@[1,3,10]': tensor([1.0000, 1.0000, 1.0000])}
	 VALID :  {'MRR': 0.458334356546402, 'hits@[1,3,10]': tensor([0.3704, 0.5003, 0.6294])}
	 TRAIN:  {'MRR': 1.0, 'hits@[1,3,10]': tensor([1., 1., 1.])}
	 VALID :  {'MRR': 0.45867039263248444, 'hits@[1,3,10]': tensor([0.3708, 0.5006, 0.6283])}
	 TRAIN:  {'MRR': 1.0, 'hits@[1,3,10]': tensor([1., 1., 1.])}
	 VALID :  {'MRR': 0.4577700048685074, 'hits@[1,3,10]': tensor([0.3695, 0.4990, 0.6273])}
	 TRAIN:  {'MRR': 1.0, 'hits@[1,3,10]': tensor([1., 1., 1.])}
	 VALID :  {'MRR': 0.4581024497747421, 'hits@[1,3,10]': tensor([0.3699, 0.5009, 0.6271])}
	 TRAIN:  {'MRR': 0.999982476234436, 'hits@[1,3,10]': tensor([1.0000, 1.0000, 1.0000])}
	 VALID :  {'MRR': 0.4580393582582474, 'hits@[1,3,10]': tensor([0.3698, 0.5007, 0.6281])}
	 TRAIN:  {'MRR': 0.9999924898147583, 'hits@[1,3,10]': tensor([1.0000, 1.0000, 1.0000])}
	 VALID :  {'MRR': 0.458292692899704, 'hits@[1,3,10]': tensor([0.3700, 0.5006, 0.6274])}
	 TRAIN:  {'MRR': 0.9999899864196777, 'hits@[1,3,10]': tensor([1.0000, 1.0000, 1.0000])}
	 VALID :  {'MRR': 0.4578798711299896, 'hits@[1,3,10]': tensor([0.3695, 0.4998, 0.6287])}
	 TRAIN:  {'MRR': 0.9999949932098389, 'hits@[1,3,10]': tensor([1.0000, 1.0000, 1.0000])}
	 VALID :  {'MRR': 0.45798563957214355, 'hits@[1,3,10]': tensor([0.3694, 0.5001, 0.6279])}
	 TRAIN:  {'MRR': 1.0, 'hits@[1,3,10]': tensor([1., 1., 1.])}
	 VALID :  {'MRR': 0.45834165811538696, 'hits@[1,3,10]': tensor([0.3700, 0.5012, 0.6279])}
	 TRAIN:  {'MRR': 0.9999899864196777, 'hits@[1,3,10]': tensor([1.0000, 1.0000, 1.0000])}
	 VALID :  {'MRR': 0.4577324092388153, 'hits@[1,3,10]': tensor([0.3691, 0.5001, 0.6280])}
	 TRAIN:  {'MRR': 0.9999949932098389, 'hits@[1,3,10]': tensor([1.0000, 1.0000, 1.0000])}
	 VALID :  {'MRR': 0.45783303678035736, 'hits@[1,3,10]': tensor([0.3698, 0.4987, 0.6286])}
	 TRAIN:  {'MRR': 1.0, 'hits@[1,3,10]': tensor([1., 1., 1.])}
	 VALID :  {'MRR': 0.4580482840538025, 'hits@[1,3,10]': tensor([0.3701, 0.5002, 0.6274])}
	 TRAIN:  {'MRR': 1.0, 'hits@[1,3,10]': tensor([1., 1., 1.])}
	 VALID :  {'MRR': 0.4579925984144211, 'hits@[1,3,10]': tensor([0.3703, 0.4996, 0.6273])}
	 TRAIN:  {'MRR': 0.9999899864196777, 'hits@[1,3,10]': tensor([1.0000, 1.0000, 1.0000])}
	 VALID :  {'MRR': 0.4582298696041107, 'hits@[1,3,10]': tensor([0.3698, 0.5015, 0.6277])}
	 TRAIN:  {'MRR': 1.0, 'hits@[1,3,10]': tensor([1., 1., 1.])}
	 VALID :  {'MRR': 0.4580570161342621, 'hits@[1,3,10]': tensor([0.3703, 0.4994, 0.6280])}
	 TRAIN:  {'MRR': 1.0, 'hits@[1,3,10]': tensor([1., 1., 1.])}
	 VALID :  {'MRR': 0.45882776379585266, 'hits@[1,3,10]': tensor([0.3714, 0.4998, 0.6279])}


TEST :  {'MRR': 0.4598206728696823, 'hits@[1,3,10]': tensor([0.3715, 0.5034, 0.6277])}
