{'batch_size': 1000,
 'checkpoint': None,
 'data_shape': (63361, 400, 63361),
 'dataset': 'NELL',
 'decay1': 0.9,
 'decay2': 0.999,
 'eval_only': False,
 'init': 0.001,
 'learning_rate': 0.1,
 'max_epochs': 100,
 'model': 'ComplEx',
 'model_save_schedule': 1000,
 'optimizer': 'Adagrad',
 'path': 'kbc/data/NELL',
 'rank': 1000,
 'reg': 0.0001,
 'regularizer': 'N3',
 'valid': 3.0}
	 TRAIN:  {'MRR': 0.9391026794910431, 'hits@[1,3,10]': tensor([0.9056, 0.9688, 0.9913])}
	 VALID :  {'MRR': 0.4212881177663803, 'hits@[1,3,10]': tensor([0.3296, 0.4640, 0.6009])}
	 TRAIN:  {'MRR': 0.9961861073970795, 'hits@[1,3,10]': tensor([0.9927, 0.9997, 0.9999])}
	 VALID :  {'MRR': 0.44454333186149597, 'hits@[1,3,10]': tensor([0.3540, 0.4891, 0.6209])}
	 TRAIN:  {'MRR': 0.9994892179965973, 'hits@[1,3,10]': tensor([0.9991, 0.9999, 0.9999])}
	 VALID :  {'MRR': 0.44976842403411865, 'hits@[1,3,10]': tensor([0.3577, 0.4946, 0.6260])}
	 TRAIN:  {'MRR': 0.9999549984931946, 'hits@[1,3,10]': tensor([0.9999, 1.0000, 1.0000])}
	 VALID :  {'MRR': 0.4524344801902771, 'hits@[1,3,10]': tensor([0.3615, 0.4968, 0.6274])}
	 TRAIN:  {'MRR': 0.9999601244926453, 'hits@[1,3,10]': tensor([0.9999, 1.0000, 1.0000])}
	 VALID :  {'MRR': 0.4566783457994461, 'hits@[1,3,10]': tensor([0.3655, 0.5005, 0.6308])}
	 TRAIN:  {'MRR': 0.9999566674232483, 'hits@[1,3,10]': tensor([0.9999, 1.0000, 1.0000])}
	 VALID :  {'MRR': 0.45556633174419403, 'hits@[1,3,10]': tensor([0.3651, 0.5004, 0.6309])}
	 TRAIN:  {'MRR': 0.9999899864196777, 'hits@[1,3,10]': tensor([1.0000, 1.0000, 1.0000])}
	 VALID :  {'MRR': 0.4569558650255203, 'hits@[1,3,10]': tensor([0.3663, 0.5014, 0.6308])}
	 TRAIN:  {'MRR': 0.9999858736991882, 'hits@[1,3,10]': tensor([1.0000, 1.0000, 1.0000])}
	 VALID :  {'MRR': 0.45642152428627014, 'hits@[1,3,10]': tensor([0.3662, 0.5010, 0.6315])}
	 TRAIN:  {'MRR': 0.9999650120735168, 'hits@[1,3,10]': tensor([1.0000, 1.0000, 1.0000])}
	 VALID :  {'MRR': 0.4569183439016342, 'hits@[1,3,10]': tensor([0.3667, 0.5003, 0.6316])}
	 TRAIN:  {'MRR': 0.999985009431839, 'hits@[1,3,10]': tensor([1.0000, 1.0000, 1.0000])}
	 VALID :  {'MRR': 0.45780612528324127, 'hits@[1,3,10]': tensor([0.3676, 0.5014, 0.6309])}
	 TRAIN:  {'MRR': 0.9999749958515167, 'hits@[1,3,10]': tensor([1.0000, 1.0000, 1.0000])}
	 VALID :  {'MRR': 0.4581054747104645, 'hits@[1,3,10]': tensor([0.3682, 0.5022, 0.6319])}
	 TRAIN:  {'MRR': 0.999970018863678, 'hits@[1,3,10]': tensor([1.0000, 1.0000, 1.0000])}
	 VALID :  {'MRR': 0.4578631818294525, 'hits@[1,3,10]': tensor([0.3677, 0.5012, 0.6313])}
	 TRAIN:  {'MRR': 1.0, 'hits@[1,3,10]': tensor([1., 1., 1.])}
	 VALID :  {'MRR': 0.4570348411798477, 'hits@[1,3,10]': tensor([0.3668, 0.4995, 0.6319])}
	 TRAIN:  {'MRR': 0.999980241060257, 'hits@[1,3,10]': tensor([1.0000, 1.0000, 1.0000])}
	 VALID :  {'MRR': 0.4572857767343521, 'hits@[1,3,10]': tensor([0.3666, 0.5007, 0.6316])}
	 TRAIN:  {'MRR': 0.9999807775020599, 'hits@[1,3,10]': tensor([1.0000, 1.0000, 1.0000])}
	 VALID :  {'MRR': 0.4581972360610962, 'hits@[1,3,10]': tensor([0.3678, 0.5016, 0.6317])}
	 TRAIN:  {'MRR': 0.9999919831752777, 'hits@[1,3,10]': tensor([1.0000, 1.0000, 1.0000])}
	 VALID :  {'MRR': 0.45802919566631317, 'hits@[1,3,10]': tensor([0.3678, 0.5013, 0.6312])}
	 TRAIN:  {'MRR': 0.9999739825725555, 'hits@[1,3,10]': tensor([1.0000, 1.0000, 1.0000])}
	 VALID :  {'MRR': 0.45767514407634735, 'hits@[1,3,10]': tensor([0.3676, 0.5014, 0.6317])}
	 TRAIN:  {'MRR': 1.0, 'hits@[1,3,10]': tensor([1., 1., 1.])}
	 VALID :  {'MRR': 0.4576396346092224, 'hits@[1,3,10]': tensor([0.3679, 0.5002, 0.6311])}
	 TRAIN:  {'MRR': 0.9999949932098389, 'hits@[1,3,10]': tensor([1.0000, 1.0000, 1.0000])}
	 VALID :  {'MRR': 0.45795904099941254, 'hits@[1,3,10]': tensor([0.3675, 0.5022, 0.6323])}
	 TRAIN:  {'MRR': 1.0, 'hits@[1,3,10]': tensor([1., 1., 1.])}
	 VALID :  {'MRR': 0.45750492811203003, 'hits@[1,3,10]': tensor([0.3672, 0.5017, 0.6319])}
	 TRAIN:  {'MRR': 1.0, 'hits@[1,3,10]': tensor([1., 1., 1.])}
	 VALID :  {'MRR': 0.4579591900110245, 'hits@[1,3,10]': tensor([0.3682, 0.5021, 0.6310])}
	 TRAIN:  {'MRR': 0.9999799728393555, 'hits@[1,3,10]': tensor([1.0000, 1.0000, 1.0000])}
	 VALID :  {'MRR': 0.4577449858188629, 'hits@[1,3,10]': tensor([0.3679, 0.5007, 0.6316])}
	 TRAIN:  {'MRR': 1.0, 'hits@[1,3,10]': tensor([1., 1., 1.])}
	 VALID :  {'MRR': 0.4577254056930542, 'hits@[1,3,10]': tensor([0.3679, 0.5008, 0.6314])}
	 TRAIN:  {'MRR': 0.9999900460243225, 'hits@[1,3,10]': tensor([1.0000, 1.0000, 1.0000])}
	 VALID :  {'MRR': 0.4580133259296417, 'hits@[1,3,10]': tensor([0.3680, 0.5025, 0.6319])}
	 TRAIN:  {'MRR': 1.0, 'hits@[1,3,10]': tensor([1., 1., 1.])}
	 VALID :  {'MRR': 0.4584798216819763, 'hits@[1,3,10]': tensor([0.3689, 0.5008, 0.6322])}
	 TRAIN:  {'MRR': 0.9999801516532898, 'hits@[1,3,10]': tensor([1.0000, 1.0000, 1.0000])}
	 VALID :  {'MRR': 0.45832084119319916, 'hits@[1,3,10]': tensor([0.3687, 0.5013, 0.6321])}
	 TRAIN:  {'MRR': 0.9999900758266449, 'hits@[1,3,10]': tensor([1.0000, 1.0000, 1.0000])}
	 VALID :  {'MRR': 0.4583195596933365, 'hits@[1,3,10]': tensor([0.3688, 0.5012, 0.6318])}
	 TRAIN:  {'MRR': 0.9999900758266449, 'hits@[1,3,10]': tensor([1.0000, 1.0000, 1.0000])}
	 VALID :  {'MRR': 0.457476407289505, 'hits@[1,3,10]': tensor([0.3668, 0.5020, 0.6318])}
	 TRAIN:  {'MRR': 0.9999900758266449, 'hits@[1,3,10]': tensor([1.0000, 1.0000, 1.0000])}
	 VALID :  {'MRR': 0.45774735510349274, 'hits@[1,3,10]': tensor([0.3679, 0.4998, 0.6316])}
	 TRAIN:  {'MRR': 0.9999802112579346, 'hits@[1,3,10]': tensor([1.0000, 1.0000, 1.0000])}
	 VALID :  {'MRR': 0.45816002786159515, 'hits@[1,3,10]': tensor([0.3685, 0.5019, 0.6319])}
	 TRAIN:  {'MRR': 0.9999803304672241, 'hits@[1,3,10]': tensor([1.0000, 1.0000, 1.0000])}
	 VALID :  {'MRR': 0.4577018469572067, 'hits@[1,3,10]': tensor([0.3679, 0.5008, 0.6306])}
	 TRAIN:  {'MRR': 0.9999901652336121, 'hits@[1,3,10]': tensor([1.0000, 1.0000, 1.0000])}
	 VALID :  {'MRR': 0.4578558951616287, 'hits@[1,3,10]': tensor([0.3679, 0.5003, 0.6306])}
	 TRAIN:  {'MRR': 0.9999902844429016, 'hits@[1,3,10]': tensor([1.0000, 1.0000, 1.0000])}
	 VALID :  {'MRR': 0.4576485604047775, 'hits@[1,3,10]': tensor([0.3675, 0.5016, 0.6316])}


TEST :  {'MRR': 0.4601869285106659, 'hits@[1,3,10]': tensor([0.3700, 0.5028, 0.6323])}
