{'batch_size': 1000,
 'checkpoint': None,
 'data_shape': (63361, 400, 63361),
 'dataset': 'NELL',
 'decay1': 0.9,
 'decay2': 0.999,
 'eval_only': False,
 'init': 0.001,
 'learning_rate': 0.1,
 'max_epochs': 100,
 'model': 'ComplEx',
 'model_save_schedule': 1000,
 'optimizer': 'Adagrad',
 'path': 'kbc/data/NELL',
 'rank': 1000,
 'reg': 0.01,
 'regularizer': 'N3',
 'valid': 3.0}
	 TRAIN:  {'MRR': 0.9011181592941284, 'hits@[1,3,10]': tensor([0.8554, 0.9390, 0.9755])}
	 VALID :  {'MRR': 0.42744241654872894, 'hits@[1,3,10]': tensor([0.3331, 0.4739, 0.6084])}
	 TRAIN:  {'MRR': 0.9901244640350342, 'hits@[1,3,10]': tensor([0.9833, 0.9971, 0.9987])}
	 VALID :  {'MRR': 0.45413313806056976, 'hits@[1,3,10]': tensor([0.3615, 0.5013, 0.6288])}
	 TRAIN:  {'MRR': 0.9976896345615387, 'hits@[1,3,10]': tensor([0.9966, 0.9986, 0.9990])}
	 VALID :  {'MRR': 0.460793599486351, 'hits@[1,3,10]': tensor([0.3684, 0.5086, 0.6368])}
	 TRAIN:  {'MRR': 0.9985294342041016, 'hits@[1,3,10]': tensor([0.9979, 0.9991, 0.9994])}
	 VALID :  {'MRR': 0.46366341412067413, 'hits@[1,3,10]': tensor([0.3718, 0.5124, 0.6388])}
	 TRAIN:  {'MRR': 0.9988509714603424, 'hits@[1,3,10]': tensor([0.9985, 0.9992, 0.9994])}
	 VALID :  {'MRR': 0.46488623321056366, 'hits@[1,3,10]': tensor([0.3745, 0.5120, 0.6369])}
	 TRAIN:  {'MRR': 0.9990895390510559, 'hits@[1,3,10]': tensor([0.9988, 0.9993, 0.9995])}
	 VALID :  {'MRR': 0.4650596082210541, 'hits@[1,3,10]': tensor([0.3742, 0.5123, 0.6384])}
	 TRAIN:  {'MRR': 0.9992142915725708, 'hits@[1,3,10]': tensor([0.9990, 0.9993, 0.9995])}
	 VALID :  {'MRR': 0.4642995297908783, 'hits@[1,3,10]': tensor([0.3723, 0.5121, 0.6377])}
	 TRAIN:  {'MRR': 0.9993460178375244, 'hits@[1,3,10]': tensor([0.9992, 0.9994, 0.9996])}
	 VALID :  {'MRR': 0.4658008962869644, 'hits@[1,3,10]': tensor([0.3757, 0.5107, 0.6377])}
	 TRAIN:  {'MRR': 0.9993310570716858, 'hits@[1,3,10]': tensor([0.9992, 0.9994, 0.9996])}
	 VALID :  {'MRR': 0.4665667563676834, 'hits@[1,3,10]': tensor([0.3767, 0.5109, 0.6376])}
	 TRAIN:  {'MRR': 0.9993517994880676, 'hits@[1,3,10]': tensor([0.9992, 0.9994, 0.9996])}
	 VALID :  {'MRR': 0.4653688967227936, 'hits@[1,3,10]': tensor([0.3755, 0.5111, 0.6381])}
	 TRAIN:  {'MRR': 0.9993791878223419, 'hits@[1,3,10]': tensor([0.9992, 0.9995, 0.9996])}
	 VALID :  {'MRR': 0.4672032296657562, 'hits@[1,3,10]': tensor([0.3787, 0.5105, 0.6373])}
	 TRAIN:  {'MRR': 0.9993374645709991, 'hits@[1,3,10]': tensor([0.9992, 0.9994, 0.9996])}
	 VALID :  {'MRR': 0.4667433798313141, 'hits@[1,3,10]': tensor([0.3775, 0.5123, 0.6355])}
	 TRAIN:  {'MRR': 0.9995374083518982, 'hits@[1,3,10]': tensor([0.9994, 0.9996, 0.9997])}
	 VALID :  {'MRR': 0.46523113548755646, 'hits@[1,3,10]': tensor([0.3746, 0.5120, 0.6371])}
	 TRAIN:  {'MRR': 0.9995423257350922, 'hits@[1,3,10]': tensor([0.9994, 0.9996, 0.9997])}
	 VALID :  {'MRR': 0.4658857136964798, 'hits@[1,3,10]': tensor([0.3759, 0.5122, 0.6373])}
	 TRAIN:  {'MRR': 0.9995265901088715, 'hits@[1,3,10]': tensor([0.9994, 0.9996, 0.9997])}
	 VALID :  {'MRR': 0.4663064777851105, 'hits@[1,3,10]': tensor([0.3768, 0.5106, 0.6365])}
	 TRAIN:  {'MRR': 0.9995246529579163, 'hits@[1,3,10]': tensor([0.9994, 0.9996, 0.9997])}
	 VALID :  {'MRR': 0.4657304435968399, 'hits@[1,3,10]': tensor([0.3761, 0.5111, 0.6363])}
	 TRAIN:  {'MRR': 0.9996494054794312, 'hits@[1,3,10]': tensor([0.9996, 0.9997, 0.9998])}
	 VALID :  {'MRR': 0.4675157368183136, 'hits@[1,3,10]': tensor([0.3792, 0.5121, 0.6363])}
	 TRAIN:  {'MRR': 0.9996163249015808, 'hits@[1,3,10]': tensor([0.9995, 0.9997, 0.9997])}
	 VALID :  {'MRR': 0.4662950932979584, 'hits@[1,3,10]': tensor([0.3775, 0.5113, 0.6362])}
	 TRAIN:  {'MRR': 0.9996200799942017, 'hits@[1,3,10]': tensor([0.9996, 0.9997, 0.9997])}
	 VALID :  {'MRR': 0.46584416925907135, 'hits@[1,3,10]': tensor([0.3761, 0.5117, 0.6368])}
	 TRAIN:  {'MRR': 0.9996679425239563, 'hits@[1,3,10]': tensor([0.9996, 0.9997, 0.9998])}
	 VALID :  {'MRR': 0.4651409834623337, 'hits@[1,3,10]': tensor([0.3753, 0.5107, 0.6355])}
	 TRAIN:  {'MRR': 0.9996400773525238, 'hits@[1,3,10]': tensor([0.9995, 0.9997, 0.9998])}
	 VALID :  {'MRR': 0.46455059945583344, 'hits@[1,3,10]': tensor([0.3744, 0.5115, 0.6358])}
	 TRAIN:  {'MRR': 0.9996095597743988, 'hits@[1,3,10]': tensor([0.9995, 0.9997, 0.9998])}
	 VALID :  {'MRR': 0.4657670557498932, 'hits@[1,3,10]': tensor([0.3760, 0.5110, 0.6343])}
	 TRAIN:  {'MRR': 0.9997059404850006, 'hits@[1,3,10]': tensor([0.9996, 0.9998, 0.9998])}
	 VALID :  {'MRR': 0.46487145125865936, 'hits@[1,3,10]': tensor([0.3745, 0.5119, 0.6352])}
	 TRAIN:  {'MRR': 0.9997179806232452, 'hits@[1,3,10]': tensor([0.9997, 0.9998, 0.9998])}
	 VALID :  {'MRR': 0.4662728011608124, 'hits@[1,3,10]': tensor([0.3775, 0.5118, 0.6355])}
	 TRAIN:  {'MRR': 0.9996666014194489, 'hits@[1,3,10]': tensor([0.9996, 0.9997, 0.9998])}
	 VALID :  {'MRR': 0.4655817449092865, 'hits@[1,3,10]': tensor([0.3762, 0.5110, 0.6344])}
	 TRAIN:  {'MRR': 0.9996154010295868, 'hits@[1,3,10]': tensor([0.9995, 0.9997, 0.9998])}
	 VALID :  {'MRR': 0.4651215523481369, 'hits@[1,3,10]': tensor([0.3757, 0.5115, 0.6353])}
	 TRAIN:  {'MRR': 0.9997349381446838, 'hits@[1,3,10]': tensor([0.9997, 0.9997, 0.9998])}
	 VALID :  {'MRR': 0.46536801755428314, 'hits@[1,3,10]': tensor([0.3764, 0.5109, 0.6348])}
	 TRAIN:  {'MRR': 0.9996956884860992, 'hits@[1,3,10]': tensor([0.9997, 0.9997, 0.9998])}
	 VALID :  {'MRR': 0.4646793156862259, 'hits@[1,3,10]': tensor([0.3747, 0.5112, 0.6347])}
	 TRAIN:  {'MRR': 0.9996207058429718, 'hits@[1,3,10]': tensor([0.9996, 0.9996, 0.9997])}
	 VALID :  {'MRR': 0.4654616713523865, 'hits@[1,3,10]': tensor([0.3764, 0.5100, 0.6351])}
	 TRAIN:  {'MRR': 0.9997194111347198, 'hits@[1,3,10]': tensor([0.9997, 0.9998, 0.9998])}
	 VALID :  {'MRR': 0.464836448431015, 'hits@[1,3,10]': tensor([0.3745, 0.5116, 0.6354])}
	 TRAIN:  {'MRR': 0.9997378587722778, 'hits@[1,3,10]': tensor([0.9997, 0.9998, 0.9998])}
	 VALID :  {'MRR': 0.4654330015182495, 'hits@[1,3,10]': tensor([0.3766, 0.5106, 0.6354])}
	 TRAIN:  {'MRR': 0.9997667968273163, 'hits@[1,3,10]': tensor([0.9997, 0.9998, 0.9999])}
	 VALID :  {'MRR': 0.4649558812379837, 'hits@[1,3,10]': tensor([0.3749, 0.5105, 0.6355])}
	 TRAIN:  {'MRR': 0.9997334480285645, 'hits@[1,3,10]': tensor([0.9997, 0.9998, 0.9998])}
	 VALID :  {'MRR': 0.46534499526023865, 'hits@[1,3,10]': tensor([0.3757, 0.5112, 0.6345])}


TEST :  {'MRR': 0.4669960290193558, 'hits@[1,3,10]': tensor([0.3780, 0.5109, 0.6347])}
