{'batch_size': 1000,
 'checkpoint': None,
 'data_shape': (63361, 400, 63361),
 'dataset': 'NELL',
 'decay1': 0.9,
 'decay2': 0.999,
 'eval_only': False,
 'init': 0.001,
 'learning_rate': 0.1,
 'max_epochs': 100,
 'model': 'ComplEx',
 'model_save_schedule': 1000,
 'optimizer': 'Adagrad',
 'path': 'kbc/data/NELL',
 'rank': 1000,
 'reg': 0.0005,
 'regularizer': 'N3',
 'valid': 3.0}
	 TRAIN:  {'MRR': 0.9345640540122986, 'hits@[1,3,10]': tensor([0.8975, 0.9666, 0.9922])}
	 VALID :  {'MRR': 0.41956235468387604, 'hits@[1,3,10]': tensor([0.3256, 0.4653, 0.6004])}
	 TRAIN:  {'MRR': 0.9960466623306274, 'hits@[1,3,10]': tensor([0.9925, 0.9997, 0.9998])}
	 VALID :  {'MRR': 0.4469176083803177, 'hits@[1,3,10]': tensor([0.3557, 0.4907, 0.6214])}
	 TRAIN:  {'MRR': 0.9989688396453857, 'hits@[1,3,10]': tensor([0.9980, 0.9999, 0.9999])}
	 VALID :  {'MRR': 0.4526713341474533, 'hits@[1,3,10]': tensor([0.3636, 0.4948, 0.6286])}
	 TRAIN:  {'MRR': 0.9998291432857513, 'hits@[1,3,10]': tensor([0.9997, 0.9999, 1.0000])}
	 VALID :  {'MRR': 0.4551895260810852, 'hits@[1,3,10]': tensor([0.3656, 0.4995, 0.6285])}
	 TRAIN:  {'MRR': 0.9998697340488434, 'hits@[1,3,10]': tensor([0.9998, 1.0000, 1.0000])}
	 VALID :  {'MRR': 0.4579669237136841, 'hits@[1,3,10]': tensor([0.3695, 0.4998, 0.6319])}
	 TRAIN:  {'MRR': 0.9999461770057678, 'hits@[1,3,10]': tensor([0.9999, 0.9999, 1.0000])}
	 VALID :  {'MRR': 0.4580976068973541, 'hits@[1,3,10]': tensor([0.3685, 0.5026, 0.6311])}
	 TRAIN:  {'MRR': 0.999985009431839, 'hits@[1,3,10]': tensor([1.0000, 1.0000, 1.0000])}
	 VALID :  {'MRR': 0.45820100605487823, 'hits@[1,3,10]': tensor([0.3682, 0.5024, 0.6322])}
	 TRAIN:  {'MRR': 0.9999783635139465, 'hits@[1,3,10]': tensor([1.0000, 1.0000, 1.0000])}
	 VALID :  {'MRR': 0.4602562040090561, 'hits@[1,3,10]': tensor([0.3716, 0.5020, 0.6325])}
	 TRAIN:  {'MRR': 0.9999899864196777, 'hits@[1,3,10]': tensor([1.0000, 1.0000, 1.0000])}
	 VALID :  {'MRR': 0.45940300822257996, 'hits@[1,3,10]': tensor([0.3705, 0.5013, 0.6324])}
	 TRAIN:  {'MRR': 0.9999949932098389, 'hits@[1,3,10]': tensor([1.0000, 1.0000, 1.0000])}
	 VALID :  {'MRR': 0.46043023467063904, 'hits@[1,3,10]': tensor([0.3718, 0.5037, 0.6321])}
	 TRAIN:  {'MRR': 1.0, 'hits@[1,3,10]': tensor([1., 1., 1.])}
	 VALID :  {'MRR': 0.4599013179540634, 'hits@[1,3,10]': tensor([0.3713, 0.5023, 0.6321])}
	 TRAIN:  {'MRR': 0.9999899864196777, 'hits@[1,3,10]': tensor([1.0000, 1.0000, 1.0000])}
	 VALID :  {'MRR': 0.4596746563911438, 'hits@[1,3,10]': tensor([0.3706, 0.5036, 0.6321])}
	 TRAIN:  {'MRR': 0.9999900460243225, 'hits@[1,3,10]': tensor([1.0000, 1.0000, 1.0000])}
	 VALID :  {'MRR': 0.45953334867954254, 'hits@[1,3,10]': tensor([0.3701, 0.5033, 0.6316])}
	 TRAIN:  {'MRR': 1.0, 'hits@[1,3,10]': tensor([1., 1., 1.])}
	 VALID :  {'MRR': 0.46016834676265717, 'hits@[1,3,10]': tensor([0.3713, 0.5023, 0.6322])}
	 TRAIN:  {'MRR': 1.0, 'hits@[1,3,10]': tensor([1., 1., 1.])}
	 VALID :  {'MRR': 0.46020741760730743, 'hits@[1,3,10]': tensor([0.3711, 0.5029, 0.6323])}
	 TRAIN:  {'MRR': 0.9999901056289673, 'hits@[1,3,10]': tensor([1.0000, 1.0000, 1.0000])}
	 VALID :  {'MRR': 0.46104496717453003, 'hits@[1,3,10]': tensor([0.3723, 0.5027, 0.6336])}
	 TRAIN:  {'MRR': 1.0, 'hits@[1,3,10]': tensor([1., 1., 1.])}
	 VALID :  {'MRR': 0.4612399637699127, 'hits@[1,3,10]': tensor([0.3730, 0.5032, 0.6329])}
	 TRAIN:  {'MRR': 0.9999799728393555, 'hits@[1,3,10]': tensor([1.0000, 1.0000, 1.0000])}
	 VALID :  {'MRR': 0.461411789059639, 'hits@[1,3,10]': tensor([0.3727, 0.5049, 0.6335])}
	 TRAIN:  {'MRR': 1.0, 'hits@[1,3,10]': tensor([1., 1., 1.])}
	 VALID :  {'MRR': 0.4612676203250885, 'hits@[1,3,10]': tensor([0.3727, 0.5044, 0.6333])}
	 TRAIN:  {'MRR': 0.9999899864196777, 'hits@[1,3,10]': tensor([1.0000, 1.0000, 1.0000])}
	 VALID :  {'MRR': 0.4609965831041336, 'hits@[1,3,10]': tensor([0.3728, 0.5026, 0.6337])}
	 TRAIN:  {'MRR': 1.0, 'hits@[1,3,10]': tensor([1., 1., 1.])}
	 VALID :  {'MRR': 0.460951566696167, 'hits@[1,3,10]': tensor([0.3719, 0.5040, 0.6326])}
	 TRAIN:  {'MRR': 0.9999919831752777, 'hits@[1,3,10]': tensor([1.0000, 1.0000, 1.0000])}
	 VALID :  {'MRR': 0.4607681334018707, 'hits@[1,3,10]': tensor([0.3720, 0.5035, 0.6318])}
	 TRAIN:  {'MRR': 1.0, 'hits@[1,3,10]': tensor([1., 1., 1.])}
	 VALID :  {'MRR': 0.4606739282608032, 'hits@[1,3,10]': tensor([0.3723, 0.5028, 0.6316])}
	 TRAIN:  {'MRR': 1.0, 'hits@[1,3,10]': tensor([1., 1., 1.])}
	 VALID :  {'MRR': 0.46090012788772583, 'hits@[1,3,10]': tensor([0.3725, 0.5031, 0.6323])}
	 TRAIN:  {'MRR': 0.999982476234436, 'hits@[1,3,10]': tensor([1.0000, 1.0000, 1.0000])}
	 VALID :  {'MRR': 0.46063171327114105, 'hits@[1,3,10]': tensor([0.3720, 0.5031, 0.6317])}
	 TRAIN:  {'MRR': 0.9999899864196777, 'hits@[1,3,10]': tensor([1.0000, 1.0000, 1.0000])}
	 VALID :  {'MRR': 0.46113699674606323, 'hits@[1,3,10]': tensor([0.3726, 0.5036, 0.6336])}
	 TRAIN:  {'MRR': 1.0, 'hits@[1,3,10]': tensor([1., 1., 1.])}
	 VALID :  {'MRR': 0.4605077654123306, 'hits@[1,3,10]': tensor([0.3723, 0.5025, 0.6319])}
	 TRAIN:  {'MRR': 0.9999949932098389, 'hits@[1,3,10]': tensor([1.0000, 1.0000, 1.0000])}
	 VALID :  {'MRR': 0.46014751493930817, 'hits@[1,3,10]': tensor([0.3710, 0.5035, 0.6328])}
	 TRAIN:  {'MRR': 0.9999850392341614, 'hits@[1,3,10]': tensor([1.0000, 1.0000, 1.0000])}
	 VALID :  {'MRR': 0.4614601582288742, 'hits@[1,3,10]': tensor([0.3733, 0.5044, 0.6322])}
	 TRAIN:  {'MRR': 1.0, 'hits@[1,3,10]': tensor([1., 1., 1.])}
	 VALID :  {'MRR': 0.46074141561985016, 'hits@[1,3,10]': tensor([0.3719, 0.5032, 0.6332])}
	 TRAIN:  {'MRR': 1.0, 'hits@[1,3,10]': tensor([1., 1., 1.])}
	 VALID :  {'MRR': 0.46110792458057404, 'hits@[1,3,10]': tensor([0.3728, 0.5045, 0.6318])}
	 TRAIN:  {'MRR': 1.0, 'hits@[1,3,10]': tensor([1., 1., 1.])}
	 VALID :  {'MRR': 0.4609203040599823, 'hits@[1,3,10]': tensor([0.3723, 0.5042, 0.6312])}
	 TRAIN:  {'MRR': 0.9999900460243225, 'hits@[1,3,10]': tensor([1.0000, 1.0000, 1.0000])}
	 VALID :  {'MRR': 0.460358589887619, 'hits@[1,3,10]': tensor([0.3717, 0.5028, 0.6311])}


TEST :  {'MRR': 0.4622109979391098, 'hits@[1,3,10]': tensor([0.3730, 0.5062, 0.6329])}
