{'batch_size': 1000,
 'checkpoint': None,
 'data_shape': (63361, 400, 63361),
 'dataset': 'NELL',
 'decay1': 0.9,
 'decay2': 0.999,
 'eval_only': False,
 'init': 0.001,
 'learning_rate': 0.1,
 'max_epochs': 100,
 'model': 'ComplEx',
 'model_save_schedule': 1000,
 'optimizer': 'Adagrad',
 'path': 'kbc/data/NELL',
 'rank': 200,
 'reg': 0.0001,
 'regularizer': 'N3',
 'valid': 3.0}
	 TRAIN:  {'MRR': 0.9273598790168762, 'hits@[1,3,10]': tensor([0.8875, 0.9610, 0.9899])}
	 VALID :  {'MRR': 0.4045659601688385, 'hits@[1,3,10]': tensor([0.3156, 0.4463, 0.5766])}
	 TRAIN:  {'MRR': 0.9983144104480743, 'hits@[1,3,10]': tensor([0.9969, 0.9997, 0.9998])}
	 VALID :  {'MRR': 0.42596665024757385, 'hits@[1,3,10]': tensor([0.3381, 0.4668, 0.5958])}
	 TRAIN:  {'MRR': 0.9998635947704315, 'hits@[1,3,10]': tensor([0.9998, 0.9999, 0.9999])}
	 VALID :  {'MRR': 0.4326881766319275, 'hits@[1,3,10]': tensor([0.3457, 0.4739, 0.6013])}
	 TRAIN:  {'MRR': 0.9999284446239471, 'hits@[1,3,10]': tensor([0.9999, 1.0000, 1.0000])}
	 VALID :  {'MRR': 0.4350021183490753, 'hits@[1,3,10]': tensor([0.3482, 0.4756, 0.6027])}
	 TRAIN:  {'MRR': 0.9999639391899109, 'hits@[1,3,10]': tensor([0.9999, 1.0000, 1.0000])}
	 VALID :  {'MRR': 0.4336242526769638, 'hits@[1,3,10]': tensor([0.3458, 0.4747, 0.6030])}
	 TRAIN:  {'MRR': 0.9999749958515167, 'hits@[1,3,10]': tensor([1.0000, 1.0000, 1.0000])}
	 VALID :  {'MRR': 0.43644754588603973, 'hits@[1,3,10]': tensor([0.3494, 0.4768, 0.6038])}
	 TRAIN:  {'MRR': 0.9999549984931946, 'hits@[1,3,10]': tensor([0.9999, 1.0000, 1.0000])}
	 VALID :  {'MRR': 0.43792541325092316, 'hits@[1,3,10]': tensor([0.3510, 0.4790, 0.6064])}
	 TRAIN:  {'MRR': 1.0, 'hits@[1,3,10]': tensor([1., 1., 1.])}
	 VALID :  {'MRR': 0.43831300735473633, 'hits@[1,3,10]': tensor([0.3511, 0.4797, 0.6057])}
	 TRAIN:  {'MRR': 0.9999899864196777, 'hits@[1,3,10]': tensor([1.0000, 1.0000, 1.0000])}
	 VALID :  {'MRR': 0.43866558372974396, 'hits@[1,3,10]': tensor([0.3519, 0.4783, 0.6058])}
	 TRAIN:  {'MRR': 0.9999899864196777, 'hits@[1,3,10]': tensor([1.0000, 1.0000, 1.0000])}
	 VALID :  {'MRR': 0.43823640048503876, 'hits@[1,3,10]': tensor([0.3508, 0.4793, 0.6063])}
	 TRAIN:  {'MRR': 1.0, 'hits@[1,3,10]': tensor([1., 1., 1.])}
	 VALID :  {'MRR': 0.43714354932308197, 'hits@[1,3,10]': tensor([0.3488, 0.4788, 0.6063])}
	 TRAIN:  {'MRR': 0.9999899864196777, 'hits@[1,3,10]': tensor([1.0000, 1.0000, 1.0000])}
	 VALID :  {'MRR': 0.43770475685596466, 'hits@[1,3,10]': tensor([0.3504, 0.4787, 0.6066])}
	 TRAIN:  {'MRR': 1.0, 'hits@[1,3,10]': tensor([1., 1., 1.])}
	 VALID :  {'MRR': 0.438727468252182, 'hits@[1,3,10]': tensor([0.3522, 0.4779, 0.6068])}
	 TRAIN:  {'MRR': 0.9999799728393555, 'hits@[1,3,10]': tensor([1.0000, 1.0000, 1.0000])}
	 VALID :  {'MRR': 0.4385167956352234, 'hits@[1,3,10]': tensor([0.3511, 0.4787, 0.6067])}
	 TRAIN:  {'MRR': 1.0, 'hits@[1,3,10]': tensor([1., 1., 1.])}
	 VALID :  {'MRR': 0.4386758804321289, 'hits@[1,3,10]': tensor([0.3513, 0.4793, 0.6063])}
	 TRAIN:  {'MRR': 1.0, 'hits@[1,3,10]': tensor([1., 1., 1.])}
	 VALID :  {'MRR': 0.4387812614440918, 'hits@[1,3,10]': tensor([0.3515, 0.4796, 0.6065])}
	 TRAIN:  {'MRR': 1.0, 'hits@[1,3,10]': tensor([1., 1., 1.])}
	 VALID :  {'MRR': 0.43872055411338806, 'hits@[1,3,10]': tensor([0.3514, 0.4787, 0.6071])}
	 TRAIN:  {'MRR': 0.999980092048645, 'hits@[1,3,10]': tensor([1.0000, 1.0000, 1.0000])}
	 VALID :  {'MRR': 0.4384441375732422, 'hits@[1,3,10]': tensor([0.3512, 0.4790, 0.6057])}
	 TRAIN:  {'MRR': 0.9999899864196777, 'hits@[1,3,10]': tensor([1.0000, 1.0000, 1.0000])}
	 VALID :  {'MRR': 0.4385848641395569, 'hits@[1,3,10]': tensor([0.3508, 0.4798, 0.6063])}
	 TRAIN:  {'MRR': 0.9999801814556122, 'hits@[1,3,10]': tensor([1.0000, 1.0000, 1.0000])}
	 VALID :  {'MRR': 0.4384160339832306, 'hits@[1,3,10]': tensor([0.3507, 0.4789, 0.6070])}
	 TRAIN:  {'MRR': 0.9999799728393555, 'hits@[1,3,10]': tensor([1.0000, 1.0000, 1.0000])}
	 VALID :  {'MRR': 0.4388315677642822, 'hits@[1,3,10]': tensor([0.3515, 0.4795, 0.6073])}
	 TRAIN:  {'MRR': 0.9999805986881256, 'hits@[1,3,10]': tensor([1.0000, 1.0000, 1.0000])}
	 VALID :  {'MRR': 0.43927161395549774, 'hits@[1,3,10]': tensor([0.3522, 0.4789, 0.6062])}
	 TRAIN:  {'MRR': 1.0, 'hits@[1,3,10]': tensor([1., 1., 1.])}
	 VALID :  {'MRR': 0.4385993331670761, 'hits@[1,3,10]': tensor([0.3512, 0.4793, 0.6065])}
	 TRAIN:  {'MRR': 1.0, 'hits@[1,3,10]': tensor([1., 1., 1.])}
	 VALID :  {'MRR': 0.4394551068544388, 'hits@[1,3,10]': tensor([0.3526, 0.4793, 0.6068])}
	 TRAIN:  {'MRR': 0.9999914169311523, 'hits@[1,3,10]': tensor([1.0000, 1.0000, 1.0000])}
	 VALID :  {'MRR': 0.4396086484193802, 'hits@[1,3,10]': tensor([0.3525, 0.4791, 0.6072])}
	 TRAIN:  {'MRR': 0.9999749958515167, 'hits@[1,3,10]': tensor([1.0000, 1.0000, 1.0000])}
	 VALID :  {'MRR': 0.439098060131073, 'hits@[1,3,10]': tensor([0.3516, 0.4800, 0.6074])}
	 TRAIN:  {'MRR': 1.0, 'hits@[1,3,10]': tensor([1., 1., 1.])}
	 VALID :  {'MRR': 0.43953800201416016, 'hits@[1,3,10]': tensor([0.3529, 0.4789, 0.6072])}
	 TRAIN:  {'MRR': 0.9999749958515167, 'hits@[1,3,10]': tensor([1.0000, 1.0000, 1.0000])}
	 VALID :  {'MRR': 0.43977028131484985, 'hits@[1,3,10]': tensor([0.3530, 0.4799, 0.6060])}
	 TRAIN:  {'MRR': 1.0, 'hits@[1,3,10]': tensor([1., 1., 1.])}
	 VALID :  {'MRR': 0.43927353620529175, 'hits@[1,3,10]': tensor([0.3523, 0.4783, 0.6066])}
	 TRAIN:  {'MRR': 1.0, 'hits@[1,3,10]': tensor([1., 1., 1.])}
	 VALID :  {'MRR': 0.4392002075910568, 'hits@[1,3,10]': tensor([0.3518, 0.4799, 0.6070])}
	 TRAIN:  {'MRR': 1.0, 'hits@[1,3,10]': tensor([1., 1., 1.])}
	 VALID :  {'MRR': 0.43947984278202057, 'hits@[1,3,10]': tensor([0.3525, 0.4795, 0.6060])}
	 TRAIN:  {'MRR': 1.0, 'hits@[1,3,10]': tensor([1., 1., 1.])}
	 VALID :  {'MRR': 0.43933387100696564, 'hits@[1,3,10]': tensor([0.3523, 0.4796, 0.6071])}
	 TRAIN:  {'MRR': 1.0, 'hits@[1,3,10]': tensor([1., 1., 1.])}
	 VALID :  {'MRR': 0.4394413083791733, 'hits@[1,3,10]': tensor([0.3526, 0.4785, 0.6073])}


TEST :  {'MRR': 0.44156216084957123, 'hits@[1,3,10]': tensor([0.3547, 0.4825, 0.6084])}
