{'batch_size': 1000,
 'checkpoint': None,
 'data_shape': (63361, 400, 63361),
 'dataset': 'NELL',
 'decay1': 0.9,
 'decay2': 0.999,
 'eval_only': False,
 'init': 0.001,
 'learning_rate': 0.1,
 'max_epochs': 100,
 'model': 'ComplEx',
 'model_save_schedule': 1000,
 'optimizer': 'Adagrad',
 'path': 'kbc/data/NELL',
 'rank': 500,
 'reg': 0.0005,
 'regularizer': 'N3',
 'valid': 3.0}
	 TRAIN:  {'MRR': 0.9409401416778564, 'hits@[1,3,10]': tensor([0.9076, 0.9706, 0.9921])}
	 VALID :  {'MRR': 0.4193686544895172, 'hits@[1,3,10]': tensor([0.3284, 0.4624, 0.5963])}
	 TRAIN:  {'MRR': 0.9975210726261139, 'hits@[1,3,10]': tensor([0.9954, 0.9996, 0.9999])}
	 VALID :  {'MRR': 0.4401727020740509, 'hits@[1,3,10]': tensor([0.3504, 0.4833, 0.6129])}
	 TRAIN:  {'MRR': 0.999514102935791, 'hits@[1,3,10]': tensor([0.9991, 0.9999, 1.0000])}
	 VALID :  {'MRR': 0.4479364901781082, 'hits@[1,3,10]': tensor([0.3582, 0.4913, 0.6210])}
	 TRAIN:  {'MRR': 0.9998975098133087, 'hits@[1,3,10]': tensor([0.9999, 0.9999, 0.9999])}
	 VALID :  {'MRR': 0.45077331364154816, 'hits@[1,3,10]': tensor([0.3618, 0.4938, 0.6205])}
	 TRAIN:  {'MRR': 0.9999706149101257, 'hits@[1,3,10]': tensor([1.0000, 1.0000, 1.0000])}
	 VALID :  {'MRR': 0.4523159861564636, 'hits@[1,3,10]': tensor([0.3626, 0.4957, 0.6248])}
	 TRAIN:  {'MRR': 0.9999653995037079, 'hits@[1,3,10]': tensor([1.0000, 1.0000, 1.0000])}
	 VALID :  {'MRR': 0.4530441164970398, 'hits@[1,3,10]': tensor([0.3638, 0.4960, 0.6232])}
	 TRAIN:  {'MRR': 0.9999883472919464, 'hits@[1,3,10]': tensor([1.0000, 1.0000, 1.0000])}
	 VALID :  {'MRR': 0.45313115417957306, 'hits@[1,3,10]': tensor([0.3640, 0.4959, 0.6231])}
	 TRAIN:  {'MRR': 0.9999766945838928, 'hits@[1,3,10]': tensor([1.0000, 1.0000, 1.0000])}
	 VALID :  {'MRR': 0.45286597311496735, 'hits@[1,3,10]': tensor([0.3635, 0.4973, 0.6234])}
	 TRAIN:  {'MRR': 0.9999749958515167, 'hits@[1,3,10]': tensor([1.0000, 1.0000, 1.0000])}
	 VALID :  {'MRR': 0.4544571787118912, 'hits@[1,3,10]': tensor([0.3653, 0.4975, 0.6255])}
	 TRAIN:  {'MRR': 1.0, 'hits@[1,3,10]': tensor([1., 1., 1.])}
	 VALID :  {'MRR': 0.4550786465406418, 'hits@[1,3,10]': tensor([0.3658, 0.4988, 0.6244])}
	 TRAIN:  {'MRR': 0.9999899864196777, 'hits@[1,3,10]': tensor([1.0000, 1.0000, 1.0000])}
	 VALID :  {'MRR': 0.45634156465530396, 'hits@[1,3,10]': tensor([0.3676, 0.4993, 0.6256])}
	 TRAIN:  {'MRR': 1.0, 'hits@[1,3,10]': tensor([1., 1., 1.])}
	 VALID :  {'MRR': 0.45678259432315826, 'hits@[1,3,10]': tensor([0.3689, 0.4989, 0.6252])}
	 TRAIN:  {'MRR': 0.9999899864196777, 'hits@[1,3,10]': tensor([1.0000, 1.0000, 1.0000])}
	 VALID :  {'MRR': 0.45635199546813965, 'hits@[1,3,10]': tensor([0.3674, 0.5001, 0.6254])}
	 TRAIN:  {'MRR': 0.9999899864196777, 'hits@[1,3,10]': tensor([1.0000, 1.0000, 1.0000])}
	 VALID :  {'MRR': 0.45543402433395386, 'hits@[1,3,10]': tensor([0.3666, 0.4980, 0.6255])}
	 TRAIN:  {'MRR': 1.0, 'hits@[1,3,10]': tensor([1., 1., 1.])}
	 VALID :  {'MRR': 0.45588788390159607, 'hits@[1,3,10]': tensor([0.3673, 0.4987, 0.6251])}
	 TRAIN:  {'MRR': 0.9999899864196777, 'hits@[1,3,10]': tensor([1.0000, 1.0000, 1.0000])}
	 VALID :  {'MRR': 0.4555213451385498, 'hits@[1,3,10]': tensor([0.3670, 0.4979, 0.6263])}
	 TRAIN:  {'MRR': 0.9999900460243225, 'hits@[1,3,10]': tensor([1.0000, 1.0000, 1.0000])}
	 VALID :  {'MRR': 0.45664623379707336, 'hits@[1,3,10]': tensor([0.3682, 0.5000, 0.6254])}
	 TRAIN:  {'MRR': 1.0, 'hits@[1,3,10]': tensor([1., 1., 1.])}
	 VALID :  {'MRR': 0.45545826852321625, 'hits@[1,3,10]': tensor([0.3661, 0.4990, 0.6260])}
	 TRAIN:  {'MRR': 1.0, 'hits@[1,3,10]': tensor([1., 1., 1.])}
	 VALID :  {'MRR': 0.4560215026140213, 'hits@[1,3,10]': tensor([0.3673, 0.4997, 0.6257])}
	 TRAIN:  {'MRR': 1.0, 'hits@[1,3,10]': tensor([1., 1., 1.])}
	 VALID :  {'MRR': 0.4568631500005722, 'hits@[1,3,10]': tensor([0.3684, 0.4997, 0.6267])}
	 TRAIN:  {'MRR': 1.0, 'hits@[1,3,10]': tensor([1., 1., 1.])}
	 VALID :  {'MRR': 0.45573608577251434, 'hits@[1,3,10]': tensor([0.3664, 0.4997, 0.6256])}
	 TRAIN:  {'MRR': 0.9999801516532898, 'hits@[1,3,10]': tensor([1.0000, 1.0000, 1.0000])}
	 VALID :  {'MRR': 0.45636631548404694, 'hits@[1,3,10]': tensor([0.3682, 0.4981, 0.6267])}
	 TRAIN:  {'MRR': 1.0, 'hits@[1,3,10]': tensor([1., 1., 1.])}
	 VALID :  {'MRR': 0.4564417451620102, 'hits@[1,3,10]': tensor([0.3679, 0.4980, 0.6265])}
	 TRAIN:  {'MRR': 0.9999801516532898, 'hits@[1,3,10]': tensor([1.0000, 1.0000, 1.0000])}
	 VALID :  {'MRR': 0.456258088350296, 'hits@[1,3,10]': tensor([0.3674, 0.4995, 0.6266])}
	 TRAIN:  {'MRR': 1.0, 'hits@[1,3,10]': tensor([1., 1., 1.])}
	 VALID :  {'MRR': 0.4559483379125595, 'hits@[1,3,10]': tensor([0.3670, 0.4998, 0.6268])}
	 TRAIN:  {'MRR': 0.9999900758266449, 'hits@[1,3,10]': tensor([1.0000, 1.0000, 1.0000])}
	 VALID :  {'MRR': 0.4558178782463074, 'hits@[1,3,10]': tensor([0.3668, 0.4995, 0.6263])}
	 TRAIN:  {'MRR': 1.0, 'hits@[1,3,10]': tensor([1., 1., 1.])}
	 VALID :  {'MRR': 0.4566740393638611, 'hits@[1,3,10]': tensor([0.3683, 0.4988, 0.6271])}
	 TRAIN:  {'MRR': 1.0, 'hits@[1,3,10]': tensor([1., 1., 1.])}
	 VALID :  {'MRR': 0.456172913312912, 'hits@[1,3,10]': tensor([0.3676, 0.4985, 0.6267])}
	 TRAIN:  {'MRR': 0.9999901652336121, 'hits@[1,3,10]': tensor([1.0000, 1.0000, 1.0000])}
	 VALID :  {'MRR': 0.45547056198120117, 'hits@[1,3,10]': tensor([0.3662, 0.4985, 0.6262])}
	 TRAIN:  {'MRR': 0.9999901950359344, 'hits@[1,3,10]': tensor([1.0000, 1.0000, 1.0000])}
	 VALID :  {'MRR': 0.4557689130306244, 'hits@[1,3,10]': tensor([0.3669, 0.4981, 0.6270])}
	 TRAIN:  {'MRR': 1.0, 'hits@[1,3,10]': tensor([1., 1., 1.])}
	 VALID :  {'MRR': 0.45688118040561676, 'hits@[1,3,10]': tensor([0.3685, 0.5002, 0.6266])}
	 TRAIN:  {'MRR': 1.0, 'hits@[1,3,10]': tensor([1., 1., 1.])}
	 VALID :  {'MRR': 0.4555811285972595, 'hits@[1,3,10]': tensor([0.3663, 0.4987, 0.6267])}
	 TRAIN:  {'MRR': 1.0, 'hits@[1,3,10]': tensor([1., 1., 1.])}
	 VALID :  {'MRR': 0.4560171812772751, 'hits@[1,3,10]': tensor([0.3667, 0.4992, 0.6268])}


TEST :  {'MRR': 0.4582681208848953, 'hits@[1,3,10]': tensor([0.3700, 0.5019, 0.6280])}
