{'batch_size': 1000,
 'checkpoint': None,
 'data_shape': (63361, 400, 63361),
 'dataset': 'NELL',
 'decay1': 0.9,
 'decay2': 0.999,
 'eval_only': False,
 'init': 0.001,
 'learning_rate': 0.1,
 'max_epochs': 100,
 'model': 'ComplEx',
 'model_save_schedule': 1000,
 'optimizer': 'Adagrad',
 'path': 'kbc/data/NELL',
 'rank': 200,
 'reg': 0.001,
 'regularizer': 'N3',
 'valid': 3.0}
	 TRAIN:  {'MRR': 0.923598051071167, 'hits@[1,3,10]': tensor([0.8824, 0.9589, 0.9900])}
	 VALID :  {'MRR': 0.4062030166387558, 'hits@[1,3,10]': tensor([0.3168, 0.4474, 0.5811])}
	 TRAIN:  {'MRR': 0.9971159100532532, 'hits@[1,3,10]': tensor([0.9950, 0.9996, 0.9997])}
	 VALID :  {'MRR': 0.42829999327659607, 'hits@[1,3,10]': tensor([0.3394, 0.4709, 0.5986])}
	 TRAIN:  {'MRR': 0.9993932843208313, 'hits@[1,3,10]': tensor([0.9990, 0.9997, 0.9999])}
	 VALID :  {'MRR': 0.43320466578006744, 'hits@[1,3,10]': tensor([0.3456, 0.4748, 0.6024])}
	 TRAIN:  {'MRR': 0.9997949302196503, 'hits@[1,3,10]': tensor([0.9997, 0.9999, 0.9999])}
	 VALID :  {'MRR': 0.434977725148201, 'hits@[1,3,10]': tensor([0.3473, 0.4772, 0.6021])}
	 TRAIN:  {'MRR': 0.9998840391635895, 'hits@[1,3,10]': tensor([0.9998, 0.9999, 0.9999])}
	 VALID :  {'MRR': 0.43819528818130493, 'hits@[1,3,10]': tensor([0.3512, 0.4786, 0.6051])}
	 TRAIN:  {'MRR': 0.9999123513698578, 'hits@[1,3,10]': tensor([0.9999, 0.9999, 1.0000])}
	 VALID :  {'MRR': 0.4385973960161209, 'hits@[1,3,10]': tensor([0.3510, 0.4815, 0.6071])}
	 TRAIN:  {'MRR': 0.9999362230300903, 'hits@[1,3,10]': tensor([0.9999, 0.9999, 1.0000])}
	 VALID :  {'MRR': 0.4383821487426758, 'hits@[1,3,10]': tensor([0.3507, 0.4808, 0.6054])}
	 TRAIN:  {'MRR': 0.9999516904354095, 'hits@[1,3,10]': tensor([0.9999, 1.0000, 1.0000])}
	 VALID :  {'MRR': 0.4392344057559967, 'hits@[1,3,10]': tensor([0.3516, 0.4817, 0.6060])}
	 TRAIN:  {'MRR': 0.9999653697013855, 'hits@[1,3,10]': tensor([0.9999, 1.0000, 1.0000])}
	 VALID :  {'MRR': 0.4395962506532669, 'hits@[1,3,10]': tensor([0.3524, 0.4809, 0.6068])}
	 TRAIN:  {'MRR': 0.9999733567237854, 'hits@[1,3,10]': tensor([0.9999, 1.0000, 1.0000])}
	 VALID :  {'MRR': 0.4398536831140518, 'hits@[1,3,10]': tensor([0.3523, 0.4823, 0.6080])}
	 TRAIN:  {'MRR': 0.9999783337116241, 'hits@[1,3,10]': tensor([1.0000, 1.0000, 1.0000])}
	 VALID :  {'MRR': 0.43999050557613373, 'hits@[1,3,10]': tensor([0.3521, 0.4821, 0.6080])}
	 TRAIN:  {'MRR': 0.9999633431434631, 'hits@[1,3,10]': tensor([0.9999, 1.0000, 1.0000])}
	 VALID :  {'MRR': 0.44066639244556427, 'hits@[1,3,10]': tensor([0.3535, 0.4822, 0.6059])}
	 TRAIN:  {'MRR': 0.999985009431839, 'hits@[1,3,10]': tensor([1.0000, 1.0000, 1.0000])}
	 VALID :  {'MRR': 0.44044163823127747, 'hits@[1,3,10]': tensor([0.3530, 0.4822, 0.6077])}
	 TRAIN:  {'MRR': 0.9999749958515167, 'hits@[1,3,10]': tensor([1.0000, 1.0000, 1.0000])}
	 VALID :  {'MRR': 0.4410286694765091, 'hits@[1,3,10]': tensor([0.3538, 0.4822, 0.6068])}
	 TRAIN:  {'MRR': 0.9999849796295166, 'hits@[1,3,10]': tensor([1.0000, 1.0000, 1.0000])}
	 VALID :  {'MRR': 0.44208914041519165, 'hits@[1,3,10]': tensor([0.3554, 0.4828, 0.6089])}
	 TRAIN:  {'MRR': 0.9999799728393555, 'hits@[1,3,10]': tensor([1.0000, 1.0000, 1.0000])}
	 VALID :  {'MRR': 0.4412798285484314, 'hits@[1,3,10]': tensor([0.3537, 0.4834, 0.6076])}
	 TRAIN:  {'MRR': 0.999985009431839, 'hits@[1,3,10]': tensor([1.0000, 1.0000, 1.0000])}
	 VALID :  {'MRR': 0.4412987530231476, 'hits@[1,3,10]': tensor([0.3543, 0.4829, 0.6083])}
	 TRAIN:  {'MRR': 0.9999849796295166, 'hits@[1,3,10]': tensor([1.0000, 1.0000, 1.0000])}
	 VALID :  {'MRR': 0.4419625401496887, 'hits@[1,3,10]': tensor([0.3554, 0.4832, 0.6082])}
	 TRAIN:  {'MRR': 0.9999800026416779, 'hits@[1,3,10]': tensor([1.0000, 1.0000, 1.0000])}
	 VALID :  {'MRR': 0.4423754960298538, 'hits@[1,3,10]': tensor([0.3559, 0.4844, 0.6082])}
	 TRAIN:  {'MRR': 0.9999899864196777, 'hits@[1,3,10]': tensor([1.0000, 1.0000, 1.0000])}
	 VALID :  {'MRR': 0.44137434661388397, 'hits@[1,3,10]': tensor([0.3545, 0.4819, 0.6090])}
	 TRAIN:  {'MRR': 1.0, 'hits@[1,3,10]': tensor([1., 1., 1.])}
	 VALID :  {'MRR': 0.44152508676052094, 'hits@[1,3,10]': tensor([0.3545, 0.4832, 0.6093])}
	 TRAIN:  {'MRR': 1.0, 'hits@[1,3,10]': tensor([1., 1., 1.])}
	 VALID :  {'MRR': 0.44224517047405243, 'hits@[1,3,10]': tensor([0.3559, 0.4832, 0.6087])}
	 TRAIN:  {'MRR': 0.9999799728393555, 'hits@[1,3,10]': tensor([1.0000, 1.0000, 1.0000])}
	 VALID :  {'MRR': 0.44216494262218475, 'hits@[1,3,10]': tensor([0.3557, 0.4832, 0.6081])}
	 TRAIN:  {'MRR': 0.9999899864196777, 'hits@[1,3,10]': tensor([1.0000, 1.0000, 1.0000])}
	 VALID :  {'MRR': 0.44229258596897125, 'hits@[1,3,10]': tensor([0.3557, 0.4825, 0.6089])}
	 TRAIN:  {'MRR': 1.0, 'hits@[1,3,10]': tensor([1., 1., 1.])}
	 VALID :  {'MRR': 0.44261933863162994, 'hits@[1,3,10]': tensor([0.3564, 0.4841, 0.6092])}
	 TRAIN:  {'MRR': 0.9999800026416779, 'hits@[1,3,10]': tensor([1.0000, 1.0000, 1.0000])}
	 VALID :  {'MRR': 0.4427289366722107, 'hits@[1,3,10]': tensor([0.3562, 0.4833, 0.6092])}
	 TRAIN:  {'MRR': 0.9999899864196777, 'hits@[1,3,10]': tensor([1.0000, 1.0000, 1.0000])}
	 VALID :  {'MRR': 0.44231660664081573, 'hits@[1,3,10]': tensor([0.3557, 0.4837, 0.6095])}
	 TRAIN:  {'MRR': 1.0, 'hits@[1,3,10]': tensor([1., 1., 1.])}
	 VALID :  {'MRR': 0.4419727772474289, 'hits@[1,3,10]': tensor([0.3552, 0.4832, 0.6089])}
	 TRAIN:  {'MRR': 1.0, 'hits@[1,3,10]': tensor([1., 1., 1.])}
	 VALID :  {'MRR': 0.4421365112066269, 'hits@[1,3,10]': tensor([0.3553, 0.4832, 0.6091])}
	 TRAIN:  {'MRR': 1.0, 'hits@[1,3,10]': tensor([1., 1., 1.])}
	 VALID :  {'MRR': 0.4424893409013748, 'hits@[1,3,10]': tensor([0.3558, 0.4834, 0.6094])}
	 TRAIN:  {'MRR': 1.0, 'hits@[1,3,10]': tensor([1., 1., 1.])}
	 VALID :  {'MRR': 0.44316647946834564, 'hits@[1,3,10]': tensor([0.3565, 0.4843, 0.6097])}
	 TRAIN:  {'MRR': 1.0, 'hits@[1,3,10]': tensor([1., 1., 1.])}
	 VALID :  {'MRR': 0.44259384274482727, 'hits@[1,3,10]': tensor([0.3558, 0.4843, 0.6085])}
	 TRAIN:  {'MRR': 1.0, 'hits@[1,3,10]': tensor([1., 1., 1.])}
	 VALID :  {'MRR': 0.4425128251314163, 'hits@[1,3,10]': tensor([0.3558, 0.4833, 0.6097])}


TEST :  {'MRR': 0.4456923007965088, 'hits@[1,3,10]': tensor([0.3600, 0.4876, 0.6111])}
