{'batch_size': 1000,
 'checkpoint': None,
 'data_shape': (14505, 474, 14505),
 'dataset': 'FB15k-237',
 'decay1': 0.9,
 'decay2': 0.999,
 'eval_only': False,
 'init': 0.001,
 'learning_rate': 0.1,
 'max_epochs': 100,
 'model': 'DistMult',
 'model_save_schedule': 1000,
 'optimizer': 'Adagrad',
 'path': 'kbc/data/FB15k-237',
 'rank': 1000,
 'reg': 0.0005,
 'regularizer': 'N3',
 'valid': 3.0}
	 TRAIN:  {'MRR': 0.8613329827785492, 'hits@[1,3,10]': tensor([0.7997, 0.9121, 0.9604])}
	 VALID :  {'MRR': 0.30786293745040894, 'hits@[1,3,10]': tensor([0.2206, 0.3352, 0.4889])}
	 TRAIN:  {'MRR': 0.9657288491725922, 'hits@[1,3,10]': tensor([0.9463, 0.9833, 0.9947])}
	 VALID :  {'MRR': 0.3224344700574875, 'hits@[1,3,10]': tensor([0.2345, 0.3521, 0.5034])}
	 TRAIN:  {'MRR': 0.9859553575515747, 'hits@[1,3,10]': tensor([0.9764, 0.9951, 0.9996])}
	 VALID :  {'MRR': 0.32857295870780945, 'hits@[1,3,10]': tensor([0.2416, 0.3564, 0.5063])}
	 TRAIN:  {'MRR': 0.9891771376132965, 'hits@[1,3,10]': tensor([0.9825, 0.9952, 0.9995])}
	 VALID :  {'MRR': 0.33006905019283295, 'hits@[1,3,10]': tensor([0.2421, 0.3613, 0.5087])}
	 TRAIN:  {'MRR': 0.9905195534229279, 'hits@[1,3,10]': tensor([0.9848, 0.9958, 0.9997])}
	 VALID :  {'MRR': 0.33171381056308746, 'hits@[1,3,10]': tensor([0.2436, 0.3625, 0.5109])}
	 TRAIN:  {'MRR': 0.990703284740448, 'hits@[1,3,10]': tensor([0.9851, 0.9958, 0.9997])}
	 VALID :  {'MRR': 0.33370740711688995, 'hits@[1,3,10]': tensor([0.2469, 0.3638, 0.5094])}
	 TRAIN:  {'MRR': 0.9913306832313538, 'hits@[1,3,10]': tensor([0.9863, 0.9958, 0.9997])}
	 VALID :  {'MRR': 0.3327025771141052, 'hits@[1,3,10]': tensor([0.2452, 0.3635, 0.5114])}
	 TRAIN:  {'MRR': 0.9917159080505371, 'hits@[1,3,10]': tensor([0.9869, 0.9961, 0.9997])}
	 VALID :  {'MRR': 0.3345993012189865, 'hits@[1,3,10]': tensor([0.2471, 0.3650, 0.5113])}
	 TRAIN:  {'MRR': 0.9917755424976349, 'hits@[1,3,10]': tensor([0.9871, 0.9959, 0.9996])}
	 VALID :  {'MRR': 0.3346659243106842, 'hits@[1,3,10]': tensor([0.2468, 0.3655, 0.5114])}
	 TRAIN:  {'MRR': 0.9919944703578949, 'hits@[1,3,10]': tensor([0.9873, 0.9962, 0.9998])}
	 VALID :  {'MRR': 0.3356539458036423, 'hits@[1,3,10]': tensor([0.2488, 0.3650, 0.5125])}
	 TRAIN:  {'MRR': 0.9924105405807495, 'hits@[1,3,10]': tensor([0.9880, 0.9962, 0.9997])}
	 VALID :  {'MRR': 0.33618631958961487, 'hits@[1,3,10]': tensor([0.2489, 0.3657, 0.5135])}
	 TRAIN:  {'MRR': 0.9923440515995026, 'hits@[1,3,10]': tensor([0.9880, 0.9963, 0.9996])}
	 VALID :  {'MRR': 0.3369976580142975, 'hits@[1,3,10]': tensor([0.2500, 0.3665, 0.5137])}
	 TRAIN:  {'MRR': 0.9924605190753937, 'hits@[1,3,10]': tensor([0.9880, 0.9964, 0.9997])}
	 VALID :  {'MRR': 0.3371758311986923, 'hits@[1,3,10]': tensor([0.2499, 0.3681, 0.5137])}
	 TRAIN:  {'MRR': 0.9926912486553192, 'hits@[1,3,10]': tensor([0.9885, 0.9965, 0.9997])}
	 VALID :  {'MRR': 0.337192639708519, 'hits@[1,3,10]': tensor([0.2496, 0.3683, 0.5145])}
	 TRAIN:  {'MRR': 0.99290531873703, 'hits@[1,3,10]': tensor([0.9888, 0.9966, 0.9998])}
	 VALID :  {'MRR': 0.3366042673587799, 'hits@[1,3,10]': tensor([0.2487, 0.3686, 0.5150])}
	 TRAIN:  {'MRR': 0.9925813972949982, 'hits@[1,3,10]': tensor([0.9883, 0.9965, 0.9997])}
	 VALID :  {'MRR': 0.3372313678264618, 'hits@[1,3,10]': tensor([0.2497, 0.3684, 0.5142])}
	 TRAIN:  {'MRR': 0.9927229583263397, 'hits@[1,3,10]': tensor([0.9884, 0.9965, 0.9998])}
	 VALID :  {'MRR': 0.33769501745700836, 'hits@[1,3,10]': tensor([0.2501, 0.3687, 0.5154])}
	 TRAIN:  {'MRR': 0.9930989742279053, 'hits@[1,3,10]': tensor([0.9891, 0.9967, 0.9997])}
	 VALID :  {'MRR': 0.3370509743690491, 'hits@[1,3,10]': tensor([0.2493, 0.3678, 0.5153])}
	 TRAIN:  {'MRR': 0.993096798658371, 'hits@[1,3,10]': tensor([0.9890, 0.9969, 0.9998])}
	 VALID :  {'MRR': 0.33791229128837585, 'hits@[1,3,10]': tensor([0.2504, 0.3695, 0.5150])}
	 TRAIN:  {'MRR': 0.9931611716747284, 'hits@[1,3,10]': tensor([0.9893, 0.9967, 0.9997])}
	 VALID :  {'MRR': 0.3376832753419876, 'hits@[1,3,10]': tensor([0.2505, 0.3677, 0.5142])}
	 TRAIN:  {'MRR': 0.9929795265197754, 'hits@[1,3,10]': tensor([0.9889, 0.9965, 0.9997])}
	 VALID :  {'MRR': 0.3380524516105652, 'hits@[1,3,10]': tensor([0.2508, 0.3681, 0.5161])}
	 TRAIN:  {'MRR': 0.9929778873920441, 'hits@[1,3,10]': tensor([0.9889, 0.9967, 0.9997])}
	 VALID :  {'MRR': 0.3382265418767929, 'hits@[1,3,10]': tensor([0.2513, 0.3695, 0.5153])}
	 TRAIN:  {'MRR': 0.9928715229034424, 'hits@[1,3,10]': tensor([0.9887, 0.9965, 0.9997])}
	 VALID :  {'MRR': 0.338370218873024, 'hits@[1,3,10]': tensor([0.2511, 0.3698, 0.5150])}
	 TRAIN:  {'MRR': 0.9933630228042603, 'hits@[1,3,10]': tensor([0.9895, 0.9967, 0.9998])}
	 VALID :  {'MRR': 0.33864524960517883, 'hits@[1,3,10]': tensor([0.2515, 0.3695, 0.5161])}
	 TRAIN:  {'MRR': 0.993273913860321, 'hits@[1,3,10]': tensor([0.9893, 0.9970, 0.9998])}
	 VALID :  {'MRR': 0.338466614484787, 'hits@[1,3,10]': tensor([0.2513, 0.3683, 0.5155])}
	 TRAIN:  {'MRR': 0.9933255314826965, 'hits@[1,3,10]': tensor([0.9896, 0.9965, 0.9998])}
	 VALID :  {'MRR': 0.3385719358921051, 'hits@[1,3,10]': tensor([0.2517, 0.3687, 0.5147])}
	 TRAIN:  {'MRR': 0.993347555398941, 'hits@[1,3,10]': tensor([0.9894, 0.9969, 0.9998])}
	 VALID :  {'MRR': 0.33851243555545807, 'hits@[1,3,10]': tensor([0.2518, 0.3686, 0.5145])}
	 TRAIN:  {'MRR': 0.9933901131153107, 'hits@[1,3,10]': tensor([0.9897, 0.9966, 0.9997])}
	 VALID :  {'MRR': 0.33824408054351807, 'hits@[1,3,10]': tensor([0.2511, 0.3685, 0.5145])}
	 TRAIN:  {'MRR': 0.9936521053314209, 'hits@[1,3,10]': tensor([0.9899, 0.9968, 0.9997])}
	 VALID :  {'MRR': 0.33880411088466644, 'hits@[1,3,10]': tensor([0.2518, 0.3691, 0.5156])}
	 TRAIN:  {'MRR': 0.9934125542640686, 'hits@[1,3,10]': tensor([0.9896, 0.9967, 0.9998])}
	 VALID :  {'MRR': 0.33850881457328796, 'hits@[1,3,10]': tensor([0.2514, 0.3685, 0.5159])}
	 TRAIN:  {'MRR': 0.9935754537582397, 'hits@[1,3,10]': tensor([0.9898, 0.9967, 0.9997])}
	 VALID :  {'MRR': 0.33879585564136505, 'hits@[1,3,10]': tensor([0.2516, 0.3695, 0.5157])}
	 TRAIN:  {'MRR': 0.9934328198432922, 'hits@[1,3,10]': tensor([0.9896, 0.9968, 0.9997])}
	 VALID :  {'MRR': 0.3388634920120239, 'hits@[1,3,10]': tensor([0.2519, 0.3692, 0.5162])}
	 TRAIN:  {'MRR': 0.9933447539806366, 'hits@[1,3,10]': tensor([0.9894, 0.9967, 0.9997])}
	 VALID :  {'MRR': 0.3386003077030182, 'hits@[1,3,10]': tensor([0.2513, 0.3683, 0.5160])}


TEST :  {'MRR': 0.33276979625225067, 'hits@[1,3,10]': tensor([0.2440, 0.3652, 0.5119])}
