{'batch_size': 500,
 'checkpoint': None,
 'data_shape': (14505, 474, 14505),
 'dataset': 'FB15k-237',
 'decay1': 0.9,
 'decay2': 0.999,
 'eval_only': False,
 'init': 0.001,
 'learning_rate': 0.1,
 'max_epochs': 100,
 'model': 'DistMult',
 'model_save_schedule': 1000,
 'optimizer': 'Adagrad',
 'path': 'kbc/data/FB15k-237',
 'rank': 1000,
 'reg': 0.0005,
 'regularizer': 'N3',
 'valid': 3.0}
	 TRAIN:  {'MRR': 0.8734062910079956, 'hits@[1,3,10]': tensor([0.8173, 0.9206, 0.9630])}
	 VALID :  {'MRR': 0.3114852160215378, 'hits@[1,3,10]': tensor([0.2232, 0.3425, 0.4883])}
	 TRAIN:  {'MRR': 0.9648105502128601, 'hits@[1,3,10]': tensor([0.9444, 0.9834, 0.9943])}
	 VALID :  {'MRR': 0.322397381067276, 'hits@[1,3,10]': tensor([0.2345, 0.3527, 0.5005])}
	 TRAIN:  {'MRR': 0.9828720390796661, 'hits@[1,3,10]': tensor([0.9711, 0.9942, 0.9995])}
	 VALID :  {'MRR': 0.32864509522914886, 'hits@[1,3,10]': tensor([0.2400, 0.3593, 0.5066])}
	 TRAIN:  {'MRR': 0.9865864813327789, 'hits@[1,3,10]': tensor([0.9774, 0.9952, 0.9996])}
	 VALID :  {'MRR': 0.330645352602005, 'hits@[1,3,10]': tensor([0.2425, 0.3623, 0.5088])}
	 TRAIN:  {'MRR': 0.9897315204143524, 'hits@[1,3,10]': tensor([0.9833, 0.9955, 0.9997])}
	 VALID :  {'MRR': 0.3321622908115387, 'hits@[1,3,10]': tensor([0.2436, 0.3643, 0.5108])}
	 TRAIN:  {'MRR': 0.9902775287628174, 'hits@[1,3,10]': tensor([0.9844, 0.9955, 0.9997])}
	 VALID :  {'MRR': 0.3342075049877167, 'hits@[1,3,10]': tensor([0.2463, 0.3659, 0.5124])}
	 TRAIN:  {'MRR': 0.9917877316474915, 'hits@[1,3,10]': tensor([0.9871, 0.9960, 0.9996])}
	 VALID :  {'MRR': 0.33533987402915955, 'hits@[1,3,10]': tensor([0.2473, 0.3655, 0.5122])}
	 TRAIN:  {'MRR': 0.9914529323577881, 'hits@[1,3,10]': tensor([0.9865, 0.9960, 0.9997])}
	 VALID :  {'MRR': 0.3353092819452286, 'hits@[1,3,10]': tensor([0.2474, 0.3663, 0.5131])}
	 TRAIN:  {'MRR': 0.9918888807296753, 'hits@[1,3,10]': tensor([0.9873, 0.9961, 0.9996])}
	 VALID :  {'MRR': 0.3362386077642441, 'hits@[1,3,10]': tensor([0.2480, 0.3683, 0.5142])}
	 TRAIN:  {'MRR': 0.9918887317180634, 'hits@[1,3,10]': tensor([0.9873, 0.9958, 0.9996])}
	 VALID :  {'MRR': 0.3367403447628021, 'hits@[1,3,10]': tensor([0.2487, 0.3690, 0.5147])}
	 TRAIN:  {'MRR': 0.9923033714294434, 'hits@[1,3,10]': tensor([0.9877, 0.9965, 0.9997])}
	 VALID :  {'MRR': 0.33684468269348145, 'hits@[1,3,10]': tensor([0.2489, 0.3681, 0.5143])}
	 TRAIN:  {'MRR': 0.9925738275051117, 'hits@[1,3,10]': tensor([0.9884, 0.9963, 0.9997])}
	 VALID :  {'MRR': 0.3368799537420273, 'hits@[1,3,10]': tensor([0.2486, 0.3691, 0.5140])}
	 TRAIN:  {'MRR': 0.9929478168487549, 'hits@[1,3,10]': tensor([0.9888, 0.9967, 0.9997])}
	 VALID :  {'MRR': 0.3374880254268646, 'hits@[1,3,10]': tensor([0.2493, 0.3693, 0.5150])}
	 TRAIN:  {'MRR': 0.9928548038005829, 'hits@[1,3,10]': tensor([0.9888, 0.9963, 0.9997])}
	 VALID :  {'MRR': 0.33747079968452454, 'hits@[1,3,10]': tensor([0.2499, 0.3685, 0.5154])}
	 TRAIN:  {'MRR': 0.9925523400306702, 'hits@[1,3,10]': tensor([0.9883, 0.9963, 0.9997])}
	 VALID :  {'MRR': 0.337958961725235, 'hits@[1,3,10]': tensor([0.2499, 0.3701, 0.5147])}
	 TRAIN:  {'MRR': 0.9927722811698914, 'hits@[1,3,10]': tensor([0.9885, 0.9966, 0.9997])}
	 VALID :  {'MRR': 0.33833251893520355, 'hits@[1,3,10]': tensor([0.2504, 0.3701, 0.5162])}
	 TRAIN:  {'MRR': 0.9929535388946533, 'hits@[1,3,10]': tensor([0.9889, 0.9966, 0.9997])}
	 VALID :  {'MRR': 0.33828863501548767, 'hits@[1,3,10]': tensor([0.2502, 0.3704, 0.5161])}
	 TRAIN:  {'MRR': 0.9928359389305115, 'hits@[1,3,10]': tensor([0.9888, 0.9964, 0.9997])}
	 VALID :  {'MRR': 0.3381405621767044, 'hits@[1,3,10]': tensor([0.2503, 0.3692, 0.5157])}
	 TRAIN:  {'MRR': 0.9930835962295532, 'hits@[1,3,10]': tensor([0.9890, 0.9968, 0.9996])}
	 VALID :  {'MRR': 0.33832044899463654, 'hits@[1,3,10]': tensor([0.2503, 0.3696, 0.5155])}
	 TRAIN:  {'MRR': 0.9930463433265686, 'hits@[1,3,10]': tensor([0.9890, 0.9967, 0.9998])}
	 VALID :  {'MRR': 0.33800362050533295, 'hits@[1,3,10]': tensor([0.2496, 0.3710, 0.5162])}
	 TRAIN:  {'MRR': 0.9933988451957703, 'hits@[1,3,10]': tensor([0.9896, 0.9968, 0.9998])}
	 VALID :  {'MRR': 0.3386220932006836, 'hits@[1,3,10]': tensor([0.2507, 0.3700, 0.5165])}
	 TRAIN:  {'MRR': 0.9931545555591583, 'hits@[1,3,10]': tensor([0.9893, 0.9965, 0.9997])}
	 VALID :  {'MRR': 0.33885493874549866, 'hits@[1,3,10]': tensor([0.2506, 0.3710, 0.5163])}
	 TRAIN:  {'MRR': 0.9932653307914734, 'hits@[1,3,10]': tensor([0.9893, 0.9967, 0.9997])}
	 VALID :  {'MRR': 0.3387680649757385, 'hits@[1,3,10]': tensor([0.2506, 0.3702, 0.5161])}
	 TRAIN:  {'MRR': 0.9932469129562378, 'hits@[1,3,10]': tensor([0.9894, 0.9967, 0.9997])}
	 VALID :  {'MRR': 0.3386731445789337, 'hits@[1,3,10]': tensor([0.2505, 0.3703, 0.5159])}
	 TRAIN:  {'MRR': 0.9930907785892487, 'hits@[1,3,10]': tensor([0.9891, 0.9966, 0.9997])}
	 VALID :  {'MRR': 0.33865077793598175, 'hits@[1,3,10]': tensor([0.2505, 0.3702, 0.5162])}
	 TRAIN:  {'MRR': 0.9933024048805237, 'hits@[1,3,10]': tensor([0.9895, 0.9966, 0.9997])}
	 VALID :  {'MRR': 0.3383713811635971, 'hits@[1,3,10]': tensor([0.2498, 0.3713, 0.5160])}
	 TRAIN:  {'MRR': 0.9935464560985565, 'hits@[1,3,10]': tensor([0.9897, 0.9969, 0.9998])}
	 VALID :  {'MRR': 0.3388381600379944, 'hits@[1,3,10]': tensor([0.2506, 0.3712, 0.5161])}
	 TRAIN:  {'MRR': 0.9934341311454773, 'hits@[1,3,10]': tensor([0.9896, 0.9969, 0.9998])}
	 VALID :  {'MRR': 0.3394666463136673, 'hits@[1,3,10]': tensor([0.2516, 0.3714, 0.5168])}
	 TRAIN:  {'MRR': 0.9933713674545288, 'hits@[1,3,10]': tensor([0.9896, 0.9967, 0.9999])}
	 VALID :  {'MRR': 0.33934131264686584, 'hits@[1,3,10]': tensor([0.2513, 0.3716, 0.5166])}
	 TRAIN:  {'MRR': 0.9933622777462006, 'hits@[1,3,10]': tensor([0.9893, 0.9971, 0.9998])}
	 VALID :  {'MRR': 0.3391513228416443, 'hits@[1,3,10]': tensor([0.2510, 0.3705, 0.5158])}
	 TRAIN:  {'MRR': 0.993483692407608, 'hits@[1,3,10]': tensor([0.9897, 0.9969, 0.9997])}
	 VALID :  {'MRR': 0.339439257979393, 'hits@[1,3,10]': tensor([0.2515, 0.3711, 0.5157])}
	 TRAIN:  {'MRR': 0.99315145611763, 'hits@[1,3,10]': tensor([0.9892, 0.9967, 0.9997])}
	 VALID :  {'MRR': 0.3392623960971832, 'hits@[1,3,10]': tensor([0.2513, 0.3708, 0.5162])}
	 TRAIN:  {'MRR': 0.9937248528003693, 'hits@[1,3,10]': tensor([0.9901, 0.9971, 0.9998])}
	 VALID :  {'MRR': 0.33938440680503845, 'hits@[1,3,10]': tensor([0.2511, 0.3717, 0.5167])}


TEST :  {'MRR': 0.3335082232952118, 'hits@[1,3,10]': tensor([0.2441, 0.3672, 0.5125])}
