{'batch_size': 500,
 'checkpoint': None,
 'data_shape': (14505, 474, 14505),
 'dataset': 'FB15k-237',
 'decay1': 0.9,
 'decay2': 0.999,
 'eval_only': False,
 'init': 0.001,
 'learning_rate': 0.1,
 'max_epochs': 100,
 'model': 'DistMult',
 'model_save_schedule': 1000,
 'optimizer': 'Adagrad',
 'path': 'kbc/data/FB15k-237',
 'rank': 1000,
 'reg': 0.0001,
 'regularizer': 'N3',
 'valid': 3.0}
	 TRAIN:  {'MRR': 0.8676329553127289, 'hits@[1,3,10]': tensor([0.8095, 0.9165, 0.9602])}
	 VALID :  {'MRR': 0.30942852795124054, 'hits@[1,3,10]': tensor([0.2226, 0.3394, 0.4853])}
	 TRAIN:  {'MRR': 0.9644283652305603, 'hits@[1,3,10]': tensor([0.9440, 0.9827, 0.9951])}
	 VALID :  {'MRR': 0.320288747549057, 'hits@[1,3,10]': tensor([0.2331, 0.3504, 0.4951])}
	 TRAIN:  {'MRR': 0.9827262163162231, 'hits@[1,3,10]': tensor([0.9705, 0.9942, 0.9994])}
	 VALID :  {'MRR': 0.3264020085334778, 'hits@[1,3,10]': tensor([0.2388, 0.3564, 0.5024])}
	 TRAIN:  {'MRR': 0.9863696098327637, 'hits@[1,3,10]': tensor([0.9765, 0.9958, 0.9998])}
	 VALID :  {'MRR': 0.3287471979856491, 'hits@[1,3,10]': tensor([0.2420, 0.3588, 0.5044])}
	 TRAIN:  {'MRR': 0.9875546395778656, 'hits@[1,3,10]': tensor([0.9789, 0.9958, 0.9995])}
	 VALID :  {'MRR': 0.3314838856458664, 'hits@[1,3,10]': tensor([0.2448, 0.3613, 0.5076])}
	 TRAIN:  {'MRR': 0.9884666800498962, 'hits@[1,3,10]': tensor([0.9807, 0.9958, 0.9998])}
	 VALID :  {'MRR': 0.33208227157592773, 'hits@[1,3,10]': tensor([0.2444, 0.3642, 0.5072])}
	 TRAIN:  {'MRR': 0.9885542094707489, 'hits@[1,3,10]': tensor([0.9806, 0.9959, 0.9998])}
	 VALID :  {'MRR': 0.333684578537941, 'hits@[1,3,10]': tensor([0.2463, 0.3663, 0.5086])}
	 TRAIN:  {'MRR': 0.9893344640731812, 'hits@[1,3,10]': tensor([0.9821, 0.9959, 0.9997])}
	 VALID :  {'MRR': 0.334503173828125, 'hits@[1,3,10]': tensor([0.2477, 0.3645, 0.5085])}
	 TRAIN:  {'MRR': 0.989896684885025, 'hits@[1,3,10]': tensor([0.9832, 0.9961, 0.9997])}
	 VALID :  {'MRR': 0.3347580134868622, 'hits@[1,3,10]': tensor([0.2475, 0.3669, 0.5090])}
	 TRAIN:  {'MRR': 0.9895605444908142, 'hits@[1,3,10]': tensor([0.9824, 0.9963, 0.9998])}
	 VALID :  {'MRR': 0.3358473479747772, 'hits@[1,3,10]': tensor([0.2487, 0.3680, 0.5094])}
	 TRAIN:  {'MRR': 0.9920574724674225, 'hits@[1,3,10]': tensor([0.9872, 0.9964, 0.9998])}
	 VALID :  {'MRR': 0.3356744945049286, 'hits@[1,3,10]': tensor([0.2485, 0.3668, 0.5097])}
	 TRAIN:  {'MRR': 0.9925315380096436, 'hits@[1,3,10]': tensor([0.9881, 0.9965, 0.9998])}
	 VALID :  {'MRR': 0.33584459125995636, 'hits@[1,3,10]': tensor([0.2487, 0.3686, 0.5098])}
	 TRAIN:  {'MRR': 0.9926237165927887, 'hits@[1,3,10]': tensor([0.9883, 0.9963, 0.9998])}
	 VALID :  {'MRR': 0.33632221817970276, 'hits@[1,3,10]': tensor([0.2491, 0.3681, 0.5102])}
	 TRAIN:  {'MRR': 0.9925485253334045, 'hits@[1,3,10]': tensor([0.9882, 0.9963, 0.9997])}
	 VALID :  {'MRR': 0.33646051585674286, 'hits@[1,3,10]': tensor([0.2493, 0.3684, 0.5098])}
	 TRAIN:  {'MRR': 0.9929787516593933, 'hits@[1,3,10]': tensor([0.9889, 0.9966, 0.9996])}
	 VALID :  {'MRR': 0.33639584481716156, 'hits@[1,3,10]': tensor([0.2495, 0.3682, 0.5112])}
	 TRAIN:  {'MRR': 0.9932249188423157, 'hits@[1,3,10]': tensor([0.9894, 0.9967, 0.9998])}
	 VALID :  {'MRR': 0.33686117827892303, 'hits@[1,3,10]': tensor([0.2496, 0.3703, 0.5106])}
	 TRAIN:  {'MRR': 0.9932035803794861, 'hits@[1,3,10]': tensor([0.9893, 0.9966, 0.9998])}
	 VALID :  {'MRR': 0.33722469210624695, 'hits@[1,3,10]': tensor([0.2502, 0.3683, 0.5112])}
	 TRAIN:  {'MRR': 0.9929238259792328, 'hits@[1,3,10]': tensor([0.9888, 0.9966, 0.9997])}
	 VALID :  {'MRR': 0.3373127281665802, 'hits@[1,3,10]': tensor([0.2502, 0.3698, 0.5115])}
	 TRAIN:  {'MRR': 0.9934647083282471, 'hits@[1,3,10]': tensor([0.9896, 0.9968, 0.9998])}
	 VALID :  {'MRR': 0.33690614998340607, 'hits@[1,3,10]': tensor([0.2496, 0.3690, 0.5118])}
	 TRAIN:  {'MRR': 0.993153840303421, 'hits@[1,3,10]': tensor([0.9892, 0.9966, 0.9998])}
	 VALID :  {'MRR': 0.33681631088256836, 'hits@[1,3,10]': tensor([0.2489, 0.3695, 0.5109])}
	 TRAIN:  {'MRR': 0.993432492017746, 'hits@[1,3,10]': tensor([0.9896, 0.9969, 0.9998])}
	 VALID :  {'MRR': 0.3382393568754196, 'hits@[1,3,10]': tensor([0.2516, 0.3706, 0.5115])}
	 TRAIN:  {'MRR': 0.9932935833930969, 'hits@[1,3,10]': tensor([0.9895, 0.9967, 0.9997])}
	 VALID :  {'MRR': 0.3371267020702362, 'hits@[1,3,10]': tensor([0.2492, 0.3696, 0.5109])}
	 TRAIN:  {'MRR': 0.9932579696178436, 'hits@[1,3,10]': tensor([0.9893, 0.9967, 0.9998])}
	 VALID :  {'MRR': 0.3380506932735443, 'hits@[1,3,10]': tensor([0.2510, 0.3699, 0.5120])}
	 TRAIN:  {'MRR': 0.9932790696620941, 'hits@[1,3,10]': tensor([0.9894, 0.9970, 0.9998])}
	 VALID :  {'MRR': 0.3375283032655716, 'hits@[1,3,10]': tensor([0.2507, 0.3689, 0.5111])}
	 TRAIN:  {'MRR': 0.9932843446731567, 'hits@[1,3,10]': tensor([0.9894, 0.9968, 0.9997])}
	 VALID :  {'MRR': 0.3381098359823227, 'hits@[1,3,10]': tensor([0.2510, 0.3698, 0.5114])}
	 TRAIN:  {'MRR': 0.9932959675788879, 'hits@[1,3,10]': tensor([0.9893, 0.9969, 0.9997])}
	 VALID :  {'MRR': 0.33870743215084076, 'hits@[1,3,10]': tensor([0.2522, 0.3693, 0.5118])}
	 TRAIN:  {'MRR': 0.9937779605388641, 'hits@[1,3,10]': tensor([0.9902, 0.9970, 0.9998])}
	 VALID :  {'MRR': 0.33821335434913635, 'hits@[1,3,10]': tensor([0.2512, 0.3700, 0.5115])}
	 TRAIN:  {'MRR': 0.9935590028762817, 'hits@[1,3,10]': tensor([0.9898, 0.9970, 0.9998])}
	 VALID :  {'MRR': 0.33811670541763306, 'hits@[1,3,10]': tensor([0.2510, 0.3701, 0.5115])}
	 TRAIN:  {'MRR': 0.9934432804584503, 'hits@[1,3,10]': tensor([0.9896, 0.9969, 0.9998])}
	 VALID :  {'MRR': 0.33864136040210724, 'hits@[1,3,10]': tensor([0.2517, 0.3705, 0.5125])}
	 TRAIN:  {'MRR': 0.9934871196746826, 'hits@[1,3,10]': tensor([0.9895, 0.9972, 0.9998])}
	 VALID :  {'MRR': 0.3387952893972397, 'hits@[1,3,10]': tensor([0.2524, 0.3701, 0.5120])}
	 TRAIN:  {'MRR': 0.9933848977088928, 'hits@[1,3,10]': tensor([0.9895, 0.9968, 0.9997])}
	 VALID :  {'MRR': 0.33844582736492157, 'hits@[1,3,10]': tensor([0.2515, 0.3709, 0.5124])}
	 TRAIN:  {'MRR': 0.9935896098613739, 'hits@[1,3,10]': tensor([0.9898, 0.9970, 0.9998])}
	 VALID :  {'MRR': 0.3383130580186844, 'hits@[1,3,10]': tensor([0.2512, 0.3693, 0.5129])}
	 TRAIN:  {'MRR': 0.9936131238937378, 'hits@[1,3,10]': tensor([0.9899, 0.9969, 0.9999])}
	 VALID :  {'MRR': 0.3385588526725769, 'hits@[1,3,10]': tensor([0.2516, 0.3708, 0.5124])}


TEST :  {'MRR': 0.3331868350505829, 'hits@[1,3,10]': tensor([0.2446, 0.3660, 0.5113])}
