{'batch_size': 100,
 'checkpoint': None,
 'data_shape': (14505, 474, 14505),
 'dataset': 'FB15k-237',
 'decay1': 0.9,
 'decay2': 0.999,
 'eval_only': False,
 'init': 0.001,
 'learning_rate': 0.1,
 'max_epochs': 100,
 'model': 'DistMult',
 'model_save_schedule': 1000,
 'optimizer': 'Adagrad',
 'path': 'kbc/data/FB15k-237',
 'rank': 1000,
 'reg': 0.1,
 'regularizer': 'N3',
 'valid': 3.0}
	 TRAIN:  {'MRR': 0.3530731052160263, 'hits@[1,3,10]': tensor([0.2405, 0.4034, 0.5729])}
	 VALID :  {'MRR': 0.29483796656131744, 'hits@[1,3,10]': tensor([0.2135, 0.3201, 0.4571])}
	 TRAIN:  {'MRR': 0.4072110205888748, 'hits@[1,3,10]': tensor([0.2874, 0.4665, 0.6394])}
	 VALID :  {'MRR': 0.3145231604576111, 'hits@[1,3,10]': tensor([0.2294, 0.3435, 0.4845])}
	 TRAIN:  {'MRR': 0.42425796389579773, 'hits@[1,3,10]': tensor([0.3039, 0.4855, 0.6567])}
	 VALID :  {'MRR': 0.3212451636791229, 'hits@[1,3,10]': tensor([0.2347, 0.3499, 0.4947])}
	 TRAIN:  {'MRR': 0.43018893897533417, 'hits@[1,3,10]': tensor([0.3083, 0.4948, 0.6639])}
	 VALID :  {'MRR': 0.3257894515991211, 'hits@[1,3,10]': tensor([0.2402, 0.3550, 0.5000])}
	 TRAIN:  {'MRR': 0.43800437450408936, 'hits@[1,3,10]': tensor([0.3163, 0.5011, 0.6715])}
	 VALID :  {'MRR': 0.32805036008358, 'hits@[1,3,10]': tensor([0.2402, 0.3586, 0.5027])}
	 TRAIN:  {'MRR': 0.44340114295482635, 'hits@[1,3,10]': tensor([0.3224, 0.5070, 0.6763])}
	 VALID :  {'MRR': 0.33057601749897003, 'hits@[1,3,10]': tensor([0.2444, 0.3600, 0.5037])}
	 TRAIN:  {'MRR': 0.4427027404308319, 'hits@[1,3,10]': tensor([0.3215, 0.5069, 0.6751])}
	 VALID :  {'MRR': 0.3318038135766983, 'hits@[1,3,10]': tensor([0.2457, 0.3623, 0.5041])}
	 TRAIN:  {'MRR': 0.446169838309288, 'hits@[1,3,10]': tensor([0.3241, 0.5107, 0.6791])}
	 VALID :  {'MRR': 0.3316242843866348, 'hits@[1,3,10]': tensor([0.2435, 0.3614, 0.5076])}
	 TRAIN:  {'MRR': 0.4481937736272812, 'hits@[1,3,10]': tensor([0.3261, 0.5129, 0.6811])}
	 VALID :  {'MRR': 0.3334138095378876, 'hits@[1,3,10]': tensor([0.2470, 0.3628, 0.5077])}
	 TRAIN:  {'MRR': 0.44976775348186493, 'hits@[1,3,10]': tensor([0.3276, 0.5161, 0.6831])}
	 VALID :  {'MRR': 0.33403144776821136, 'hits@[1,3,10]': tensor([0.2468, 0.3653, 0.5088])}
	 TRAIN:  {'MRR': 0.4556782841682434, 'hits@[1,3,10]': tensor([0.3329, 0.5233, 0.6891])}
	 VALID :  {'MRR': 0.3343467563390732, 'hits@[1,3,10]': tensor([0.2473, 0.3647, 0.5086])}
	 TRAIN:  {'MRR': 0.45190319418907166, 'hits@[1,3,10]': tensor([0.3289, 0.5190, 0.6854])}
	 VALID :  {'MRR': 0.3346969187259674, 'hits@[1,3,10]': tensor([0.2476, 0.3661, 0.5096])}
	 TRAIN:  {'MRR': 0.4560497999191284, 'hits@[1,3,10]': tensor([0.3341, 0.5218, 0.6885])}
	 VALID :  {'MRR': 0.33474625647068024, 'hits@[1,3,10]': tensor([0.2476, 0.3643, 0.5095])}
	 TRAIN:  {'MRR': 0.45528265833854675, 'hits@[1,3,10]': tensor([0.3328, 0.5226, 0.6877])}
	 VALID :  {'MRR': 0.3341358006000519, 'hits@[1,3,10]': tensor([0.2467, 0.3635, 0.5093])}
	 TRAIN:  {'MRR': 0.4584703594446182, 'hits@[1,3,10]': tensor([0.3353, 0.5257, 0.6939])}
	 VALID :  {'MRR': 0.33455953001976013, 'hits@[1,3,10]': tensor([0.2471, 0.3649, 0.5103])}
	 TRAIN:  {'MRR': 0.4574699252843857, 'hits@[1,3,10]': tensor([0.3352, 0.5247, 0.6905])}
	 VALID :  {'MRR': 0.3348982483148575, 'hits@[1,3,10]': tensor([0.2477, 0.3650, 0.5096])}
	 TRAIN:  {'MRR': 0.45894762873649597, 'hits@[1,3,10]': tensor([0.3374, 0.5239, 0.6916])}
	 VALID :  {'MRR': 0.3360871523618698, 'hits@[1,3,10]': tensor([0.2495, 0.3658, 0.5119])}
	 TRAIN:  {'MRR': 0.46151427924633026, 'hits@[1,3,10]': tensor([0.3386, 0.5300, 0.6931])}
	 VALID :  {'MRR': 0.335897833108902, 'hits@[1,3,10]': tensor([0.2487, 0.3665, 0.5108])}
	 TRAIN:  {'MRR': 0.45817945897579193, 'hits@[1,3,10]': tensor([0.3356, 0.5239, 0.6932])}
	 VALID :  {'MRR': 0.3360094726085663, 'hits@[1,3,10]': tensor([0.2490, 0.3661, 0.5105])}
	 TRAIN:  {'MRR': 0.4584643542766571, 'hits@[1,3,10]': tensor([0.3361, 0.5245, 0.6916])}
	 VALID :  {'MRR': 0.33637042343616486, 'hits@[1,3,10]': tensor([0.2496, 0.3657, 0.5114])}
	 TRAIN:  {'MRR': 0.46290910243988037, 'hits@[1,3,10]': tensor([0.3411, 0.5290, 0.6944])}
	 VALID :  {'MRR': 0.3367854803800583, 'hits@[1,3,10]': tensor([0.2500, 0.3664, 0.5114])}
	 TRAIN:  {'MRR': 0.4609723538160324, 'hits@[1,3,10]': tensor([0.3389, 0.5273, 0.6944])}
	 VALID :  {'MRR': 0.33704058825969696, 'hits@[1,3,10]': tensor([0.2503, 0.3675, 0.5118])}
	 TRAIN:  {'MRR': 0.46042247116565704, 'hits@[1,3,10]': tensor([0.3375, 0.5282, 0.6926])}
	 VALID :  {'MRR': 0.336050420999527, 'hits@[1,3,10]': tensor([0.2483, 0.3666, 0.5124])}
	 TRAIN:  {'MRR': 0.4634939730167389, 'hits@[1,3,10]': tensor([0.3412, 0.5301, 0.6967])}
	 VALID :  {'MRR': 0.3368621915578842, 'hits@[1,3,10]': tensor([0.2503, 0.3659, 0.5128])}
	 TRAIN:  {'MRR': 0.46301011741161346, 'hits@[1,3,10]': tensor([0.3395, 0.5306, 0.6962])}
	 VALID :  {'MRR': 0.3372301608324051, 'hits@[1,3,10]': tensor([0.2505, 0.3670, 0.5126])}
	 TRAIN:  {'MRR': 0.4649413675069809, 'hits@[1,3,10]': tensor([0.3421, 0.5324, 0.6970])}
	 VALID :  {'MRR': 0.3366009593009949, 'hits@[1,3,10]': tensor([0.2493, 0.3671, 0.5134])}
	 TRAIN:  {'MRR': 0.4645068198442459, 'hits@[1,3,10]': tensor([0.3427, 0.5304, 0.6973])}
	 VALID :  {'MRR': 0.3372731953859329, 'hits@[1,3,10]': tensor([0.2502, 0.3682, 0.5122])}
	 TRAIN:  {'MRR': 0.46464820206165314, 'hits@[1,3,10]': tensor([0.3420, 0.5317, 0.6973])}
	 VALID :  {'MRR': 0.33730703592300415, 'hits@[1,3,10]': tensor([0.2501, 0.3680, 0.5141])}
	 TRAIN:  {'MRR': 0.46331800520420074, 'hits@[1,3,10]': tensor([0.3412, 0.5300, 0.6955])}
	 VALID :  {'MRR': 0.3378602862358093, 'hits@[1,3,10]': tensor([0.2515, 0.3672, 0.5124])}
	 TRAIN:  {'MRR': 0.4651445746421814, 'hits@[1,3,10]': tensor([0.3423, 0.5331, 0.6976])}
	 VALID :  {'MRR': 0.3381168693304062, 'hits@[1,3,10]': tensor([0.2515, 0.3679, 0.5135])}
	 TRAIN:  {'MRR': 0.46321679651737213, 'hits@[1,3,10]': tensor([0.3415, 0.5289, 0.6955])}
	 VALID :  {'MRR': 0.337489515542984, 'hits@[1,3,10]': tensor([0.2507, 0.3667, 0.5131])}
	 TRAIN:  {'MRR': 0.4656612426042557, 'hits@[1,3,10]': tensor([0.3434, 0.5324, 0.6987])}
	 VALID :  {'MRR': 0.3378075957298279, 'hits@[1,3,10]': tensor([0.2513, 0.3680, 0.5137])}
	 TRAIN:  {'MRR': 0.4660978615283966, 'hits@[1,3,10]': tensor([0.3436, 0.5335, 0.6991])}
	 VALID :  {'MRR': 0.33719685673713684, 'hits@[1,3,10]': tensor([0.2503, 0.3670, 0.5130])}


TEST :  {'MRR': 0.33414721488952637, 'hits@[1,3,10]': tensor([0.2459, 0.3652, 0.5120])}
