{'batch_size': 1000,
 'checkpoint': None,
 'data_shape': (14505, 474, 14505),
 'dataset': 'FB15k-237',
 'decay1': 0.9,
 'decay2': 0.999,
 'eval_only': False,
 'init': 0.001,
 'learning_rate': 0.1,
 'max_epochs': 100,
 'model': 'DistMult',
 'model_save_schedule': 1000,
 'optimizer': 'Adagrad',
 'path': 'kbc/data/FB15k-237',
 'rank': 1000,
 'reg': 0.1,
 'regularizer': 'N3',
 'valid': 3.0}
	 TRAIN:  {'MRR': 0.34825269877910614, 'hits@[1,3,10]': tensor([0.2352, 0.4003, 0.5683])}
	 VALID :  {'MRR': 0.29059843719005585, 'hits@[1,3,10]': tensor([0.2081, 0.3168, 0.4555])}
	 TRAIN:  {'MRR': 0.4041382074356079, 'hits@[1,3,10]': tensor([0.2843, 0.4643, 0.6357])}
	 VALID :  {'MRR': 0.3145463764667511, 'hits@[1,3,10]': tensor([0.2305, 0.3425, 0.4837])}
	 TRAIN:  {'MRR': 0.42205727100372314, 'hits@[1,3,10]': tensor([0.3011, 0.4834, 0.6557])}
	 VALID :  {'MRR': 0.32133275270462036, 'hits@[1,3,10]': tensor([0.2352, 0.3506, 0.4914])}
	 TRAIN:  {'MRR': 0.431514635682106, 'hits@[1,3,10]': tensor([0.3103, 0.4950, 0.6648])}
	 VALID :  {'MRR': 0.32560548186302185, 'hits@[1,3,10]': tensor([0.2395, 0.3551, 0.4966])}
	 TRAIN:  {'MRR': 0.43857714533805847, 'hits@[1,3,10]': tensor([0.3173, 0.5024, 0.6712])}
	 VALID :  {'MRR': 0.3267507702112198, 'hits@[1,3,10]': tensor([0.2411, 0.3542, 0.5000])}
	 TRAIN:  {'MRR': 0.44310495257377625, 'hits@[1,3,10]': tensor([0.3206, 0.5080, 0.6783])}
	 VALID :  {'MRR': 0.3279285579919815, 'hits@[1,3,10]': tensor([0.2401, 0.3600, 0.5006])}
	 TRAIN:  {'MRR': 0.44567230343818665, 'hits@[1,3,10]': tensor([0.3242, 0.5100, 0.6796])}
	 VALID :  {'MRR': 0.32940518856048584, 'hits@[1,3,10]': tensor([0.2422, 0.3604, 0.5047])}
	 TRAIN:  {'MRR': 0.4455697685480118, 'hits@[1,3,10]': tensor([0.3227, 0.5109, 0.6806])}
	 VALID :  {'MRR': 0.3299998641014099, 'hits@[1,3,10]': tensor([0.2427, 0.3590, 0.5049])}
	 TRAIN:  {'MRR': 0.4501063674688339, 'hits@[1,3,10]': tensor([0.3271, 0.5168, 0.6855])}
	 VALID :  {'MRR': 0.33087269961833954, 'hits@[1,3,10]': tensor([0.2439, 0.3604, 0.5042])}
	 TRAIN:  {'MRR': 0.44890427589416504, 'hits@[1,3,10]': tensor([0.3259, 0.5155, 0.6836])}
	 VALID :  {'MRR': 0.3319180905818939, 'hits@[1,3,10]': tensor([0.2446, 0.3612, 0.5052])}
	 TRAIN:  {'MRR': 0.44959181547164917, 'hits@[1,3,10]': tensor([0.3279, 0.5152, 0.6817])}
	 VALID :  {'MRR': 0.3327524811029434, 'hits@[1,3,10]': tensor([0.2456, 0.3634, 0.5075])}
	 TRAIN:  {'MRR': 0.4524748921394348, 'hits@[1,3,10]': tensor([0.3295, 0.5187, 0.6877])}
	 VALID :  {'MRR': 0.33304497599601746, 'hits@[1,3,10]': tensor([0.2457, 0.3635, 0.5068])}
	 TRAIN:  {'MRR': 0.45361560583114624, 'hits@[1,3,10]': tensor([0.3315, 0.5197, 0.6867])}
	 VALID :  {'MRR': 0.333760529756546, 'hits@[1,3,10]': tensor([0.2472, 0.3640, 0.5065])}
	 TRAIN:  {'MRR': 0.4551533907651901, 'hits@[1,3,10]': tensor([0.3336, 0.5190, 0.6879])}
	 VALID :  {'MRR': 0.33434663712978363, 'hits@[1,3,10]': tensor([0.2470, 0.3643, 0.5084])}
	 TRAIN:  {'MRR': 0.4550023823976517, 'hits@[1,3,10]': tensor([0.3334, 0.5209, 0.6861])}
	 VALID :  {'MRR': 0.3328234404325485, 'hits@[1,3,10]': tensor([0.2449, 0.3636, 0.5075])}
	 TRAIN:  {'MRR': 0.4569651186466217, 'hits@[1,3,10]': tensor([0.3332, 0.5241, 0.6928])}
	 VALID :  {'MRR': 0.33512383699417114, 'hits@[1,3,10]': tensor([0.2479, 0.3651, 0.5097])}
	 TRAIN:  {'MRR': 0.4560028165578842, 'hits@[1,3,10]': tensor([0.3329, 0.5229, 0.6914])}
	 VALID :  {'MRR': 0.334448978304863, 'hits@[1,3,10]': tensor([0.2468, 0.3669, 0.5088])}
	 TRAIN:  {'MRR': 0.4598855972290039, 'hits@[1,3,10]': tensor([0.3381, 0.5263, 0.6917])}
	 VALID :  {'MRR': 0.33345527946949005, 'hits@[1,3,10]': tensor([0.2456, 0.3651, 0.5089])}
	 TRAIN:  {'MRR': 0.45891182124614716, 'hits@[1,3,10]': tensor([0.3362, 0.5253, 0.6925])}
	 VALID :  {'MRR': 0.33532294631004333, 'hits@[1,3,10]': tensor([0.2482, 0.3651, 0.5104])}
	 TRAIN:  {'MRR': 0.4603378623723984, 'hits@[1,3,10]': tensor([0.3382, 0.5263, 0.6935])}
	 VALID :  {'MRR': 0.3342052400112152, 'hits@[1,3,10]': tensor([0.2468, 0.3646, 0.5085])}
	 TRAIN:  {'MRR': 0.46017222106456757, 'hits@[1,3,10]': tensor([0.3377, 0.5264, 0.6936])}
	 VALID :  {'MRR': 0.3357219994068146, 'hits@[1,3,10]': tensor([0.2483, 0.3674, 0.5099])}
	 TRAIN:  {'MRR': 0.45909085869789124, 'hits@[1,3,10]': tensor([0.3350, 0.5281, 0.6952])}
	 VALID :  {'MRR': 0.3358200937509537, 'hits@[1,3,10]': tensor([0.2487, 0.3667, 0.5104])}
	 TRAIN:  {'MRR': 0.46092166006565094, 'hits@[1,3,10]': tensor([0.3388, 0.5276, 0.6937])}
	 VALID :  {'MRR': 0.33523744344711304, 'hits@[1,3,10]': tensor([0.2479, 0.3663, 0.5102])}
	 TRAIN:  {'MRR': 0.4606463611125946, 'hits@[1,3,10]': tensor([0.3380, 0.5272, 0.6938])}
	 VALID :  {'MRR': 0.3355880677700043, 'hits@[1,3,10]': tensor([0.2484, 0.3671, 0.5105])}
	 TRAIN:  {'MRR': 0.46067066490650177, 'hits@[1,3,10]': tensor([0.3376, 0.5283, 0.6935])}
	 VALID :  {'MRR': 0.33630940318107605, 'hits@[1,3,10]': tensor([0.2494, 0.3672, 0.5104])}
	 TRAIN:  {'MRR': 0.4615523964166641, 'hits@[1,3,10]': tensor([0.3383, 0.5293, 0.6963])}
	 VALID :  {'MRR': 0.3354637175798416, 'hits@[1,3,10]': tensor([0.2477, 0.3675, 0.5106])}
	 TRAIN:  {'MRR': 0.46405644714832306, 'hits@[1,3,10]': tensor([0.3411, 0.5313, 0.6980])}
	 VALID :  {'MRR': 0.3361453264951706, 'hits@[1,3,10]': tensor([0.2488, 0.3671, 0.5109])}
	 TRAIN:  {'MRR': 0.459706112742424, 'hits@[1,3,10]': tensor([0.3377, 0.5246, 0.6939])}
	 VALID :  {'MRR': 0.3361411839723587, 'hits@[1,3,10]': tensor([0.2490, 0.3667, 0.5108])}
	 TRAIN:  {'MRR': 0.4618493914604187, 'hits@[1,3,10]': tensor([0.3399, 0.5270, 0.6945])}
	 VALID :  {'MRR': 0.33625631034374237, 'hits@[1,3,10]': tensor([0.2482, 0.3679, 0.5108])}
	 TRAIN:  {'MRR': 0.4642300307750702, 'hits@[1,3,10]': tensor([0.3417, 0.5303, 0.6984])}
	 VALID :  {'MRR': 0.33607272803783417, 'hits@[1,3,10]': tensor([0.2485, 0.3663, 0.5102])}
	 TRAIN:  {'MRR': 0.4631262719631195, 'hits@[1,3,10]': tensor([0.3403, 0.5295, 0.6984])}
	 VALID :  {'MRR': 0.3362324833869934, 'hits@[1,3,10]': tensor([0.2489, 0.3670, 0.5124])}
	 TRAIN:  {'MRR': 0.46252648532390594, 'hits@[1,3,10]': tensor([0.3399, 0.5296, 0.6960])}
	 VALID :  {'MRR': 0.3360805809497833, 'hits@[1,3,10]': tensor([0.2485, 0.3667, 0.5106])}
	 TRAIN:  {'MRR': 0.4658154547214508, 'hits@[1,3,10]': tensor([0.3433, 0.5327, 0.6996])}
	 VALID :  {'MRR': 0.3365896940231323, 'hits@[1,3,10]': tensor([0.2497, 0.3677, 0.5106])}


TEST :  {'MRR': 0.33272984623908997, 'hits@[1,3,10]': tensor([0.2437, 0.3648, 0.5120])}
