{'batch_size': 500,
 'checkpoint': None,
 'data_shape': (14505, 474, 14505),
 'dataset': 'FB15k-237',
 'decay1': 0.9,
 'decay2': 0.999,
 'eval_only': False,
 'init': 0.001,
 'learning_rate': 0.1,
 'max_epochs': 100,
 'model': 'DistMult',
 'model_save_schedule': 1000,
 'optimizer': 'Adagrad',
 'path': 'kbc/data/FB15k-237',
 'rank': 1000,
 'reg': 0.05,
 'regularizer': 'N3',
 'valid': 3.0}
	 TRAIN:  {'MRR': 0.5198807120323181, 'hits@[1,3,10]': tensor([0.3931, 0.5965, 0.7563])}
	 VALID :  {'MRR': 0.3338374048471451, 'hits@[1,3,10]': tensor([0.2450, 0.3656, 0.5106])}
	 TRAIN:  {'MRR': 0.6128580570220947, 'hits@[1,3,10]': tensor([0.4954, 0.6907, 0.8252])}
	 VALID :  {'MRR': 0.3489059954881668, 'hits@[1,3,10]': tensor([0.2574, 0.3817, 0.5331])}
	 TRAIN:  {'MRR': 0.6468668580055237, 'hits@[1,3,10]': tensor([0.5360, 0.7202, 0.8468])}
	 VALID :  {'MRR': 0.35338541865348816, 'hits@[1,3,10]': tensor([0.2600, 0.3886, 0.5410])}
	 TRAIN:  {'MRR': 0.6651766002178192, 'hits@[1,3,10]': tensor([0.5573, 0.7378, 0.8586])}
	 VALID :  {'MRR': 0.3553074598312378, 'hits@[1,3,10]': tensor([0.2614, 0.3907, 0.5443])}
	 TRAIN:  {'MRR': 0.6787876486778259, 'hits@[1,3,10]': tensor([0.5745, 0.7483, 0.8656])}
	 VALID :  {'MRR': 0.3576369434595108, 'hits@[1,3,10]': tensor([0.2650, 0.3900, 0.5462])}
	 TRAIN:  {'MRR': 0.6846783757209778, 'hits@[1,3,10]': tensor([0.5815, 0.7546, 0.8692])}
	 VALID :  {'MRR': 0.35710345208644867, 'hits@[1,3,10]': tensor([0.2629, 0.3914, 0.5472])}
	 TRAIN:  {'MRR': 0.6946159899234772, 'hits@[1,3,10]': tensor([0.5931, 0.7629, 0.8753])}
	 VALID :  {'MRR': 0.35959893465042114, 'hits@[1,3,10]': tensor([0.2669, 0.3924, 0.5477])}
	 TRAIN:  {'MRR': 0.6981114745140076, 'hits@[1,3,10]': tensor([0.5974, 0.7670, 0.8773])}
	 VALID :  {'MRR': 0.3594678193330765, 'hits@[1,3,10]': tensor([0.2659, 0.3924, 0.5482])}
	 TRAIN:  {'MRR': 0.7013103067874908, 'hits@[1,3,10]': tensor([0.6021, 0.7680, 0.8778])}
	 VALID :  {'MRR': 0.35985299944877625, 'hits@[1,3,10]': tensor([0.2662, 0.3944, 0.5485])}
	 TRAIN:  {'MRR': 0.7072604298591614, 'hits@[1,3,10]': tensor([0.6081, 0.7746, 0.8828])}
	 VALID :  {'MRR': 0.3604009449481964, 'hits@[1,3,10]': tensor([0.2671, 0.3940, 0.5483])}
	 TRAIN:  {'MRR': 0.706427663564682, 'hits@[1,3,10]': tensor([0.6070, 0.7752, 0.8823])}
	 VALID :  {'MRR': 0.360124334692955, 'hits@[1,3,10]': tensor([0.2663, 0.3966, 0.5490])}
	 TRAIN:  {'MRR': 0.7108201086521149, 'hits@[1,3,10]': tensor([0.6118, 0.7810, 0.8854])}
	 VALID :  {'MRR': 0.3610343039035797, 'hits@[1,3,10]': tensor([0.2668, 0.3978, 0.5509])}
	 TRAIN:  {'MRR': 0.7128599584102631, 'hits@[1,3,10]': tensor([0.6146, 0.7810, 0.8864])}
	 VALID :  {'MRR': 0.3611445426940918, 'hits@[1,3,10]': tensor([0.2678, 0.3952, 0.5500])}
	 TRAIN:  {'MRR': 0.7142322361469269, 'hits@[1,3,10]': tensor([0.6168, 0.7808, 0.8874])}
	 VALID :  {'MRR': 0.3613486588001251, 'hits@[1,3,10]': tensor([0.2680, 0.3953, 0.5513])}
	 TRAIN:  {'MRR': 0.7177741527557373, 'hits@[1,3,10]': tensor([0.6210, 0.7841, 0.8875])}
	 VALID :  {'MRR': 0.3611092120409012, 'hits@[1,3,10]': tensor([0.2679, 0.3951, 0.5502])}
	 TRAIN:  {'MRR': 0.7174995243549347, 'hits@[1,3,10]': tensor([0.6220, 0.7832, 0.8870])}
	 VALID :  {'MRR': 0.36072632670402527, 'hits@[1,3,10]': tensor([0.2669, 0.3953, 0.5497])}
	 TRAIN:  {'MRR': 0.7190450727939606, 'hits@[1,3,10]': tensor([0.6232, 0.7846, 0.8891])}
	 VALID :  {'MRR': 0.36117638647556305, 'hits@[1,3,10]': tensor([0.2676, 0.3957, 0.5500])}
	 TRAIN:  {'MRR': 0.7182828783988953, 'hits@[1,3,10]': tensor([0.6224, 0.7834, 0.8886])}
	 VALID :  {'MRR': 0.36141036450862885, 'hits@[1,3,10]': tensor([0.2684, 0.3952, 0.5502])}
	 TRAIN:  {'MRR': 0.7220796346664429, 'hits@[1,3,10]': tensor([0.6268, 0.7876, 0.8911])}
	 VALID :  {'MRR': 0.36206328868865967, 'hits@[1,3,10]': tensor([0.2689, 0.3957, 0.5500])}
	 TRAIN:  {'MRR': 0.7225203812122345, 'hits@[1,3,10]': tensor([0.6269, 0.7881, 0.8924])}
	 VALID :  {'MRR': 0.3617312163114548, 'hits@[1,3,10]': tensor([0.2683, 0.3948, 0.5510])}
	 TRAIN:  {'MRR': 0.7228691279888153, 'hits@[1,3,10]': tensor([0.6268, 0.7885, 0.8922])}
	 VALID :  {'MRR': 0.3618506044149399, 'hits@[1,3,10]': tensor([0.2687, 0.3950, 0.5513])}
	 TRAIN:  {'MRR': 0.7244889736175537, 'hits@[1,3,10]': tensor([0.6291, 0.7906, 0.8914])}
	 VALID :  {'MRR': 0.36232031881809235, 'hits@[1,3,10]': tensor([0.2694, 0.3955, 0.5512])}
	 TRAIN:  {'MRR': 0.725111573934555, 'hits@[1,3,10]': tensor([0.6300, 0.7902, 0.8927])}
	 VALID :  {'MRR': 0.3619476705789566, 'hits@[1,3,10]': tensor([0.2689, 0.3950, 0.5514])}
	 TRAIN:  {'MRR': 0.7302613854408264, 'hits@[1,3,10]': tensor([0.6380, 0.7928, 0.8952])}
	 VALID :  {'MRR': 0.36165784299373627, 'hits@[1,3,10]': tensor([0.2684, 0.3957, 0.5510])}
	 TRAIN:  {'MRR': 0.7273070812225342, 'hits@[1,3,10]': tensor([0.6328, 0.7930, 0.8945])}
	 VALID :  {'MRR': 0.36225426197052, 'hits@[1,3,10]': tensor([0.2695, 0.3965, 0.5510])}
	 TRAIN:  {'MRR': 0.7292755246162415, 'hits@[1,3,10]': tensor([0.6357, 0.7932, 0.8959])}
	 VALID :  {'MRR': 0.3619441092014313, 'hits@[1,3,10]': tensor([0.2688, 0.3952, 0.5513])}
	 TRAIN:  {'MRR': 0.728879302740097, 'hits@[1,3,10]': tensor([0.6346, 0.7950, 0.8953])}
	 VALID :  {'MRR': 0.3615947514772415, 'hits@[1,3,10]': tensor([0.2679, 0.3953, 0.5512])}
	 TRAIN:  {'MRR': 0.7317566275596619, 'hits@[1,3,10]': tensor([0.6389, 0.7960, 0.8961])}
	 VALID :  {'MRR': 0.36220499873161316, 'hits@[1,3,10]': tensor([0.2693, 0.3947, 0.5526])}
	 TRAIN:  {'MRR': 0.7311078011989594, 'hits@[1,3,10]': tensor([0.6378, 0.7952, 0.8964])}
	 VALID :  {'MRR': 0.36263442039489746, 'hits@[1,3,10]': tensor([0.2695, 0.3958, 0.5513])}
	 TRAIN:  {'MRR': 0.732030600309372, 'hits@[1,3,10]': tensor([0.6383, 0.7971, 0.8982])}
	 VALID :  {'MRR': 0.3621077835559845, 'hits@[1,3,10]': tensor([0.2689, 0.3956, 0.5517])}
	 TRAIN:  {'MRR': 0.7315738499164581, 'hits@[1,3,10]': tensor([0.6381, 0.7957, 0.8975])}
	 VALID :  {'MRR': 0.36194702982902527, 'hits@[1,3,10]': tensor([0.2683, 0.3952, 0.5513])}
	 TRAIN:  {'MRR': 0.7302014827728271, 'hits@[1,3,10]': tensor([0.6363, 0.7942, 0.8964])}
	 VALID :  {'MRR': 0.36188285052776337, 'hits@[1,3,10]': tensor([0.2685, 0.3950, 0.5518])}
	 TRAIN:  {'MRR': 0.7332704067230225, 'hits@[1,3,10]': tensor([0.6396, 0.7976, 0.8991])}
	 VALID :  {'MRR': 0.3623783737421036, 'hits@[1,3,10]': tensor([0.2692, 0.3950, 0.5513])}


TEST :  {'MRR': 0.35637298226356506, 'hits@[1,3,10]': tensor([0.2623, 0.3898, 0.5470])}
