{'batch_size': 500,
 'checkpoint': None,
 'data_shape': (14505, 474, 14505),
 'dataset': 'FB15k-237',
 'decay1': 0.9,
 'decay2': 0.999,
 'eval_only': False,
 'init': 0.001,
 'learning_rate': 0.1,
 'max_epochs': 100,
 'model': 'DistMult',
 'model_save_schedule': 1000,
 'optimizer': 'Adagrad',
 'path': 'kbc/data/FB15k-237',
 'rank': 1000,
 'reg': 0.5,
 'regularizer': 'N3',
 'valid': 3.0}
	 TRAIN:  {'MRR': 0.007611599517986178, 'hits@[1,3,10]': tensor([0.0005, 0.0017, 0.0161])}
	 VALID :  {'MRR': 0.005926761077716947, 'hits@[1,3,10]': tensor([0.0007, 0.0009, 0.0064])}
	 TRAIN:  {'MRR': 0.005369660444557667, 'hits@[1,3,10]': tensor([0.0005, 0.0012, 0.0156])}
	 VALID :  {'MRR': 0.0046986781526356936, 'hits@[1,3,10]': tensor([0.0005, 0.0013, 0.0052])}
	 TRAIN:  {'MRR': 0.004584006732329726, 'hits@[1,3,10]': tensor([0.0003, 0.0008, 0.0089])}
	 VALID :  {'MRR': 0.004331585019826889, 'hits@[1,3,10]': tensor([0.0005, 0.0010, 0.0050])}
	 TRAIN:  {'MRR': 0.004565279232338071, 'hits@[1,3,10]': tensor([0.0003, 0.0010, 0.0064])}
	 VALID :  {'MRR': 0.004111032467335463, 'hits@[1,3,10]': tensor([0.0004, 0.0010, 0.0050])}
	 TRAIN:  {'MRR': 0.004708442836999893, 'hits@[1,3,10]': tensor([0.0002, 0.0008, 0.0121])}
	 VALID :  {'MRR': 0.004828158766031265, 'hits@[1,3,10]': tensor([0.0004, 0.0010, 0.0140])}
	 TRAIN:  {'MRR': 0.004530061036348343, 'hits@[1,3,10]': tensor([0.0003, 0.0006, 0.0073])}
	 VALID :  {'MRR': 0.004363653715699911, 'hits@[1,3,10]': tensor([0.0005, 0.0010, 0.0048])}
	 TRAIN:  {'MRR': 0.004335610894486308, 'hits@[1,3,10]': tensor([0.0002, 0.0006, 0.0098])}
	 VALID :  {'MRR': 0.004063096595928073, 'hits@[1,3,10]': tensor([0.0004, 0.0010, 0.0025])}
	 TRAIN:  {'MRR': 0.004659221041947603, 'hits@[1,3,10]': tensor([0.0005, 0.0008, 0.0085])}
	 VALID :  {'MRR': 0.004616382764652371, 'hits@[1,3,10]': tensor([0.0006, 0.0010, 0.0122])}
	 TRAIN:  {'MRR': 0.004247533623129129, 'hits@[1,3,10]': tensor([0.0003, 0.0006, 0.0041])}
	 VALID :  {'MRR': 0.004375480348244309, 'hits@[1,3,10]': tensor([0.0005, 0.0010, 0.0060])}
	 TRAIN:  {'MRR': 0.0044678677804768085, 'hits@[1,3,10]': tensor([0.0004, 0.0007, 0.0018])}
	 VALID :  {'MRR': 0.004451305139809847, 'hits@[1,3,10]': tensor([0.0006, 0.0010, 0.0023])}
	 TRAIN:  {'MRR': 0.004512871615588665, 'hits@[1,3,10]': tensor([0.0004, 0.0007, 0.0077])}
	 VALID :  {'MRR': 0.004532937193289399, 'hits@[1,3,10]': tensor([0.0006, 0.0009, 0.0111])}
	 TRAIN:  {'MRR': 0.004612481454387307, 'hits@[1,3,10]': tensor([0.0005, 0.0008, 0.0051])}
	 VALID :  {'MRR': 0.004291872028261423, 'hits@[1,3,10]': tensor([0.0006, 0.0009, 0.0020])}
	 TRAIN:  {'MRR': 0.004329250659793615, 'hits@[1,3,10]': tensor([0.0005, 0.0008, 0.0030])}
	 VALID :  {'MRR': 0.004134373972192407, 'hits@[1,3,10]': tensor([0.0006, 0.0010, 0.0044])}
	 TRAIN:  {'MRR': 0.004428096581250429, 'hits@[1,3,10]': tensor([0.0006, 0.0009, 0.0024])}
	 VALID :  {'MRR': 0.004249195102602243, 'hits@[1,3,10]': tensor([0.0006, 0.0011, 0.0022])}
	 TRAIN:  {'MRR': 0.004050196846947074, 'hits@[1,3,10]': tensor([0.0004, 0.0008, 0.0017])}
	 VALID :  {'MRR': 0.0038185245357453823, 'hits@[1,3,10]': tensor([0.0006, 0.0010, 0.0018])}
	 TRAIN:  {'MRR': 0.003907925798557699, 'hits@[1,3,10]': tensor([0.0005, 0.0008, 0.0016])}
	 VALID :  {'MRR': 0.003810162888839841, 'hits@[1,3,10]': tensor([0.0006, 0.0011, 0.0018])}
	 TRAIN:  {'MRR': 0.003940932569094002, 'hits@[1,3,10]': tensor([0.0004, 0.0008, 0.0015])}
	 VALID :  {'MRR': 0.003968722885474563, 'hits@[1,3,10]': tensor([0.0005, 0.0010, 0.0018])}
	 TRAIN:  {'MRR': 0.003835583687759936, 'hits@[1,3,10]': tensor([0.0002, 0.0008, 0.0016])}
	 VALID :  {'MRR': 0.0038168105529621243, 'hits@[1,3,10]': tensor([0.0003, 0.0010, 0.0017])}
	 TRAIN:  {'MRR': 0.0037658863002434373, 'hits@[1,3,10]': tensor([7.0000e-05, 6.5000e-04, 1.4800e-03])}
	 VALID :  {'MRR': 0.003711221506819129, 'hits@[1,3,10]': tensor([5.7058e-05, 1.0556e-03, 1.7688e-03])}
	 TRAIN:  {'MRR': 0.003516772878356278, 'hits@[1,3,10]': tensor([4.0000e-05, 5.6000e-04, 1.3400e-03])}
	 VALID :  {'MRR': 0.0033970671938732266, 'hits@[1,3,10]': tensor([2.8529e-05, 9.6999e-04, 1.5976e-03])}
	 TRAIN:  {'MRR': 0.0034697215305641294, 'hits@[1,3,10]': tensor([2.0000e-05, 6.7000e-04, 1.3800e-03])}
	 VALID :  {'MRR': 0.0033936731051653624, 'hits@[1,3,10]': tensor([2.8529e-05, 9.6999e-04, 1.6547e-03])}
	 TRAIN:  {'MRR': 0.003465094370767474, 'hits@[1,3,10]': tensor([1.0000e-05, 6.6000e-04, 1.4000e-03])}
	 VALID :  {'MRR': 0.003546214895322919, 'hits@[1,3,10]': tensor([2.8529e-05, 9.9852e-04, 1.6547e-03])}
	 TRAIN:  {'MRR': 0.003497070400044322, 'hits@[1,3,10]': tensor([1.0000e-05, 6.1000e-04, 1.2900e-03])}
	 VALID :  {'MRR': 0.003557083779014647, 'hits@[1,3,10]': tensor([2.8529e-05, 9.6999e-04, 1.5976e-03])}
	 TRAIN:  {'MRR': 0.0034962898353114724, 'hits@[1,3,10]': tensor([2.0000e-05, 6.3000e-04, 1.3600e-03])}
	 VALID :  {'MRR': 0.0036063145380467176, 'hits@[1,3,10]': tensor([2.8529e-05, 9.6999e-04, 1.6547e-03])}
	 TRAIN:  {'MRR': 0.0034781069261953235, 'hits@[1,3,10]': tensor([1.0000e-05, 6.7000e-04, 1.4400e-03])}
	 VALID :  {'MRR': 0.003427373361773789, 'hits@[1,3,10]': tensor([2.8529e-05, 9.9852e-04, 1.6832e-03])}
	 TRAIN:  {'MRR': 0.00354595435783267, 'hits@[1,3,10]': tensor([3.0000e-05, 7.1000e-04, 1.4800e-03])}
	 VALID :  {'MRR': 0.003629147191531956, 'hits@[1,3,10]': tensor([2.8529e-05, 9.9852e-04, 1.5976e-03])}
	 TRAIN:  {'MRR': 0.0036505095195025206, 'hits@[1,3,10]': tensor([4.0000e-05, 7.9000e-04, 1.5200e-03])}
	 VALID :  {'MRR': 0.003508689347654581, 'hits@[1,3,10]': tensor([2.8529e-05, 9.9852e-04, 1.5691e-03])}
	 TRAIN:  {'MRR': 0.0036084214225411415, 'hits@[1,3,10]': tensor([1.0000e-05, 7.9000e-04, 1.5500e-03])}
	 VALID :  {'MRR': 0.003468011855147779, 'hits@[1,3,10]': tensor([2.8529e-05, 9.6999e-04, 1.6262e-03])}
	 TRAIN:  {'MRR': 0.0034897035220637918, 'hits@[1,3,10]': tensor([1.0000e-05, 6.5000e-04, 1.2000e-03])}
	 VALID :  {'MRR': 0.003451419761404395, 'hits@[1,3,10]': tensor([2.8529e-05, 9.9852e-04, 1.5976e-03])}
	 TRAIN:  {'MRR': 0.003562918514944613, 'hits@[1,3,10]': tensor([3.0000e-05, 8.6000e-04, 1.5400e-03])}
	 VALID :  {'MRR': 0.003486938658170402, 'hits@[1,3,10]': tensor([2.8529e-05, 9.1293e-04, 1.4550e-03])}
	 TRAIN:  {'MRR': 0.0034445527708157897, 'hits@[1,3,10]': tensor([1.0000e-05, 6.1000e-04, 1.2900e-03])}
	 VALID :  {'MRR': 0.003535478375852108, 'hits@[1,3,10]': tensor([2.8529e-05, 9.4146e-04, 1.5120e-03])}
	 TRAIN:  {'MRR': 0.0035524064442142844, 'hits@[1,3,10]': tensor([3.0000e-05, 7.6000e-04, 1.7000e-03])}
	 VALID :  {'MRR': 0.0034968197578564286, 'hits@[1,3,10]': tensor([2.8529e-05, 9.4146e-04, 1.4550e-03])}
	 TRAIN:  {'MRR': 0.0034210177836939692, 'hits@[1,3,10]': tensor([1.0000e-05, 5.9000e-04, 1.3200e-03])}
	 VALID :  {'MRR': 0.003527614870108664, 'hits@[1,3,10]': tensor([5.7058e-05, 9.4146e-04, 1.4550e-03])}


TEST :  {'MRR': 0.003285585669800639, 'hits@[1,3,10]': tensor([0.0000, 0.0008, 0.0014])}
