{'batch_size': 1000,
 'checkpoint': None,
 'data_shape': (14505, 474, 14505),
 'dataset': 'FB15k-237',
 'decay1': 0.9,
 'decay2': 0.999,
 'eval_only': False,
 'init': 0.001,
 'learning_rate': 0.1,
 'max_epochs': 100,
 'model': 'DistMult',
 'model_save_schedule': 1000,
 'optimizer': 'Adagrad',
 'path': 'kbc/data/FB15k-237',
 'rank': 1000,
 'reg': 0.05,
 'regularizer': 'N3',
 'valid': 3.0}
	 TRAIN:  {'MRR': 0.5144025981426239, 'hits@[1,3,10]': tensor([0.3869, 0.5908, 0.7551])}
	 VALID :  {'MRR': 0.3283485919237137, 'hits@[1,3,10]': tensor([0.2388, 0.3604, 0.5082])}
	 TRAIN:  {'MRR': 0.6110002100467682, 'hits@[1,3,10]': tensor([0.4923, 0.6894, 0.8275])}
	 VALID :  {'MRR': 0.34757572412490845, 'hits@[1,3,10]': tensor([0.2541, 0.3842, 0.5343])}
	 TRAIN:  {'MRR': 0.6470052003860474, 'hits@[1,3,10]': tensor([0.5357, 0.7213, 0.8486])}
	 VALID :  {'MRR': 0.3530430495738983, 'hits@[1,3,10]': tensor([0.2600, 0.3876, 0.5399])}
	 TRAIN:  {'MRR': 0.6635870039463043, 'hits@[1,3,10]': tensor([0.5551, 0.7369, 0.8590])}
	 VALID :  {'MRR': 0.356150284409523, 'hits@[1,3,10]': tensor([0.2632, 0.3913, 0.5442])}
	 TRAIN:  {'MRR': 0.6750777661800385, 'hits@[1,3,10]': tensor([0.5691, 0.7462, 0.8651])}
	 VALID :  {'MRR': 0.35638193786144257, 'hits@[1,3,10]': tensor([0.2637, 0.3898, 0.5430])}
	 TRAIN:  {'MRR': 0.6857993304729462, 'hits@[1,3,10]': tensor([0.5832, 0.7562, 0.8690])}
	 VALID :  {'MRR': 0.35825976729393005, 'hits@[1,3,10]': tensor([0.2645, 0.3938, 0.5447])}
	 TRAIN:  {'MRR': 0.6899304687976837, 'hits@[1,3,10]': tensor([0.5873, 0.7605, 0.8730])}
	 VALID :  {'MRR': 0.3588004410266876, 'hits@[1,3,10]': tensor([0.2657, 0.3946, 0.5458])}
	 TRAIN:  {'MRR': 0.6947054266929626, 'hits@[1,3,10]': tensor([0.5931, 0.7648, 0.8752])}
	 VALID :  {'MRR': 0.35896235704421997, 'hits@[1,3,10]': tensor([0.2652, 0.3959, 0.5455])}
	 TRAIN:  {'MRR': 0.7018687129020691, 'hits@[1,3,10]': tensor([0.6027, 0.7702, 0.8790])}
	 VALID :  {'MRR': 0.3608255684375763, 'hits@[1,3,10]': tensor([0.2678, 0.3966, 0.5468])}
	 TRAIN:  {'MRR': 0.7063527405261993, 'hits@[1,3,10]': tensor([0.6063, 0.7760, 0.8847])}
	 VALID :  {'MRR': 0.35940757393836975, 'hits@[1,3,10]': tensor([0.2658, 0.3949, 0.5472])}
	 TRAIN:  {'MRR': 0.7064532935619354, 'hits@[1,3,10]': tensor([0.6077, 0.7748, 0.8827])}
	 VALID :  {'MRR': 0.36119605600833893, 'hits@[1,3,10]': tensor([0.2682, 0.3962, 0.5486])}
	 TRAIN:  {'MRR': 0.7088699340820312, 'hits@[1,3,10]': tensor([0.6109, 0.7764, 0.8848])}
	 VALID :  {'MRR': 0.36005693674087524, 'hits@[1,3,10]': tensor([0.2668, 0.3958, 0.5497])}
	 TRAIN:  {'MRR': 0.7114229500293732, 'hits@[1,3,10]': tensor([0.6136, 0.7791, 0.8853])}
	 VALID :  {'MRR': 0.3608422428369522, 'hits@[1,3,10]': tensor([0.2673, 0.3950, 0.5498])}
	 TRAIN:  {'MRR': 0.7132677137851715, 'hits@[1,3,10]': tensor([0.6158, 0.7810, 0.8861])}
	 VALID :  {'MRR': 0.3613760620355606, 'hits@[1,3,10]': tensor([0.2677, 0.3970, 0.5503])}
	 TRAIN:  {'MRR': 0.7163171768188477, 'hits@[1,3,10]': tensor([0.6205, 0.7824, 0.8882])}
	 VALID :  {'MRR': 0.36236487329006195, 'hits@[1,3,10]': tensor([0.2701, 0.3957, 0.5498])}
	 TRAIN:  {'MRR': 0.7156935334205627, 'hits@[1,3,10]': tensor([0.6194, 0.7826, 0.8879])}
	 VALID :  {'MRR': 0.36178141832351685, 'hits@[1,3,10]': tensor([0.2688, 0.3971, 0.5499])}
	 TRAIN:  {'MRR': 0.7200487554073334, 'hits@[1,3,10]': tensor([0.6247, 0.7854, 0.8917])}
	 VALID :  {'MRR': 0.36307623982429504, 'hits@[1,3,10]': tensor([0.2697, 0.3990, 0.5510])}
	 TRAIN:  {'MRR': 0.720774918794632, 'hits@[1,3,10]': tensor([0.6255, 0.7865, 0.8919])}
	 VALID :  {'MRR': 0.3615526854991913, 'hits@[1,3,10]': tensor([0.2683, 0.3965, 0.5503])}
	 TRAIN:  {'MRR': 0.7213729023933411, 'hits@[1,3,10]': tensor([0.6257, 0.7882, 0.8924])}
	 VALID :  {'MRR': 0.3626290112733841, 'hits@[1,3,10]': tensor([0.2704, 0.3969, 0.5506])}
	 TRAIN:  {'MRR': 0.7219918072223663, 'hits@[1,3,10]': tensor([0.6269, 0.7885, 0.8921])}
	 VALID :  {'MRR': 0.3626261353492737, 'hits@[1,3,10]': tensor([0.2698, 0.3976, 0.5510])}
	 TRAIN:  {'MRR': 0.7232713997364044, 'hits@[1,3,10]': tensor([0.6283, 0.7895, 0.8929])}
	 VALID :  {'MRR': 0.36235493421554565, 'hits@[1,3,10]': tensor([0.2693, 0.3970, 0.5503])}
	 TRAIN:  {'MRR': 0.7251635789871216, 'hits@[1,3,10]': tensor([0.6307, 0.7902, 0.8956])}
	 VALID :  {'MRR': 0.36192987859249115, 'hits@[1,3,10]': tensor([0.2687, 0.3978, 0.5511])}
	 TRAIN:  {'MRR': 0.7249273359775543, 'hits@[1,3,10]': tensor([0.6307, 0.7899, 0.8941])}
	 VALID :  {'MRR': 0.36233270168304443, 'hits@[1,3,10]': tensor([0.2694, 0.3966, 0.5509])}
	 TRAIN:  {'MRR': 0.7251089513301849, 'hits@[1,3,10]': tensor([0.6300, 0.7911, 0.8951])}
	 VALID :  {'MRR': 0.3619565814733505, 'hits@[1,3,10]': tensor([0.2685, 0.3975, 0.5505])}
	 TRAIN:  {'MRR': 0.7261779606342316, 'hits@[1,3,10]': tensor([0.6312, 0.7922, 0.8966])}
	 VALID :  {'MRR': 0.3627120703458786, 'hits@[1,3,10]': tensor([0.2694, 0.3986, 0.5512])}
	 TRAIN:  {'MRR': 0.7264280319213867, 'hits@[1,3,10]': tensor([0.6318, 0.7926, 0.8954])}
	 VALID :  {'MRR': 0.36284172534942627, 'hits@[1,3,10]': tensor([0.2696, 0.3981, 0.5517])}
	 TRAIN:  {'MRR': 0.728787750005722, 'hits@[1,3,10]': tensor([0.6353, 0.7947, 0.8966])}
	 VALID :  {'MRR': 0.36249464750289917, 'hits@[1,3,10]': tensor([0.2689, 0.3988, 0.5509])}
	 TRAIN:  {'MRR': 0.7295877635478973, 'hits@[1,3,10]': tensor([0.6362, 0.7950, 0.8966])}
	 VALID :  {'MRR': 0.3627941310405731, 'hits@[1,3,10]': tensor([0.2699, 0.3982, 0.5507])}
	 TRAIN:  {'MRR': 0.7301563322544098, 'hits@[1,3,10]': tensor([0.6368, 0.7950, 0.8975])}
	 VALID :  {'MRR': 0.362082302570343, 'hits@[1,3,10]': tensor([0.2689, 0.3985, 0.5505])}
	 TRAIN:  {'MRR': 0.7295580804347992, 'hits@[1,3,10]': tensor([0.6364, 0.7948, 0.8966])}
	 VALID :  {'MRR': 0.36339402198791504, 'hits@[1,3,10]': tensor([0.2704, 0.3994, 0.5523])}
	 TRAIN:  {'MRR': 0.7293567955493927, 'hits@[1,3,10]': tensor([0.6354, 0.7948, 0.8965])}
	 VALID :  {'MRR': 0.36256320774555206, 'hits@[1,3,10]': tensor([0.2692, 0.3984, 0.5508])}
	 TRAIN:  {'MRR': 0.7332892119884491, 'hits@[1,3,10]': tensor([0.6397, 0.7988, 0.8999])}
	 VALID :  {'MRR': 0.3618740886449814, 'hits@[1,3,10]': tensor([0.2679, 0.3970, 0.5523])}
	 TRAIN:  {'MRR': 0.7314574122428894, 'hits@[1,3,10]': tensor([0.6378, 0.7975, 0.8995])}
	 VALID :  {'MRR': 0.36240309476852417, 'hits@[1,3,10]': tensor([0.2689, 0.3985, 0.5511])}


TEST :  {'MRR': 0.3561878502368927, 'hits@[1,3,10]': tensor([0.2612, 0.3928, 0.5478])}
