{'batch_size': 1000,
 'checkpoint': None,
 'data_shape': (14505, 474, 14505),
 'dataset': 'FB15k-237',
 'decay1': 0.9,
 'decay2': 0.999,
 'eval_only': False,
 'init': 0.001,
 'learning_rate': 0.1,
 'max_epochs': 100,
 'model': 'DistMult',
 'model_save_schedule': 1000,
 'optimizer': 'Adagrad',
 'path': 'kbc/data/FB15k-237',
 'rank': 1000,
 'reg': 0.5,
 'regularizer': 'N3',
 'valid': 3.0}
	 TRAIN:  {'MRR': 0.006488653598353267, 'hits@[1,3,10]': tensor([0.0006, 0.0041, 0.0152])}
	 VALID :  {'MRR': 0.005388205172494054, 'hits@[1,3,10]': tensor([0.0005, 0.0013, 0.0055])}
	 TRAIN:  {'MRR': 0.005405073286965489, 'hits@[1,3,10]': tensor([0.0003, 0.0010, 0.0141])}
	 VALID :  {'MRR': 0.0051565710455179214, 'hits@[1,3,10]': tensor([0.0004, 0.0012, 0.0060])}
	 TRAIN:  {'MRR': 0.005420985631644726, 'hits@[1,3,10]': tensor([0.0005, 0.0012, 0.0136])}
	 VALID :  {'MRR': 0.004779821028932929, 'hits@[1,3,10]': tensor([0.0005, 0.0011, 0.0053])}
	 TRAIN:  {'MRR': 0.005514772841706872, 'hits@[1,3,10]': tensor([0.0007, 0.0012, 0.0155])}
	 VALID :  {'MRR': 0.005088527221232653, 'hits@[1,3,10]': tensor([0.0009, 0.0011, 0.0088])}
	 TRAIN:  {'MRR': 0.005173352314159274, 'hits@[1,3,10]': tensor([0.0006, 0.0010, 0.0136])}
	 VALID :  {'MRR': 0.004723006160929799, 'hits@[1,3,10]': tensor([0.0009, 0.0011, 0.0026])}
	 TRAIN:  {'MRR': 0.005370873957872391, 'hits@[1,3,10]': tensor([0.0006, 0.0011, 0.0101])}
	 VALID :  {'MRR': 0.005390370963141322, 'hits@[1,3,10]': tensor([0.0009, 0.0011, 0.0146])}
	 TRAIN:  {'MRR': 0.005157472100108862, 'hits@[1,3,10]': tensor([0.0004, 0.0009, 0.0148])}
	 VALID :  {'MRR': 0.005123279755935073, 'hits@[1,3,10]': tensor([0.0006, 0.0011, 0.0143])}
	 TRAIN:  {'MRR': 0.005206813337281346, 'hits@[1,3,10]': tensor([0.0004, 0.0011, 0.0133])}
	 VALID :  {'MRR': 0.004513782449066639, 'hits@[1,3,10]': tensor([0.0006, 0.0011, 0.0049])}
	 TRAIN:  {'MRR': 0.0049887781497091055, 'hits@[1,3,10]': tensor([0.0005, 0.0010, 0.0126])}
	 VALID :  {'MRR': 0.0042927442118525505, 'hits@[1,3,10]': tensor([0.0006, 0.0010, 0.0049])}
	 TRAIN:  {'MRR': 0.005158309591934085, 'hits@[1,3,10]': tensor([0.0005, 0.0010, 0.0138])}
	 VALID :  {'MRR': 0.0046567474491894245, 'hits@[1,3,10]': tensor([0.0006, 0.0010, 0.0070])}
	 TRAIN:  {'MRR': 0.005183354485780001, 'hits@[1,3,10]': tensor([0.0005, 0.0010, 0.0138])}
	 VALID :  {'MRR': 0.004531223326921463, 'hits@[1,3,10]': tensor([0.0006, 0.0010, 0.0076])}
	 TRAIN:  {'MRR': 0.005703168921172619, 'hits@[1,3,10]': tensor([0.0005, 0.0010, 0.0184])}
	 VALID :  {'MRR': 0.0053195401560515165, 'hits@[1,3,10]': tensor([0.0006, 0.0010, 0.0143])}
	 TRAIN:  {'MRR': 0.005949872778728604, 'hits@[1,3,10]': tensor([0.0006, 0.0020, 0.0158])}
	 VALID :  {'MRR': 0.005613673012703657, 'hits@[1,3,10]': tensor([0.0006, 0.0021, 0.0127])}
	 TRAIN:  {'MRR': 0.005718281259760261, 'hits@[1,3,10]': tensor([0.0005, 0.0009, 0.0184])}
	 VALID :  {'MRR': 0.005398566601797938, 'hits@[1,3,10]': tensor([0.0006, 0.0010, 0.0120])}
	 TRAIN:  {'MRR': 0.005505422363057733, 'hits@[1,3,10]': tensor([0.0004, 0.0008, 0.0155])}
	 VALID :  {'MRR': 0.0054338963236659765, 'hits@[1,3,10]': tensor([0.0006, 0.0010, 0.0140])}
	 TRAIN:  {'MRR': 0.005951438331976533, 'hits@[1,3,10]': tensor([0.0005, 0.0010, 0.0203])}
	 VALID :  {'MRR': 0.005408563418313861, 'hits@[1,3,10]': tensor([0.0006, 0.0010, 0.0117])}
	 TRAIN:  {'MRR': 0.004973059985786676, 'hits@[1,3,10]': tensor([0.0004, 0.0008, 0.0137])}
	 VALID :  {'MRR': 0.0047370633110404015, 'hits@[1,3,10]': tensor([0.0005, 0.0010, 0.0113])}
	 TRAIN:  {'MRR': 0.005636740243062377, 'hits@[1,3,10]': tensor([0.0005, 0.0010, 0.0195])}
	 VALID :  {'MRR': 0.005095099098980427, 'hits@[1,3,10]': tensor([0.0005, 0.0010, 0.0118])}
	 TRAIN:  {'MRR': 0.0048241992481052876, 'hits@[1,3,10]': tensor([0.0005, 0.0011, 0.0078])}
	 VALID :  {'MRR': 0.004256971180438995, 'hits@[1,3,10]': tensor([0.0005, 0.0010, 0.0023])}
	 TRAIN:  {'MRR': 0.004435206763446331, 'hits@[1,3,10]': tensor([0.0004, 0.0008, 0.0034])}
	 VALID :  {'MRR': 0.004220492905005813, 'hits@[1,3,10]': tensor([0.0005, 0.0010, 0.0022])}
	 TRAIN:  {'MRR': 0.00465320167131722, 'hits@[1,3,10]': tensor([0.0004, 0.0009, 0.0102])}
	 VALID :  {'MRR': 0.0043674202170223, 'hits@[1,3,10]': tensor([0.0005, 0.0009, 0.0108])}
	 TRAIN:  {'MRR': 0.004613375756889582, 'hits@[1,3,10]': tensor([0.0005, 0.0010, 0.0078])}
	 VALID :  {'MRR': 0.004338874947279692, 'hits@[1,3,10]': tensor([0.0005, 0.0010, 0.0110])}
	 TRAIN:  {'MRR': 0.004839146276935935, 'hits@[1,3,10]': tensor([0.0005, 0.0011, 0.0080])}
	 VALID :  {'MRR': 0.004742703167721629, 'hits@[1,3,10]': tensor([0.0005, 0.0009, 0.0111])}
	 TRAIN:  {'MRR': 0.0047991417814046144, 'hits@[1,3,10]': tensor([0.0005, 0.0010, 0.0080])}
	 VALID :  {'MRR': 0.004408529028296471, 'hits@[1,3,10]': tensor([0.0005, 0.0010, 0.0111])}
	 TRAIN:  {'MRR': 0.004515451146289706, 'hits@[1,3,10]': tensor([0.0004, 0.0009, 0.0077])}
	 VALID :  {'MRR': 0.004243138711899519, 'hits@[1,3,10]': tensor([0.0005, 0.0009, 0.0108])}
	 TRAIN:  {'MRR': 0.004495477303862572, 'hits@[1,3,10]': tensor([0.0004, 0.0008, 0.0079])}
	 VALID :  {'MRR': 0.004332838812842965, 'hits@[1,3,10]': tensor([0.0005, 0.0009, 0.0111])}
	 TRAIN:  {'MRR': 0.004735667956992984, 'hits@[1,3,10]': tensor([0.0005, 0.0008, 0.0080])}
	 VALID :  {'MRR': 0.0045194493141025305, 'hits@[1,3,10]': tensor([0.0005, 0.0009, 0.0108])}
	 TRAIN:  {'MRR': 0.004622227046638727, 'hits@[1,3,10]': tensor([0.0004, 0.0006, 0.0078])}
	 VALID :  {'MRR': 0.004472200060263276, 'hits@[1,3,10]': tensor([0.0005, 0.0009, 0.0108])}
	 TRAIN:  {'MRR': 0.0045864274725317955, 'hits@[1,3,10]': tensor([0.0005, 0.0008, 0.0078])}
	 VALID :  {'MRR': 0.004310112213715911, 'hits@[1,3,10]': tensor([0.0005, 0.0009, 0.0108])}
	 TRAIN:  {'MRR': 0.004525850992649794, 'hits@[1,3,10]': tensor([0.0004, 0.0007, 0.0074])}
	 VALID :  {'MRR': 0.004358658799901605, 'hits@[1,3,10]': tensor([0.0005, 0.0009, 0.0107])}
	 TRAIN:  {'MRR': 0.0044607066083699465, 'hits@[1,3,10]': tensor([0.0004, 0.0007, 0.0076])}
	 VALID :  {'MRR': 0.0043185316026210785, 'hits@[1,3,10]': tensor([0.0005, 0.0009, 0.0107])}
	 TRAIN:  {'MRR': 0.0045695730950683355, 'hits@[1,3,10]': tensor([0.0005, 0.0007, 0.0105])}
	 VALID :  {'MRR': 0.004368140595033765, 'hits@[1,3,10]': tensor([0.0005, 0.0009, 0.0108])}
	 TRAIN:  {'MRR': 0.004350554896518588, 'hits@[1,3,10]': tensor([0.0006, 0.0008, 0.0015])}
	 VALID :  {'MRR': 0.004082778235897422, 'hits@[1,3,10]': tensor([0.0005, 0.0009, 0.0013])}


TEST :  {'MRR': 0.004018074832856655, 'hits@[1,3,10]': tensor([0.0005, 0.0009, 0.0087])}
