{'batch_size': 500,
 'checkpoint': None,
 'data_shape': (14505, 474, 14505),
 'dataset': 'FB15k-237',
 'decay1': 0.9,
 'decay2': 0.999,
 'eval_only': False,
 'init': 0.001,
 'learning_rate': 0.1,
 'max_epochs': 100,
 'model': 'DistMult',
 'model_save_schedule': 1000,
 'optimizer': 'Adagrad',
 'path': 'kbc/data/FB15k-237',
 'rank': 1000,
 'reg': 0.01,
 'regularizer': 'N3',
 'valid': 3.0}
	 TRAIN:  {'MRR': 0.793219655752182, 'hits@[1,3,10]': tensor([0.7129, 0.8535, 0.9298])}
	 VALID :  {'MRR': 0.33059968054294586, 'hits@[1,3,10]': tensor([0.2407, 0.3618, 0.5149])}
	 TRAIN:  {'MRR': 0.9115708470344543, 'hits@[1,3,10]': tensor([0.8708, 0.9466, 0.9777])}
	 VALID :  {'MRR': 0.3423408269882202, 'hits@[1,3,10]': tensor([0.2513, 0.3751, 0.5275])}
	 TRAIN:  {'MRR': 0.9476906657218933, 'hits@[1,3,10]': tensor([0.9199, 0.9725, 0.9904])}
	 VALID :  {'MRR': 0.3435663431882858, 'hits@[1,3,10]': tensor([0.2514, 0.3776, 0.5306])}
	 TRAIN:  {'MRR': 0.9644618034362793, 'hits@[1,3,10]': tensor([0.9436, 0.9834, 0.9962])}
	 VALID :  {'MRR': 0.34655581414699554, 'hits@[1,3,10]': tensor([0.2548, 0.3804, 0.5308])}
	 TRAIN:  {'MRR': 0.9737221300601959, 'hits@[1,3,10]': tensor([0.9571, 0.9895, 0.9978])}
	 VALID :  {'MRR': 0.34687739610671997, 'hits@[1,3,10]': tensor([0.2554, 0.3782, 0.5331])}
	 TRAIN:  {'MRR': 0.979257732629776, 'hits@[1,3,10]': tensor([0.9663, 0.9911, 0.9986])}
	 VALID :  {'MRR': 0.3472551107406616, 'hits@[1,3,10]': tensor([0.2560, 0.3791, 0.5332])}
	 TRAIN:  {'MRR': 0.9826951622962952, 'hits@[1,3,10]': tensor([0.9718, 0.9924, 0.9992])}
	 VALID :  {'MRR': 0.3482476472854614, 'hits@[1,3,10]': tensor([0.2572, 0.3798, 0.5337])}
	 TRAIN:  {'MRR': 0.9846323728561401, 'hits@[1,3,10]': tensor([0.9746, 0.9939, 0.9993])}
	 VALID :  {'MRR': 0.3484952598810196, 'hits@[1,3,10]': tensor([0.2571, 0.3810, 0.5345])}
	 TRAIN:  {'MRR': 0.9853847920894623, 'hits@[1,3,10]': tensor([0.9761, 0.9940, 0.9993])}
	 VALID :  {'MRR': 0.34877391159534454, 'hits@[1,3,10]': tensor([0.2575, 0.3810, 0.5354])}
	 TRAIN:  {'MRR': 0.9855317771434784, 'hits@[1,3,10]': tensor([0.9761, 0.9941, 0.9994])}
	 VALID :  {'MRR': 0.34891754388809204, 'hits@[1,3,10]': tensor([0.2571, 0.3827, 0.5347])}
	 TRAIN:  {'MRR': 0.9862606227397919, 'hits@[1,3,10]': tensor([0.9775, 0.9943, 0.9993])}
	 VALID :  {'MRR': 0.3489842116832733, 'hits@[1,3,10]': tensor([0.2580, 0.3805, 0.5356])}
	 TRAIN:  {'MRR': 0.9874636828899384, 'hits@[1,3,10]': tensor([0.9796, 0.9945, 0.9994])}
	 VALID :  {'MRR': 0.34966203570365906, 'hits@[1,3,10]': tensor([0.2580, 0.3827, 0.5370])}
	 TRAIN:  {'MRR': 0.9874704480171204, 'hits@[1,3,10]': tensor([0.9797, 0.9946, 0.9994])}
	 VALID :  {'MRR': 0.3500419706106186, 'hits@[1,3,10]': tensor([0.2586, 0.3826, 0.5350])}
	 TRAIN:  {'MRR': 0.9875960052013397, 'hits@[1,3,10]': tensor([0.9797, 0.9947, 0.9995])}
	 VALID :  {'MRR': 0.3500121980905533, 'hits@[1,3,10]': tensor([0.2589, 0.3813, 0.5359])}
	 TRAIN:  {'MRR': 0.9882948994636536, 'hits@[1,3,10]': tensor([0.9811, 0.9949, 0.9994])}
	 VALID :  {'MRR': 0.34958238899707794, 'hits@[1,3,10]': tensor([0.2578, 0.3819, 0.5364])}
	 TRAIN:  {'MRR': 0.9884942770004272, 'hits@[1,3,10]': tensor([0.9815, 0.9946, 0.9995])}
	 VALID :  {'MRR': 0.3503257930278778, 'hits@[1,3,10]': tensor([0.2592, 0.3812, 0.5359])}
	 TRAIN:  {'MRR': 0.9888186156749725, 'hits@[1,3,10]': tensor([0.9822, 0.9947, 0.9994])}
	 VALID :  {'MRR': 0.3503277599811554, 'hits@[1,3,10]': tensor([0.2592, 0.3819, 0.5355])}
	 TRAIN:  {'MRR': 0.9886637330055237, 'hits@[1,3,10]': tensor([0.9819, 0.9946, 0.9995])}
	 VALID :  {'MRR': 0.35021403431892395, 'hits@[1,3,10]': tensor([0.2590, 0.3817, 0.5361])}
	 TRAIN:  {'MRR': 0.9889563322067261, 'hits@[1,3,10]': tensor([0.9824, 0.9949, 0.9995])}
	 VALID :  {'MRR': 0.3503407686948776, 'hits@[1,3,10]': tensor([0.2592, 0.3815, 0.5364])}
	 TRAIN:  {'MRR': 0.9891051650047302, 'hits@[1,3,10]': tensor([0.9829, 0.9944, 0.9993])}
	 VALID :  {'MRR': 0.3498438000679016, 'hits@[1,3,10]': tensor([0.2583, 0.3827, 0.5375])}
	 TRAIN:  {'MRR': 0.9889810681343079, 'hits@[1,3,10]': tensor([0.9824, 0.9947, 0.9995])}
	 VALID :  {'MRR': 0.3503604233264923, 'hits@[1,3,10]': tensor([0.2590, 0.3825, 0.5366])}
	 TRAIN:  {'MRR': 0.9900011420249939, 'hits@[1,3,10]': tensor([0.9841, 0.9951, 0.9995])}
	 VALID :  {'MRR': 0.3505895584821701, 'hits@[1,3,10]': tensor([0.2592, 0.3833, 0.5368])}
	 TRAIN:  {'MRR': 0.9896192252635956, 'hits@[1,3,10]': tensor([0.9837, 0.9946, 0.9995])}
	 VALID :  {'MRR': 0.3511347621679306, 'hits@[1,3,10]': tensor([0.2598, 0.3840, 0.5367])}
	 TRAIN:  {'MRR': 0.989109605550766, 'hits@[1,3,10]': tensor([0.9830, 0.9944, 0.9995])}
	 VALID :  {'MRR': 0.3511856943368912, 'hits@[1,3,10]': tensor([0.2602, 0.3833, 0.5367])}
	 TRAIN:  {'MRR': 0.989557534456253, 'hits@[1,3,10]': tensor([0.9836, 0.9947, 0.9995])}
	 VALID :  {'MRR': 0.35093165934085846, 'hits@[1,3,10]': tensor([0.2598, 0.3824, 0.5368])}
	 TRAIN:  {'MRR': 0.989956259727478, 'hits@[1,3,10]': tensor([0.9840, 0.9951, 0.9996])}
	 VALID :  {'MRR': 0.3513956367969513, 'hits@[1,3,10]': tensor([0.2602, 0.3832, 0.5363])}
	 TRAIN:  {'MRR': 0.9903672635555267, 'hits@[1,3,10]': tensor([0.9847, 0.9956, 0.9994])}
	 VALID :  {'MRR': 0.3504943400621414, 'hits@[1,3,10]': tensor([0.2589, 0.3823, 0.5372])}
	 TRAIN:  {'MRR': 0.9896270632743835, 'hits@[1,3,10]': tensor([0.9837, 0.9947, 0.9995])}
	 VALID :  {'MRR': 0.3509412854909897, 'hits@[1,3,10]': tensor([0.2596, 0.3837, 0.5373])}
	 TRAIN:  {'MRR': 0.989560455083847, 'hits@[1,3,10]': tensor([0.9834, 0.9951, 0.9995])}
	 VALID :  {'MRR': 0.35111820697784424, 'hits@[1,3,10]': tensor([0.2597, 0.3834, 0.5378])}
	 TRAIN:  {'MRR': 0.9897642135620117, 'hits@[1,3,10]': tensor([0.9839, 0.9948, 0.9994])}
	 VALID :  {'MRR': 0.3505444973707199, 'hits@[1,3,10]': tensor([0.2590, 0.3833, 0.5378])}
	 TRAIN:  {'MRR': 0.9900556206703186, 'hits@[1,3,10]': tensor([0.9844, 0.9948, 0.9995])}
	 VALID :  {'MRR': 0.3518320471048355, 'hits@[1,3,10]': tensor([0.2611, 0.3835, 0.5366])}
	 TRAIN:  {'MRR': 0.9901151955127716, 'hits@[1,3,10]': tensor([0.9844, 0.9950, 0.9994])}
	 VALID :  {'MRR': 0.35114218294620514, 'hits@[1,3,10]': tensor([0.2601, 0.3835, 0.5369])}
	 TRAIN:  {'MRR': 0.9903630614280701, 'hits@[1,3,10]': tensor([0.9848, 0.9953, 0.9996])}
	 VALID :  {'MRR': 0.35149528086185455, 'hits@[1,3,10]': tensor([0.2603, 0.3839, 0.5383])}


TEST :  {'MRR': 0.3448929041624069, 'hits@[1,3,10]': tensor([0.2527, 0.3779, 0.5319])}
