{'batch_size': 500,
 'checkpoint': None,
 'data_shape': (14505, 474, 14505),
 'dataset': 'FB15k-237',
 'decay1': 0.9,
 'decay2': 0.999,
 'eval_only': False,
 'init': 0.001,
 'learning_rate': 0.1,
 'max_epochs': 100,
 'model': 'DistMult',
 'model_save_schedule': 1000,
 'optimizer': 'Adagrad',
 'path': 'kbc/data/FB15k-237',
 'rank': 1000,
 'reg': 0.1,
 'regularizer': 'N3',
 'valid': 3.0}
	 TRAIN:  {'MRR': 0.35262632369995117, 'hits@[1,3,10]': tensor([0.2404, 0.4021, 0.5740])}
	 VALID :  {'MRR': 0.29513871669769287, 'hits@[1,3,10]': tensor([0.2134, 0.3226, 0.4553])}
	 TRAIN:  {'MRR': 0.4064272344112396, 'hits@[1,3,10]': tensor([0.2880, 0.4662, 0.6335])}
	 VALID :  {'MRR': 0.31833450496196747, 'hits@[1,3,10]': tensor([0.2353, 0.3457, 0.4847])}
	 TRAIN:  {'MRR': 0.42457015812397003, 'hits@[1,3,10]': tensor([0.3038, 0.4858, 0.6589])}
	 VALID :  {'MRR': 0.32213371992111206, 'hits@[1,3,10]': tensor([0.2359, 0.3517, 0.4948])}
	 TRAIN:  {'MRR': 0.4343295097351074, 'hits@[1,3,10]': tensor([0.3134, 0.4964, 0.6669])}
	 VALID :  {'MRR': 0.32632042467594147, 'hits@[1,3,10]': tensor([0.2408, 0.3541, 0.4977])}
	 TRAIN:  {'MRR': 0.438501238822937, 'hits@[1,3,10]': tensor([0.3178, 0.5008, 0.6706])}
	 VALID :  {'MRR': 0.32811738550662994, 'hits@[1,3,10]': tensor([0.2417, 0.3585, 0.5011])}
	 TRAIN:  {'MRR': 0.44133324921131134, 'hits@[1,3,10]': tensor([0.3185, 0.5068, 0.6757])}
	 VALID :  {'MRR': 0.3283323347568512, 'hits@[1,3,10]': tensor([0.2411, 0.3589, 0.5040])}
	 TRAIN:  {'MRR': 0.44594787061214447, 'hits@[1,3,10]': tensor([0.3244, 0.5113, 0.6776])}
	 VALID :  {'MRR': 0.3316633254289627, 'hits@[1,3,10]': tensor([0.2453, 0.3601, 0.5048])}
	 TRAIN:  {'MRR': 0.4474024176597595, 'hits@[1,3,10]': tensor([0.3261, 0.5130, 0.6780])}
	 VALID :  {'MRR': 0.3320784419775009, 'hits@[1,3,10]': tensor([0.2457, 0.3607, 0.5055])}
	 TRAIN:  {'MRR': 0.4491127282381058, 'hits@[1,3,10]': tensor([0.3274, 0.5142, 0.6806])}
	 VALID :  {'MRR': 0.3323887139558792, 'hits@[1,3,10]': tensor([0.2461, 0.3622, 0.5062])}
	 TRAIN:  {'MRR': 0.45027150213718414, 'hits@[1,3,10]': tensor([0.3282, 0.5155, 0.6828])}
	 VALID :  {'MRR': 0.3327323794364929, 'hits@[1,3,10]': tensor([0.2453, 0.3635, 0.5075])}
	 TRAIN:  {'MRR': 0.4564399868249893, 'hits@[1,3,10]': tensor([0.3345, 0.5209, 0.6915])}
	 VALID :  {'MRR': 0.33376462757587433, 'hits@[1,3,10]': tensor([0.2472, 0.3641, 0.5082])}
	 TRAIN:  {'MRR': 0.45593635737895966, 'hits@[1,3,10]': tensor([0.3339, 0.5215, 0.6887])}
	 VALID :  {'MRR': 0.3331644833087921, 'hits@[1,3,10]': tensor([0.2455, 0.3637, 0.5083])}
	 TRAIN:  {'MRR': 0.4563331753015518, 'hits@[1,3,10]': tensor([0.3341, 0.5215, 0.6888])}
	 VALID :  {'MRR': 0.33371981978416443, 'hits@[1,3,10]': tensor([0.2467, 0.3636, 0.5082])}
	 TRAIN:  {'MRR': 0.45602141320705414, 'hits@[1,3,10]': tensor([0.3340, 0.5210, 0.6877])}
	 VALID :  {'MRR': 0.3337922990322113, 'hits@[1,3,10]': tensor([0.2467, 0.3635, 0.5092])}
	 TRAIN:  {'MRR': 0.4603887051343918, 'hits@[1,3,10]': tensor([0.3384, 0.5272, 0.6929])}
	 VALID :  {'MRR': 0.3353872448205948, 'hits@[1,3,10]': tensor([0.2485, 0.3658, 0.5102])}
	 TRAIN:  {'MRR': 0.45861974358558655, 'hits@[1,3,10]': tensor([0.3373, 0.5235, 0.6898])}
	 VALID :  {'MRR': 0.3348623961210251, 'hits@[1,3,10]': tensor([0.2478, 0.3651, 0.5091])}
	 TRAIN:  {'MRR': 0.458986833691597, 'hits@[1,3,10]': tensor([0.3360, 0.5260, 0.6921])}
	 VALID :  {'MRR': 0.33562906086444855, 'hits@[1,3,10]': tensor([0.2489, 0.3659, 0.5099])}
	 TRAIN:  {'MRR': 0.4609914869070053, 'hits@[1,3,10]': tensor([0.3390, 0.5263, 0.6942])}
	 VALID :  {'MRR': 0.3360592871904373, 'hits@[1,3,10]': tensor([0.2491, 0.3663, 0.5100])}
	 TRAIN:  {'MRR': 0.46165572106838226, 'hits@[1,3,10]': tensor([0.3385, 0.5289, 0.6950])}
	 VALID :  {'MRR': 0.3358076214790344, 'hits@[1,3,10]': tensor([0.2494, 0.3652, 0.5110])}
	 TRAIN:  {'MRR': 0.4606606811285019, 'hits@[1,3,10]': tensor([0.3385, 0.5274, 0.6922])}
	 VALID :  {'MRR': 0.335585817694664, 'hits@[1,3,10]': tensor([0.2485, 0.3662, 0.5106])}
	 TRAIN:  {'MRR': 0.4623192846775055, 'hits@[1,3,10]': tensor([0.3391, 0.5304, 0.6965])}
	 VALID :  {'MRR': 0.3356974273920059, 'hits@[1,3,10]': tensor([0.2480, 0.3674, 0.5107])}
	 TRAIN:  {'MRR': 0.4613830894231796, 'hits@[1,3,10]': tensor([0.3385, 0.5286, 0.6943])}
	 VALID :  {'MRR': 0.3357571065425873, 'hits@[1,3,10]': tensor([0.2486, 0.3654, 0.5108])}
	 TRAIN:  {'MRR': 0.46287916600704193, 'hits@[1,3,10]': tensor([0.3410, 0.5296, 0.6940])}
	 VALID :  {'MRR': 0.3355638086795807, 'hits@[1,3,10]': tensor([0.2474, 0.3667, 0.5098])}
	 TRAIN:  {'MRR': 0.4624991714954376, 'hits@[1,3,10]': tensor([0.3396, 0.5307, 0.6954])}
	 VALID :  {'MRR': 0.3369338661432266, 'hits@[1,3,10]': tensor([0.2502, 0.3671, 0.5114])}
	 TRAIN:  {'MRR': 0.4596247375011444, 'hits@[1,3,10]': tensor([0.3367, 0.5261, 0.6921])}
	 VALID :  {'MRR': 0.33594122529029846, 'hits@[1,3,10]': tensor([0.2488, 0.3666, 0.5110])}
	 TRAIN:  {'MRR': 0.46235787868499756, 'hits@[1,3,10]': tensor([0.3395, 0.5299, 0.6936])}
	 VALID :  {'MRR': 0.3363194614648819, 'hits@[1,3,10]': tensor([0.2492, 0.3664, 0.5115])}
	 TRAIN:  {'MRR': 0.46523021161556244, 'hits@[1,3,10]': tensor([0.3425, 0.5331, 0.6981])}
	 VALID :  {'MRR': 0.3362419158220291, 'hits@[1,3,10]': tensor([0.2488, 0.3659, 0.5125])}
	 TRAIN:  {'MRR': 0.46343640983104706, 'hits@[1,3,10]': tensor([0.3409, 0.5306, 0.6952])}
	 VALID :  {'MRR': 0.3367462754249573, 'hits@[1,3,10]': tensor([0.2498, 0.3674, 0.5107])}
	 TRAIN:  {'MRR': 0.46294941008090973, 'hits@[1,3,10]': tensor([0.3402, 0.5300, 0.6964])}
	 VALID :  {'MRR': 0.3370242714881897, 'hits@[1,3,10]': tensor([0.2493, 0.3688, 0.5119])}
	 TRAIN:  {'MRR': 0.46460941433906555, 'hits@[1,3,10]': tensor([0.3424, 0.5312, 0.6965])}
	 VALID :  {'MRR': 0.33701997995376587, 'hits@[1,3,10]': tensor([0.2497, 0.3679, 0.5120])}
	 TRAIN:  {'MRR': 0.46532630920410156, 'hits@[1,3,10]': tensor([0.3433, 0.5319, 0.6983])}
	 VALID :  {'MRR': 0.3366447538137436, 'hits@[1,3,10]': tensor([0.2493, 0.3665, 0.5126])}
	 TRAIN:  {'MRR': 0.46310675144195557, 'hits@[1,3,10]': tensor([0.3404, 0.5304, 0.6956])}
	 VALID :  {'MRR': 0.3365982919931412, 'hits@[1,3,10]': tensor([0.2495, 0.3661, 0.5118])}
	 TRAIN:  {'MRR': 0.4650367945432663, 'hits@[1,3,10]': tensor([0.3418, 0.5332, 0.6981])}
	 VALID :  {'MRR': 0.3367535471916199, 'hits@[1,3,10]': tensor([0.2492, 0.3681, 0.5126])}


TEST :  {'MRR': 0.33296722173690796, 'hits@[1,3,10]': tensor([0.2437, 0.3657, 0.5101])}
