{'batch_size': 500,
 'checkpoint': None,
 'data_shape': (14505, 474, 14505),
 'dataset': 'FB15k-237',
 'decay1': 0.9,
 'decay2': 0.999,
 'eval_only': False,
 'init': 0.001,
 'learning_rate': 0.1,
 'max_epochs': 100,
 'model': 'DistMult',
 'model_save_schedule': 1000,
 'optimizer': 'Adagrad',
 'path': 'kbc/data/FB15k-237',
 'rank': 1000,
 'reg': 0.005,
 'regularizer': 'N3',
 'valid': 3.0}
	 TRAIN:  {'MRR': 0.8371064066886902, 'hits@[1,3,10]': tensor([0.7711, 0.8875, 0.9497])}
	 VALID :  {'MRR': 0.32324662804603577, 'hits@[1,3,10]': tensor([0.2345, 0.3544, 0.5037])}
	 TRAIN:  {'MRR': 0.9471000730991364, 'hits@[1,3,10]': tensor([0.9201, 0.9708, 0.9884])}
	 VALID :  {'MRR': 0.33190062642097473, 'hits@[1,3,10]': tensor([0.2409, 0.3643, 0.5161])}
	 TRAIN:  {'MRR': 0.9775722324848175, 'hits@[1,3,10]': tensor([0.9640, 0.9897, 0.9976])}
	 VALID :  {'MRR': 0.3360822945833206, 'hits@[1,3,10]': tensor([0.2454, 0.3683, 0.5210])}
	 TRAIN:  {'MRR': 0.9851140081882477, 'hits@[1,3,10]': tensor([0.9757, 0.9939, 0.9992])}
	 VALID :  {'MRR': 0.3407860994338989, 'hits@[1,3,10]': tensor([0.2500, 0.3741, 0.5244])}
	 TRAIN:  {'MRR': 0.987796425819397, 'hits@[1,3,10]': tensor([0.9802, 0.9947, 0.9995])}
	 VALID :  {'MRR': 0.33944304287433624, 'hits@[1,3,10]': tensor([0.2481, 0.3725, 0.5251])}
	 TRAIN:  {'MRR': 0.9892278015613556, 'hits@[1,3,10]': tensor([0.9829, 0.9948, 0.9994])}
	 VALID :  {'MRR': 0.34118612110614777, 'hits@[1,3,10]': tensor([0.2495, 0.3758, 0.5255])}
	 TRAIN:  {'MRR': 0.990502268075943, 'hits@[1,3,10]': tensor([0.9849, 0.9952, 0.9995])}
	 VALID :  {'MRR': 0.34278862178325653, 'hits@[1,3,10]': tensor([0.2517, 0.3762, 0.5267])}
	 TRAIN:  {'MRR': 0.9900491237640381, 'hits@[1,3,10]': tensor([0.9845, 0.9948, 0.9995])}
	 VALID :  {'MRR': 0.3438100963830948, 'hits@[1,3,10]': tensor([0.2529, 0.3785, 0.5270])}
	 TRAIN:  {'MRR': 0.9904631972312927, 'hits@[1,3,10]': tensor([0.9850, 0.9952, 0.9995])}
	 VALID :  {'MRR': 0.34369029104709625, 'hits@[1,3,10]': tensor([0.2530, 0.3785, 0.5264])}
	 TRAIN:  {'MRR': 0.9904592633247375, 'hits@[1,3,10]': tensor([0.9851, 0.9951, 0.9994])}
	 VALID :  {'MRR': 0.34482331573963165, 'hits@[1,3,10]': tensor([0.2542, 0.3791, 0.5271])}
	 TRAIN:  {'MRR': 0.9910005629062653, 'hits@[1,3,10]': tensor([0.9859, 0.9955, 0.9996])}
	 VALID :  {'MRR': 0.34444886445999146, 'hits@[1,3,10]': tensor([0.2535, 0.3793, 0.5277])}
	 TRAIN:  {'MRR': 0.9912651479244232, 'hits@[1,3,10]': tensor([0.9863, 0.9957, 0.9996])}
	 VALID :  {'MRR': 0.34479472041130066, 'hits@[1,3,10]': tensor([0.2535, 0.3796, 0.5281])}
	 TRAIN:  {'MRR': 0.9911977350711823, 'hits@[1,3,10]': tensor([0.9864, 0.9952, 0.9995])}
	 VALID :  {'MRR': 0.34533970057964325, 'hits@[1,3,10]': tensor([0.2549, 0.3798, 0.5278])}
	 TRAIN:  {'MRR': 0.9910738468170166, 'hits@[1,3,10]': tensor([0.9862, 0.9951, 0.9995])}
	 VALID :  {'MRR': 0.34498631954193115, 'hits@[1,3,10]': tensor([0.2540, 0.3798, 0.5286])}
	 TRAIN:  {'MRR': 0.9913787245750427, 'hits@[1,3,10]': tensor([0.9864, 0.9957, 0.9997])}
	 VALID :  {'MRR': 0.3456454575061798, 'hits@[1,3,10]': tensor([0.2552, 0.3798, 0.5282])}
	 TRAIN:  {'MRR': 0.991572767496109, 'hits@[1,3,10]': tensor([0.9869, 0.9957, 0.9995])}
	 VALID :  {'MRR': 0.345771849155426, 'hits@[1,3,10]': tensor([0.2548, 0.3800, 0.5289])}
	 TRAIN:  {'MRR': 0.9913508296012878, 'hits@[1,3,10]': tensor([0.9865, 0.9955, 0.9995])}
	 VALID :  {'MRR': 0.3462234139442444, 'hits@[1,3,10]': tensor([0.2553, 0.3796, 0.5290])}
	 TRAIN:  {'MRR': 0.9915972650051117, 'hits@[1,3,10]': tensor([0.9868, 0.9958, 0.9996])}
	 VALID :  {'MRR': 0.34682735800743103, 'hits@[1,3,10]': tensor([0.2563, 0.3811, 0.5288])}
	 TRAIN:  {'MRR': 0.9919405281543732, 'hits@[1,3,10]': tensor([0.9874, 0.9959, 0.9996])}
	 VALID :  {'MRR': 0.3455777019262314, 'hits@[1,3,10]': tensor([0.2545, 0.3797, 0.5294])}
	 TRAIN:  {'MRR': 0.9918329119682312, 'hits@[1,3,10]': tensor([0.9873, 0.9958, 0.9995])}
	 VALID :  {'MRR': 0.3463433235883713, 'hits@[1,3,10]': tensor([0.2556, 0.3804, 0.5298])}
	 TRAIN:  {'MRR': 0.9915385842323303, 'hits@[1,3,10]': tensor([0.9868, 0.9956, 0.9996])}
	 VALID :  {'MRR': 0.34712447226047516, 'hits@[1,3,10]': tensor([0.2566, 0.3804, 0.5295])}
	 TRAIN:  {'MRR': 0.9916884005069733, 'hits@[1,3,10]': tensor([0.9870, 0.9958, 0.9995])}
	 VALID :  {'MRR': 0.34679074585437775, 'hits@[1,3,10]': tensor([0.2562, 0.3802, 0.5294])}
	 TRAIN:  {'MRR': 0.9916639924049377, 'hits@[1,3,10]': tensor([0.9870, 0.9956, 0.9996])}
	 VALID :  {'MRR': 0.3471249043941498, 'hits@[1,3,10]': tensor([0.2570, 0.3804, 0.5292])}
	 TRAIN:  {'MRR': 0.9919762313365936, 'hits@[1,3,10]': tensor([0.9875, 0.9959, 0.9997])}
	 VALID :  {'MRR': 0.3474898040294647, 'hits@[1,3,10]': tensor([0.2572, 0.3811, 0.5306])}
	 TRAIN:  {'MRR': 0.9921363294124603, 'hits@[1,3,10]': tensor([0.9877, 0.9959, 0.9995])}
	 VALID :  {'MRR': 0.34661605954170227, 'hits@[1,3,10]': tensor([0.2556, 0.3806, 0.5298])}
	 TRAIN:  {'MRR': 0.9922938942909241, 'hits@[1,3,10]': tensor([0.9878, 0.9963, 0.9997])}
	 VALID :  {'MRR': 0.34695519506931305, 'hits@[1,3,10]': tensor([0.2566, 0.3812, 0.5306])}
	 TRAIN:  {'MRR': 0.9915525913238525, 'hits@[1,3,10]': tensor([0.9869, 0.9955, 0.9995])}
	 VALID :  {'MRR': 0.347439706325531, 'hits@[1,3,10]': tensor([0.2569, 0.3807, 0.5302])}
	 TRAIN:  {'MRR': 0.991955578327179, 'hits@[1,3,10]': tensor([0.9876, 0.9956, 0.9995])}
	 VALID :  {'MRR': 0.3472135365009308, 'hits@[1,3,10]': tensor([0.2569, 0.3813, 0.5303])}
	 TRAIN:  {'MRR': 0.9918356835842133, 'hits@[1,3,10]': tensor([0.9873, 0.9957, 0.9996])}
	 VALID :  {'MRR': 0.3475618362426758, 'hits@[1,3,10]': tensor([0.2572, 0.3813, 0.5301])}
	 TRAIN:  {'MRR': 0.9919414818286896, 'hits@[1,3,10]': tensor([0.9874, 0.9960, 0.9997])}
	 VALID :  {'MRR': 0.347853884100914, 'hits@[1,3,10]': tensor([0.2576, 0.3813, 0.5295])}
	 TRAIN:  {'MRR': 0.9916983246803284, 'hits@[1,3,10]': tensor([0.9872, 0.9953, 0.9995])}
	 VALID :  {'MRR': 0.3467440605163574, 'hits@[1,3,10]': tensor([0.2559, 0.3809, 0.5311])}
	 TRAIN:  {'MRR': 0.9920845329761505, 'hits@[1,3,10]': tensor([0.9877, 0.9957, 0.9996])}
	 VALID :  {'MRR': 0.3476238250732422, 'hits@[1,3,10]': tensor([0.2567, 0.3814, 0.5316])}
	 TRAIN:  {'MRR': 0.9924244582653046, 'hits@[1,3,10]': tensor([0.9883, 0.9958, 0.9995])}
	 VALID :  {'MRR': 0.34769999980926514, 'hits@[1,3,10]': tensor([0.2571, 0.3811, 0.5310])}


TEST :  {'MRR': 0.3410605490207672, 'hits@[1,3,10]': tensor([0.2494, 0.3744, 0.5253])}
