{'batch_size': 100,
 'checkpoint': None,
 'data_shape': (14505, 474, 14505),
 'dataset': 'FB15k-237',
 'decay1': 0.9,
 'decay2': 0.999,
 'eval_only': False,
 'init': 0.001,
 'learning_rate': 0.1,
 'max_epochs': 100,
 'model': 'DistMult',
 'model_save_schedule': 1000,
 'optimizer': 'Adagrad',
 'path': 'kbc/data/FB15k-237',
 'rank': 1000,
 'reg': 0.001,
 'regularizer': 'N3',
 'valid': 3.0}
	 TRAIN:  {'MRR': 0.8735601007938385, 'hits@[1,3,10]': tensor([0.8194, 0.9168, 0.9622])}
	 VALID :  {'MRR': 0.3147021383047104, 'hits@[1,3,10]': tensor([0.2275, 0.3420, 0.4936])}
	 TRAIN:  {'MRR': 0.9651960134506226, 'hits@[1,3,10]': tensor([0.9472, 0.9808, 0.9934])}
	 VALID :  {'MRR': 0.3264618068933487, 'hits@[1,3,10]': tensor([0.2396, 0.3554, 0.5024])}
	 TRAIN:  {'MRR': 0.9835790395736694, 'hits@[1,3,10]': tensor([0.9731, 0.9931, 0.9991])}
	 VALID :  {'MRR': 0.32943160831928253, 'hits@[1,3,10]': tensor([0.2421, 0.3593, 0.5083])}
	 TRAIN:  {'MRR': 0.9886057674884796, 'hits@[1,3,10]': tensor([0.9815, 0.9950, 0.9994])}
	 VALID :  {'MRR': 0.33149927854537964, 'hits@[1,3,10]': tensor([0.2441, 0.3616, 0.5107])}
	 TRAIN:  {'MRR': 0.9897315800189972, 'hits@[1,3,10]': tensor([0.9836, 0.9951, 0.9996])}
	 VALID :  {'MRR': 0.3335540145635605, 'hits@[1,3,10]': tensor([0.2456, 0.3646, 0.5119])}
	 TRAIN:  {'MRR': 0.9911199808120728, 'hits@[1,3,10]': tensor([0.9857, 0.9961, 0.9997])}
	 VALID :  {'MRR': 0.3354441076517105, 'hits@[1,3,10]': tensor([0.2478, 0.3656, 0.5135])}
	 TRAIN:  {'MRR': 0.9912058711051941, 'hits@[1,3,10]': tensor([0.9863, 0.9954, 0.9997])}
	 VALID :  {'MRR': 0.3362598419189453, 'hits@[1,3,10]': tensor([0.2486, 0.3664, 0.5153])}
	 TRAIN:  {'MRR': 0.9916325807571411, 'hits@[1,3,10]': tensor([0.9869, 0.9958, 0.9997])}
	 VALID :  {'MRR': 0.33678409457206726, 'hits@[1,3,10]': tensor([0.2495, 0.3673, 0.5149])}
	 TRAIN:  {'MRR': 0.9915788769721985, 'hits@[1,3,10]': tensor([0.9867, 0.9960, 0.9998])}
	 VALID :  {'MRR': 0.33699528872966766, 'hits@[1,3,10]': tensor([0.2503, 0.3666, 0.5149])}
	 TRAIN:  {'MRR': 0.9916090667247772, 'hits@[1,3,10]': tensor([0.9868, 0.9959, 0.9996])}
	 VALID :  {'MRR': 0.33791932463645935, 'hits@[1,3,10]': tensor([0.2510, 0.3680, 0.5157])}
	 TRAIN:  {'MRR': 0.9920178949832916, 'hits@[1,3,10]': tensor([0.9876, 0.9958, 0.9997])}
	 VALID :  {'MRR': 0.3369498699903488, 'hits@[1,3,10]': tensor([0.2493, 0.3675, 0.5155])}
	 TRAIN:  {'MRR': 0.9918090403079987, 'hits@[1,3,10]': tensor([0.9872, 0.9958, 0.9996])}
	 VALID :  {'MRR': 0.3383881598711014, 'hits@[1,3,10]': tensor([0.2512, 0.3690, 0.5167])}
	 TRAIN:  {'MRR': 0.9924174249172211, 'hits@[1,3,10]': tensor([0.9880, 0.9962, 0.9997])}
	 VALID :  {'MRR': 0.33719387650489807, 'hits@[1,3,10]': tensor([0.2491, 0.3694, 0.5166])}
	 TRAIN:  {'MRR': 0.9924103021621704, 'hits@[1,3,10]': tensor([0.9881, 0.9961, 0.9997])}
	 VALID :  {'MRR': 0.33817169070243835, 'hits@[1,3,10]': tensor([0.2503, 0.3704, 0.5168])}
	 TRAIN:  {'MRR': 0.9924932420253754, 'hits@[1,3,10]': tensor([0.9881, 0.9963, 0.9998])}
	 VALID :  {'MRR': 0.3383803516626358, 'hits@[1,3,10]': tensor([0.2503, 0.3698, 0.5165])}
	 TRAIN:  {'MRR': 0.992874413728714, 'hits@[1,3,10]': tensor([0.9886, 0.9968, 0.9997])}
	 VALID :  {'MRR': 0.33930736780166626, 'hits@[1,3,10]': tensor([0.2517, 0.3696, 0.5173])}
	 TRAIN:  {'MRR': 0.9925271272659302, 'hits@[1,3,10]': tensor([0.9883, 0.9961, 0.9997])}
	 VALID :  {'MRR': 0.33897608518600464, 'hits@[1,3,10]': tensor([0.2513, 0.3701, 0.5172])}
	 TRAIN:  {'MRR': 0.9929890036582947, 'hits@[1,3,10]': tensor([0.9890, 0.9965, 0.9997])}
	 VALID :  {'MRR': 0.3388206958770752, 'hits@[1,3,10]': tensor([0.2510, 0.3688, 0.5181])}
	 TRAIN:  {'MRR': 0.9927418828010559, 'hits@[1,3,10]': tensor([0.9885, 0.9964, 0.9997])}
	 VALID :  {'MRR': 0.33853599429130554, 'hits@[1,3,10]': tensor([0.2505, 0.3700, 0.5185])}
	 TRAIN:  {'MRR': 0.9925052523612976, 'hits@[1,3,10]': tensor([0.9881, 0.9965, 0.9998])}
	 VALID :  {'MRR': 0.3389323651790619, 'hits@[1,3,10]': tensor([0.2517, 0.3692, 0.5176])}
	 TRAIN:  {'MRR': 0.9924763143062592, 'hits@[1,3,10]': tensor([0.9881, 0.9964, 0.9997])}
	 VALID :  {'MRR': 0.3396606594324112, 'hits@[1,3,10]': tensor([0.2522, 0.3706, 0.5181])}
	 TRAIN:  {'MRR': 0.993049293756485, 'hits@[1,3,10]': tensor([0.9891, 0.9967, 0.9997])}
	 VALID :  {'MRR': 0.33881285786628723, 'hits@[1,3,10]': tensor([0.2511, 0.3693, 0.5178])}
	 TRAIN:  {'MRR': 0.9928154945373535, 'hits@[1,3,10]': tensor([0.9886, 0.9965, 0.9999])}
	 VALID :  {'MRR': 0.33931222558021545, 'hits@[1,3,10]': tensor([0.2519, 0.3695, 0.5184])}
	 TRAIN:  {'MRR': 0.9929446876049042, 'hits@[1,3,10]': tensor([0.9888, 0.9966, 0.9997])}
	 VALID :  {'MRR': 0.33860088884830475, 'hits@[1,3,10]': tensor([0.2506, 0.3696, 0.5192])}
	 TRAIN:  {'MRR': 0.9928763210773468, 'hits@[1,3,10]': tensor([0.9888, 0.9965, 0.9996])}
	 VALID :  {'MRR': 0.3396073877811432, 'hits@[1,3,10]': tensor([0.2517, 0.3706, 0.5191])}
	 TRAIN:  {'MRR': 0.9931992590427399, 'hits@[1,3,10]': tensor([0.9894, 0.9966, 0.9996])}
	 VALID :  {'MRR': 0.33965003490448, 'hits@[1,3,10]': tensor([0.2523, 0.3696, 0.5193])}
	 TRAIN:  {'MRR': 0.9930965304374695, 'hits@[1,3,10]': tensor([0.9891, 0.9966, 0.9997])}
	 VALID :  {'MRR': 0.33949802815914154, 'hits@[1,3,10]': tensor([0.2518, 0.3706, 0.5190])}
	 TRAIN:  {'MRR': 0.9929230511188507, 'hits@[1,3,10]': tensor([0.9889, 0.9965, 0.9997])}
	 VALID :  {'MRR': 0.3389534652233124, 'hits@[1,3,10]': tensor([0.2512, 0.3694, 0.5195])}
	 TRAIN:  {'MRR': 0.99326291680336, 'hits@[1,3,10]': tensor([0.9893, 0.9968, 0.9997])}
	 VALID :  {'MRR': 0.339979350566864, 'hits@[1,3,10]': tensor([0.2521, 0.3712, 0.5191])}
	 TRAIN:  {'MRR': 0.9931252002716064, 'hits@[1,3,10]': tensor([0.9892, 0.9966, 0.9997])}
	 VALID :  {'MRR': 0.33915960788726807, 'hits@[1,3,10]': tensor([0.2509, 0.3698, 0.5191])}
	 TRAIN:  {'MRR': 0.9934630990028381, 'hits@[1,3,10]': tensor([0.9897, 0.9966, 0.9997])}
	 VALID :  {'MRR': 0.3398435413837433, 'hits@[1,3,10]': tensor([0.2524, 0.3706, 0.5190])}
	 TRAIN:  {'MRR': 0.9932012259960175, 'hits@[1,3,10]': tensor([0.9894, 0.9965, 0.9997])}
	 VALID :  {'MRR': 0.3393588364124298, 'hits@[1,3,10]': tensor([0.2516, 0.3701, 0.5197])}
	 TRAIN:  {'MRR': 0.9931546747684479, 'hits@[1,3,10]': tensor([0.9892, 0.9966, 0.9998])}
	 VALID :  {'MRR': 0.3394136130809784, 'hits@[1,3,10]': tensor([0.2511, 0.3713, 0.5189])}


TEST :  {'MRR': 0.3355744779109955, 'hits@[1,3,10]': tensor([0.2469, 0.3685, 0.5128])}
