{'batch_size': 100,
 'checkpoint': None,
 'data_shape': (14505, 474, 14505),
 'dataset': 'FB15k-237',
 'decay1': 0.9,
 'decay2': 0.999,
 'eval_only': False,
 'init': 0.001,
 'learning_rate': 0.1,
 'max_epochs': 100,
 'model': 'DistMult',
 'model_save_schedule': 1000,
 'optimizer': 'Adagrad',
 'path': 'kbc/data/FB15k-237',
 'rank': 1000,
 'reg': 0.5,
 'regularizer': 'N3',
 'valid': 3.0}
	 TRAIN:  {'MRR': 0.024306043051183224, 'hits@[1,3,10]': tensor([0.0121, 0.0169, 0.0578])}
	 VALID :  {'MRR': 0.018934047780930996, 'hits@[1,3,10]': tensor([0.0050, 0.0078, 0.0591])}
	 TRAIN:  {'MRR': 0.013616661541163921, 'hits@[1,3,10]': tensor([0.0020, 0.0135, 0.0264])}
	 VALID :  {'MRR': 0.011646829545497894, 'hits@[1,3,10]': tensor([0.0034, 0.0050, 0.0202])}
	 TRAIN:  {'MRR': 0.008251268416643143, 'hits@[1,3,10]': tensor([0.0006, 0.0022, 0.0228])}
	 VALID :  {'MRR': 0.00749250128865242, 'hits@[1,3,10]': tensor([0.0006, 0.0017, 0.0168])}
	 TRAIN:  {'MRR': 0.007310851942747831, 'hits@[1,3,10]': tensor([0.0007, 0.0009, 0.0162])}
	 VALID :  {'MRR': 0.006207717349752784, 'hits@[1,3,10]': tensor([0.0005, 0.0007, 0.0064])}
	 TRAIN:  {'MRR': 0.006083500804379582, 'hits@[1,3,10]': tensor([0.0004, 0.0007, 0.0157])}
	 VALID :  {'MRR': 0.0056177242659032345, 'hits@[1,3,10]': tensor([0.0005, 0.0007, 0.0055])}
	 TRAIN:  {'MRR': 0.00568277551792562, 'hits@[1,3,10]': tensor([0.0005, 0.0007, 0.0155])}
	 VALID :  {'MRR': 0.005235361168161035, 'hits@[1,3,10]': tensor([0.0005, 0.0007, 0.0056])}
	 TRAIN:  {'MRR': 0.005597281502559781, 'hits@[1,3,10]': tensor([0.0005, 0.0007, 0.0142])}
	 VALID :  {'MRR': 0.00522712804377079, 'hits@[1,3,10]': tensor([0.0005, 0.0007, 0.0056])}
	 TRAIN:  {'MRR': 0.005549203604459763, 'hits@[1,3,10]': tensor([0.0006, 0.0008, 0.0146])}
	 VALID :  {'MRR': 0.00504649430513382, 'hits@[1,3,10]': tensor([0.0005, 0.0007, 0.0056])}
	 TRAIN:  {'MRR': 0.00530124269425869, 'hits@[1,3,10]': tensor([0.0005, 0.0008, 0.0127])}
	 VALID :  {'MRR': 0.004972304916009307, 'hits@[1,3,10]': tensor([0.0005, 0.0007, 0.0055])}
	 TRAIN:  {'MRR': 0.0052248837891966105, 'hits@[1,3,10]': tensor([0.0004, 0.0007, 0.0131])}
	 VALID :  {'MRR': 0.00493029085919261, 'hits@[1,3,10]': tensor([0.0005, 0.0007, 0.0055])}
	 TRAIN:  {'MRR': 0.005277895834296942, 'hits@[1,3,10]': tensor([0.0005, 0.0008, 0.0124])}
	 VALID :  {'MRR': 0.004961867816746235, 'hits@[1,3,10]': tensor([0.0005, 0.0007, 0.0054])}
	 TRAIN:  {'MRR': 0.005113221704959869, 'hits@[1,3,10]': tensor([0.0004, 0.0008, 0.0117])}
	 VALID :  {'MRR': 0.004790985956788063, 'hits@[1,3,10]': tensor([0.0004, 0.0007, 0.0050])}
	 TRAIN:  {'MRR': 0.005359898088499904, 'hits@[1,3,10]': tensor([0.0006, 0.0010, 0.0125])}
	 VALID :  {'MRR': 0.004810076439753175, 'hits@[1,3,10]': tensor([0.0004, 0.0006, 0.0055])}
	 TRAIN:  {'MRR': 0.005196965299546719, 'hits@[1,3,10]': tensor([0.0005, 0.0009, 0.0109])}
	 VALID :  {'MRR': 0.004763975739479065, 'hits@[1,3,10]': tensor([0.0004, 0.0007, 0.0053])}
	 TRAIN:  {'MRR': 0.00514030153863132, 'hits@[1,3,10]': tensor([0.0005, 0.0010, 0.0056])}
	 VALID :  {'MRR': 0.0047178505919873714, 'hits@[1,3,10]': tensor([0.0004, 0.0009, 0.0050])}
	 TRAIN:  {'MRR': 0.005129641387611628, 'hits@[1,3,10]': tensor([0.0005, 0.0010, 0.0036])}
	 VALID :  {'MRR': 0.004728503059595823, 'hits@[1,3,10]': tensor([0.0004, 0.0009, 0.0050])}
	 TRAIN:  {'MRR': 0.005045861471444368, 'hits@[1,3,10]': tensor([0.0005, 0.0010, 0.0051])}
	 VALID :  {'MRR': 0.00462596770375967, 'hits@[1,3,10]': tensor([0.0004, 0.0009, 0.0029])}
	 TRAIN:  {'MRR': 0.004880433669313788, 'hits@[1,3,10]': tensor([0.0003, 0.0010, 0.0037])}
	 VALID :  {'MRR': 0.004578905645757914, 'hits@[1,3,10]': tensor([0.0004, 0.0011, 0.0049])}
	 TRAIN:  {'MRR': 0.005027730483561754, 'hits@[1,3,10]': tensor([0.0004, 0.0009, 0.0052])}
	 VALID :  {'MRR': 0.004662551684305072, 'hits@[1,3,10]': tensor([0.0004, 0.0010, 0.0025])}
	 TRAIN:  {'MRR': 0.005065452540293336, 'hits@[1,3,10]': tensor([0.0004, 0.0010, 0.0078])}
	 VALID :  {'MRR': 0.004613201599568129, 'hits@[1,3,10]': tensor([0.0004, 0.0010, 0.0025])}
	 TRAIN:  {'MRR': 0.004976185271516442, 'hits@[1,3,10]': tensor([0.0004, 0.0008, 0.0094])}
	 VALID :  {'MRR': 0.004555106163024902, 'hits@[1,3,10]': tensor([0.0003, 0.0008, 0.0027])}
	 TRAIN:  {'MRR': 0.005049420287832618, 'hits@[1,3,10]': tensor([0.0004, 0.0008, 0.0118])}
	 VALID :  {'MRR': 0.0046254429034888744, 'hits@[1,3,10]': tensor([0.0003, 0.0007, 0.0065])}
	 TRAIN:  {'MRR': 0.005028502317145467, 'hits@[1,3,10]': tensor([0.0003, 0.0008, 0.0104])}
	 VALID :  {'MRR': 0.004433872411027551, 'hits@[1,3,10]': tensor([0.0003, 0.0006, 0.0025])}
	 TRAIN:  {'MRR': 0.004988747648894787, 'hits@[1,3,10]': tensor([0.0003, 0.0009, 0.0076])}
	 VALID :  {'MRR': 0.004532731603831053, 'hits@[1,3,10]': tensor([0.0003, 0.0007, 0.0028])}
	 TRAIN:  {'MRR': 0.00490390881896019, 'hits@[1,3,10]': tensor([0.0002, 0.0007, 0.0081])}
	 VALID :  {'MRR': 0.004525490803644061, 'hits@[1,3,10]': tensor([0.0003, 0.0007, 0.0024])}
	 TRAIN:  {'MRR': 0.004790039965882897, 'hits@[1,3,10]': tensor([0.0001, 0.0010, 0.0087])}
	 VALID :  {'MRR': 0.004344189539551735, 'hits@[1,3,10]': tensor([0.0002, 0.0009, 0.0025])}
	 TRAIN:  {'MRR': 0.004874595208093524, 'hits@[1,3,10]': tensor([8.0000e-05, 9.3000e-04, 1.0600e-02])}
	 VALID :  {'MRR': 0.004359197104349732, 'hits@[1,3,10]': tensor([0.0001, 0.0009, 0.0023])}
	 TRAIN:  {'MRR': 0.004898410756140947, 'hits@[1,3,10]': tensor([8.0000e-05, 1.0300e-03, 1.1690e-02])}
	 VALID :  {'MRR': 0.004336580168455839, 'hits@[1,3,10]': tensor([8.5587e-05, 8.8440e-04, 2.5391e-03])}
	 TRAIN:  {'MRR': 0.004899191670119762, 'hits@[1,3,10]': tensor([3.0000e-05, 6.4000e-04, 1.5840e-02])}
	 VALID :  {'MRR': 0.004683996085077524, 'hits@[1,3,10]': tensor([8.5587e-05, 9.1293e-04, 1.1526e-02])}
	 TRAIN:  {'MRR': 0.004959886195138097, 'hits@[1,3,10]': tensor([7.0000e-05, 9.6000e-04, 1.4760e-02])}
	 VALID :  {'MRR': 0.004437154158949852, 'hits@[1,3,10]': tensor([5.7058e-05, 9.1293e-04, 7.7884e-03])}
	 TRAIN:  {'MRR': 0.004853765480220318, 'hits@[1,3,10]': tensor([0.0001, 0.0010, 0.0087])}
	 VALID :  {'MRR': 0.004398585297167301, 'hits@[1,3,10]': tensor([5.7058e-05, 8.8440e-04, 3.5661e-03])}
	 TRAIN:  {'MRR': 0.004999490454792976, 'hits@[1,3,10]': tensor([5.0000e-05, 1.0300e-03, 1.6360e-02])}
	 VALID :  {'MRR': 0.004499591188505292, 'hits@[1,3,10]': tensor([5.7058e-05, 8.8440e-04, 1.1069e-02])}
	 TRAIN:  {'MRR': 0.004857765510678291, 'hits@[1,3,10]': tensor([6.0000e-05, 1.0500e-03, 1.0890e-02])}
	 VALID :  {'MRR': 0.004283082438632846, 'hits@[1,3,10]': tensor([5.7058e-05, 8.8440e-04, 2.5391e-03])}


TEST :  {'MRR': 0.004516486078500748, 'hits@[1,3,10]': tensor([2.4464e-05, 9.5411e-04, 1.1205e-02])}
