{'batch_size': 100,
 'checkpoint': None,
 'data_shape': (14505, 474, 14505),
 'dataset': 'FB15k-237',
 'decay1': 0.9,
 'decay2': 0.999,
 'eval_only': False,
 'init': 0.001,
 'learning_rate': 0.1,
 'max_epochs': 100,
 'model': 'DistMult',
 'model_save_schedule': 1000,
 'optimizer': 'Adagrad',
 'path': 'kbc/data/FB15k-237',
 'rank': 1000,
 'reg': 0.0001,
 'regularizer': 'N3',
 'valid': 3.0}
	 TRAIN:  {'MRR': 0.876671314239502, 'hits@[1,3,10]': tensor([0.8231, 0.9207, 0.9640])}
	 VALID :  {'MRR': 0.31031253933906555, 'hits@[1,3,10]': tensor([0.2234, 0.3386, 0.4872])}
	 TRAIN:  {'MRR': 0.9680173099040985, 'hits@[1,3,10]': tensor([0.9503, 0.9836, 0.9951])}
	 VALID :  {'MRR': 0.3233184516429901, 'hits@[1,3,10]': tensor([0.2362, 0.3531, 0.4989])}
	 TRAIN:  {'MRR': 0.9857921004295349, 'hits@[1,3,10]': tensor([0.9766, 0.9944, 0.9993])}
	 VALID :  {'MRR': 0.3258238881826401, 'hits@[1,3,10]': tensor([0.2371, 0.3574, 0.5058])}
	 TRAIN:  {'MRR': 0.9890483617782593, 'hits@[1,3,10]': tensor([0.9821, 0.9956, 0.9996])}
	 VALID :  {'MRR': 0.32893334329128265, 'hits@[1,3,10]': tensor([0.2405, 0.3601, 0.5074])}
	 TRAIN:  {'MRR': 0.9900647103786469, 'hits@[1,3,10]': tensor([0.9838, 0.9958, 0.9996])}
	 VALID :  {'MRR': 0.3310651481151581, 'hits@[1,3,10]': tensor([0.2430, 0.3623, 0.5098])}
	 TRAIN:  {'MRR': 0.9905300736427307, 'hits@[1,3,10]': tensor([0.9849, 0.9955, 0.9996])}
	 VALID :  {'MRR': 0.33245573937892914, 'hits@[1,3,10]': tensor([0.2451, 0.3618, 0.5098])}
	 TRAIN:  {'MRR': 0.9910770952701569, 'hits@[1,3,10]': tensor([0.9858, 0.9956, 0.9997])}
	 VALID :  {'MRR': 0.332972452044487, 'hits@[1,3,10]': tensor([0.2442, 0.3662, 0.5119])}
	 TRAIN:  {'MRR': 0.9912054240703583, 'hits@[1,3,10]': tensor([0.9860, 0.9958, 0.9998])}
	 VALID :  {'MRR': 0.33382686972618103, 'hits@[1,3,10]': tensor([0.2454, 0.3649, 0.5108])}
	 TRAIN:  {'MRR': 0.9917354881763458, 'hits@[1,3,10]': tensor([0.9870, 0.9959, 0.9998])}
	 VALID :  {'MRR': 0.33419838547706604, 'hits@[1,3,10]': tensor([0.2461, 0.3653, 0.5111])}
	 TRAIN:  {'MRR': 0.9921055138111115, 'hits@[1,3,10]': tensor([0.9876, 0.9961, 0.9997])}
	 VALID :  {'MRR': 0.334992453455925, 'hits@[1,3,10]': tensor([0.2465, 0.3663, 0.5118])}
	 TRAIN:  {'MRR': 0.9921945631504059, 'hits@[1,3,10]': tensor([0.9878, 0.9962, 0.9997])}
	 VALID :  {'MRR': 0.3355787545442581, 'hits@[1,3,10]': tensor([0.2478, 0.3663, 0.5118])}
	 TRAIN:  {'MRR': 0.9923949837684631, 'hits@[1,3,10]': tensor([0.9879, 0.9966, 0.9997])}
	 VALID :  {'MRR': 0.3356020897626877, 'hits@[1,3,10]': tensor([0.2477, 0.3667, 0.5118])}
	 TRAIN:  {'MRR': 0.9924696385860443, 'hits@[1,3,10]': tensor([0.9882, 0.9962, 0.9997])}
	 VALID :  {'MRR': 0.3354203850030899, 'hits@[1,3,10]': tensor([0.2477, 0.3661, 0.5126])}
	 TRAIN:  {'MRR': 0.9922612607479095, 'hits@[1,3,10]': tensor([0.9878, 0.9961, 0.9997])}
	 VALID :  {'MRR': 0.33603817224502563, 'hits@[1,3,10]': tensor([0.2479, 0.3678, 0.5134])}
	 TRAIN:  {'MRR': 0.9925780296325684, 'hits@[1,3,10]': tensor([0.9883, 0.9964, 0.9997])}
	 VALID :  {'MRR': 0.33563992381095886, 'hits@[1,3,10]': tensor([0.2471, 0.3679, 0.5135])}
	 TRAIN:  {'MRR': 0.9929694533348083, 'hits@[1,3,10]': tensor([0.9890, 0.9966, 0.9998])}
	 VALID :  {'MRR': 0.33667197823524475, 'hits@[1,3,10]': tensor([0.2487, 0.3685, 0.5126])}
	 TRAIN:  {'MRR': 0.9929610788822174, 'hits@[1,3,10]': tensor([0.9891, 0.9962, 0.9996])}
	 VALID :  {'MRR': 0.3372407853603363, 'hits@[1,3,10]': tensor([0.2497, 0.3688, 0.5134])}
	 TRAIN:  {'MRR': 0.9929823279380798, 'hits@[1,3,10]': tensor([0.9890, 0.9965, 0.9997])}
	 VALID :  {'MRR': 0.33691930770874023, 'hits@[1,3,10]': tensor([0.2489, 0.3693, 0.5125])}
	 TRAIN:  {'MRR': 0.9930340349674225, 'hits@[1,3,10]': tensor([0.9890, 0.9964, 0.9998])}
	 VALID :  {'MRR': 0.33753782510757446, 'hits@[1,3,10]': tensor([0.2496, 0.3688, 0.5129])}
	 TRAIN:  {'MRR': 0.9930610954761505, 'hits@[1,3,10]': tensor([0.9892, 0.9964, 0.9998])}
	 VALID :  {'MRR': 0.3374761641025543, 'hits@[1,3,10]': tensor([0.2501, 0.3674, 0.5136])}
	 TRAIN:  {'MRR': 0.9925920963287354, 'hits@[1,3,10]': tensor([0.9883, 0.9963, 0.9997])}
	 VALID :  {'MRR': 0.3377991020679474, 'hits@[1,3,10]': tensor([0.2499, 0.3696, 0.5139])}
	 TRAIN:  {'MRR': 0.9930708706378937, 'hits@[1,3,10]': tensor([0.9891, 0.9966, 0.9998])}
	 VALID :  {'MRR': 0.33779940009117126, 'hits@[1,3,10]': tensor([0.2502, 0.3687, 0.5145])}
	 TRAIN:  {'MRR': 0.9934241473674774, 'hits@[1,3,10]': tensor([0.9895, 0.9968, 0.9997])}
	 VALID :  {'MRR': 0.3376449793577194, 'hits@[1,3,10]': tensor([0.2495, 0.3701, 0.5146])}
	 TRAIN:  {'MRR': 0.9931938350200653, 'hits@[1,3,10]': tensor([0.9893, 0.9966, 0.9998])}
	 VALID :  {'MRR': 0.33805857598781586, 'hits@[1,3,10]': tensor([0.2501, 0.3704, 0.5136])}
	 TRAIN:  {'MRR': 0.9930634200572968, 'hits@[1,3,10]': tensor([0.9891, 0.9967, 0.9998])}
	 VALID :  {'MRR': 0.3376753628253937, 'hits@[1,3,10]': tensor([0.2493, 0.3697, 0.5143])}
	 TRAIN:  {'MRR': 0.9930947422981262, 'hits@[1,3,10]': tensor([0.9891, 0.9965, 0.9997])}
	 VALID :  {'MRR': 0.3377273678779602, 'hits@[1,3,10]': tensor([0.2499, 0.3691, 0.5139])}
	 TRAIN:  {'MRR': 0.9934443831443787, 'hits@[1,3,10]': tensor([0.9897, 0.9966, 0.9997])}
	 VALID :  {'MRR': 0.33788150548934937, 'hits@[1,3,10]': tensor([0.2498, 0.3692, 0.5143])}
	 TRAIN:  {'MRR': 0.9934773743152618, 'hits@[1,3,10]': tensor([0.9896, 0.9969, 0.9998])}
	 VALID :  {'MRR': 0.33831004798412323, 'hits@[1,3,10]': tensor([0.2505, 0.3699, 0.5147])}
	 TRAIN:  {'MRR': 0.9933411777019501, 'hits@[1,3,10]': tensor([0.9894, 0.9969, 0.9998])}
	 VALID :  {'MRR': 0.3386222869157791, 'hits@[1,3,10]': tensor([0.2513, 0.3700, 0.5137])}
	 TRAIN:  {'MRR': 0.9933770298957825, 'hits@[1,3,10]': tensor([0.9895, 0.9965, 0.9998])}
	 VALID :  {'MRR': 0.33798453211784363, 'hits@[1,3,10]': tensor([0.2501, 0.3696, 0.5141])}
	 TRAIN:  {'MRR': 0.9931845963001251, 'hits@[1,3,10]': tensor([0.9892, 0.9967, 0.9998])}
	 VALID :  {'MRR': 0.3381774574518204, 'hits@[1,3,10]': tensor([0.2502, 0.3704, 0.5143])}
	 TRAIN:  {'MRR': 0.9934892952442169, 'hits@[1,3,10]': tensor([0.9897, 0.9970, 0.9997])}
	 VALID :  {'MRR': 0.3388928920030594, 'hits@[1,3,10]': tensor([0.2506, 0.3708, 0.5157])}
	 TRAIN:  {'MRR': 0.9934493601322174, 'hits@[1,3,10]': tensor([0.9897, 0.9969, 0.9998])}
	 VALID :  {'MRR': 0.3382152169942856, 'hits@[1,3,10]': tensor([0.2502, 0.3707, 0.5149])}


TEST :  {'MRR': 0.33268316090106964, 'hits@[1,3,10]': tensor([0.2441, 0.3661, 0.5094])}
