{'batch_size': 100,
 'checkpoint': None,
 'data_shape': (14505, 474, 14505),
 'dataset': 'FB15k-237',
 'decay1': 0.9,
 'decay2': 0.999,
 'eval_only': False,
 'init': 0.001,
 'learning_rate': 0.1,
 'max_epochs': 100,
 'model': 'DistMult',
 'model_save_schedule': 1000,
 'optimizer': 'Adagrad',
 'path': 'kbc/data/FB15k-237',
 'rank': 1000,
 'reg': 0.0005,
 'regularizer': 'N3',
 'valid': 3.0}
	 TRAIN:  {'MRR': 0.8732080161571503, 'hits@[1,3,10]': tensor([0.8167, 0.9205, 0.9645])}
	 VALID :  {'MRR': 0.3141085356473923, 'hits@[1,3,10]': tensor([0.2272, 0.3440, 0.4910])}
	 TRAIN:  {'MRR': 0.9678922593593597, 'hits@[1,3,10]': tensor([0.9503, 0.9836, 0.9943])}
	 VALID :  {'MRR': 0.3273058384656906, 'hits@[1,3,10]': tensor([0.2402, 0.3574, 0.5038])}
	 TRAIN:  {'MRR': 0.9841297268867493, 'hits@[1,3,10]': tensor([0.9736, 0.9940, 0.9994])}
	 VALID :  {'MRR': 0.330496221780777, 'hits@[1,3,10]': tensor([0.2438, 0.3597, 0.5102])}
	 TRAIN:  {'MRR': 0.9884778261184692, 'hits@[1,3,10]': tensor([0.9812, 0.9952, 0.9995])}
	 VALID :  {'MRR': 0.33300867676734924, 'hits@[1,3,10]': tensor([0.2456, 0.3635, 0.5109])}
	 TRAIN:  {'MRR': 0.9896221160888672, 'hits@[1,3,10]': tensor([0.9833, 0.9954, 0.9996])}
	 VALID :  {'MRR': 0.33354300260543823, 'hits@[1,3,10]': tensor([0.2471, 0.3625, 0.5101])}
	 TRAIN:  {'MRR': 0.9908585250377655, 'hits@[1,3,10]': tensor([0.9855, 0.9955, 0.9996])}
	 VALID :  {'MRR': 0.33422568440437317, 'hits@[1,3,10]': tensor([0.2472, 0.3629, 0.5135])}
	 TRAIN:  {'MRR': 0.9911032021045685, 'hits@[1,3,10]': tensor([0.9860, 0.9958, 0.9996])}
	 VALID :  {'MRR': 0.3346705436706543, 'hits@[1,3,10]': tensor([0.2481, 0.3641, 0.5132])}
	 TRAIN:  {'MRR': 0.9916654825210571, 'hits@[1,3,10]': tensor([0.9869, 0.9958, 0.9998])}
	 VALID :  {'MRR': 0.3364371657371521, 'hits@[1,3,10]': tensor([0.2495, 0.3664, 0.5129])}
	 TRAIN:  {'MRR': 0.9918122887611389, 'hits@[1,3,10]': tensor([0.9870, 0.9960, 0.9997])}
	 VALID :  {'MRR': 0.3363845646381378, 'hits@[1,3,10]': tensor([0.2497, 0.3670, 0.5128])}
	 TRAIN:  {'MRR': 0.9920137524604797, 'hits@[1,3,10]': tensor([0.9875, 0.9961, 0.9997])}
	 VALID :  {'MRR': 0.33676619827747345, 'hits@[1,3,10]': tensor([0.2502, 0.3664, 0.5137])}
	 TRAIN:  {'MRR': 0.9917875826358795, 'hits@[1,3,10]': tensor([0.9872, 0.9958, 0.9997])}
	 VALID :  {'MRR': 0.33756156265735626, 'hits@[1,3,10]': tensor([0.2507, 0.3673, 0.5157])}
	 TRAIN:  {'MRR': 0.992457389831543, 'hits@[1,3,10]': tensor([0.9879, 0.9967, 0.9997])}
	 VALID :  {'MRR': 0.3376036435365677, 'hits@[1,3,10]': tensor([0.2514, 0.3658, 0.5151])}
	 TRAIN:  {'MRR': 0.9919945299625397, 'hits@[1,3,10]': tensor([0.9874, 0.9960, 0.9997])}
	 VALID :  {'MRR': 0.3373558819293976, 'hits@[1,3,10]': tensor([0.2504, 0.3669, 0.5143])}
	 TRAIN:  {'MRR': 0.9923032820224762, 'hits@[1,3,10]': tensor([0.9879, 0.9962, 0.9998])}
	 VALID :  {'MRR': 0.33844417333602905, 'hits@[1,3,10]': tensor([0.2517, 0.3687, 0.5151])}
	 TRAIN:  {'MRR': 0.9926019906997681, 'hits@[1,3,10]': tensor([0.9883, 0.9965, 0.9997])}
	 VALID :  {'MRR': 0.3380531966686249, 'hits@[1,3,10]': tensor([0.2511, 0.3674, 0.5153])}
	 TRAIN:  {'MRR': 0.9926657676696777, 'hits@[1,3,10]': tensor([0.9885, 0.9964, 0.9998])}
	 VALID :  {'MRR': 0.33818046748638153, 'hits@[1,3,10]': tensor([0.2517, 0.3662, 0.5154])}
	 TRAIN:  {'MRR': 0.9924931824207306, 'hits@[1,3,10]': tensor([0.9881, 0.9962, 0.9997])}
	 VALID :  {'MRR': 0.3380376994609833, 'hits@[1,3,10]': tensor([0.2513, 0.3676, 0.5143])}
	 TRAIN:  {'MRR': 0.9927274584770203, 'hits@[1,3,10]': tensor([0.9885, 0.9966, 0.9997])}
	 VALID :  {'MRR': 0.3382980078458786, 'hits@[1,3,10]': tensor([0.2512, 0.3683, 0.5148])}
	 TRAIN:  {'MRR': 0.9927750527858734, 'hits@[1,3,10]': tensor([0.9886, 0.9966, 0.9997])}
	 VALID :  {'MRR': 0.33836545050144196, 'hits@[1,3,10]': tensor([0.2513, 0.3677, 0.5155])}
	 TRAIN:  {'MRR': 0.992809921503067, 'hits@[1,3,10]': tensor([0.9887, 0.9966, 0.9998])}
	 VALID :  {'MRR': 0.338069349527359, 'hits@[1,3,10]': tensor([0.2510, 0.3677, 0.5157])}
	 TRAIN:  {'MRR': 0.9929650127887726, 'hits@[1,3,10]': tensor([0.9888, 0.9966, 0.9997])}
	 VALID :  {'MRR': 0.3397674560546875, 'hits@[1,3,10]': tensor([0.2535, 0.3683, 0.5161])}
	 TRAIN:  {'MRR': 0.9929386079311371, 'hits@[1,3,10]': tensor([0.9889, 0.9965, 0.9998])}
	 VALID :  {'MRR': 0.3389029800891876, 'hits@[1,3,10]': tensor([0.2522, 0.3679, 0.5164])}
	 TRAIN:  {'MRR': 0.9929195642471313, 'hits@[1,3,10]': tensor([0.9889, 0.9966, 0.9997])}
	 VALID :  {'MRR': 0.339019775390625, 'hits@[1,3,10]': tensor([0.2522, 0.3694, 0.5155])}
	 TRAIN:  {'MRR': 0.9934884011745453, 'hits@[1,3,10]': tensor([0.9897, 0.9969, 0.9998])}
	 VALID :  {'MRR': 0.33897385001182556, 'hits@[1,3,10]': tensor([0.2519, 0.3702, 0.5159])}
	 TRAIN:  {'MRR': 0.9930839836597443, 'hits@[1,3,10]': tensor([0.9891, 0.9967, 0.9997])}
	 VALID :  {'MRR': 0.33950863778591156, 'hits@[1,3,10]': tensor([0.2529, 0.3688, 0.5163])}
	 TRAIN:  {'MRR': 0.9929689168930054, 'hits@[1,3,10]': tensor([0.9889, 0.9966, 0.9998])}
	 VALID :  {'MRR': 0.33920200169086456, 'hits@[1,3,10]': tensor([0.2524, 0.3689, 0.5157])}
	 TRAIN:  {'MRR': 0.9934456646442413, 'hits@[1,3,10]': tensor([0.9896, 0.9969, 0.9999])}
	 VALID :  {'MRR': 0.3394944667816162, 'hits@[1,3,10]': tensor([0.2528, 0.3698, 0.5162])}
	 TRAIN:  {'MRR': 0.9931691884994507, 'hits@[1,3,10]': tensor([0.9893, 0.9964, 0.9997])}
	 VALID :  {'MRR': 0.33948734402656555, 'hits@[1,3,10]': tensor([0.2527, 0.3691, 0.5171])}
	 TRAIN:  {'MRR': 0.9937161505222321, 'hits@[1,3,10]': tensor([0.9901, 0.9969, 0.9997])}
	 VALID :  {'MRR': 0.33941584825515747, 'hits@[1,3,10]': tensor([0.2525, 0.3688, 0.5162])}
	 TRAIN:  {'MRR': 0.9935286641120911, 'hits@[1,3,10]': tensor([0.9897, 0.9968, 0.9998])}
	 VALID :  {'MRR': 0.3396628499031067, 'hits@[1,3,10]': tensor([0.2533, 0.3687, 0.5161])}
	 TRAIN:  {'MRR': 0.9936749935150146, 'hits@[1,3,10]': tensor([0.9900, 0.9969, 0.9998])}
	 VALID :  {'MRR': 0.3393848091363907, 'hits@[1,3,10]': tensor([0.2527, 0.3684, 0.5163])}
	 TRAIN:  {'MRR': 0.9933357238769531, 'hits@[1,3,10]': tensor([0.9894, 0.9967, 0.9998])}
	 VALID :  {'MRR': 0.3393382430076599, 'hits@[1,3,10]': tensor([0.2524, 0.3692, 0.5159])}
	 TRAIN:  {'MRR': 0.9932162463665009, 'hits@[1,3,10]': tensor([0.9892, 0.9969, 0.9998])}
	 VALID :  {'MRR': 0.33924882113933563, 'hits@[1,3,10]': tensor([0.2522, 0.3688, 0.5169])}


TEST :  {'MRR': 0.3338578939437866, 'hits@[1,3,10]': tensor([0.2452, 0.3664, 0.5114])}
