{'batch_size': 100,
 'checkpoint': None,
 'data_shape': (14505, 474, 14505),
 'dataset': 'FB15k-237',
 'decay1': 0.9,
 'decay2': 0.999,
 'eval_only': False,
 'init': 0.001,
 'learning_rate': 0.1,
 'max_epochs': 100,
 'model': 'DistMult',
 'model_save_schedule': 1000,
 'optimizer': 'Adagrad',
 'path': 'kbc/data/FB15k-237',
 'rank': 1000,
 'reg': 0.005,
 'regularizer': 'N3',
 'valid': 3.0}
	 TRAIN:  {'MRR': 0.841574490070343, 'hits@[1,3,10]': tensor([0.7776, 0.8914, 0.9488])}
	 VALID :  {'MRR': 0.32342207431793213, 'hits@[1,3,10]': tensor([0.2349, 0.3546, 0.5027])}
	 TRAIN:  {'MRR': 0.9473426640033722, 'hits@[1,3,10]': tensor([0.9204, 0.9704, 0.9877])}
	 VALID :  {'MRR': 0.3322160243988037, 'hits@[1,3,10]': tensor([0.2419, 0.3639, 0.5127])}
	 TRAIN:  {'MRR': 0.9759424328804016, 'hits@[1,3,10]': tensor([0.9619, 0.9885, 0.9973])}
	 VALID :  {'MRR': 0.3380906730890274, 'hits@[1,3,10]': tensor([0.2484, 0.3696, 0.5180])}
	 TRAIN:  {'MRR': 0.9840258359909058, 'hits@[1,3,10]': tensor([0.9740, 0.9930, 0.9989])}
	 VALID :  {'MRR': 0.3387643098831177, 'hits@[1,3,10]': tensor([0.2483, 0.3708, 0.5202])}
	 TRAIN:  {'MRR': 0.9867072999477386, 'hits@[1,3,10]': tensor([0.9784, 0.9944, 0.9994])}
	 VALID :  {'MRR': 0.3402561694383621, 'hits@[1,3,10]': tensor([0.2496, 0.3729, 0.5211])}
	 TRAIN:  {'MRR': 0.9884758591651917, 'hits@[1,3,10]': tensor([0.9816, 0.9945, 0.9995])}
	 VALID :  {'MRR': 0.34111060202121735, 'hits@[1,3,10]': tensor([0.2505, 0.3730, 0.5218])}
	 TRAIN:  {'MRR': 0.9891114830970764, 'hits@[1,3,10]': tensor([0.9826, 0.9946, 0.9995])}
	 VALID :  {'MRR': 0.34289149940013885, 'hits@[1,3,10]': tensor([0.2533, 0.3740, 0.5215])}
	 TRAIN:  {'MRR': 0.990288645029068, 'hits@[1,3,10]': tensor([0.9846, 0.9954, 0.9996])}
	 VALID :  {'MRR': 0.34249378740787506, 'hits@[1,3,10]': tensor([0.2525, 0.3739, 0.5225])}
	 TRAIN:  {'MRR': 0.990588515996933, 'hits@[1,3,10]': tensor([0.9851, 0.9953, 0.9996])}
	 VALID :  {'MRR': 0.3429347425699234, 'hits@[1,3,10]': tensor([0.2523, 0.3766, 0.5235])}
	 TRAIN:  {'MRR': 0.9904327988624573, 'hits@[1,3,10]': tensor([0.9849, 0.9953, 0.9995])}
	 VALID :  {'MRR': 0.34334486722946167, 'hits@[1,3,10]': tensor([0.2531, 0.3759, 0.5239])}
	 TRAIN:  {'MRR': 0.9907590448856354, 'hits@[1,3,10]': tensor([0.9855, 0.9951, 0.9996])}
	 VALID :  {'MRR': 0.343813419342041, 'hits@[1,3,10]': tensor([0.2537, 0.3761, 0.5250])}
	 TRAIN:  {'MRR': 0.9913502335548401, 'hits@[1,3,10]': tensor([0.9864, 0.9957, 0.9997])}
	 VALID :  {'MRR': 0.3448368012905121, 'hits@[1,3,10]': tensor([0.2549, 0.3772, 0.5253])}
	 TRAIN:  {'MRR': 0.9909707903862, 'hits@[1,3,10]': tensor([0.9860, 0.9950, 0.9996])}
	 VALID :  {'MRR': 0.3446846604347229, 'hits@[1,3,10]': tensor([0.2547, 0.3771, 0.5249])}
	 TRAIN:  {'MRR': 0.9913572072982788, 'hits@[1,3,10]': tensor([0.9863, 0.9957, 0.9997])}
	 VALID :  {'MRR': 0.34481509029865265, 'hits@[1,3,10]': tensor([0.2549, 0.3764, 0.5261])}
	 TRAIN:  {'MRR': 0.9905605912208557, 'hits@[1,3,10]': tensor([0.9851, 0.9952, 0.9995])}
	 VALID :  {'MRR': 0.34505389630794525, 'hits@[1,3,10]': tensor([0.2551, 0.3766, 0.5260])}
	 TRAIN:  {'MRR': 0.9912516176700592, 'hits@[1,3,10]': tensor([0.9865, 0.9953, 0.9996])}
	 VALID :  {'MRR': 0.34548619389533997, 'hits@[1,3,10]': tensor([0.2558, 0.3769, 0.5252])}
	 TRAIN:  {'MRR': 0.9914432168006897, 'hits@[1,3,10]': tensor([0.9866, 0.9954, 0.9998])}
	 VALID :  {'MRR': 0.345059409737587, 'hits@[1,3,10]': tensor([0.2550, 0.3776, 0.5255])}
	 TRAIN:  {'MRR': 0.9912137687206268, 'hits@[1,3,10]': tensor([0.9863, 0.9954, 0.9996])}
	 VALID :  {'MRR': 0.3454526662826538, 'hits@[1,3,10]': tensor([0.2556, 0.3776, 0.5267])}
	 TRAIN:  {'MRR': 0.9910968542098999, 'hits@[1,3,10]': tensor([0.9860, 0.9955, 0.9996])}
	 VALID :  {'MRR': 0.34551525115966797, 'hits@[1,3,10]': tensor([0.2558, 0.3778, 0.5260])}
	 TRAIN:  {'MRR': 0.9912289977073669, 'hits@[1,3,10]': tensor([0.9864, 0.9954, 0.9995])}
	 VALID :  {'MRR': 0.34594587981700897, 'hits@[1,3,10]': tensor([0.2557, 0.3784, 0.5268])}
	 TRAIN:  {'MRR': 0.9908799827098846, 'hits@[1,3,10]': tensor([0.9858, 0.9953, 0.9995])}
	 VALID :  {'MRR': 0.34626638889312744, 'hits@[1,3,10]': tensor([0.2565, 0.3788, 0.5263])}
	 TRAIN:  {'MRR': 0.9915183186531067, 'hits@[1,3,10]': tensor([0.9866, 0.9956, 0.9995])}
	 VALID :  {'MRR': 0.3465830236673355, 'hits@[1,3,10]': tensor([0.2567, 0.3786, 0.5259])}
	 TRAIN:  {'MRR': 0.9917145371437073, 'hits@[1,3,10]': tensor([0.9871, 0.9956, 0.9996])}
	 VALID :  {'MRR': 0.3461141586303711, 'hits@[1,3,10]': tensor([0.2561, 0.3783, 0.5273])}
	 TRAIN:  {'MRR': 0.9913441240787506, 'hits@[1,3,10]': tensor([0.9864, 0.9957, 0.9996])}
	 VALID :  {'MRR': 0.347030833363533, 'hits@[1,3,10]': tensor([0.2573, 0.3794, 0.5272])}
	 TRAIN:  {'MRR': 0.9917732775211334, 'hits@[1,3,10]': tensor([0.9871, 0.9957, 0.9997])}
	 VALID :  {'MRR': 0.3466477692127228, 'hits@[1,3,10]': tensor([0.2569, 0.3786, 0.5272])}
	 TRAIN:  {'MRR': 0.9917812645435333, 'hits@[1,3,10]': tensor([0.9872, 0.9958, 0.9997])}
	 VALID :  {'MRR': 0.346732497215271, 'hits@[1,3,10]': tensor([0.2571, 0.3786, 0.5281])}
	 TRAIN:  {'MRR': 0.991637259721756, 'hits@[1,3,10]': tensor([0.9870, 0.9957, 0.9995])}
	 VALID :  {'MRR': 0.34663887321949005, 'hits@[1,3,10]': tensor([0.2564, 0.3801, 0.5278])}
	 TRAIN:  {'MRR': 0.991983562707901, 'hits@[1,3,10]': tensor([0.9876, 0.9957, 0.9997])}
	 VALID :  {'MRR': 0.34704847633838654, 'hits@[1,3,10]': tensor([0.2575, 0.3792, 0.5279])}
	 TRAIN:  {'MRR': 0.9915582835674286, 'hits@[1,3,10]': tensor([0.9866, 0.9958, 0.9997])}
	 VALID :  {'MRR': 0.34665626287460327, 'hits@[1,3,10]': tensor([0.2566, 0.3792, 0.5274])}
	 TRAIN:  {'MRR': 0.9914858937263489, 'hits@[1,3,10]': tensor([0.9868, 0.9955, 0.9995])}
	 VALID :  {'MRR': 0.3469260632991791, 'hits@[1,3,10]': tensor([0.2569, 0.3782, 0.5282])}
	 TRAIN:  {'MRR': 0.9917727112770081, 'hits@[1,3,10]': tensor([0.9873, 0.9957, 0.9996])}
	 VALID :  {'MRR': 0.3473449945449829, 'hits@[1,3,10]': tensor([0.2576, 0.3797, 0.5272])}
	 TRAIN:  {'MRR': 0.9917230308055878, 'hits@[1,3,10]': tensor([0.9872, 0.9956, 0.9995])}
	 VALID :  {'MRR': 0.3471269756555557, 'hits@[1,3,10]': tensor([0.2572, 0.3795, 0.5280])}
	 TRAIN:  {'MRR': 0.9919970631599426, 'hits@[1,3,10]': tensor([0.9875, 0.9959, 0.9996])}
	 VALID :  {'MRR': 0.34724098443984985, 'hits@[1,3,10]': tensor([0.2573, 0.3793, 0.5278])}


TEST :  {'MRR': 0.34051354229450226, 'hits@[1,3,10]': tensor([0.2499, 0.3721, 0.5245])}
