{'batch_size': 1000,
 'checkpoint': None,
 'data_shape': (14505, 474, 14505),
 'dataset': 'FB15k-237',
 'decay1': 0.9,
 'decay2': 0.999,
 'eval_only': False,
 'init': 0.001,
 'learning_rate': 0.1,
 'max_epochs': 100,
 'model': 'DistMult',
 'model_save_schedule': 1000,
 'optimizer': 'Adagrad',
 'path': 'kbc/data/FB15k-237',
 'rank': 1000,
 'reg': 0.0001,
 'regularizer': 'N3',
 'valid': 3.0}
	 TRAIN:  {'MRR': 0.8612903654575348, 'hits@[1,3,10]': tensor([0.7998, 0.9121, 0.9597])}
	 VALID :  {'MRR': 0.3096739947795868, 'hits@[1,3,10]': tensor([0.2237, 0.3384, 0.4839])}
	 TRAIN:  {'MRR': 0.9630002975463867, 'hits@[1,3,10]': tensor([0.9426, 0.9802, 0.9943])}
	 VALID :  {'MRR': 0.3217978775501251, 'hits@[1,3,10]': tensor([0.2356, 0.3506, 0.4987])}
	 TRAIN:  {'MRR': 0.9841610789299011, 'hits@[1,3,10]': tensor([0.9735, 0.9944, 0.9995])}
	 VALID :  {'MRR': 0.32649099826812744, 'hits@[1,3,10]': tensor([0.2391, 0.3560, 0.5045])}
	 TRAIN:  {'MRR': 0.9887888431549072, 'hits@[1,3,10]': tensor([0.9816, 0.9954, 0.9995])}
	 VALID :  {'MRR': 0.3302301913499832, 'hits@[1,3,10]': tensor([0.2434, 0.3600, 0.5070])}
	 TRAIN:  {'MRR': 0.9898739457130432, 'hits@[1,3,10]': tensor([0.9835, 0.9956, 0.9997])}
	 VALID :  {'MRR': 0.33114001154899597, 'hits@[1,3,10]': tensor([0.2445, 0.3617, 0.5076])}
	 TRAIN:  {'MRR': 0.9907088279724121, 'hits@[1,3,10]': tensor([0.9850, 0.9956, 0.9997])}
	 VALID :  {'MRR': 0.3330114036798477, 'hits@[1,3,10]': tensor([0.2467, 0.3628, 0.5096])}
	 TRAIN:  {'MRR': 0.9904374182224274, 'hits@[1,3,10]': tensor([0.9845, 0.9959, 0.9997])}
	 VALID :  {'MRR': 0.33249908685684204, 'hits@[1,3,10]': tensor([0.2446, 0.3642, 0.5104])}
	 TRAIN:  {'MRR': 0.9914535284042358, 'hits@[1,3,10]': tensor([0.9862, 0.9959, 0.9997])}
	 VALID :  {'MRR': 0.33459722995758057, 'hits@[1,3,10]': tensor([0.2477, 0.3657, 0.5112])}
	 TRAIN:  {'MRR': 0.9916177988052368, 'hits@[1,3,10]': tensor([0.9866, 0.9961, 0.9997])}
	 VALID :  {'MRR': 0.3347434848546982, 'hits@[1,3,10]': tensor([0.2480, 0.3653, 0.5117])}
	 TRAIN:  {'MRR': 0.9919453263282776, 'hits@[1,3,10]': tensor([0.9873, 0.9960, 0.9996])}
	 VALID :  {'MRR': 0.3353711664676666, 'hits@[1,3,10]': tensor([0.2489, 0.3652, 0.5122])}
	 TRAIN:  {'MRR': 0.9923593699932098, 'hits@[1,3,10]': tensor([0.9878, 0.9963, 0.9997])}
	 VALID :  {'MRR': 0.33747880160808563, 'hits@[1,3,10]': tensor([0.2510, 0.3667, 0.5138])}
	 TRAIN:  {'MRR': 0.9924688339233398, 'hits@[1,3,10]': tensor([0.9880, 0.9964, 0.9998])}
	 VALID :  {'MRR': 0.3366650640964508, 'hits@[1,3,10]': tensor([0.2494, 0.3687, 0.5136])}
	 TRAIN:  {'MRR': 0.9924267530441284, 'hits@[1,3,10]': tensor([0.9881, 0.9963, 0.9996])}
	 VALID :  {'MRR': 0.33732256293296814, 'hits@[1,3,10]': tensor([0.2509, 0.3682, 0.5148])}
	 TRAIN:  {'MRR': 0.9925631284713745, 'hits@[1,3,10]': tensor([0.9881, 0.9965, 0.9998])}
	 VALID :  {'MRR': 0.3373323678970337, 'hits@[1,3,10]': tensor([0.2503, 0.3693, 0.5139])}
	 TRAIN:  {'MRR': 0.9927588105201721, 'hits@[1,3,10]': tensor([0.9887, 0.9962, 0.9997])}
	 VALID :  {'MRR': 0.3369779884815216, 'hits@[1,3,10]': tensor([0.2501, 0.3678, 0.5143])}
	 TRAIN:  {'MRR': 0.9931317567825317, 'hits@[1,3,10]': tensor([0.9891, 0.9967, 0.9997])}
	 VALID :  {'MRR': 0.3372590243816376, 'hits@[1,3,10]': tensor([0.2504, 0.3686, 0.5143])}
	 TRAIN:  {'MRR': 0.9932308495044708, 'hits@[1,3,10]': tensor([0.9894, 0.9966, 0.9997])}
	 VALID :  {'MRR': 0.33794572949409485, 'hits@[1,3,10]': tensor([0.2511, 0.3692, 0.5153])}
	 TRAIN:  {'MRR': 0.9930483400821686, 'hits@[1,3,10]': tensor([0.9891, 0.9965, 0.9998])}
	 VALID :  {'MRR': 0.33792851865291595, 'hits@[1,3,10]': tensor([0.2513, 0.3685, 0.5145])}
	 TRAIN:  {'MRR': 0.9930746555328369, 'hits@[1,3,10]': tensor([0.9892, 0.9965, 0.9996])}
	 VALID :  {'MRR': 0.3373604118824005, 'hits@[1,3,10]': tensor([0.2503, 0.3690, 0.5147])}
	 TRAIN:  {'MRR': 0.9927303493022919, 'hits@[1,3,10]': tensor([0.9885, 0.9964, 0.9997])}
	 VALID :  {'MRR': 0.33768050372600555, 'hits@[1,3,10]': tensor([0.2509, 0.3684, 0.5156])}
	 TRAIN:  {'MRR': 0.9932750463485718, 'hits@[1,3,10]': tensor([0.9895, 0.9966, 0.9998])}
	 VALID :  {'MRR': 0.33794835209846497, 'hits@[1,3,10]': tensor([0.2507, 0.3691, 0.5153])}
	 TRAIN:  {'MRR': 0.9932949841022491, 'hits@[1,3,10]': tensor([0.9894, 0.9966, 0.9997])}
	 VALID :  {'MRR': 0.3382021337747574, 'hits@[1,3,10]': tensor([0.2509, 0.3699, 0.5146])}
	 TRAIN:  {'MRR': 0.9932578802108765, 'hits@[1,3,10]': tensor([0.9894, 0.9965, 0.9997])}
	 VALID :  {'MRR': 0.3389522582292557, 'hits@[1,3,10]': tensor([0.2520, 0.3706, 0.5153])}
	 TRAIN:  {'MRR': 0.9933311343193054, 'hits@[1,3,10]': tensor([0.9896, 0.9966, 0.9997])}
	 VALID :  {'MRR': 0.3388425260782242, 'hits@[1,3,10]': tensor([0.2519, 0.3695, 0.5157])}
	 TRAIN:  {'MRR': 0.9931095242500305, 'hits@[1,3,10]': tensor([0.9891, 0.9967, 0.9997])}
	 VALID :  {'MRR': 0.338552325963974, 'hits@[1,3,10]': tensor([0.2513, 0.3699, 0.5149])}
	 TRAIN:  {'MRR': 0.9933665096759796, 'hits@[1,3,10]': tensor([0.9896, 0.9965, 0.9998])}
	 VALID :  {'MRR': 0.33887769281864166, 'hits@[1,3,10]': tensor([0.2515, 0.3710, 0.5162])}
	 TRAIN:  {'MRR': 0.9934579432010651, 'hits@[1,3,10]': tensor([0.9896, 0.9970, 0.9997])}
	 VALID :  {'MRR': 0.3385138213634491, 'hits@[1,3,10]': tensor([0.2513, 0.3708, 0.5154])}
	 TRAIN:  {'MRR': 0.9933635890483856, 'hits@[1,3,10]': tensor([0.9895, 0.9968, 0.9998])}
	 VALID :  {'MRR': 0.3390653282403946, 'hits@[1,3,10]': tensor([0.2523, 0.3702, 0.5157])}
	 TRAIN:  {'MRR': 0.9936732947826385, 'hits@[1,3,10]': tensor([0.9900, 0.9969, 0.9998])}
	 VALID :  {'MRR': 0.3389114886522293, 'hits@[1,3,10]': tensor([0.2516, 0.3702, 0.5158])}
	 TRAIN:  {'MRR': 0.9935916066169739, 'hits@[1,3,10]': tensor([0.9898, 0.9969, 0.9998])}
	 VALID :  {'MRR': 0.33897557854652405, 'hits@[1,3,10]': tensor([0.2518, 0.3708, 0.5159])}
	 TRAIN:  {'MRR': 0.9936723411083221, 'hits@[1,3,10]': tensor([0.9900, 0.9971, 0.9997])}
	 VALID :  {'MRR': 0.3389563262462616, 'hits@[1,3,10]': tensor([0.2515, 0.3704, 0.5154])}
	 TRAIN:  {'MRR': 0.9938614964485168, 'hits@[1,3,10]': tensor([0.9902, 0.9971, 0.9999])}
	 VALID :  {'MRR': 0.33935968577861786, 'hits@[1,3,10]': tensor([0.2527, 0.3701, 0.5158])}
	 TRAIN:  {'MRR': 0.9936118721961975, 'hits@[1,3,10]': tensor([0.9899, 0.9968, 0.9998])}
	 VALID :  {'MRR': 0.33994461596012115, 'hits@[1,3,10]': tensor([0.2533, 0.3711, 0.5159])}


TEST :  {'MRR': 0.33202512562274933, 'hits@[1,3,10]': tensor([0.2440, 0.3628, 0.5081])}
