{'batch_size': 100,
 'checkpoint': None,
 'data_shape': (14505, 474, 14505),
 'dataset': 'FB15k-237',
 'decay1': 0.9,
 'decay2': 0.999,
 'eval_only': False,
 'init': 0.001,
 'learning_rate': 0.1,
 'max_epochs': 100,
 'model': 'DistMult',
 'model_save_schedule': 1000,
 'optimizer': 'Adagrad',
 'path': 'kbc/data/FB15k-237',
 'rank': 1000,
 'reg': 0.05,
 'regularizer': 'N3',
 'valid': 3.0}
	 TRAIN:  {'MRR': 0.5244380235671997, 'hits@[1,3,10]': tensor([0.3990, 0.5990, 0.7583])}
	 VALID :  {'MRR': 0.3347715586423874, 'hits@[1,3,10]': tensor([0.2447, 0.3664, 0.5168])}
	 TRAIN:  {'MRR': 0.6139444708824158, 'hits@[1,3,10]': tensor([0.4969, 0.6900, 0.8270])}
	 VALID :  {'MRR': 0.3482171893119812, 'hits@[1,3,10]': tensor([0.2558, 0.3822, 0.5334])}
	 TRAIN:  {'MRR': 0.6478672325611115, 'hits@[1,3,10]': tensor([0.5370, 0.7215, 0.8480])}
	 VALID :  {'MRR': 0.35294072329998016, 'hits@[1,3,10]': tensor([0.2600, 0.3877, 0.5405])}
	 TRAIN:  {'MRR': 0.6645635962486267, 'hits@[1,3,10]': tensor([0.5573, 0.7373, 0.8569])}
	 VALID :  {'MRR': 0.35632985830307007, 'hits@[1,3,10]': tensor([0.2634, 0.3903, 0.5433])}
	 TRAIN:  {'MRR': 0.6760456264019012, 'hits@[1,3,10]': tensor([0.5714, 0.7464, 0.8633])}
	 VALID :  {'MRR': 0.3574669361114502, 'hits@[1,3,10]': tensor([0.2638, 0.3924, 0.5441])}
	 TRAIN:  {'MRR': 0.683445543050766, 'hits@[1,3,10]': tensor([0.5799, 0.7542, 0.8688])}
	 VALID :  {'MRR': 0.35804425179958344, 'hits@[1,3,10]': tensor([0.2645, 0.3924, 0.5456])}
	 TRAIN:  {'MRR': 0.6897164285182953, 'hits@[1,3,10]': tensor([0.5873, 0.7587, 0.8713])}
	 VALID :  {'MRR': 0.358882874250412, 'hits@[1,3,10]': tensor([0.2662, 0.3926, 0.5455])}
	 TRAIN:  {'MRR': 0.696092277765274, 'hits@[1,3,10]': tensor([0.5944, 0.7665, 0.8758])}
	 VALID :  {'MRR': 0.3590707927942276, 'hits@[1,3,10]': tensor([0.2661, 0.3922, 0.5465])}
	 TRAIN:  {'MRR': 0.7000493705272675, 'hits@[1,3,10]': tensor([0.5997, 0.7693, 0.8783])}
	 VALID :  {'MRR': 0.3592188060283661, 'hits@[1,3,10]': tensor([0.2664, 0.3929, 0.5457])}
	 TRAIN:  {'MRR': 0.7035184800624847, 'hits@[1,3,10]': tensor([0.6044, 0.7715, 0.8808])}
	 VALID :  {'MRR': 0.35988400876522064, 'hits@[1,3,10]': tensor([0.2668, 0.3945, 0.5465])}
	 TRAIN:  {'MRR': 0.7071321606636047, 'hits@[1,3,10]': tensor([0.6089, 0.7728, 0.8839])}
	 VALID :  {'MRR': 0.3604300022125244, 'hits@[1,3,10]': tensor([0.2675, 0.3945, 0.5484])}
	 TRAIN:  {'MRR': 0.70807945728302, 'hits@[1,3,10]': tensor([0.6081, 0.7775, 0.8844])}
	 VALID :  {'MRR': 0.3601120561361313, 'hits@[1,3,10]': tensor([0.2671, 0.3927, 0.5485])}
	 TRAIN:  {'MRR': 0.7127181887626648, 'hits@[1,3,10]': tensor([0.6151, 0.7799, 0.8841])}
	 VALID :  {'MRR': 0.36074604094028473, 'hits@[1,3,10]': tensor([0.2677, 0.3946, 0.5469])}
	 TRAIN:  {'MRR': 0.7122010886669159, 'hits@[1,3,10]': tensor([0.6138, 0.7807, 0.8857])}
	 VALID :  {'MRR': 0.36038896441459656, 'hits@[1,3,10]': tensor([0.2670, 0.3954, 0.5468])}
	 TRAIN:  {'MRR': 0.7172960937023163, 'hits@[1,3,10]': tensor([0.6197, 0.7847, 0.8894])}
	 VALID :  {'MRR': 0.36078405380249023, 'hits@[1,3,10]': tensor([0.2675, 0.3947, 0.5481])}
	 TRAIN:  {'MRR': 0.7156118154525757, 'hits@[1,3,10]': tensor([0.6187, 0.7822, 0.8879])}
	 VALID :  {'MRR': 0.36019641160964966, 'hits@[1,3,10]': tensor([0.2667, 0.3942, 0.5476])}
	 TRAIN:  {'MRR': 0.7195443511009216, 'hits@[1,3,10]': tensor([0.6224, 0.7865, 0.8903])}
	 VALID :  {'MRR': 0.3612436205148697, 'hits@[1,3,10]': tensor([0.2680, 0.3955, 0.5494])}
	 TRAIN:  {'MRR': 0.7183081209659576, 'hits@[1,3,10]': tensor([0.6215, 0.7843, 0.8900])}
	 VALID :  {'MRR': 0.3606247454881668, 'hits@[1,3,10]': tensor([0.2669, 0.3956, 0.5472])}
	 TRAIN:  {'MRR': 0.7209755778312683, 'hits@[1,3,10]': tensor([0.6255, 0.7869, 0.8899])}
	 VALID :  {'MRR': 0.3608293980360031, 'hits@[1,3,10]': tensor([0.2677, 0.3949, 0.5473])}
	 TRAIN:  {'MRR': 0.7195386290550232, 'hits@[1,3,10]': tensor([0.6228, 0.7872, 0.8909])}
	 VALID :  {'MRR': 0.360568642616272, 'hits@[1,3,10]': tensor([0.2671, 0.3934, 0.5482])}
	 TRAIN:  {'MRR': 0.7253733575344086, 'hits@[1,3,10]': tensor([0.6300, 0.7917, 0.8934])}
	 VALID :  {'MRR': 0.36134256422519684, 'hits@[1,3,10]': tensor([0.2689, 0.3950, 0.5474])}
	 TRAIN:  {'MRR': 0.7245405316352844, 'hits@[1,3,10]': tensor([0.6295, 0.7910, 0.8916])}
	 VALID :  {'MRR': 0.36102111637592316, 'hits@[1,3,10]': tensor([0.2677, 0.3959, 0.5480])}
	 TRAIN:  {'MRR': 0.7253573536872864, 'hits@[1,3,10]': tensor([0.6297, 0.7911, 0.8947])}
	 VALID :  {'MRR': 0.36062681674957275, 'hits@[1,3,10]': tensor([0.2670, 0.3952, 0.5481])}
	 TRAIN:  {'MRR': 0.7265147566795349, 'hits@[1,3,10]': tensor([0.6310, 0.7933, 0.8949])}
	 VALID :  {'MRR': 0.36106401681900024, 'hits@[1,3,10]': tensor([0.2681, 0.3954, 0.5486])}
	 TRAIN:  {'MRR': 0.7272320687770844, 'hits@[1,3,10]': tensor([0.6317, 0.7942, 0.8951])}
	 VALID :  {'MRR': 0.36107106506824493, 'hits@[1,3,10]': tensor([0.2678, 0.3949, 0.5487])}
	 TRAIN:  {'MRR': 0.7267146110534668, 'hits@[1,3,10]': tensor([0.6311, 0.7936, 0.8941])}
	 VALID :  {'MRR': 0.3617618829011917, 'hits@[1,3,10]': tensor([0.2689, 0.3955, 0.5493])}
	 TRAIN:  {'MRR': 0.7284936308860779, 'hits@[1,3,10]': tensor([0.6333, 0.7951, 0.8960])}
	 VALID :  {'MRR': 0.3603624552488327, 'hits@[1,3,10]': tensor([0.2667, 0.3941, 0.5488])}
	 TRAIN:  {'MRR': 0.7294612526893616, 'hits@[1,3,10]': tensor([0.6355, 0.7949, 0.8961])}
	 VALID :  {'MRR': 0.36135783791542053, 'hits@[1,3,10]': tensor([0.2679, 0.3960, 0.5495])}
	 TRAIN:  {'MRR': 0.7272566258907318, 'hits@[1,3,10]': tensor([0.6316, 0.7940, 0.8966])}
	 VALID :  {'MRR': 0.36162397265434265, 'hits@[1,3,10]': tensor([0.2684, 0.3958, 0.5487])}
	 TRAIN:  {'MRR': 0.7314727306365967, 'hits@[1,3,10]': tensor([0.6368, 0.7975, 0.8976])}
	 VALID :  {'MRR': 0.3615935146808624, 'hits@[1,3,10]': tensor([0.2688, 0.3950, 0.5490])}
	 TRAIN:  {'MRR': 0.7328373193740845, 'hits@[1,3,10]': tensor([0.6391, 0.7988, 0.8977])}
	 VALID :  {'MRR': 0.3619491159915924, 'hits@[1,3,10]': tensor([0.2690, 0.3964, 0.5492])}
	 TRAIN:  {'MRR': 0.7329480350017548, 'hits@[1,3,10]': tensor([0.6391, 0.7986, 0.8994])}
	 VALID :  {'MRR': 0.36181017756462097, 'hits@[1,3,10]': tensor([0.2684, 0.3962, 0.5492])}
	 TRAIN:  {'MRR': 0.7310906946659088, 'hits@[1,3,10]': tensor([0.6368, 0.7967, 0.8971])}
	 VALID :  {'MRR': 0.36157824099063873, 'hits@[1,3,10]': tensor([0.2686, 0.3951, 0.5506])}


TEST :  {'MRR': 0.355283722281456, 'hits@[1,3,10]': tensor([0.2602, 0.3916, 0.5470])}
