{'batch_size': 1000,
 'checkpoint': None,
 'data_shape': (14505, 474, 14505),
 'dataset': 'FB15k-237',
 'decay1': 0.9,
 'decay2': 0.999,
 'eval_only': False,
 'init': 0.001,
 'learning_rate': 0.1,
 'max_epochs': 100,
 'model': 'DistMult',
 'model_save_schedule': 1000,
 'optimizer': 'Adagrad',
 'path': 'kbc/data/FB15k-237',
 'rank': 1000,
 'reg': 0.001,
 'regularizer': 'N3',
 'valid': 3.0}
	 TRAIN:  {'MRR': 0.8617570102214813, 'hits@[1,3,10]': tensor([0.8009, 0.9110, 0.9600])}
	 VALID :  {'MRR': 0.31103211641311646, 'hits@[1,3,10]': tensor([0.2234, 0.3400, 0.4886])}
	 TRAIN:  {'MRR': 0.9623045027256012, 'hits@[1,3,10]': tensor([0.9414, 0.9812, 0.9938])}
	 VALID :  {'MRR': 0.32294797897338867, 'hits@[1,3,10]': tensor([0.2345, 0.3512, 0.5052])}
	 TRAIN:  {'MRR': 0.9809248745441437, 'hits@[1,3,10]': tensor([0.9682, 0.9937, 0.9993])}
	 VALID :  {'MRR': 0.32825304567813873, 'hits@[1,3,10]': tensor([0.2405, 0.3576, 0.5082])}
	 TRAIN:  {'MRR': 0.9873816967010498, 'hits@[1,3,10]': tensor([0.9798, 0.9949, 0.9996])}
	 VALID :  {'MRR': 0.3302750885486603, 'hits@[1,3,10]': tensor([0.2409, 0.3629, 0.5098])}
	 TRAIN:  {'MRR': 0.9894222021102905, 'hits@[1,3,10]': tensor([0.9831, 0.9953, 0.9995])}
	 VALID :  {'MRR': 0.3328530639410019, 'hits@[1,3,10]': tensor([0.2450, 0.3630, 0.5113])}
	 TRAIN:  {'MRR': 0.9906587600708008, 'hits@[1,3,10]': tensor([0.9851, 0.9956, 0.9997])}
	 VALID :  {'MRR': 0.333585649728775, 'hits@[1,3,10]': tensor([0.2452, 0.3652, 0.5140])}
	 TRAIN:  {'MRR': 0.9912793040275574, 'hits@[1,3,10]': tensor([0.9863, 0.9955, 0.9996])}
	 VALID :  {'MRR': 0.3342689573764801, 'hits@[1,3,10]': tensor([0.2458, 0.3655, 0.5146])}
	 TRAIN:  {'MRR': 0.9914419651031494, 'hits@[1,3,10]': tensor([0.9864, 0.9958, 0.9997])}
	 VALID :  {'MRR': 0.3350023180246353, 'hits@[1,3,10]': tensor([0.2468, 0.3657, 0.5158])}
	 TRAIN:  {'MRR': 0.9919425845146179, 'hits@[1,3,10]': tensor([0.9873, 0.9962, 0.9996])}
	 VALID :  {'MRR': 0.3363485783338547, 'hits@[1,3,10]': tensor([0.2479, 0.3682, 0.5161])}
	 TRAIN:  {'MRR': 0.9918366372585297, 'hits@[1,3,10]': tensor([0.9871, 0.9959, 0.9998])}
	 VALID :  {'MRR': 0.33660759031772614, 'hits@[1,3,10]': tensor([0.2483, 0.3679, 0.5154])}
	 TRAIN:  {'MRR': 0.9919195473194122, 'hits@[1,3,10]': tensor([0.9873, 0.9960, 0.9997])}
	 VALID :  {'MRR': 0.3371371477842331, 'hits@[1,3,10]': tensor([0.2487, 0.3689, 0.5166])}
	 TRAIN:  {'MRR': 0.992616206407547, 'hits@[1,3,10]': tensor([0.9883, 0.9965, 0.9997])}
	 VALID :  {'MRR': 0.33808550238609314, 'hits@[1,3,10]': tensor([0.2501, 0.3692, 0.5177])}
	 TRAIN:  {'MRR': 0.9921348392963409, 'hits@[1,3,10]': tensor([0.9878, 0.9958, 0.9996])}
	 VALID :  {'MRR': 0.33747541904449463, 'hits@[1,3,10]': tensor([0.2493, 0.3685, 0.5173])}
	 TRAIN:  {'MRR': 0.9928242862224579, 'hits@[1,3,10]': tensor([0.9887, 0.9964, 0.9998])}
	 VALID :  {'MRR': 0.33791346848011017, 'hits@[1,3,10]': tensor([0.2494, 0.3694, 0.5175])}
	 TRAIN:  {'MRR': 0.9926616251468658, 'hits@[1,3,10]': tensor([0.9883, 0.9966, 0.9998])}
	 VALID :  {'MRR': 0.33742019534111023, 'hits@[1,3,10]': tensor([0.2480, 0.3710, 0.5165])}
	 TRAIN:  {'MRR': 0.99274742603302, 'hits@[1,3,10]': tensor([0.9886, 0.9963, 0.9996])}
	 VALID :  {'MRR': 0.3385348916053772, 'hits@[1,3,10]': tensor([0.2498, 0.3710, 0.5182])}
	 TRAIN:  {'MRR': 0.9930664896965027, 'hits@[1,3,10]': tensor([0.9891, 0.9965, 0.9997])}
	 VALID :  {'MRR': 0.3377043902873993, 'hits@[1,3,10]': tensor([0.2489, 0.3704, 0.5173])}
	 TRAIN:  {'MRR': 0.9928183257579803, 'hits@[1,3,10]': tensor([0.9887, 0.9966, 0.9997])}
	 VALID :  {'MRR': 0.3383055776357651, 'hits@[1,3,10]': tensor([0.2494, 0.3709, 0.5179])}
	 TRAIN:  {'MRR': 0.992777019739151, 'hits@[1,3,10]': tensor([0.9886, 0.9964, 0.9996])}
	 VALID :  {'MRR': 0.3383842706680298, 'hits@[1,3,10]': tensor([0.2493, 0.3712, 0.5180])}
	 TRAIN:  {'MRR': 0.9928444027900696, 'hits@[1,3,10]': tensor([0.9887, 0.9964, 0.9996])}
	 VALID :  {'MRR': 0.33838050067424774, 'hits@[1,3,10]': tensor([0.2493, 0.3714, 0.5194])}
	 TRAIN:  {'MRR': 0.9928393065929413, 'hits@[1,3,10]': tensor([0.9888, 0.9964, 0.9997])}
	 VALID :  {'MRR': 0.33923204243183136, 'hits@[1,3,10]': tensor([0.2502, 0.3724, 0.5174])}
	 TRAIN:  {'MRR': 0.9931038022041321, 'hits@[1,3,10]': tensor([0.9890, 0.9966, 0.9998])}
	 VALID :  {'MRR': 0.3386189937591553, 'hits@[1,3,10]': tensor([0.2498, 0.3715, 0.5187])}
	 TRAIN:  {'MRR': 0.9930037558078766, 'hits@[1,3,10]': tensor([0.9889, 0.9966, 0.9997])}
	 VALID :  {'MRR': 0.3390022963285446, 'hits@[1,3,10]': tensor([0.2503, 0.3714, 0.5185])}
	 TRAIN:  {'MRR': 0.9929147660732269, 'hits@[1,3,10]': tensor([0.9889, 0.9964, 0.9997])}
	 VALID :  {'MRR': 0.3396076112985611, 'hits@[1,3,10]': tensor([0.2511, 0.3718, 0.5185])}
	 TRAIN:  {'MRR': 0.9932930767536163, 'hits@[1,3,10]': tensor([0.9893, 0.9969, 0.9998])}
	 VALID :  {'MRR': 0.33917202055454254, 'hits@[1,3,10]': tensor([0.2508, 0.3712, 0.5184])}
	 TRAIN:  {'MRR': 0.9936997592449188, 'hits@[1,3,10]': tensor([0.9900, 0.9970, 0.9999])}
	 VALID :  {'MRR': 0.3391015827655792, 'hits@[1,3,10]': tensor([0.2499, 0.3720, 0.5178])}
	 TRAIN:  {'MRR': 0.9930346012115479, 'hits@[1,3,10]': tensor([0.9891, 0.9965, 0.9998])}
	 VALID :  {'MRR': 0.33890484273433685, 'hits@[1,3,10]': tensor([0.2502, 0.3716, 0.5179])}
	 TRAIN:  {'MRR': 0.9930455088615417, 'hits@[1,3,10]': tensor([0.9889, 0.9967, 0.9999])}
	 VALID :  {'MRR': 0.3391045480966568, 'hits@[1,3,10]': tensor([0.2501, 0.3729, 0.5185])}
	 TRAIN:  {'MRR': 0.9935766160488129, 'hits@[1,3,10]': tensor([0.9898, 0.9970, 0.9998])}
	 VALID :  {'MRR': 0.33961018919944763, 'hits@[1,3,10]': tensor([0.2512, 0.3712, 0.5183])}
	 TRAIN:  {'MRR': 0.9935338795185089, 'hits@[1,3,10]': tensor([0.9898, 0.9968, 0.9998])}
	 VALID :  {'MRR': 0.33896252512931824, 'hits@[1,3,10]': tensor([0.2496, 0.3720, 0.5187])}
	 TRAIN:  {'MRR': 0.9936805367469788, 'hits@[1,3,10]': tensor([0.9900, 0.9970, 0.9998])}
	 VALID :  {'MRR': 0.33966267108917236, 'hits@[1,3,10]': tensor([0.2507, 0.3727, 0.5185])}
	 TRAIN:  {'MRR': 0.9933447539806366, 'hits@[1,3,10]': tensor([0.9895, 0.9967, 0.9998])}
	 VALID :  {'MRR': 0.3392881006002426, 'hits@[1,3,10]': tensor([0.2505, 0.3714, 0.5181])}
	 TRAIN:  {'MRR': 0.9936874210834503, 'hits@[1,3,10]': tensor([0.9900, 0.9969, 0.9998])}
	 VALID :  {'MRR': 0.3394572287797928, 'hits@[1,3,10]': tensor([0.2506, 0.3722, 0.5193])}


TEST :  {'MRR': 0.3359932154417038, 'hits@[1,3,10]': tensor([0.2470, 0.3683, 0.5149])}
