{'batch_size': 1000,
 'checkpoint': None,
 'data_shape': (14505, 474, 14505),
 'dataset': 'FB15k-237',
 'decay1': 0.9,
 'decay2': 0.999,
 'eval_only': False,
 'init': 0.001,
 'learning_rate': 0.1,
 'max_epochs': 100,
 'model': 'DistMult',
 'model_save_schedule': 1000,
 'optimizer': 'Adagrad',
 'path': 'kbc/data/FB15k-237',
 'rank': 1000,
 'reg': 0.005,
 'regularizer': 'N3',
 'valid': 3.0}
	 TRAIN:  {'MRR': 0.8265413641929626, 'hits@[1,3,10]': tensor([0.7555, 0.8815, 0.9447])}
	 VALID :  {'MRR': 0.32249724864959717, 'hits@[1,3,10]': tensor([0.2351, 0.3509, 0.5024])}
	 TRAIN:  {'MRR': 0.9449843764305115, 'hits@[1,3,10]': tensor([0.9171, 0.9689, 0.9877])}
	 VALID :  {'MRR': 0.3350445181131363, 'hits@[1,3,10]': tensor([0.2459, 0.3660, 0.5153])}
	 TRAIN:  {'MRR': 0.9736105501651764, 'hits@[1,3,10]': tensor([0.9579, 0.9879, 0.9969])}
	 VALID :  {'MRR': 0.3372979760169983, 'hits@[1,3,10]': tensor([0.2466, 0.3704, 0.5208])}
	 TRAIN:  {'MRR': 0.9848302900791168, 'hits@[1,3,10]': tensor([0.9752, 0.9937, 0.9992])}
	 VALID :  {'MRR': 0.34011252224445343, 'hits@[1,3,10]': tensor([0.2504, 0.3720, 0.5227])}
	 TRAIN:  {'MRR': 0.9877577424049377, 'hits@[1,3,10]': tensor([0.9802, 0.9945, 0.9994])}
	 VALID :  {'MRR': 0.34215807914733887, 'hits@[1,3,10]': tensor([0.2524, 0.3734, 0.5246])}
	 TRAIN:  {'MRR': 0.9890840947628021, 'hits@[1,3,10]': tensor([0.9823, 0.9952, 0.9996])}
	 VALID :  {'MRR': 0.3429473340511322, 'hits@[1,3,10]': tensor([0.2527, 0.3753, 0.5250])}
	 TRAIN:  {'MRR': 0.9897637963294983, 'hits@[1,3,10]': tensor([0.9835, 0.9954, 0.9996])}
	 VALID :  {'MRR': 0.3429441601037979, 'hits@[1,3,10]': tensor([0.2529, 0.3741, 0.5275])}
	 TRAIN:  {'MRR': 0.9902659058570862, 'hits@[1,3,10]': tensor([0.9844, 0.9955, 0.9995])}
	 VALID :  {'MRR': 0.34427088499069214, 'hits@[1,3,10]': tensor([0.2539, 0.3776, 0.5267])}
	 TRAIN:  {'MRR': 0.990631103515625, 'hits@[1,3,10]': tensor([0.9852, 0.9953, 0.9996])}
	 VALID :  {'MRR': 0.34532155096530914, 'hits@[1,3,10]': tensor([0.2557, 0.3764, 0.5273])}
	 TRAIN:  {'MRR': 0.9906280040740967, 'hits@[1,3,10]': tensor([0.9851, 0.9956, 0.9995])}
	 VALID :  {'MRR': 0.34539562463760376, 'hits@[1,3,10]': tensor([0.2553, 0.3772, 0.5283])}
	 TRAIN:  {'MRR': 0.9907854199409485, 'hits@[1,3,10]': tensor([0.9856, 0.9952, 0.9994])}
	 VALID :  {'MRR': 0.34616217017173767, 'hits@[1,3,10]': tensor([0.2566, 0.3777, 0.5279])}
	 TRAIN:  {'MRR': 0.9908764064311981, 'hits@[1,3,10]': tensor([0.9857, 0.9953, 0.9995])}
	 VALID :  {'MRR': 0.3453265279531479, 'hits@[1,3,10]': tensor([0.2552, 0.3770, 0.5282])}
	 TRAIN:  {'MRR': 0.990844190120697, 'hits@[1,3,10]': tensor([0.9856, 0.9955, 0.9997])}
	 VALID :  {'MRR': 0.3468165695667267, 'hits@[1,3,10]': tensor([0.2573, 0.3786, 0.5275])}
	 TRAIN:  {'MRR': 0.9908599555492401, 'hits@[1,3,10]': tensor([0.9857, 0.9953, 0.9995])}
	 VALID :  {'MRR': 0.34698286652565, 'hits@[1,3,10]': tensor([0.2571, 0.3783, 0.5290])}
	 TRAIN:  {'MRR': 0.9912426471710205, 'hits@[1,3,10]': tensor([0.9862, 0.9957, 0.9997])}
	 VALID :  {'MRR': 0.3463994413614273, 'hits@[1,3,10]': tensor([0.2566, 0.3787, 0.5287])}
	 TRAIN:  {'MRR': 0.9913358688354492, 'hits@[1,3,10]': tensor([0.9864, 0.9957, 0.9997])}
	 VALID :  {'MRR': 0.34715378284454346, 'hits@[1,3,10]': tensor([0.2577, 0.3788, 0.5285])}
	 TRAIN:  {'MRR': 0.991161435842514, 'hits@[1,3,10]': tensor([0.9862, 0.9954, 0.9997])}
	 VALID :  {'MRR': 0.3468489646911621, 'hits@[1,3,10]': tensor([0.2567, 0.3800, 0.5291])}
	 TRAIN:  {'MRR': 0.9915775954723358, 'hits@[1,3,10]': tensor([0.9868, 0.9958, 0.9996])}
	 VALID :  {'MRR': 0.34678469598293304, 'hits@[1,3,10]': tensor([0.2567, 0.3792, 0.5301])}
	 TRAIN:  {'MRR': 0.9915098547935486, 'hits@[1,3,10]': tensor([0.9867, 0.9957, 0.9997])}
	 VALID :  {'MRR': 0.3477197736501694, 'hits@[1,3,10]': tensor([0.2580, 0.3806, 0.5306])}
	 TRAIN:  {'MRR': 0.9917173683643341, 'hits@[1,3,10]': tensor([0.9871, 0.9959, 0.9996])}
	 VALID :  {'MRR': 0.3472692370414734, 'hits@[1,3,10]': tensor([0.2576, 0.3795, 0.5298])}
	 TRAIN:  {'MRR': 0.9920202195644379, 'hits@[1,3,10]': tensor([0.9874, 0.9960, 0.9995])}
	 VALID :  {'MRR': 0.3475070297718048, 'hits@[1,3,10]': tensor([0.2578, 0.3793, 0.5300])}
	 TRAIN:  {'MRR': 0.9916176199913025, 'hits@[1,3,10]': tensor([0.9869, 0.9958, 0.9995])}
	 VALID :  {'MRR': 0.347614124417305, 'hits@[1,3,10]': tensor([0.2576, 0.3809, 0.5303])}
	 TRAIN:  {'MRR': 0.9916387796401978, 'hits@[1,3,10]': tensor([0.9871, 0.9955, 0.9996])}
	 VALID :  {'MRR': 0.3479831665754318, 'hits@[1,3,10]': tensor([0.2591, 0.3792, 0.5290])}
	 TRAIN:  {'MRR': 0.9921279549598694, 'hits@[1,3,10]': tensor([0.9876, 0.9961, 0.9997])}
	 VALID :  {'MRR': 0.34689708054065704, 'hits@[1,3,10]': tensor([0.2572, 0.3795, 0.5293])}
	 TRAIN:  {'MRR': 0.9922135174274445, 'hits@[1,3,10]': tensor([0.9878, 0.9961, 0.9995])}
	 VALID :  {'MRR': 0.34777437150478363, 'hits@[1,3,10]': tensor([0.2581, 0.3810, 0.5309])}
	 TRAIN:  {'MRR': 0.9921738803386688, 'hits@[1,3,10]': tensor([0.9878, 0.9960, 0.9997])}
	 VALID :  {'MRR': 0.3476261496543884, 'hits@[1,3,10]': tensor([0.2578, 0.3796, 0.5300])}
	 TRAIN:  {'MRR': 0.9918352663516998, 'hits@[1,3,10]': tensor([0.9872, 0.9957, 0.9997])}
	 VALID :  {'MRR': 0.34757785499095917, 'hits@[1,3,10]': tensor([0.2583, 0.3794, 0.5300])}
	 TRAIN:  {'MRR': 0.9924649298191071, 'hits@[1,3,10]': tensor([0.9882, 0.9962, 0.9997])}
	 VALID :  {'MRR': 0.3481840193271637, 'hits@[1,3,10]': tensor([0.2589, 0.3800, 0.5304])}
	 TRAIN:  {'MRR': 0.9920978844165802, 'hits@[1,3,10]': tensor([0.9877, 0.9959, 0.9997])}
	 VALID :  {'MRR': 0.3482341021299362, 'hits@[1,3,10]': tensor([0.2593, 0.3794, 0.5305])}
	 TRAIN:  {'MRR': 0.9918293058872223, 'hits@[1,3,10]': tensor([0.9872, 0.9957, 0.9996])}
	 VALID :  {'MRR': 0.3481675684452057, 'hits@[1,3,10]': tensor([0.2591, 0.3801, 0.5306])}
	 TRAIN:  {'MRR': 0.9917332828044891, 'hits@[1,3,10]': tensor([0.9871, 0.9957, 0.9995])}
	 VALID :  {'MRR': 0.34802426397800446, 'hits@[1,3,10]': tensor([0.2588, 0.3799, 0.5305])}
	 TRAIN:  {'MRR': 0.9920076429843903, 'hits@[1,3,10]': tensor([0.9875, 0.9959, 0.9995])}
	 VALID :  {'MRR': 0.3478926122188568, 'hits@[1,3,10]': tensor([0.2579, 0.3808, 0.5303])}
	 TRAIN:  {'MRR': 0.9920509159564972, 'hits@[1,3,10]': tensor([0.9876, 0.9959, 0.9996])}
	 VALID :  {'MRR': 0.3481101840734482, 'hits@[1,3,10]': tensor([0.2585, 0.3806, 0.5305])}


TEST :  {'MRR': 0.3414107710123062, 'hits@[1,3,10]': tensor([0.2514, 0.3744, 0.5230])}
