{'batch_size': 100,
 'checkpoint': None,
 'data_shape': (14505, 474, 14505),
 'dataset': 'FB15k-237',
 'decay1': 0.9,
 'decay2': 0.999,
 'eval_only': False,
 'init': 0.001,
 'learning_rate': 0.1,
 'max_epochs': 100,
 'model': 'DistMult',
 'model_save_schedule': 1000,
 'optimizer': 'Adagrad',
 'path': 'kbc/data/FB15k-237',
 'rank': 1000,
 'reg': 0.01,
 'regularizer': 'N3',
 'valid': 3.0}
	 TRAIN:  {'MRR': 0.7977574467658997, 'hits@[1,3,10]': tensor([0.7188, 0.8568, 0.9295])}
	 VALID :  {'MRR': 0.3310084342956543, 'hits@[1,3,10]': tensor([0.2396, 0.3640, 0.5132])}
	 TRAIN:  {'MRR': 0.9113970696926117, 'hits@[1,3,10]': tensor([0.8700, 0.9460, 0.9766])}
	 VALID :  {'MRR': 0.34283220767974854, 'hits@[1,3,10]': tensor([0.2515, 0.3764, 0.5264])}
	 TRAIN:  {'MRR': 0.9498598873615265, 'hits@[1,3,10]': tensor([0.9238, 0.9725, 0.9897])}
	 VALID :  {'MRR': 0.34259361028671265, 'hits@[1,3,10]': tensor([0.2499, 0.3784, 0.5289])}
	 TRAIN:  {'MRR': 0.9678415656089783, 'hits@[1,3,10]': tensor([0.9499, 0.9829, 0.9952])}
	 VALID :  {'MRR': 0.3465186506509781, 'hits@[1,3,10]': tensor([0.2555, 0.3795, 0.5315])}
	 TRAIN:  {'MRR': 0.9754995405673981, 'hits@[1,3,10]': tensor([0.9611, 0.9881, 0.9977])}
	 VALID :  {'MRR': 0.3465513586997986, 'hits@[1,3,10]': tensor([0.2544, 0.3814, 0.5320])}
	 TRAIN:  {'MRR': 0.9797682762145996, 'hits@[1,3,10]': tensor([0.9674, 0.9909, 0.9985])}
	 VALID :  {'MRR': 0.3473273664712906, 'hits@[1,3,10]': tensor([0.2552, 0.3823, 0.5322])}
	 TRAIN:  {'MRR': 0.9823337495326996, 'hits@[1,3,10]': tensor([0.9715, 0.9918, 0.9989])}
	 VALID :  {'MRR': 0.34830442070961, 'hits@[1,3,10]': tensor([0.2571, 0.3813, 0.5325])}
	 TRAIN:  {'MRR': 0.9836341142654419, 'hits@[1,3,10]': tensor([0.9736, 0.9927, 0.9991])}
	 VALID :  {'MRR': 0.34947581589221954, 'hits@[1,3,10]': tensor([0.2580, 0.3833, 0.5331])}
	 TRAIN:  {'MRR': 0.9858260154724121, 'hits@[1,3,10]': tensor([0.9774, 0.9932, 0.9992])}
	 VALID :  {'MRR': 0.3484824448823929, 'hits@[1,3,10]': tensor([0.2569, 0.3823, 0.5329])}
	 TRAIN:  {'MRR': 0.9860640168190002, 'hits@[1,3,10]': tensor([0.9774, 0.9939, 0.9992])}
	 VALID :  {'MRR': 0.34898608922958374, 'hits@[1,3,10]': tensor([0.2571, 0.3836, 0.5336])}
	 TRAIN:  {'MRR': 0.9866194427013397, 'hits@[1,3,10]': tensor([0.9783, 0.9944, 0.9994])}
	 VALID :  {'MRR': 0.34913839399814606, 'hits@[1,3,10]': tensor([0.2569, 0.3849, 0.5335])}
	 TRAIN:  {'MRR': 0.9871111512184143, 'hits@[1,3,10]': tensor([0.9793, 0.9937, 0.9994])}
	 VALID :  {'MRR': 0.34920260310173035, 'hits@[1,3,10]': tensor([0.2576, 0.3833, 0.5334])}
	 TRAIN:  {'MRR': 0.9872379004955292, 'hits@[1,3,10]': tensor([0.9795, 0.9943, 0.9993])}
	 VALID :  {'MRR': 0.34904561936855316, 'hits@[1,3,10]': tensor([0.2570, 0.3837, 0.5338])}
	 TRAIN:  {'MRR': 0.9882176518440247, 'hits@[1,3,10]': tensor([0.9810, 0.9947, 0.9995])}
	 VALID :  {'MRR': 0.3492913246154785, 'hits@[1,3,10]': tensor([0.2572, 0.3848, 0.5339])}
	 TRAIN:  {'MRR': 0.9882648289203644, 'hits@[1,3,10]': tensor([0.9810, 0.9948, 0.9995])}
	 VALID :  {'MRR': 0.349967896938324, 'hits@[1,3,10]': tensor([0.2581, 0.3852, 0.5334])}
	 TRAIN:  {'MRR': 0.9879785776138306, 'hits@[1,3,10]': tensor([0.9808, 0.9943, 0.9995])}
	 VALID :  {'MRR': 0.3502500355243683, 'hits@[1,3,10]': tensor([0.2589, 0.3851, 0.5349])}
	 TRAIN:  {'MRR': 0.9887344837188721, 'hits@[1,3,10]': tensor([0.9818, 0.9950, 0.9995])}
	 VALID :  {'MRR': 0.3501836657524109, 'hits@[1,3,10]': tensor([0.2587, 0.3842, 0.5345])}
	 TRAIN:  {'MRR': 0.9886173903942108, 'hits@[1,3,10]': tensor([0.9818, 0.9946, 0.9994])}
	 VALID :  {'MRR': 0.3496110588312149, 'hits@[1,3,10]': tensor([0.2574, 0.3846, 0.5347])}
	 TRAIN:  {'MRR': 0.9884657263755798, 'hits@[1,3,10]': tensor([0.9818, 0.9942, 0.9995])}
	 VALID :  {'MRR': 0.3501841127872467, 'hits@[1,3,10]': tensor([0.2578, 0.3856, 0.5351])}
	 TRAIN:  {'MRR': 0.9891895949840546, 'hits@[1,3,10]': tensor([0.9828, 0.9949, 0.9994])}
	 VALID :  {'MRR': 0.3504480719566345, 'hits@[1,3,10]': tensor([0.2585, 0.3846, 0.5345])}
	 TRAIN:  {'MRR': 0.9887507557868958, 'hits@[1,3,10]': tensor([0.9820, 0.9948, 0.9994])}
	 VALID :  {'MRR': 0.3503878563642502, 'hits@[1,3,10]': tensor([0.2582, 0.3850, 0.5356])}
	 TRAIN:  {'MRR': 0.9890164136886597, 'hits@[1,3,10]': tensor([0.9825, 0.9948, 0.9995])}
	 VALID :  {'MRR': 0.35039952397346497, 'hits@[1,3,10]': tensor([0.2583, 0.3850, 0.5351])}
	 TRAIN:  {'MRR': 0.9889666140079498, 'hits@[1,3,10]': tensor([0.9825, 0.9948, 0.9993])}
	 VALID :  {'MRR': 0.3508513271808624, 'hits@[1,3,10]': tensor([0.2589, 0.3855, 0.5355])}
	 TRAIN:  {'MRR': 0.9893712103366852, 'hits@[1,3,10]': tensor([0.9830, 0.9949, 0.9995])}
	 VALID :  {'MRR': 0.3501015305519104, 'hits@[1,3,10]': tensor([0.2582, 0.3846, 0.5353])}
	 TRAIN:  {'MRR': 0.9891357719898224, 'hits@[1,3,10]': tensor([0.9826, 0.9950, 0.9996])}
	 VALID :  {'MRR': 0.35079170763492584, 'hits@[1,3,10]': tensor([0.2590, 0.3854, 0.5349])}
	 TRAIN:  {'MRR': 0.9892116785049438, 'hits@[1,3,10]': tensor([0.9828, 0.9949, 0.9997])}
	 VALID :  {'MRR': 0.35055920481681824, 'hits@[1,3,10]': tensor([0.2588, 0.3845, 0.5350])}
	 TRAIN:  {'MRR': 0.9897438287734985, 'hits@[1,3,10]': tensor([0.9838, 0.9949, 0.9995])}
	 VALID :  {'MRR': 0.35117584466934204, 'hits@[1,3,10]': tensor([0.2594, 0.3864, 0.5347])}
	 TRAIN:  {'MRR': 0.9895215928554535, 'hits@[1,3,10]': tensor([0.9835, 0.9946, 0.9994])}
	 VALID :  {'MRR': 0.35081279277801514, 'hits@[1,3,10]': tensor([0.2588, 0.3852, 0.5352])}
	 TRAIN:  {'MRR': 0.9891957938671112, 'hits@[1,3,10]': tensor([0.9828, 0.9949, 0.9996])}
	 VALID :  {'MRR': 0.3512711226940155, 'hits@[1,3,10]': tensor([0.2596, 0.3845, 0.5354])}
	 TRAIN:  {'MRR': 0.9896809458732605, 'hits@[1,3,10]': tensor([0.9837, 0.9949, 0.9994])}
	 VALID :  {'MRR': 0.35088740289211273, 'hits@[1,3,10]': tensor([0.2590, 0.3856, 0.5358])}
	 TRAIN:  {'MRR': 0.989808201789856, 'hits@[1,3,10]': tensor([0.9840, 0.9950, 0.9994])}
	 VALID :  {'MRR': 0.3513556569814682, 'hits@[1,3,10]': tensor([0.2596, 0.3848, 0.5359])}
	 TRAIN:  {'MRR': 0.9891896843910217, 'hits@[1,3,10]': tensor([0.9829, 0.9948, 0.9995])}
	 VALID :  {'MRR': 0.351198747754097, 'hits@[1,3,10]': tensor([0.2594, 0.3850, 0.5353])}
	 TRAIN:  {'MRR': 0.9896151125431061, 'hits@[1,3,10]': tensor([0.9836, 0.9948, 0.9994])}
	 VALID :  {'MRR': 0.35097286105155945, 'hits@[1,3,10]': tensor([0.2591, 0.3852, 0.5356])}


TEST :  {'MRR': 0.34509289264678955, 'hits@[1,3,10]': tensor([0.2527, 0.3803, 0.5318])}
