{'batch_size': 1000,
 'checkpoint': None,
 'data_shape': (14505, 474, 14505),
 'dataset': 'FB15k-237',
 'decay1': 0.9,
 'decay2': 0.999,
 'eval_only': False,
 'init': 0.001,
 'learning_rate': 0.1,
 'max_epochs': 100,
 'model': 'DistMult',
 'model_save_schedule': 1000,
 'optimizer': 'Adagrad',
 'path': 'kbc/data/FB15k-237',
 'rank': 1000,
 'reg': 0.01,
 'regularizer': 'N3',
 'valid': 3.0}
	 TRAIN:  {'MRR': 0.7861657738685608, 'hits@[1,3,10]': tensor([0.7035, 0.8481, 0.9268])}
	 VALID :  {'MRR': 0.3277878612279892, 'hits@[1,3,10]': tensor([0.2383, 0.3575, 0.5115])}
	 TRAIN:  {'MRR': 0.9066760838031769, 'hits@[1,3,10]': tensor([0.8630, 0.9428, 0.9765])}
	 VALID :  {'MRR': 0.3401404470205307, 'hits@[1,3,10]': tensor([0.2492, 0.3714, 0.5248])}
	 TRAIN:  {'MRR': 0.9443148374557495, 'hits@[1,3,10]': tensor([0.9151, 0.9697, 0.9895])}
	 VALID :  {'MRR': 0.3417290449142456, 'hits@[1,3,10]': tensor([0.2505, 0.3734, 0.5279])}
	 TRAIN:  {'MRR': 0.9652453064918518, 'hits@[1,3,10]': tensor([0.9448, 0.9833, 0.9961])}
	 VALID :  {'MRR': 0.3445197641849518, 'hits@[1,3,10]': tensor([0.2535, 0.3764, 0.5315])}
	 TRAIN:  {'MRR': 0.9755130708217621, 'hits@[1,3,10]': tensor([0.9603, 0.9891, 0.9978])}
	 VALID :  {'MRR': 0.345224991440773, 'hits@[1,3,10]': tensor([0.2540, 0.3783, 0.5304])}
	 TRAIN:  {'MRR': 0.9791166186332703, 'hits@[1,3,10]': tensor([0.9663, 0.9906, 0.9987])}
	 VALID :  {'MRR': 0.3463810682296753, 'hits@[1,3,10]': tensor([0.2553, 0.3791, 0.5319])}
	 TRAIN:  {'MRR': 0.9827488362789154, 'hits@[1,3,10]': tensor([0.9718, 0.9929, 0.9991])}
	 VALID :  {'MRR': 0.3462716341018677, 'hits@[1,3,10]': tensor([0.2548, 0.3784, 0.5330])}
	 TRAIN:  {'MRR': 0.9841492474079132, 'hits@[1,3,10]': tensor([0.9743, 0.9929, 0.9993])}
	 VALID :  {'MRR': 0.3470214605331421, 'hits@[1,3,10]': tensor([0.2553, 0.3808, 0.5332])}
	 TRAIN:  {'MRR': 0.9859775602817535, 'hits@[1,3,10]': tensor([0.9773, 0.9937, 0.9994])}
	 VALID :  {'MRR': 0.34796273708343506, 'hits@[1,3,10]': tensor([0.2568, 0.3807, 0.5326])}
	 TRAIN:  {'MRR': 0.9861592650413513, 'hits@[1,3,10]': tensor([0.9778, 0.9937, 0.9992])}
	 VALID :  {'MRR': 0.34843409061431885, 'hits@[1,3,10]': tensor([0.2568, 0.3823, 0.5335])}
	 TRAIN:  {'MRR': 0.9871344566345215, 'hits@[1,3,10]': tensor([0.9793, 0.9940, 0.9994])}
	 VALID :  {'MRR': 0.3469018489122391, 'hits@[1,3,10]': tensor([0.2548, 0.3795, 0.5332])}
	 TRAIN:  {'MRR': 0.9878772795200348, 'hits@[1,3,10]': tensor([0.9805, 0.9945, 0.9994])}
	 VALID :  {'MRR': 0.3486075699329376, 'hits@[1,3,10]': tensor([0.2569, 0.3818, 0.5351])}
	 TRAIN:  {'MRR': 0.9878347516059875, 'hits@[1,3,10]': tensor([0.9804, 0.9946, 0.9994])}
	 VALID :  {'MRR': 0.3495975285768509, 'hits@[1,3,10]': tensor([0.2587, 0.3825, 0.5339])}
	 TRAIN:  {'MRR': 0.9881784319877625, 'hits@[1,3,10]': tensor([0.9809, 0.9947, 0.9995])}
	 VALID :  {'MRR': 0.3482663184404373, 'hits@[1,3,10]': tensor([0.2562, 0.3829, 0.5342])}
	 TRAIN:  {'MRR': 0.9885140061378479, 'hits@[1,3,10]': tensor([0.9818, 0.9942, 0.9994])}
	 VALID :  {'MRR': 0.3478017747402191, 'hits@[1,3,10]': tensor([0.2554, 0.3813, 0.5348])}
	 TRAIN:  {'MRR': 0.9885978102684021, 'hits@[1,3,10]': tensor([0.9819, 0.9944, 0.9994])}
	 VALID :  {'MRR': 0.3487175703048706, 'hits@[1,3,10]': tensor([0.2568, 0.3821, 0.5332])}
	 TRAIN:  {'MRR': 0.9891940653324127, 'hits@[1,3,10]': tensor([0.9827, 0.9950, 0.9994])}
	 VALID :  {'MRR': 0.3487735539674759, 'hits@[1,3,10]': tensor([0.2574, 0.3816, 0.5340])}
	 TRAIN:  {'MRR': 0.9889315664768219, 'hits@[1,3,10]': tensor([0.9824, 0.9944, 0.9995])}
	 VALID :  {'MRR': 0.34785884618759155, 'hits@[1,3,10]': tensor([0.2561, 0.3808, 0.5345])}
	 TRAIN:  {'MRR': 0.9892463088035583, 'hits@[1,3,10]': tensor([0.9829, 0.9947, 0.9994])}
	 VALID :  {'MRR': 0.34875430166721344, 'hits@[1,3,10]': tensor([0.2573, 0.3818, 0.5342])}
	 TRAIN:  {'MRR': 0.9890993535518646, 'hits@[1,3,10]': tensor([0.9828, 0.9945, 0.9995])}
	 VALID :  {'MRR': 0.3491363674402237, 'hits@[1,3,10]': tensor([0.2578, 0.3818, 0.5353])}
	 TRAIN:  {'MRR': 0.9889615774154663, 'hits@[1,3,10]': tensor([0.9824, 0.9947, 0.9995])}
	 VALID :  {'MRR': 0.34904877841472626, 'hits@[1,3,10]': tensor([0.2576, 0.3821, 0.5356])}
	 TRAIN:  {'MRR': 0.9889703691005707, 'hits@[1,3,10]': tensor([0.9824, 0.9947, 0.9995])}
	 VALID :  {'MRR': 0.3493667095899582, 'hits@[1,3,10]': tensor([0.2574, 0.3831, 0.5347])}
	 TRAIN:  {'MRR': 0.9899453520774841, 'hits@[1,3,10]': tensor([0.9838, 0.9954, 0.9996])}
	 VALID :  {'MRR': 0.34921517968177795, 'hits@[1,3,10]': tensor([0.2576, 0.3824, 0.5351])}
	 TRAIN:  {'MRR': 0.9896360039710999, 'hits@[1,3,10]': tensor([0.9835, 0.9951, 0.9995])}
	 VALID :  {'MRR': 0.3493192791938782, 'hits@[1,3,10]': tensor([0.2578, 0.3826, 0.5349])}
	 TRAIN:  {'MRR': 0.9895550310611725, 'hits@[1,3,10]': tensor([0.9833, 0.9949, 0.9995])}
	 VALID :  {'MRR': 0.3496444523334503, 'hits@[1,3,10]': tensor([0.2583, 0.3833, 0.5347])}
	 TRAIN:  {'MRR': 0.9895032644271851, 'hits@[1,3,10]': tensor([0.9836, 0.9945, 0.9994])}
	 VALID :  {'MRR': 0.3494977802038193, 'hits@[1,3,10]': tensor([0.2583, 0.3827, 0.5350])}
	 TRAIN:  {'MRR': 0.9894416034221649, 'hits@[1,3,10]': tensor([0.9834, 0.9945, 0.9994])}
	 VALID :  {'MRR': 0.34949418902397156, 'hits@[1,3,10]': tensor([0.2582, 0.3820, 0.5356])}
	 TRAIN:  {'MRR': 0.9898379147052765, 'hits@[1,3,10]': tensor([0.9841, 0.9947, 0.9994])}
	 VALID :  {'MRR': 0.34998250007629395, 'hits@[1,3,10]': tensor([0.2586, 0.3833, 0.5352])}
	 TRAIN:  {'MRR': 0.9898013472557068, 'hits@[1,3,10]': tensor([0.9840, 0.9948, 0.9994])}
	 VALID :  {'MRR': 0.34928883612155914, 'hits@[1,3,10]': tensor([0.2579, 0.3815, 0.5351])}
	 TRAIN:  {'MRR': 0.9894529283046722, 'hits@[1,3,10]': tensor([0.9834, 0.9947, 0.9994])}
	 VALID :  {'MRR': 0.3496571332216263, 'hits@[1,3,10]': tensor([0.2581, 0.3823, 0.5353])}
	 TRAIN:  {'MRR': 0.989854246377945, 'hits@[1,3,10]': tensor([0.9840, 0.9951, 0.9996])}
	 VALID :  {'MRR': 0.3499671071767807, 'hits@[1,3,10]': tensor([0.2584, 0.3836, 0.5352])}
	 TRAIN:  {'MRR': 0.9896218478679657, 'hits@[1,3,10]': tensor([0.9838, 0.9944, 0.9995])}
	 VALID :  {'MRR': 0.35031287372112274, 'hits@[1,3,10]': tensor([0.2595, 0.3825, 0.5354])}
	 TRAIN:  {'MRR': 0.9900789260864258, 'hits@[1,3,10]': tensor([0.9842, 0.9952, 0.9996])}
	 VALID :  {'MRR': 0.3500335365533829, 'hits@[1,3,10]': tensor([0.2584, 0.3836, 0.5347])}


TEST :  {'MRR': 0.3430534899234772, 'hits@[1,3,10]': tensor([0.2509, 0.3761, 0.5290])}
