{'batch_size': 500,
 'checkpoint': None,
 'data_shape': (14505, 474, 14505),
 'dataset': 'FB15k-237',
 'decay1': 0.9,
 'decay2': 0.999,
 'eval_only': False,
 'init': 0.001,
 'learning_rate': 0.1,
 'max_epochs': 100,
 'model': 'DistMult',
 'model_save_schedule': 1000,
 'optimizer': 'Adagrad',
 'path': 'kbc/data/FB15k-237',
 'rank': 1000,
 'reg': 0.001,
 'regularizer': 'N3',
 'valid': 3.0}
	 TRAIN:  {'MRR': 0.8659543991088867, 'hits@[1,3,10]': tensor([0.8082, 0.9118, 0.9598])}
	 VALID :  {'MRR': 0.3139179050922394, 'hits@[1,3,10]': tensor([0.2273, 0.3421, 0.4898])}
	 TRAIN:  {'MRR': 0.9654142260551453, 'hits@[1,3,10]': tensor([0.9464, 0.9826, 0.9943])}
	 VALID :  {'MRR': 0.32669706642627716, 'hits@[1,3,10]': tensor([0.2395, 0.3561, 0.5036])}
	 TRAIN:  {'MRR': 0.9821923673152924, 'hits@[1,3,10]': tensor([0.9694, 0.9945, 0.9994])}
	 VALID :  {'MRR': 0.3311526030302048, 'hits@[1,3,10]': tensor([0.2446, 0.3609, 0.5068])}
	 TRAIN:  {'MRR': 0.9883745610713959, 'hits@[1,3,10]': tensor([0.9809, 0.9953, 0.9995])}
	 VALID :  {'MRR': 0.3334510028362274, 'hits@[1,3,10]': tensor([0.2461, 0.3641, 0.5093])}
	 TRAIN:  {'MRR': 0.9899008870124817, 'hits@[1,3,10]': tensor([0.9836, 0.9954, 0.9995])}
	 VALID :  {'MRR': 0.33498714864254, 'hits@[1,3,10]': tensor([0.2481, 0.3645, 0.5119])}
	 TRAIN:  {'MRR': 0.990845263004303, 'hits@[1,3,10]': tensor([0.9855, 0.9956, 0.9997])}
	 VALID :  {'MRR': 0.33649180829524994, 'hits@[1,3,10]': tensor([0.2499, 0.3667, 0.5112])}
	 TRAIN:  {'MRR': 0.9911204874515533, 'hits@[1,3,10]': tensor([0.9859, 0.9958, 0.9996])}
	 VALID :  {'MRR': 0.3362978398799896, 'hits@[1,3,10]': tensor([0.2489, 0.3676, 0.5118])}
	 TRAIN:  {'MRR': 0.9916161298751831, 'hits@[1,3,10]': tensor([0.9868, 0.9960, 0.9997])}
	 VALID :  {'MRR': 0.3382347375154495, 'hits@[1,3,10]': tensor([0.2508, 0.3692, 0.5141])}
	 TRAIN:  {'MRR': 0.9917961359024048, 'hits@[1,3,10]': tensor([0.9871, 0.9959, 0.9996])}
	 VALID :  {'MRR': 0.3384611904621124, 'hits@[1,3,10]': tensor([0.2512, 0.3695, 0.5144])}
	 TRAIN:  {'MRR': 0.9919645190238953, 'hits@[1,3,10]': tensor([0.9874, 0.9961, 0.9997])}
	 VALID :  {'MRR': 0.3389621824026108, 'hits@[1,3,10]': tensor([0.2519, 0.3705, 0.5154])}
	 TRAIN:  {'MRR': 0.9921707212924957, 'hits@[1,3,10]': tensor([0.9877, 0.9960, 0.9997])}
	 VALID :  {'MRR': 0.3394222855567932, 'hits@[1,3,10]': tensor([0.2527, 0.3692, 0.5163])}
	 TRAIN:  {'MRR': 0.9920273423194885, 'hits@[1,3,10]': tensor([0.9874, 0.9963, 0.9997])}
	 VALID :  {'MRR': 0.3396255820989609, 'hits@[1,3,10]': tensor([0.2529, 0.3698, 0.5165])}
	 TRAIN:  {'MRR': 0.9924076199531555, 'hits@[1,3,10]': tensor([0.9881, 0.9961, 0.9997])}
	 VALID :  {'MRR': 0.34040801227092743, 'hits@[1,3,10]': tensor([0.2538, 0.3712, 0.5155])}
	 TRAIN:  {'MRR': 0.9923441410064697, 'hits@[1,3,10]': tensor([0.9880, 0.9961, 0.9997])}
	 VALID :  {'MRR': 0.3399723172187805, 'hits@[1,3,10]': tensor([0.2532, 0.3710, 0.5169])}
	 TRAIN:  {'MRR': 0.9925928115844727, 'hits@[1,3,10]': tensor([0.9884, 0.9963, 0.9997])}
	 VALID :  {'MRR': 0.3403428643941879, 'hits@[1,3,10]': tensor([0.2531, 0.3718, 0.5167])}
	 TRAIN:  {'MRR': 0.9925821125507355, 'hits@[1,3,10]': tensor([0.9884, 0.9963, 0.9997])}
	 VALID :  {'MRR': 0.34049011766910553, 'hits@[1,3,10]': tensor([0.2537, 0.3725, 0.5161])}
	 TRAIN:  {'MRR': 0.9928247630596161, 'hits@[1,3,10]': tensor([0.9886, 0.9965, 0.9997])}
	 VALID :  {'MRR': 0.34103381633758545, 'hits@[1,3,10]': tensor([0.2542, 0.3718, 0.5172])}
	 TRAIN:  {'MRR': 0.9930428862571716, 'hits@[1,3,10]': tensor([0.9890, 0.9965, 0.9998])}
	 VALID :  {'MRR': 0.34142136573791504, 'hits@[1,3,10]': tensor([0.2549, 0.3727, 0.5177])}
	 TRAIN:  {'MRR': 0.9928757846355438, 'hits@[1,3,10]': tensor([0.9889, 0.9964, 0.9997])}
	 VALID :  {'MRR': 0.34060437977313995, 'hits@[1,3,10]': tensor([0.2533, 0.3724, 0.5170])}
	 TRAIN:  {'MRR': 0.9929309189319611, 'hits@[1,3,10]': tensor([0.9889, 0.9966, 0.9998])}
	 VALID :  {'MRR': 0.3411865383386612, 'hits@[1,3,10]': tensor([0.2545, 0.3716, 0.5179])}
	 TRAIN:  {'MRR': 0.9927772283554077, 'hits@[1,3,10]': tensor([0.9886, 0.9965, 0.9997])}
	 VALID :  {'MRR': 0.34197500348091125, 'hits@[1,3,10]': tensor([0.2554, 0.3730, 0.5182])}
	 TRAIN:  {'MRR': 0.9931814074516296, 'hits@[1,3,10]': tensor([0.9893, 0.9966, 0.9997])}
	 VALID :  {'MRR': 0.3416687250137329, 'hits@[1,3,10]': tensor([0.2550, 0.3719, 0.5181])}
	 TRAIN:  {'MRR': 0.993131011724472, 'hits@[1,3,10]': tensor([0.9892, 0.9966, 0.9997])}
	 VALID :  {'MRR': 0.34148092567920685, 'hits@[1,3,10]': tensor([0.2545, 0.3734, 0.5181])}
	 TRAIN:  {'MRR': 0.9934101104736328, 'hits@[1,3,10]': tensor([0.9897, 0.9966, 0.9998])}
	 VALID :  {'MRR': 0.3413458466529846, 'hits@[1,3,10]': tensor([0.2543, 0.3733, 0.5175])}
	 TRAIN:  {'MRR': 0.9933198690414429, 'hits@[1,3,10]': tensor([0.9894, 0.9969, 0.9998])}
	 VALID :  {'MRR': 0.3420608639717102, 'hits@[1,3,10]': tensor([0.2555, 0.3733, 0.5179])}
	 TRAIN:  {'MRR': 0.9932470321655273, 'hits@[1,3,10]': tensor([0.9894, 0.9965, 0.9998])}
	 VALID :  {'MRR': 0.34233203530311584, 'hits@[1,3,10]': tensor([0.2556, 0.3739, 0.5186])}
	 TRAIN:  {'MRR': 0.9933824837207794, 'hits@[1,3,10]': tensor([0.9896, 0.9966, 0.9997])}
	 VALID :  {'MRR': 0.34188929200172424, 'hits@[1,3,10]': tensor([0.2549, 0.3723, 0.5186])}
	 TRAIN:  {'MRR': 0.9934904277324677, 'hits@[1,3,10]': tensor([0.9898, 0.9966, 0.9998])}
	 VALID :  {'MRR': 0.34227295219898224, 'hits@[1,3,10]': tensor([0.2555, 0.3734, 0.5191])}
	 TRAIN:  {'MRR': 0.9934897720813751, 'hits@[1,3,10]': tensor([0.9897, 0.9967, 0.9998])}
	 VALID :  {'MRR': 0.3423517048358917, 'hits@[1,3,10]': tensor([0.2556, 0.3732, 0.5183])}
	 TRAIN:  {'MRR': 0.9935418367385864, 'hits@[1,3,10]': tensor([0.9898, 0.9970, 0.9998])}
	 VALID :  {'MRR': 0.34222085773944855, 'hits@[1,3,10]': tensor([0.2554, 0.3727, 0.5187])}
	 TRAIN:  {'MRR': 0.9931130707263947, 'hits@[1,3,10]': tensor([0.9891, 0.9966, 0.9998])}
	 VALID :  {'MRR': 0.34202319383621216, 'hits@[1,3,10]': tensor([0.2547, 0.3741, 0.5196])}
	 TRAIN:  {'MRR': 0.9935436546802521, 'hits@[1,3,10]': tensor([0.9897, 0.9970, 0.9997])}
	 VALID :  {'MRR': 0.3424880653619766, 'hits@[1,3,10]': tensor([0.2558, 0.3740, 0.5182])}
	 TRAIN:  {'MRR': 0.9933738112449646, 'hits@[1,3,10]': tensor([0.9896, 0.9966, 0.9997])}
	 VALID :  {'MRR': 0.3425523340702057, 'hits@[1,3,10]': tensor([0.2560, 0.3735, 0.5185])}


TEST :  {'MRR': 0.335830882191658, 'hits@[1,3,10]': tensor([0.2465, 0.3682, 0.5160])}
